Building DAG of jobs...
Using shell: /usr/bin/bash
Provided cores: 4
Rules claiming more threads will be scaled down.
Conda environments: ignored
Job stats:
job                    count
-------------------  -------
all                        1
unibind_flatten_dir        1
total                      2

Select jobs to execute...

[Sun Dec 24 10:26:20 2023]
Job 1: 
        Flattens unpacked tarbell. Not great - for the moment just check for creation of first in OP.
        Also removes all the empty dirs.
        
Reason: Missing output files: resources/data/unibind/damo_hg38_all_TFBS_unpacked_flat

[Sun Dec 24 10:26:20 2023]
Finished job 1.
1 of 2 steps (50%) done
Removing temporary output resources/data/unibind/damo_hg38_all_TFBS_unpacked.
Select jobs to execute...

[Sun Dec 24 10:26:20 2023]
localrule all:
    input: resources/data/unibind/damo_hg38_all_TFBS_unpacked_flat
    jobid: 0
    reason: Input files updated by another job: resources/data/unibind/damo_hg38_all_TFBS_unpacked_flat
    resources: tmpdir=/tmp

[Sun Dec 24 10:26:20 2023]
Finished job 0.
2 of 2 steps (100%) done
Complete log: .snakemake/log/2023-12-24T102617.700161.snakemake.log
