Building DAG of jobs...
Using shell: /usr/bin/bash
Provided cores: 4
Rules claiming more threads will be scaled down.
Conda environments: ignored
Job stats:
job                         count
------------------------  -------
all                             1
unibind_download_unibind        1
unibind_flatten_dir             1
unibind_unpack_unibind          1
total                           4

Select jobs to execute...

[Sun Dec 24 09:02:55 2023]
Job 3: 
        Downloads all DAMOS from UniBind database
        
Reason: Missing output files: resources/data/unibind/damo_hg39_all_TFBS.tar.gz

[Sun Dec 24 09:03:48 2023]
Finished job 3.
1 of 4 steps (25%) done
Select jobs to execute...

[Sun Dec 24 09:03:48 2023]
Job 2: 
        Unpacks UniBind data download
        
Reason: Missing output files: resources/data/unibind/damo_hg38_all_TFBS; Input files updated by another job: resources/data/unibind/damo_hg39_all_TFBS.tar.gz; Code has changed since last execution; Params have changed since last execution

[Sun Dec 24 09:10:47 2023]
Error in rule unibind_unpack_unibind:
    jobid: 2
    input: resources/data/unibind/damo_hg39_all_TFBS.tar.gz
    output: resources/data/unibind/damo_hg38_all_TFBS
    log: workflow/logs/unpack_unibind.stdout, workflow/logs/unpack_unibind.stderr (check log file(s) for error details)
    shell:
        
        mkdir -p resources/data/unibind/damo_hg38_all_TFBS_unpacked
        tar -xzf resources/data/unibind/damo_hg39_all_TFBS.tar.gz -C resources/data/unibind/damo_hg38_all_TFBS_unpacked
        rmdir resources/data/unibind/damo_hg39_all_TFBS.tar.gz
        
        (one of the commands exited with non-zero exit code; note that snakemake uses bash strict mode!)

Shutting down, this might take some time.
Exiting because a job execution failed. Look above for error message
Complete log: .snakemake/log/2023-12-24T090253.900919.snakemake.log
