Building DAG of jobs...
Your conda installation is not configured to use strict channel priorities. This is however crucial for having robust and correct environments (for details, see https://conda-forge.org/docs/user/tipsandtricks.html). Please consider to configure strict priorities by executing 'conda config --set channel_priority strict'.
Using shell: /usr/bin/bash
Provided cores: 12
Rules claiming more threads will be scaled down.
Job stats:
job                                   count
----------------------------------  -------
all                                       1
pwmscan_main_bed2fasta                    5
pwmscan_main_calc_probabilities           5
pwmscan_main_compile_pwmscan              1
pwmscan_main_compress_sites               5
pwmscan_main_process_probabilities        5
pwmscan_main_scan_genome                  5
total                                    27

Select jobs to execute...

[Wed Dec 13 08:51:07 2023]
Job 7: 
        c99 mode
        
Reason: Updated input files: https://raw.githubusercontent.com/ctubbs750/pwm-scan/main/resources/software/PWMScan/matrix_scan.c (cached), https://raw.githubusercontent.com/ctubbs750/pwm-scan/main/resources/software/PWMScan/matrix_prob.c (cached)

[Wed Dec 13 08:51:07 2023]
Finished job 7.
1 of 27 steps (4%) done
Select jobs to execute...

[Wed Dec 13 08:51:07 2023]
Job 28: 
        - Generates pval distribution for given PWM.
        
Reason: Input files updated by another job: resources/software/PWMScan/matrix_prob


[Wed Dec 13 08:51:07 2023]
Job 21: 
        - Generates pval distribution for given PWM.
        
Reason: Input files updated by another job: resources/software/PWMScan/matrix_prob


[Wed Dec 13 08:51:07 2023]
Job 35: 
        - Generates pval distribution for given PWM.
        
Reason: Input files updated by another job: resources/software/PWMScan/matrix_prob


[Wed Dec 13 08:51:07 2023]
Job 6: 
        - Generates pval distribution for given PWM.
        
Reason: Input files updated by another job: resources/software/PWMScan/matrix_prob


[Wed Dec 13 08:51:07 2023]
Job 14: 
        - Generates pval distribution for given PWM.
        
Reason: Input files updated by another job: resources/software/PWMScan/matrix_prob

[Wed Dec 13 08:51:07 2023]
Finished job 28.
2 of 27 steps (7%) done
[Wed Dec 13 08:51:07 2023]
Finished job 21.
3 of 27 steps (11%) done
[Wed Dec 13 08:51:07 2023]
Finished job 35.
4 of 27 steps (15%) done
[Wed Dec 13 08:51:07 2023]
Finished job 6.
5 of 27 steps (19%) done
Select jobs to execute...

[Wed Dec 13 08:51:07 2023]
Job 20: 
        - Relative threshold is percentage of best PWM.
        For 80%, format as interger 80. Makes life easier.
        
Reason: Missing output files: results/pwmscan/MA0004.1/MA0004.1-coeff.txt; Input files updated by another job: results/pwmscan/MA0004.1/MA0004.1-pvals.raw


[Wed Dec 13 08:51:07 2023]
Job 27: 
        - Relative threshold is percentage of best PWM.
        For 80%, format as interger 80. Makes life easier.
        
Reason: Missing output files: results/pwmscan/MA0006.1/MA0006.1-coeff.txt; Input files updated by another job: results/pwmscan/MA0006.1/MA0006.1-pvals.raw


[Wed Dec 13 08:51:07 2023]
Job 34: 
        - Relative threshold is percentage of best PWM.
        For 80%, format as interger 80. Makes life easier.
        
Reason: Missing output files: results/pwmscan/MA0007.3/MA0007.3-coeff.txt; Input files updated by another job: results/pwmscan/MA0007.3/MA0007.3-pvals.raw


[Wed Dec 13 08:51:07 2023]
Job 5: 
        - Relative threshold is percentage of best PWM.
        For 80%, format as interger 80. Makes life easier.
        
Reason: Missing output files: results/pwmscan/MA0002.2/MA0002.2-coeff.txt; Input files updated by another job: results/pwmscan/MA0002.2/MA0002.2-pvals.raw

[Wed Dec 13 08:51:07 2023]
Finished job 14.
6 of 27 steps (22%) done
[Wed Dec 13 08:51:07 2023]
Finished job 20.
7 of 27 steps (26%) done
Removing temporary output results/pwmscan/MA0004.1/MA0004.1-pvals.raw.
[Wed Dec 13 08:51:07 2023]
Finished job 27.
8 of 27 steps (30%) done
Removing temporary output results/pwmscan/MA0006.1/MA0006.1-pvals.raw.
Select jobs to execute...

[Wed Dec 13 08:51:07 2023]
Job 13: 
        - Relative threshold is percentage of best PWM.
        For 80%, format as interger 80. Makes life easier.
        
Reason: Missing output files: results/pwmscan/MA0003.4/MA0003.4-coeff.txt; Input files updated by another job: results/pwmscan/MA0003.4/MA0003.4-pvals.raw


[Wed Dec 13 08:51:07 2023]
Job 17: 
        - Scans rerference genome for matches againts input motif.
        
Reason: Missing output files: results/pwmscan/MA0004.1/MA0004.1-sites.bed; Input files updated by another job: resources/software/PWMScan/matrix_scan, results/pwmscan/MA0004.1/MA0004.1-coeff.txt


[Wed Dec 13 08:51:08 2023]
Job 24: 
        - Scans rerference genome for matches againts input motif.
        
Reason: Missing output files: results/pwmscan/MA0006.1/MA0006.1-sites.bed; Input files updated by another job: results/pwmscan/MA0006.1/MA0006.1-coeff.txt, resources/software/PWMScan/matrix_scan

[Wed Dec 13 08:51:08 2023]
Finished job 34.
9 of 27 steps (33%) done
Removing temporary output results/pwmscan/MA0007.3/MA0007.3-pvals.raw.
[Wed Dec 13 08:51:08 2023]
Finished job 5.
10 of 27 steps (37%) done
Removing temporary output results/pwmscan/MA0002.2/MA0002.2-pvals.raw.
Select jobs to execute...

[Wed Dec 13 08:51:08 2023]
Job 2: 
        - Scans rerference genome for matches againts input motif.
        
Reason: Missing output files: results/pwmscan/MA0002.2/MA0002.2-sites.bed; Input files updated by another job: results/pwmscan/MA0002.2/MA0002.2-coeff.txt, resources/software/PWMScan/matrix_scan


[Wed Dec 13 08:51:08 2023]
Job 31: 
        - Scans rerference genome for matches againts input motif.
        
Reason: Missing output files: results/pwmscan/MA0007.3/MA0007.3-sites.bed; Input files updated by another job: results/pwmscan/MA0007.3/MA0007.3-coeff.txt, resources/software/PWMScan/matrix_scan

[Wed Dec 13 08:51:08 2023]
Finished job 13.
11 of 27 steps (41%) done
Removing temporary output results/pwmscan/MA0003.4/MA0003.4-pvals.raw.
Select jobs to execute...

[Wed Dec 13 08:51:08 2023]
Job 10: 
        - Scans rerference genome for matches againts input motif.
        
Reason: Missing output files: results/pwmscan/MA0003.4/MA0003.4-sites.bed; Input files updated by another job: results/pwmscan/MA0003.4/MA0003.4-coeff.txt, resources/software/PWMScan/matrix_scan

[Wed Dec 13 08:53:16 2023]
Finished job 10.
12 of 27 steps (44%) done
Select jobs to execute...

[Wed Dec 13 08:53:16 2023]
Job 15: 
        - Note -s, keep strand information correct. Reports rev comp for neg seqs.
        
Reason: Missing output files: results/pwmscan/MA0003.4/MA0003.4-sites.fa; Input files updated by another job: results/pwmscan/MA0003.4/MA0003.4-sites.bed

Activating conda environment: ../../../../../../../../../../../../../home/tubbsca/snakemake_condas/9f9842bbfc31decc8a1ad02a46329d02_
[Wed Dec 13 08:53:16 2023]
Finished job 17.
13 of 27 steps (48%) done
Select jobs to execute...

[Wed Dec 13 08:53:16 2023]
Job 22: 
        - Note -s, keep strand information correct. Reports rev comp for neg seqs.
        
Reason: Missing output files: results/pwmscan/MA0004.1/MA0004.1-sites.fa; Input files updated by another job: results/pwmscan/MA0004.1/MA0004.1-sites.bed

Activating conda environment: ../../../../../../../../../../../../../home/tubbsca/snakemake_condas/9f9842bbfc31decc8a1ad02a46329d02_
[Wed Dec 13 08:53:19 2023]
Finished job 24.
14 of 27 steps (52%) done
Select jobs to execute...

[Wed Dec 13 08:53:19 2023]
Job 29: 
        - Note -s, keep strand information correct. Reports rev comp for neg seqs.
        
Reason: Missing output files: results/pwmscan/MA0006.1/MA0006.1-sites.fa; Input files updated by another job: results/pwmscan/MA0006.1/MA0006.1-sites.bed

Activating conda environment: ../../../../../../../../../../../../../home/tubbsca/snakemake_condas/9f9842bbfc31decc8a1ad02a46329d02_
[Wed Dec 13 08:53:30 2023]
Finished job 31.
15 of 27 steps (56%) done
Select jobs to execute...

[Wed Dec 13 08:53:30 2023]
Job 36: 
        - Note -s, keep strand information correct. Reports rev comp for neg seqs.
        
Reason: Missing output files: results/pwmscan/MA0007.3/MA0007.3-sites.fa; Input files updated by another job: results/pwmscan/MA0007.3/MA0007.3-sites.bed

Activating conda environment: ../../../../../../../../../../../../../home/tubbsca/snakemake_condas/9f9842bbfc31decc8a1ad02a46329d02_
[Wed Dec 13 08:53:39 2023]
Finished job 2.
16 of 27 steps (59%) done
Select jobs to execute...

[Wed Dec 13 08:53:39 2023]
Job 8: 
        - Note -s, keep strand information correct. Reports rev comp for neg seqs.
        
Reason: Missing output files: results/pwmscan/MA0002.2/MA0002.2-sites.fa; Input files updated by another job: results/pwmscan/MA0002.2/MA0002.2-sites.bed

Activating conda environment: ../../../../../../../../../../../../../home/tubbsca/snakemake_condas/9f9842bbfc31decc8a1ad02a46329d02_
[Wed Dec 13 08:54:07 2023]
Finished job 36.
17 of 27 steps (63%) done
Select jobs to execute...

[Wed Dec 13 08:54:07 2023]
Job 30: 
        - d
        
Reason: Missing output files: results/pwmscan/MA0007.3/MA0007.3-sites.fa.gz, results/pwmscan/MA0007.3/MA0007.3-sites.bed.gz; Input files updated by another job: results/pwmscan/MA0007.3/MA0007.3-sites.fa, results/pwmscan/MA0007.3/MA0007.3-sites.bed

[Wed Dec 13 08:54:14 2023]
Finished job 30.
18 of 27 steps (67%) done
[Wed Dec 13 08:57:41 2023]
Finished job 15.
19 of 27 steps (70%) done
Select jobs to execute...

[Wed Dec 13 08:57:41 2023]
Job 9: 
        - d
        
Reason: Missing output files: results/pwmscan/MA0003.4/MA0003.4-sites.bed.gz, results/pwmscan/MA0003.4/MA0003.4-sites.fa.gz; Input files updated by another job: results/pwmscan/MA0003.4/MA0003.4-sites.bed, results/pwmscan/MA0003.4/MA0003.4-sites.fa

[Wed Dec 13 08:58:16 2023]
Finished job 9.
20 of 27 steps (74%) done
[Wed Dec 13 09:13:08 2023]
Finished job 22.
21 of 27 steps (78%) done
Select jobs to execute...

[Wed Dec 13 09:13:08 2023]
Job 16: 
        - d
        
Reason: Missing output files: results/pwmscan/MA0004.1/MA0004.1-sites.fa.gz, results/pwmscan/MA0004.1/MA0004.1-sites.bed.gz; Input files updated by another job: results/pwmscan/MA0004.1/MA0004.1-sites.bed, results/pwmscan/MA0004.1/MA0004.1-sites.fa

[Wed Dec 13 09:17:50 2023]
Finished job 16.
22 of 27 steps (81%) done
[Wed Dec 13 09:22:41 2023]
Finished job 29.
23 of 27 steps (85%) done
Select jobs to execute...

[Wed Dec 13 09:22:41 2023]
Job 23: 
        - d
        
Reason: Missing output files: results/pwmscan/MA0006.1/MA0006.1-sites.bed.gz, results/pwmscan/MA0006.1/MA0006.1-sites.fa.gz; Input files updated by another job: results/pwmscan/MA0006.1/MA0006.1-sites.bed, results/pwmscan/MA0006.1/MA0006.1-sites.fa

[Wed Dec 13 09:22:58 2023]
Finished job 8.
24 of 27 steps (89%) done
Select jobs to execute...

[Wed Dec 13 09:22:58 2023]
Job 1: 
        - d
        
Reason: Missing output files: results/pwmscan/MA0002.2/MA0002.2-sites.bed.gz, results/pwmscan/MA0002.2/MA0002.2-sites.fa.gz; Input files updated by another job: results/pwmscan/MA0002.2/MA0002.2-sites.bed, results/pwmscan/MA0002.2/MA0002.2-sites.fa

[Wed Dec 13 09:23:51 2023]
Finished job 23.
25 of 27 steps (93%) done
[Wed Dec 13 09:25:14 2023]
Finished job 1.
26 of 27 steps (96%) done
Select jobs to execute...

[Wed Dec 13 09:25:14 2023]
localrule all:
    input: results/pwmscan/MA0002.2/MA0002.2-sites.bed.gz, results/pwmscan/MA0003.4/MA0003.4-sites.bed.gz, results/pwmscan/MA0004.1/MA0004.1-sites.bed.gz, results/pwmscan/MA0006.1/MA0006.1-sites.bed.gz, results/pwmscan/MA0007.3/MA0007.3-sites.bed.gz, results/pwmscan/MA0002.2/MA0002.2-sites.fa.gz, results/pwmscan/MA0003.4/MA0003.4-sites.fa.gz, results/pwmscan/MA0004.1/MA0004.1-sites.fa.gz, results/pwmscan/MA0006.1/MA0006.1-sites.fa.gz, results/pwmscan/MA0007.3/MA0007.3-sites.fa.gz, resources/data/unibind/damo_hg38_all_TFBS.unique_pwms.txt
    jobid: 0
    reason: Input files updated by another job: results/pwmscan/MA0006.1/MA0006.1-sites.bed.gz, results/pwmscan/MA0003.4/MA0003.4-sites.bed.gz, results/pwmscan/MA0007.3/MA0007.3-sites.fa.gz, results/pwmscan/MA0002.2/MA0002.2-sites.fa.gz, results/pwmscan/MA0003.4/MA0003.4-sites.fa.gz, results/pwmscan/MA0004.1/MA0004.1-sites.bed.gz, results/pwmscan/MA0004.1/MA0004.1-sites.fa.gz, results/pwmscan/MA0006.1/MA0006.1-sites.fa.gz, results/pwmscan/MA0007.3/MA0007.3-sites.bed.gz, results/pwmscan/MA0002.2/MA0002.2-sites.bed.gz
    resources: tmpdir=/tmp

[Wed Dec 13 09:25:14 2023]
Finished job 0.
27 of 27 steps (100%) done
Complete log: .snakemake/log/2023-12-13T085058.918235.snakemake.log
