Building DAG of jobs...
Using shell: /usr/bin/bash
Provided cores: 4
Rules claiming more threads will be scaled down.
Conda environments: ignored
Job stats:
job                         count
------------------------  -------
all                             1
unibind_download_unibind        1
unibind_flatten_dir             1
unibind_unpack_unibind          1
total                           4

Select jobs to execute...

[Sun Dec 24 10:26:33 2023]
Job 3: 
        Downloads all DAMOS from UniBind database
        
Reason: Missing output files: resources/data/unibind/damo_hg39_all_TFBS.tar.gz

[Sun Dec 24 10:27:24 2023]
Finished job 3.
1 of 4 steps (25%) done
Select jobs to execute...

[Sun Dec 24 10:27:24 2023]
Job 2: 
        Unpacks UniBind data download
        
Reason: Missing output files: resources/data/unibind/damo_hg38_all_TFBS_unpacked; Input files updated by another job: resources/data/unibind/damo_hg39_all_TFBS.tar.gz

[Sun Dec 24 10:33:00 2023]
Finished job 2.
2 of 4 steps (50%) done
Removing temporary output resources/data/unibind/damo_hg39_all_TFBS.tar.gz.
Select jobs to execute...

[Sun Dec 24 10:33:00 2023]
Job 1: 
        Flattens unpacked tarbell. Not great - for the moment just check for creation of first in OP.
        Also removes all the empty dirs.
        
Reason: Missing output files: resources/data/unibind/damo_hg38_all_TFBS_unpacked_flat; Input files updated by another job: resources/data/unibind/damo_hg38_all_TFBS_unpacked

[Sun Dec 24 10:34:03 2023]
Finished job 1.
3 of 4 steps (75%) done
Removing temporary output resources/data/unibind/damo_hg38_all_TFBS_unpacked.
Select jobs to execute...

[Sun Dec 24 10:34:03 2023]
localrule all:
    input: resources/data/unibind/damo_hg38_all_TFBS_unpacked_flat
    jobid: 0
    reason: Input files updated by another job: resources/data/unibind/damo_hg38_all_TFBS_unpacked_flat
    resources: tmpdir=/tmp

[Sun Dec 24 10:34:03 2023]
Finished job 0.
4 of 4 steps (100%) done
Complete log: .snakemake/log/2023-12-24T102631.759305.snakemake.log
