Building DAG of jobs...
Your conda installation is not configured to use strict channel priorities. This is however crucial for having robust and correct environments (for details, see https://conda-forge.org/docs/user/tipsandtricks.html). Please consider to configure strict priorities by executing 'conda config --set channel_priority strict'.
Using shell: /usr/bin/bash
Provided cores: 12
Rules claiming more threads will be scaled down.
Job stats:
job                                     count
------------------------------------  -------
activity_activity_stats                     5
activity_intersect_motifs                   5
activity_map_activity                       5
activity_score_unibind                      5
activity_unibind_sites                      5
all                                         1
tfbscan_PWMScan_compile_pwmscan             1
tfbscan_scan_bed2fasta                      5
tfbscan_scan_calculate_probabilities        5
tfbscan_scan_calculate_pwm                  5
tfbscan_scan_compress_sites                 5
tfbscan_scan_download_jaspar                4
tfbscan_scan_process_probabilities          5
tfbscan_scan_scan_genome                    5
total                                      61

Select jobs to execute...

[Mon Dec 25 11:30:12 2023]
Job 15: 
        Combines UniBind predictions into single sites file.
        1. vawk seen removes duplicate seqs across celltypes
        2. vawk split pulls out the matching sequence
        3. Sort by genomic coordinate
        
Reason: Missing output files: results/activity/MA0007.3/MA0007.3-unibind.tsv

Activating conda environment: ../../../../../../../../../../../../../home/tubbsca/snakemake_condas/9e211a826b4153ae8977fb2d94caf0a0_

[Mon Dec 25 11:30:12 2023]
Job 10: 
        Compiles PWMScan. Note c99 flag.
        Installs into resources/software by default.
        
Reason: Updated input files: https://raw.githubusercontent.com/ctubbs750/PWMScan/main/resources/software/PWMScan/matrix_scan.c (cached), https://raw.githubusercontent.com/ctubbs750/PWMScan/main/resources/software/PWMScan/matrix_prob.c (cached)


[Mon Dec 25 11:30:12 2023]
Job 70: 
        Combines UniBind predictions into single sites file.
        1. vawk seen removes duplicate seqs across celltypes
        2. vawk split pulls out the matching sequence
        3. Sort by genomic coordinate
        
Reason: Missing output files: results/activity/MA0259.1/MA0259.1-unibind.tsv

Activating conda environment: ../../../../../../../../../../../../../home/tubbsca/snakemake_condas/9e211a826b4153ae8977fb2d94caf0a0_

[Mon Dec 25 11:30:12 2023]
Job 44: 
        Combines UniBind predictions into single sites file.
        1. vawk seen removes duplicate seqs across celltypes
        2. vawk split pulls out the matching sequence
        3. Sort by genomic coordinate
        
Reason: Missing output files: results/activity/MA0004.1/MA0004.1-unibind.tsv

Activating conda environment: ../../../../../../../../../../../../../home/tubbsca/snakemake_condas/9e211a826b4153ae8977fb2d94caf0a0_

[Mon Dec 25 11:30:12 2023]
rule tfbscan_scan_calculate_pwm:
    input: resources/data/jaspar/MA0007.3.jaspar
    output: results/tfbs-scan/MA0007.3/MA0007.3-pwm.txt
    log: workflow/logs/calculate_pwm_MA0007.3.stdout, workflow/logs/calculate_pwm_MA0007.3.stderr
    jobid: 6
    reason: Missing output files: results/tfbs-scan/MA0007.3/MA0007.3-pwm.txt
    wildcards: PROFILE=MA0007.3
    threads: 2
    resources: tmpdir=/tmp

[Mon Dec 25 11:30:12 2023]
Job 57: 
        Combines UniBind predictions into single sites file.
        1. vawk seen removes duplicate seqs across celltypes
        2. vawk split pulls out the matching sequence
        3. Sort by genomic coordinate
        
Reason: Missing output files: results/activity/MA0006.1/MA0006.1-unibind.tsv

Activating conda environment: ../../../../../../../../../../../../../home/tubbsca/snakemake_condas/9e211a826b4153ae8977fb2d94caf0a0_
[Mon Dec 25 11:30:12 2023]
Finished job 10.
1 of 61 steps (2%) done
Select jobs to execute...

[Mon Dec 25 11:30:12 2023]
Job 31: 
        Combines UniBind predictions into single sites file.
        1. vawk seen removes duplicate seqs across celltypes
        2. vawk split pulls out the matching sequence
        3. Sort by genomic coordinate
        
Reason: Missing output files: results/activity/MA0603.1/MA0603.1-unibind.tsv

Activating conda environment: ../../../../../../../../../../../../../home/tubbsca/snakemake_condas/9e211a826b4153ae8977fb2d94caf0a0_
Activating conda environment: ../../../../../../../../../../../../../home/tubbsca/snakemake_condas/9f9842bbfc31decc8a1ad02a46329d02_
[Mon Dec 25 11:30:13 2023]
Finished job 57.
2 of 61 steps (3%) done
Select jobs to execute...

[Mon Dec 25 11:30:13 2023]
Job 26: 
        Downloads motif matrix from the Jaspar database.
        
Reason: Code has changed since last execution

[Mon Dec 25 11:30:13 2023]
Finished job 31.
3 of 61 steps (5%) done
Select jobs to execute...

[Mon Dec 25 11:30:13 2023]
Job 65: 
        Downloads motif matrix from the Jaspar database.
        
Reason: Code has changed since last execution

[Mon Dec 25 11:30:14 2023]
Finished job 26.
4 of 61 steps (7%) done
Select jobs to execute...

[Mon Dec 25 11:30:14 2023]
rule tfbscan_scan_calculate_pwm:
    input: resources/data/jaspar/MA0603.1.jaspar
    output: results/tfbs-scan/MA0603.1/MA0603.1-pwm.txt
    log: workflow/logs/calculate_pwm_MA0603.1.stdout, workflow/logs/calculate_pwm_MA0603.1.stderr
    jobid: 25
    reason: Missing output files: results/tfbs-scan/MA0603.1/MA0603.1-pwm.txt; Input files updated by another job: resources/data/jaspar/MA0603.1.jaspar
    wildcards: PROFILE=MA0603.1
    threads: 2
    resources: tmpdir=/tmp

Activating conda environment: ../../../../../../../../../../../../../home/tubbsca/snakemake_condas/9f9842bbfc31decc8a1ad02a46329d02_
[Mon Dec 25 11:30:14 2023]
Finished job 65.
5 of 61 steps (8%) done
Select jobs to execute...

[Mon Dec 25 11:30:14 2023]
rule tfbscan_scan_calculate_pwm:
    input: resources/data/jaspar/MA0259.1.jaspar
    output: results/tfbs-scan/MA0259.1/MA0259.1-pwm.txt
    log: workflow/logs/calculate_pwm_MA0259.1.stdout, workflow/logs/calculate_pwm_MA0259.1.stderr
    jobid: 64
    reason: Missing output files: results/tfbs-scan/MA0259.1/MA0259.1-pwm.txt; Input files updated by another job: resources/data/jaspar/MA0259.1.jaspar
    wildcards: PROFILE=MA0259.1
    threads: 2
    resources: tmpdir=/tmp

Activating conda environment: ../../../../../../../../../../../../../home/tubbsca/snakemake_condas/9f9842bbfc31decc8a1ad02a46329d02_
Activating conda environment: ../../../../../../../../../../../../../home/tubbsca/snakemake_condas/9f9842bbfc31decc8a1ad02a46329d02_
Activating conda environment: ../../../../../../../../../../../../../home/tubbsca/snakemake_condas/9f9842bbfc31decc8a1ad02a46329d02_
Activating conda environment: ../../../../../../../../../../../../../home/tubbsca/snakemake_condas/9f9842bbfc31decc8a1ad02a46329d02_
[Mon Dec 25 11:30:15 2023]
Finished job 44.
6 of 61 steps (10%) done
Select jobs to execute...

[Mon Dec 25 11:30:15 2023]
Job 52: 
        Downloads motif matrix from the Jaspar database.
        
Reason: Code has changed since last execution

[Mon Dec 25 11:30:16 2023]
Finished job 52.
7 of 61 steps (11%) done
Select jobs to execute...

[Mon Dec 25 11:30:16 2023]
rule tfbscan_scan_calculate_pwm:
    input: resources/data/jaspar/MA0006.1.jaspar
    output: results/tfbs-scan/MA0006.1/MA0006.1-pwm.txt
    log: workflow/logs/calculate_pwm_MA0006.1.stdout, workflow/logs/calculate_pwm_MA0006.1.stderr
    jobid: 51
    reason: Missing output files: results/tfbs-scan/MA0006.1/MA0006.1-pwm.txt; Input files updated by another job: resources/data/jaspar/MA0006.1.jaspar
    wildcards: PROFILE=MA0006.1
    threads: 2
    resources: tmpdir=/tmp

Activating conda environment: ../../../../../../../../../../../../../home/tubbsca/snakemake_condas/9f9842bbfc31decc8a1ad02a46329d02_
[Mon Dec 25 11:30:16 2023]
Finished job 70.
8 of 61 steps (13%) done
Select jobs to execute...

[Mon Dec 25 11:30:16 2023]
Job 39: 
        Downloads motif matrix from the Jaspar database.
        
Reason: Code has changed since last execution

Activating conda environment: ../../../../../../../../../../../../../home/tubbsca/snakemake_condas/9f9842bbfc31decc8a1ad02a46329d02_
[Mon Dec 25 11:30:17 2023]
Finished job 39.
9 of 61 steps (15%) done
Select jobs to execute...

[Mon Dec 25 11:30:17 2023]
rule tfbscan_scan_calculate_pwm:
    input: resources/data/jaspar/MA0004.1.jaspar
    output: results/tfbs-scan/MA0004.1/MA0004.1-pwm.txt
    log: workflow/logs/calculate_pwm_MA0004.1.stdout, workflow/logs/calculate_pwm_MA0004.1.stderr
    jobid: 38
    reason: Missing output files: results/tfbs-scan/MA0004.1/MA0004.1-pwm.txt; Input files updated by another job: resources/data/jaspar/MA0004.1.jaspar
    wildcards: PROFILE=MA0004.1
    threads: 2
    resources: tmpdir=/tmp

Activating conda environment: ../../../../../../../../../../../../../home/tubbsca/snakemake_condas/9f9842bbfc31decc8a1ad02a46329d02_
Activating conda environment: ../../../../../../../../../../../../../home/tubbsca/snakemake_condas/9f9842bbfc31decc8a1ad02a46329d02_
[Mon Dec 25 11:30:18 2023]
Finished job 6.
10 of 61 steps (16%) done
Select jobs to execute...

[Mon Dec 25 11:30:18 2023]
Job 9: 
        Generates pval distribution for given PWM.
        
Reason: Missing output files: results/tfbs-scan/MA0007.3/MA0007.3-pvals.raw; Input files updated by another job: results/tfbs-scan/MA0007.3/MA0007.3-pwm.txt, resources/software/PWMScan/matrix_prob

[Mon Dec 25 11:30:18 2023]
Finished job 64.
11 of 61 steps (18%) done
[Mon Dec 25 11:30:18 2023]
Finished job 51.
12 of 61 steps (20%) done
[Mon Dec 25 11:30:18 2023]
Finished job 25.
13 of 61 steps (21%) done
Select jobs to execute...

[Mon Dec 25 11:30:18 2023]
rule activity_score_unibind:
    input: results/activity/MA0259.1/MA0259.1-unibind.tsv, results/tfbs-scan/MA0259.1/MA0259.1-pwm.txt
    output: results/activity/MA0259.1/MA0259.1-unibind_scored.tsv
    log: workflow/logs/score_unibind_MA0259.1.stdout, workflow/logs/score_unibind_MA0259.1.stderr
    jobid: 69
    reason: Missing output files: results/activity/MA0259.1/MA0259.1-unibind_scored.tsv; Input files updated by another job: results/tfbs-scan/MA0259.1/MA0259.1-pwm.txt, results/activity/MA0259.1/MA0259.1-unibind.tsv
    wildcards: PROFILE=MA0259.1
    threads: 2
    resources: tmpdir=/tmp

[Mon Dec 25 11:30:18 2023]
rule activity_score_unibind:
    input: results/activity/MA0006.1/MA0006.1-unibind.tsv, results/tfbs-scan/MA0006.1/MA0006.1-pwm.txt
    output: results/activity/MA0006.1/MA0006.1-unibind_scored.tsv
    log: workflow/logs/score_unibind_MA0006.1.stdout, workflow/logs/score_unibind_MA0006.1.stderr
    jobid: 56
    reason: Missing output files: results/activity/MA0006.1/MA0006.1-unibind_scored.tsv; Input files updated by another job: results/tfbs-scan/MA0006.1/MA0006.1-pwm.txt, results/activity/MA0006.1/MA0006.1-unibind.tsv
    wildcards: PROFILE=MA0006.1
    threads: 2
    resources: tmpdir=/tmp

[Mon Dec 25 11:30:18 2023]
rule activity_score_unibind:
    input: results/activity/MA0603.1/MA0603.1-unibind.tsv, results/tfbs-scan/MA0603.1/MA0603.1-pwm.txt
    output: results/activity/MA0603.1/MA0603.1-unibind_scored.tsv
    log: workflow/logs/score_unibind_MA0603.1.stdout, workflow/logs/score_unibind_MA0603.1.stderr
    jobid: 30
    reason: Missing output files: results/activity/MA0603.1/MA0603.1-unibind_scored.tsv; Input files updated by another job: results/tfbs-scan/MA0603.1/MA0603.1-pwm.txt, results/activity/MA0603.1/MA0603.1-unibind.tsv
    wildcards: PROFILE=MA0603.1
    threads: 2
    resources: tmpdir=/tmp

Activating conda environment: ../../../../../../../../../../../../../home/tubbsca/snakemake_condas/9e211a826b4153ae8977fb2d94caf0a0_
Activating conda environment: ../../../../../../../../../../../../../home/tubbsca/snakemake_condas/9e211a826b4153ae8977fb2d94caf0a0_
Activating conda environment: ../../../../../../../../../../../../../home/tubbsca/snakemake_condas/9e211a826b4153ae8977fb2d94caf0a0_
[Mon Dec 25 11:30:18 2023]
Finished job 9.
14 of 61 steps (23%) done
Select jobs to execute...

[Mon Dec 25 11:30:18 2023]
Job 8: 
        Relative threshold is percentage of best PWM.
        For 80%, format as interger 80. Makes life easier.
        
Reason: Missing output files: results/tfbs-scan/MA0007.3/MA0007.3-coeff.txt, results/tfbs-scan/MA0007.3/MA0007.3-pvals.txt; Input files updated by another job: results/tfbs-scan/MA0007.3/MA0007.3-pvals.raw

Select jobs to execute...
[Mon Dec 25 11:30:19 2023]
Finished job 8.
15 of 61 steps (25%) done

[Mon Dec 25 11:30:19 2023]
Job 28: 
        Generates pval distribution for given PWM.
        
Reason: Missing output files: results/tfbs-scan/MA0603.1/MA0603.1-pvals.raw; Input files updated by another job: results/tfbs-scan/MA0603.1/MA0603.1-pwm.txt, resources/software/PWMScan/matrix_prob

[Mon Dec 25 11:30:19 2023]
Finished job 28.
16 of 61 steps (26%) done
Select jobs to execute...

[Mon Dec 25 11:30:19 2023]
Job 27: 
        Relative threshold is percentage of best PWM.
        For 80%, format as interger 80. Makes life easier.
        
Reason: Missing output files: results/tfbs-scan/MA0603.1/MA0603.1-coeff.txt, results/tfbs-scan/MA0603.1/MA0603.1-pvals.txt; Input files updated by another job: results/tfbs-scan/MA0603.1/MA0603.1-pvals.raw

[Mon Dec 25 11:30:19 2023]
Finished job 27.
17 of 61 steps (28%) done
Select jobs to execute...

[Mon Dec 25 11:30:19 2023]
Job 67: 
        Generates pval distribution for given PWM.
        
Reason: Missing output files: results/tfbs-scan/MA0259.1/MA0259.1-pvals.raw; Input files updated by another job: resources/software/PWMScan/matrix_prob, results/tfbs-scan/MA0259.1/MA0259.1-pwm.txt

[Mon Dec 25 11:30:19 2023]
Finished job 67.
18 of 61 steps (30%) done
Select jobs to execute...

[Mon Dec 25 11:30:19 2023]
Job 66: 
        Relative threshold is percentage of best PWM.
        For 80%, format as interger 80. Makes life easier.
        
Reason: Missing output files: results/tfbs-scan/MA0259.1/MA0259.1-coeff.txt, results/tfbs-scan/MA0259.1/MA0259.1-pvals.txt; Input files updated by another job: results/tfbs-scan/MA0259.1/MA0259.1-pvals.raw

[Mon Dec 25 11:30:19 2023]
Finished job 66.
19 of 61 steps (31%) done
Select jobs to execute...

[Mon Dec 25 11:30:19 2023]
Job 54: 
        Generates pval distribution for given PWM.
        
Reason: Missing output files: results/tfbs-scan/MA0006.1/MA0006.1-pvals.raw; Input files updated by another job: results/tfbs-scan/MA0006.1/MA0006.1-pwm.txt, resources/software/PWMScan/matrix_prob

[Mon Dec 25 11:30:19 2023]
Finished job 54.
20 of 61 steps (33%) done
Select jobs to execute...

[Mon Dec 25 11:30:19 2023]
Job 53: 
        Relative threshold is percentage of best PWM.
        For 80%, format as interger 80. Makes life easier.
        
Reason: Missing output files: results/tfbs-scan/MA0006.1/MA0006.1-coeff.txt, results/tfbs-scan/MA0006.1/MA0006.1-pvals.txt; Input files updated by another job: results/tfbs-scan/MA0006.1/MA0006.1-pvals.raw

[Mon Dec 25 11:30:19 2023]
Finished job 53.
21 of 61 steps (34%) done
Select jobs to execute...
Activating conda environment: ../../../../../../../../../../../../../home/tubbsca/snakemake_condas/9e211a826b4153ae8977fb2d94caf0a0_
Activating conda environment: ../../../../../../../../../../../../../home/tubbsca/snakemake_condas/9e211a826b4153ae8977fb2d94caf0a0_
Activating conda environment: ../../../../../../../../../../../../../home/tubbsca/snakemake_condas/9e211a826b4153ae8977fb2d94caf0a0_
[Mon Dec 25 11:30:19 2023]
Finished job 38.
22 of 61 steps (36%) done

[Mon Dec 25 11:30:19 2023]
Job 41: 
        Generates pval distribution for given PWM.
        
Reason: Missing output files: results/tfbs-scan/MA0004.1/MA0004.1-pvals.raw; Input files updated by another job: resources/software/PWMScan/matrix_prob, results/tfbs-scan/MA0004.1/MA0004.1-pwm.txt


[Mon Dec 25 11:30:19 2023]
rule activity_score_unibind:
    input: results/activity/MA0004.1/MA0004.1-unibind.tsv, results/tfbs-scan/MA0004.1/MA0004.1-pwm.txt
    output: results/activity/MA0004.1/MA0004.1-unibind_scored.tsv
    log: workflow/logs/score_unibind_MA0004.1.stdout, workflow/logs/score_unibind_MA0004.1.stderr
    jobid: 43
    reason: Missing output files: results/activity/MA0004.1/MA0004.1-unibind_scored.tsv; Input files updated by another job: results/tfbs-scan/MA0004.1/MA0004.1-pwm.txt, results/activity/MA0004.1/MA0004.1-unibind.tsv
    wildcards: PROFILE=MA0004.1
    threads: 2
    resources: tmpdir=/tmp

Activating conda environment: ../../../../../../../../../../../../../home/tubbsca/snakemake_condas/9e211a826b4153ae8977fb2d94caf0a0_
[Mon Dec 25 11:30:19 2023]
Finished job 41.
23 of 61 steps (38%) done
Select jobs to execute...

[Mon Dec 25 11:30:19 2023]
Job 40: 
        Relative threshold is percentage of best PWM.
        For 80%, format as interger 80. Makes life easier.
        
Reason: Missing output files: results/tfbs-scan/MA0004.1/MA0004.1-pvals.txt, results/tfbs-scan/MA0004.1/MA0004.1-coeff.txt; Input files updated by another job: results/tfbs-scan/MA0004.1/MA0004.1-pvals.raw

[Mon Dec 25 11:30:20 2023]
Finished job 40.
24 of 61 steps (39%) done
Select jobs to execute...
Activating conda environment: ../../../../../../../../../../../../../home/tubbsca/snakemake_condas/9e211a826b4153ae8977fb2d94caf0a0_
[Mon Dec 25 11:30:28 2023]
Finished job 30.
25 of 61 steps (41%) done

[Mon Dec 25 11:30:28 2023]
Job 5: 
        Scans reference genome for matches againts input motif.
        
Reason: Missing output files: results/tfbs-scan/MA0007.3/MA0007.3-sites.bed; Input files updated by another job: results/tfbs-scan/MA0007.3/MA0007.3-pwm.txt, results/tfbs-scan/MA0007.3/MA0007.3-coeff.txt, resources/software/PWMScan/matrix_scan

[Mon Dec 25 11:30:29 2023]
Finished job 56.
26 of 61 steps (43%) done
Select jobs to execute...
[Mon Dec 25 11:30:36 2023]
Finished job 43.
27 of 61 steps (44%) done

[Mon Dec 25 11:30:36 2023]
Job 24: 
        Scans reference genome for matches againts input motif.
        
Reason: Missing output files: results/tfbs-scan/MA0603.1/MA0603.1-sites.bed; Input files updated by another job: results/tfbs-scan/MA0603.1/MA0603.1-coeff.txt, results/tfbs-scan/MA0603.1/MA0603.1-pwm.txt, resources/software/PWMScan/matrix_scan

[Mon Dec 25 11:30:41 2023]
Finished job 69.
28 of 61 steps (46%) done
Select jobs to execute...
[Mon Dec 25 11:30:56 2023]
Finished job 15.
29 of 61 steps (48%) done

[Mon Dec 25 11:30:56 2023]
rule activity_score_unibind:
    input: results/activity/MA0007.3/MA0007.3-unibind.tsv, results/tfbs-scan/MA0007.3/MA0007.3-pwm.txt
    output: results/activity/MA0007.3/MA0007.3-unibind_scored.tsv
    log: workflow/logs/score_unibind_MA0007.3.stdout, workflow/logs/score_unibind_MA0007.3.stderr
    jobid: 14
    reason: Missing output files: results/activity/MA0007.3/MA0007.3-unibind_scored.tsv; Input files updated by another job: results/activity/MA0007.3/MA0007.3-unibind.tsv, results/tfbs-scan/MA0007.3/MA0007.3-pwm.txt; Set of input files has changed since last execution; Code has changed since last execution; Params have changed since last execution; Software environment definition has changed since last execution
    wildcards: PROFILE=MA0007.3
    threads: 2
    resources: tmpdir=/tmp

Activating conda environment: ../../../../../../../../../../../../../home/tubbsca/snakemake_condas/9e211a826b4153ae8977fb2d94caf0a0_
Activating conda environment: ../../../../../../../../../../../../../home/tubbsca/snakemake_condas/9e211a826b4153ae8977fb2d94caf0a0_
[Mon Dec 25 11:33:10 2023]
Finished job 24.
30 of 61 steps (49%) done
Select jobs to execute...

[Mon Dec 25 11:33:10 2023]
Job 29: 
        Some utilities want FASTA format, useful to have on hand.
        - Note -s, keep strand information correct. Reports rev comp for neg seqs.
        
Reason: Missing output files: results/tfbs-scan/MA0603.1/MA0603.1-sites.fa; Input files updated by another job: results/tfbs-scan/MA0603.1/MA0603.1-sites.bed

Activating conda environment: ../../../../../../../../../../../../../home/tubbsca/snakemake_condas/9f9842bbfc31decc8a1ad02a46329d02_
[Mon Dec 25 11:33:19 2023]
Finished job 14.
31 of 61 steps (51%) done
Select jobs to execute...

[Mon Dec 25 11:33:19 2023]
Job 63: 
        Scans reference genome for matches againts input motif.
        
Reason: Missing output files: results/tfbs-scan/MA0259.1/MA0259.1-sites.bed; Input files updated by another job: results/tfbs-scan/MA0259.1/MA0259.1-coeff.txt, results/tfbs-scan/MA0259.1/MA0259.1-pwm.txt, resources/software/PWMScan/matrix_scan

[Mon Dec 25 11:33:29 2023]
Finished job 5.
32 of 61 steps (52%) done
Select jobs to execute...

[Mon Dec 25 11:33:29 2023]
Job 13: 
        Some utilities want FASTA format, useful to have on hand.
        - Note -s, keep strand information correct. Reports rev comp for neg seqs.
        
Reason: Missing output files: results/tfbs-scan/MA0007.3/MA0007.3-sites.fa; Input files updated by another job: results/tfbs-scan/MA0007.3/MA0007.3-sites.bed

Activating conda environment: ../../../../../../../../../../../../../home/tubbsca/snakemake_condas/9f9842bbfc31decc8a1ad02a46329d02_
[Mon Dec 25 11:34:09 2023]
Finished job 13.
33 of 61 steps (54%) done
Select jobs to execute...

[Mon Dec 25 11:34:09 2023]
Job 50: 
        Scans reference genome for matches againts input motif.
        
Reason: Missing output files: results/tfbs-scan/MA0006.1/MA0006.1-sites.bed; Input files updated by another job: results/tfbs-scan/MA0006.1/MA0006.1-coeff.txt, results/tfbs-scan/MA0006.1/MA0006.1-pwm.txt, resources/software/PWMScan/matrix_scan

[Mon Dec 25 11:36:07 2023]
Finished job 63.
34 of 61 steps (56%) done
Select jobs to execute...

[Mon Dec 25 11:36:07 2023]
Job 68: 
        Some utilities want FASTA format, useful to have on hand.
        - Note -s, keep strand information correct. Reports rev comp for neg seqs.
        
Reason: Missing output files: results/tfbs-scan/MA0259.1/MA0259.1-sites.fa; Input files updated by another job: results/tfbs-scan/MA0259.1/MA0259.1-sites.bed

Activating conda environment: ../../../../../../../../../../../../../home/tubbsca/snakemake_condas/9f9842bbfc31decc8a1ad02a46329d02_
[Mon Dec 25 11:36:36 2023]
Finished job 50.
35 of 61 steps (57%) done
Select jobs to execute...

[Mon Dec 25 11:36:36 2023]
Job 55: 
        Some utilities want FASTA format, useful to have on hand.
        - Note -s, keep strand information correct. Reports rev comp for neg seqs.
        
Reason: Missing output files: results/tfbs-scan/MA0006.1/MA0006.1-sites.fa; Input files updated by another job: results/tfbs-scan/MA0006.1/MA0006.1-sites.bed

Activating conda environment: ../../../../../../../../../../../../../home/tubbsca/snakemake_condas/9f9842bbfc31decc8a1ad02a46329d02_
[Mon Dec 25 11:38:09 2023]
Finished job 29.
36 of 61 steps (59%) done
Select jobs to execute...

[Mon Dec 25 11:38:09 2023]
Job 37: 
        Scans reference genome for matches againts input motif.
        
Reason: Missing output files: results/tfbs-scan/MA0004.1/MA0004.1-sites.bed; Input files updated by another job: results/tfbs-scan/MA0004.1/MA0004.1-pwm.txt, results/tfbs-scan/MA0004.1/MA0004.1-coeff.txt, resources/software/PWMScan/matrix_scan

[Mon Dec 25 11:40:33 2023]
Finished job 37.
37 of 61 steps (61%) done
Select jobs to execute...

[Mon Dec 25 11:40:33 2023]
Job 42: 
        Some utilities want FASTA format, useful to have on hand.
        - Note -s, keep strand information correct. Reports rev comp for neg seqs.
        
Reason: Missing output files: results/tfbs-scan/MA0004.1/MA0004.1-sites.fa; Input files updated by another job: results/tfbs-scan/MA0004.1/MA0004.1-sites.bed

Activating conda environment: ../../../../../../../../../../../../../home/tubbsca/snakemake_condas/9f9842bbfc31decc8a1ad02a46329d02_
[Mon Dec 25 11:47:26 2023]
Finished job 68.
38 of 61 steps (62%) done
Select jobs to execute...

[Mon Dec 25 11:47:26 2023]
Job 62: 
        Compress sites files to minimize storage.
        
Reason: Missing output files: results/tfbs-scan/MA0259.1/MA0259.1-sites.bed.gz; Input files updated by another job: results/tfbs-scan/MA0259.1/MA0259.1-sites.fa, results/tfbs-scan/MA0259.1/MA0259.1-sites.bed

[Mon Dec 25 11:48:45 2023]
Finished job 62.
39 of 61 steps (64%) done
Select jobs to execute...

[Mon Dec 25 11:48:45 2023]
rule activity_intersect_motifs:
    input: results/tfbs-scan/MA0259.1/MA0259.1-sites.bed.gz, results/activity/MA0259.1/MA0259.1-unibind_scored.tsv
    output: results/activity/MA0259.1/MA0259.1-unibind_intersect.bed
    log: workflow/logs/intersect_motifs_MA0259.1.stdout, workflow/logs/intersect_motifs_MA0259.1.stderr
    jobid: 61
    reason: Missing output files: results/activity/MA0259.1/MA0259.1-unibind_intersect.bed; Input files updated by another job: results/activity/MA0259.1/MA0259.1-unibind_scored.tsv, results/tfbs-scan/MA0259.1/MA0259.1-sites.bed.gz
    wildcards: PROFILE=MA0259.1
    threads: 2
    resources: tmpdir=/tmp

Activating conda environment: ../../../../../../../../../../../../../home/tubbsca/snakemake_condas/9e211a826b4153ae8977fb2d94caf0a0_
[Mon Dec 25 11:49:26 2023]
Finished job 61.
40 of 61 steps (66%) done
Select jobs to execute...

[Mon Dec 25 11:49:26 2023]
rule activity_map_activity:
    input: results/activity/MA0259.1/MA0259.1-unibind_intersect.bed
    output: results/activity/MA0259.1/MA0259.1-map.tsv
    log: workflow/logs/map_activity_MA0259.1.stdout, workflow/logs/map_activity_MA0259.1.stderr
    jobid: 60
    reason: Missing output files: results/activity/MA0259.1/MA0259.1-map.tsv; Input files updated by another job: results/activity/MA0259.1/MA0259.1-unibind_intersect.bed
    wildcards: PROFILE=MA0259.1
    threads: 2
    resources: tmpdir=/tmp

Activating conda environment: ../../../../../../../../../../../../../home/tubbsca/snakemake_condas/9e211a826b4153ae8977fb2d94caf0a0_
[Mon Dec 25 11:51:23 2023]
Finished job 60.
41 of 61 steps (67%) done
Select jobs to execute...

[Mon Dec 25 11:51:23 2023]
rule activity_activity_stats:
    input: results/activity/MA0259.1/MA0259.1-map.tsv, results/tfbs-scan/MA0259.1/MA0259.1-pvals.txt
    output: results/activity/MA0259.1/MA0259.1-map_statistics.tsv
    log: workflow/logs/activity_stats_MA0259.1.stdout, workflow/logs/activity_stats_MA0259.1.stderr
    jobid: 59
    reason: Missing output files: results/activity/MA0259.1/MA0259.1-map_statistics.tsv; Input files updated by another job: results/tfbs-scan/MA0259.1/MA0259.1-pvals.txt, results/activity/MA0259.1/MA0259.1-map.tsv
    wildcards: PROFILE=MA0259.1
    threads: 2
    resources: tmpdir=/tmp

Activating conda environment: ../../../../../../../../../../../../../home/tubbsca/snakemake_condas/9e211a826b4153ae8977fb2d94caf0a0_
Activating conda environment: ../../../../../../../../../../../../../home/tubbsca/snakemake_condas/9e211a826b4153ae8977fb2d94caf0a0_
[Mon Dec 25 11:51:30 2023]
Finished job 59.
42 of 61 steps (69%) done
Select jobs to execute...

[Mon Dec 25 11:51:30 2023]
Job 23: 
        Compress sites files to minimize storage.
        
Reason: Missing output files: results/tfbs-scan/MA0603.1/MA0603.1-sites.bed.gz; Input files updated by another job: results/tfbs-scan/MA0603.1/MA0603.1-sites.fa, results/tfbs-scan/MA0603.1/MA0603.1-sites.bed

[Mon Dec 25 11:52:17 2023]
Finished job 23.
43 of 61 steps (70%) done
Select jobs to execute...

[Mon Dec 25 11:52:17 2023]
rule activity_intersect_motifs:
    input: results/tfbs-scan/MA0603.1/MA0603.1-sites.bed.gz, results/activity/MA0603.1/MA0603.1-unibind_scored.tsv
    output: results/activity/MA0603.1/MA0603.1-unibind_intersect.bed
    log: workflow/logs/intersect_motifs_MA0603.1.stdout, workflow/logs/intersect_motifs_MA0603.1.stderr
    jobid: 22
    reason: Missing output files: results/activity/MA0603.1/MA0603.1-unibind_intersect.bed; Input files updated by another job: results/activity/MA0603.1/MA0603.1-unibind_scored.tsv, results/tfbs-scan/MA0603.1/MA0603.1-sites.bed.gz
    wildcards: PROFILE=MA0603.1
    threads: 2
    resources: tmpdir=/tmp

Activating conda environment: ../../../../../../../../../../../../../home/tubbsca/snakemake_condas/9e211a826b4153ae8977fb2d94caf0a0_
[Mon Dec 25 11:52:36 2023]
Finished job 22.
44 of 61 steps (72%) done
Select jobs to execute...

[Mon Dec 25 11:52:36 2023]
rule activity_map_activity:
    input: results/activity/MA0603.1/MA0603.1-unibind_intersect.bed
    output: results/activity/MA0603.1/MA0603.1-map.tsv
    log: workflow/logs/map_activity_MA0603.1.stdout, workflow/logs/map_activity_MA0603.1.stderr
    jobid: 21
    reason: Missing output files: results/activity/MA0603.1/MA0603.1-map.tsv; Input files updated by another job: results/activity/MA0603.1/MA0603.1-unibind_intersect.bed
    wildcards: PROFILE=MA0603.1
    threads: 2
    resources: tmpdir=/tmp

Activating conda environment: ../../../../../../../../../../../../../home/tubbsca/snakemake_condas/9e211a826b4153ae8977fb2d94caf0a0_
[Mon Dec 25 11:53:32 2023]
Finished job 21.
45 of 61 steps (74%) done
Select jobs to execute...

[Mon Dec 25 11:53:32 2023]
rule activity_activity_stats:
    input: results/activity/MA0603.1/MA0603.1-map.tsv, results/tfbs-scan/MA0603.1/MA0603.1-pvals.txt
    output: results/activity/MA0603.1/MA0603.1-map_statistics.tsv
    log: workflow/logs/activity_stats_MA0603.1.stdout, workflow/logs/activity_stats_MA0603.1.stderr
    jobid: 20
    reason: Missing output files: results/activity/MA0603.1/MA0603.1-map_statistics.tsv; Input files updated by another job: results/activity/MA0603.1/MA0603.1-map.tsv, results/tfbs-scan/MA0603.1/MA0603.1-pvals.txt
    wildcards: PROFILE=MA0603.1
    threads: 2
    resources: tmpdir=/tmp

Activating conda environment: ../../../../../../../../../../../../../home/tubbsca/snakemake_condas/9e211a826b4153ae8977fb2d94caf0a0_
Activating conda environment: ../../../../../../../../../../../../../home/tubbsca/snakemake_condas/9e211a826b4153ae8977fb2d94caf0a0_
[Mon Dec 25 11:53:36 2023]
Finished job 20.
46 of 61 steps (75%) done
Select jobs to execute...

[Mon Dec 25 11:53:36 2023]
Job 4: 
        Compress sites files to minimize storage.
        
Reason: Missing output files: results/tfbs-scan/MA0007.3/MA0007.3-sites.bed.gz; Input files updated by another job: results/tfbs-scan/MA0007.3/MA0007.3-sites.bed, results/tfbs-scan/MA0007.3/MA0007.3-sites.fa

[Mon Dec 25 11:53:46 2023]
Finished job 4.
47 of 61 steps (77%) done
Select jobs to execute...

[Mon Dec 25 11:53:46 2023]
rule activity_intersect_motifs:
    input: results/tfbs-scan/MA0007.3/MA0007.3-sites.bed.gz, results/activity/MA0007.3/MA0007.3-unibind_scored.tsv
    output: results/activity/MA0007.3/MA0007.3-unibind_intersect.bed
    log: workflow/logs/intersect_motifs_MA0007.3.stdout, workflow/logs/intersect_motifs_MA0007.3.stderr
    jobid: 3
    reason: Missing output files: results/activity/MA0007.3/MA0007.3-unibind_intersect.bed; Input files updated by another job: results/tfbs-scan/MA0007.3/MA0007.3-sites.bed.gz, results/activity/MA0007.3/MA0007.3-unibind_scored.tsv
    wildcards: PROFILE=MA0007.3
    threads: 2
    resources: tmpdir=/tmp

Activating conda environment: ../../../../../../../../../../../../../home/tubbsca/snakemake_condas/9e211a826b4153ae8977fb2d94caf0a0_
[Mon Dec 25 11:53:51 2023]
Finished job 3.
48 of 61 steps (79%) done
Select jobs to execute...

[Mon Dec 25 11:53:51 2023]
rule activity_map_activity:
    input: results/activity/MA0007.3/MA0007.3-unibind_intersect.bed
    output: results/activity/MA0007.3/MA0007.3-map.tsv
    log: workflow/logs/map_activity_MA0007.3.stdout, workflow/logs/map_activity_MA0007.3.stderr
    jobid: 2
    reason: Missing output files: results/activity/MA0007.3/MA0007.3-map.tsv; Input files updated by another job: results/activity/MA0007.3/MA0007.3-unibind_intersect.bed
    wildcards: PROFILE=MA0007.3
    threads: 2
    resources: tmpdir=/tmp

Activating conda environment: ../../../../../../../../../../../../../home/tubbsca/snakemake_condas/9e211a826b4153ae8977fb2d94caf0a0_
[Mon Dec 25 11:53:58 2023]
Finished job 2.
49 of 61 steps (80%) done
Select jobs to execute...

[Mon Dec 25 11:53:58 2023]
rule activity_activity_stats:
    input: results/activity/MA0007.3/MA0007.3-map.tsv, results/tfbs-scan/MA0007.3/MA0007.3-pvals.txt
    output: results/activity/MA0007.3/MA0007.3-map_statistics.tsv
    log: workflow/logs/activity_stats_MA0007.3.stdout, workflow/logs/activity_stats_MA0007.3.stderr
    jobid: 1
    reason: Missing output files: results/activity/MA0007.3/MA0007.3-map_statistics.tsv; Input files updated by another job: results/activity/MA0007.3/MA0007.3-map.tsv, results/tfbs-scan/MA0007.3/MA0007.3-pvals.txt
    wildcards: PROFILE=MA0007.3
    threads: 2
    resources: tmpdir=/tmp

Activating conda environment: ../../../../../../../../../../../../../home/tubbsca/snakemake_condas/9e211a826b4153ae8977fb2d94caf0a0_
Activating conda environment: ../../../../../../../../../../../../../home/tubbsca/snakemake_condas/9e211a826b4153ae8977fb2d94caf0a0_
[Mon Dec 25 11:54:01 2023]
Finished job 1.
50 of 61 steps (82%) done
[Mon Dec 25 11:55:50 2023]
Finished job 55.
51 of 61 steps (84%) done
Select jobs to execute...

[Mon Dec 25 11:55:50 2023]
Job 49: 
        Compress sites files to minimize storage.
        
Reason: Missing output files: results/tfbs-scan/MA0006.1/MA0006.1-sites.bed.gz; Input files updated by another job: results/tfbs-scan/MA0006.1/MA0006.1-sites.fa, results/tfbs-scan/MA0006.1/MA0006.1-sites.bed

[Mon Dec 25 11:57:29 2023]
Finished job 42.
52 of 61 steps (85%) done
Select jobs to execute...

[Mon Dec 25 11:57:29 2023]
Job 36: 
        Compress sites files to minimize storage.
        
Reason: Missing output files: results/tfbs-scan/MA0004.1/MA0004.1-sites.bed.gz; Input files updated by another job: results/tfbs-scan/MA0004.1/MA0004.1-sites.fa, results/tfbs-scan/MA0004.1/MA0004.1-sites.bed

[Mon Dec 25 11:57:33 2023]
Finished job 49.
53 of 61 steps (87%) done
Select jobs to execute...

[Mon Dec 25 11:57:33 2023]
rule activity_intersect_motifs:
    input: results/tfbs-scan/MA0006.1/MA0006.1-sites.bed.gz, results/activity/MA0006.1/MA0006.1-unibind_scored.tsv
    output: results/activity/MA0006.1/MA0006.1-unibind_intersect.bed
    log: workflow/logs/intersect_motifs_MA0006.1.stdout, workflow/logs/intersect_motifs_MA0006.1.stderr
    jobid: 48
    reason: Missing output files: results/activity/MA0006.1/MA0006.1-unibind_intersect.bed; Input files updated by another job: results/activity/MA0006.1/MA0006.1-unibind_scored.tsv, results/tfbs-scan/MA0006.1/MA0006.1-sites.bed.gz
    wildcards: PROFILE=MA0006.1
    threads: 2
    resources: tmpdir=/tmp

Activating conda environment: ../../../../../../../../../../../../../home/tubbsca/snakemake_condas/9e211a826b4153ae8977fb2d94caf0a0_
[Mon Dec 25 11:58:43 2023]
Finished job 36.
54 of 61 steps (89%) done
Select jobs to execute...

[Mon Dec 25 11:58:43 2023]
rule activity_intersect_motifs:
    input: results/tfbs-scan/MA0004.1/MA0004.1-sites.bed.gz, results/activity/MA0004.1/MA0004.1-unibind_scored.tsv
    output: results/activity/MA0004.1/MA0004.1-unibind_intersect.bed
    log: workflow/logs/intersect_motifs_MA0004.1.stdout, workflow/logs/intersect_motifs_MA0004.1.stderr
    jobid: 35
    reason: Missing output files: results/activity/MA0004.1/MA0004.1-unibind_intersect.bed; Input files updated by another job: results/tfbs-scan/MA0004.1/MA0004.1-sites.bed.gz, results/activity/MA0004.1/MA0004.1-unibind_scored.tsv
    wildcards: PROFILE=MA0004.1
    threads: 2
    resources: tmpdir=/tmp

Activating conda environment: ../../../../../../../../../../../../../home/tubbsca/snakemake_condas/9e211a826b4153ae8977fb2d94caf0a0_
[Mon Dec 25 11:58:45 2023]
Finished job 48.
55 of 61 steps (90%) done
Select jobs to execute...

[Mon Dec 25 11:58:45 2023]
rule activity_map_activity:
    input: results/activity/MA0006.1/MA0006.1-unibind_intersect.bed
    output: results/activity/MA0006.1/MA0006.1-map.tsv
    log: workflow/logs/map_activity_MA0006.1.stdout, workflow/logs/map_activity_MA0006.1.stderr
    jobid: 47
    reason: Missing output files: results/activity/MA0006.1/MA0006.1-map.tsv; Input files updated by another job: results/activity/MA0006.1/MA0006.1-unibind_intersect.bed
    wildcards: PROFILE=MA0006.1
    threads: 2
    resources: tmpdir=/tmp

Activating conda environment: ../../../../../../../../../../../../../home/tubbsca/snakemake_condas/9e211a826b4153ae8977fb2d94caf0a0_
[Mon Dec 25 11:59:42 2023]
Finished job 35.
56 of 61 steps (92%) done
Select jobs to execute...

[Mon Dec 25 11:59:42 2023]
rule activity_map_activity:
    input: results/activity/MA0004.1/MA0004.1-unibind_intersect.bed
    output: results/activity/MA0004.1/MA0004.1-map.tsv
    log: workflow/logs/map_activity_MA0004.1.stdout, workflow/logs/map_activity_MA0004.1.stderr
    jobid: 34
    reason: Missing output files: results/activity/MA0004.1/MA0004.1-map.tsv; Input files updated by another job: results/activity/MA0004.1/MA0004.1-unibind_intersect.bed
    wildcards: PROFILE=MA0004.1
    threads: 2
    resources: tmpdir=/tmp

Activating conda environment: ../../../../../../../../../../../../../home/tubbsca/snakemake_condas/9e211a826b4153ae8977fb2d94caf0a0_
[Mon Dec 25 12:02:24 2023]
Finished job 47.
57 of 61 steps (93%) done
Select jobs to execute...

[Mon Dec 25 12:02:24 2023]
rule activity_activity_stats:
    input: results/activity/MA0006.1/MA0006.1-map.tsv, results/tfbs-scan/MA0006.1/MA0006.1-pvals.txt
    output: results/activity/MA0006.1/MA0006.1-map_statistics.tsv
    log: workflow/logs/activity_stats_MA0006.1.stdout, workflow/logs/activity_stats_MA0006.1.stderr
    jobid: 46
    reason: Missing output files: results/activity/MA0006.1/MA0006.1-map_statistics.tsv; Input files updated by another job: results/activity/MA0006.1/MA0006.1-map.tsv, results/tfbs-scan/MA0006.1/MA0006.1-pvals.txt
    wildcards: PROFILE=MA0006.1
    threads: 2
    resources: tmpdir=/tmp

Activating conda environment: ../../../../../../../../../../../../../home/tubbsca/snakemake_condas/9e211a826b4153ae8977fb2d94caf0a0_
Activating conda environment: ../../../../../../../../../../../../../home/tubbsca/snakemake_condas/9e211a826b4153ae8977fb2d94caf0a0_
[Mon Dec 25 12:02:28 2023]
Finished job 46.
58 of 61 steps (95%) done
[Mon Dec 25 12:03:08 2023]
Finished job 34.
59 of 61 steps (97%) done
Select jobs to execute...

[Mon Dec 25 12:03:08 2023]
rule activity_activity_stats:
    input: results/activity/MA0004.1/MA0004.1-map.tsv, results/tfbs-scan/MA0004.1/MA0004.1-pvals.txt
    output: results/activity/MA0004.1/MA0004.1-map_statistics.tsv
    log: workflow/logs/activity_stats_MA0004.1.stdout, workflow/logs/activity_stats_MA0004.1.stderr
    jobid: 33
    reason: Missing output files: results/activity/MA0004.1/MA0004.1-map_statistics.tsv; Input files updated by another job: results/activity/MA0004.1/MA0004.1-map.tsv, results/tfbs-scan/MA0004.1/MA0004.1-pvals.txt
    wildcards: PROFILE=MA0004.1
    threads: 2
    resources: tmpdir=/tmp

Activating conda environment: ../../../../../../../../../../../../../home/tubbsca/snakemake_condas/9e211a826b4153ae8977fb2d94caf0a0_
Activating conda environment: ../../../../../../../../../../../../../home/tubbsca/snakemake_condas/9e211a826b4153ae8977fb2d94caf0a0_
[Mon Dec 25 12:03:11 2023]
Finished job 33.
60 of 61 steps (98%) done
Select jobs to execute...

[Mon Dec 25 12:03:11 2023]
localrule all:
    input: results/activity/MA0007.3/MA0007.3-map_statistics.tsv, results/activity/MA0603.1/MA0603.1-map_statistics.tsv, results/activity/MA0004.1/MA0004.1-map_statistics.tsv, results/activity/MA0006.1/MA0006.1-map_statistics.tsv, results/activity/MA0259.1/MA0259.1-map_statistics.tsv
    jobid: 0
    reason: Input files updated by another job: results/activity/MA0007.3/MA0007.3-map_statistics.tsv, results/activity/MA0259.1/MA0259.1-map_statistics.tsv, results/activity/MA0006.1/MA0006.1-map_statistics.tsv, results/activity/MA0603.1/MA0603.1-map_statistics.tsv, results/activity/MA0004.1/MA0004.1-map_statistics.tsv
    resources: tmpdir=/tmp

[Mon Dec 25 12:03:11 2023]
Finished job 0.
61 of 61 steps (100%) done
Complete log: .snakemake/log/2023-12-25T113001.025906.snakemake.log
