Building DAG of jobs...
Your conda installation is not configured to use strict channel priorities. This is however crucial for having robust and correct environments (for details, see https://conda-forge.org/docs/user/tipsandtricks.html). Please consider to configure strict priorities by executing 'conda config --set channel_priority strict'.
Using shell: /usr/bin/bash
Provided cores: 24
Rules claiming more threads will be scaled down.
Job stats:
job                                     count
------------------------------------  -------
activity_activity_metadata                  1
activity_activity_metaplot                  1
activity_activity_stats                     5
activity_combine_activity                   1
activity_combine_plots                      1
activity_intersect_motifs                   5
activity_map_activity                       5
activity_plot_activity                      5
all                                         1
tfbscan_PWMScan_compile_pwmscan             1
tfbscan_scan_bed2fasta                      5
tfbscan_scan_calculate_probabilities        5
tfbscan_scan_compress_sites                 5
tfbscan_scan_process_probabilities          5
tfbscan_scan_scan_genome                    5
total                                      51

Select jobs to execute...

[Tue Dec 26 09:31:16 2023]
Job 13: 
        Compiles PWMScan. Note c99 flag.
        Installs into resources/software by default.
        
Reason: Updated input files: https://raw.githubusercontent.com/ctubbs750/PWMScan/main/resources/software/PWMScan/matrix_prob.c (cached), https://raw.githubusercontent.com/ctubbs750/PWMScan/main/resources/software/PWMScan/matrix_scan.c (cached)

[Tue Dec 26 09:31:17 2023]
Finished job 13.
1 of 51 steps (2%) done
Select jobs to execute...

[Tue Dec 26 09:31:17 2023]
Job 12: 
        Generates pval distribution for given PWM.
        
Reason: Input files updated by another job: resources/software/PWMScan/matrix_prob


[Tue Dec 26 09:31:17 2023]
Job 70: 
        Generates pval distribution for given PWM.
        
Reason: Input files updated by another job: resources/software/PWMScan/matrix_prob


[Tue Dec 26 09:31:17 2023]
Job 44: 
        Generates pval distribution for given PWM.
        
Reason: Input files updated by another job: resources/software/PWMScan/matrix_prob


[Tue Dec 26 09:31:17 2023]
Job 57: 
        Generates pval distribution for given PWM.
        
Reason: Input files updated by another job: resources/software/PWMScan/matrix_prob


[Tue Dec 26 09:31:17 2023]
Job 31: 
        Generates pval distribution for given PWM.
        
Reason: Input files updated by another job: resources/software/PWMScan/matrix_prob

[Tue Dec 26 09:31:17 2023]
Finished job 12.
2 of 51 steps (4%) done
[Tue Dec 26 09:31:17 2023]
Finished job 70.
3 of 51 steps (6%) done
[Tue Dec 26 09:31:17 2023]
Finished job 44.
4 of 51 steps (8%) done
[Tue Dec 26 09:31:17 2023]
Finished job 57.
5 of 51 steps (10%) done
Select jobs to execute...

[Tue Dec 26 09:31:17 2023]
Job 69: 
        Relative threshold is percentage of best PWM.
        For 80%, format as interger 80. Makes life easier.
        
Reason: Input files updated by another job: results/tfbs-scan/MA0259.1/MA0259.1-pvals.raw


[Tue Dec 26 09:31:17 2023]
Job 56: 
        Relative threshold is percentage of best PWM.
        For 80%, format as interger 80. Makes life easier.
        
Reason: Input files updated by another job: results/tfbs-scan/MA0006.1/MA0006.1-pvals.raw


[Tue Dec 26 09:31:17 2023]
Job 43: 
        Relative threshold is percentage of best PWM.
        For 80%, format as interger 80. Makes life easier.
        
Reason: Input files updated by another job: results/tfbs-scan/MA0004.1/MA0004.1-pvals.raw


[Tue Dec 26 09:31:17 2023]
Job 11: 
        Relative threshold is percentage of best PWM.
        For 80%, format as interger 80. Makes life easier.
        
Reason: Input files updated by another job: results/tfbs-scan/MA0007.3/MA0007.3-pvals.raw

[Tue Dec 26 09:31:18 2023]
Finished job 31.
6 of 51 steps (12%) done
[Tue Dec 26 09:31:18 2023]
Finished job 69.
7 of 51 steps (14%) done
[Tue Dec 26 09:31:18 2023]
Finished job 56.
8 of 51 steps (16%) done
[Tue Dec 26 09:31:18 2023]
Finished job 43.
9 of 51 steps (18%) done
Select jobs to execute...

[Tue Dec 26 09:31:18 2023]
Job 40: 
        Scans reference genome for matches againts input motif.
        
Reason: Input files updated by another job: resources/software/PWMScan/matrix_scan, results/tfbs-scan/MA0004.1/MA0004.1-coeff.txt


[Tue Dec 26 09:31:18 2023]
Job 30: 
        Relative threshold is percentage of best PWM.
        For 80%, format as interger 80. Makes life easier.
        
Reason: Input files updated by another job: results/tfbs-scan/MA0603.1/MA0603.1-pvals.raw


[Tue Dec 26 09:31:18 2023]
Job 66: 
        Scans reference genome for matches againts input motif.
        
Reason: Input files updated by another job: resources/software/PWMScan/matrix_scan, results/tfbs-scan/MA0259.1/MA0259.1-coeff.txt


[Tue Dec 26 09:31:18 2023]
Job 53: 
        Scans reference genome for matches againts input motif.
        
Reason: Input files updated by another job: resources/software/PWMScan/matrix_scan, results/tfbs-scan/MA0006.1/MA0006.1-coeff.txt

[Tue Dec 26 09:31:18 2023]
Finished job 11.
10 of 51 steps (20%) done
[Tue Dec 26 09:31:18 2023]
Finished job 30.
11 of 51 steps (22%) done
Select jobs to execute...

[Tue Dec 26 09:31:18 2023]
Job 27: 
        Scans reference genome for matches againts input motif.
        
Reason: Input files updated by another job: results/tfbs-scan/MA0603.1/MA0603.1-coeff.txt, resources/software/PWMScan/matrix_scan


[Tue Dec 26 09:31:18 2023]
Job 8: 
        Scans reference genome for matches againts input motif.
        
Reason: Input files updated by another job: results/tfbs-scan/MA0007.3/MA0007.3-coeff.txt, resources/software/PWMScan/matrix_scan

[Tue Dec 26 09:33:41 2023]
Finished job 40.
12 of 51 steps (24%) done
Select jobs to execute...

[Tue Dec 26 09:33:41 2023]
Job 45: 
        Some utilities want FASTA format, useful to have on hand.
        - Note -s, keep strand information correct. Reports rev comp for neg seqs.
        
Reason: Missing output files: results/tfbs-scan/MA0004.1/MA0004.1-sites.fa; Input files updated by another job: results/tfbs-scan/MA0004.1/MA0004.1-sites.bed

Activating conda environment: ../../../../../../../../../../../../../home/tubbsca/snakemake_condas/9f9842bbfc31decc8a1ad02a46329d02_
[Tue Dec 26 09:33:46 2023]
Finished job 53.
13 of 51 steps (25%) done
Select jobs to execute...

[Tue Dec 26 09:33:46 2023]
Job 58: 
        Some utilities want FASTA format, useful to have on hand.
        - Note -s, keep strand information correct. Reports rev comp for neg seqs.
        
Reason: Missing output files: results/tfbs-scan/MA0006.1/MA0006.1-sites.fa; Input files updated by another job: results/tfbs-scan/MA0006.1/MA0006.1-sites.bed

Activating conda environment: ../../../../../../../../../../../../../home/tubbsca/snakemake_condas/9f9842bbfc31decc8a1ad02a46329d02_
[Tue Dec 26 09:33:59 2023]
Finished job 27.
14 of 51 steps (27%) done
Select jobs to execute...

[Tue Dec 26 09:33:59 2023]
Job 32: 
        Some utilities want FASTA format, useful to have on hand.
        - Note -s, keep strand information correct. Reports rev comp for neg seqs.
        
Reason: Missing output files: results/tfbs-scan/MA0603.1/MA0603.1-sites.fa; Input files updated by another job: results/tfbs-scan/MA0603.1/MA0603.1-sites.bed

Activating conda environment: ../../../../../../../../../../../../../home/tubbsca/snakemake_condas/9f9842bbfc31decc8a1ad02a46329d02_
[Tue Dec 26 09:34:02 2023]
Finished job 66.
15 of 51 steps (29%) done
Select jobs to execute...

[Tue Dec 26 09:34:02 2023]
Job 71: 
        Some utilities want FASTA format, useful to have on hand.
        - Note -s, keep strand information correct. Reports rev comp for neg seqs.
        
Reason: Missing output files: results/tfbs-scan/MA0259.1/MA0259.1-sites.fa; Input files updated by another job: results/tfbs-scan/MA0259.1/MA0259.1-sites.bed

Activating conda environment: ../../../../../../../../../../../../../home/tubbsca/snakemake_condas/9f9842bbfc31decc8a1ad02a46329d02_
[Tue Dec 26 09:34:42 2023]
Finished job 8.
16 of 51 steps (31%) done
Select jobs to execute...

[Tue Dec 26 09:34:42 2023]
Job 16: 
        Some utilities want FASTA format, useful to have on hand.
        - Note -s, keep strand information correct. Reports rev comp for neg seqs.
        
Reason: Missing output files: results/tfbs-scan/MA0007.3/MA0007.3-sites.fa; Input files updated by another job: results/tfbs-scan/MA0007.3/MA0007.3-sites.bed

Activating conda environment: ../../../../../../../../../../../../../home/tubbsca/snakemake_condas/9f9842bbfc31decc8a1ad02a46329d02_
[Tue Dec 26 09:35:54 2023]
Finished job 16.
17 of 51 steps (33%) done
Select jobs to execute...

[Tue Dec 26 09:35:54 2023]
Job 7: 
        Compress sites files to minimize storage.
        
Reason: Input files updated by another job: results/tfbs-scan/MA0007.3/MA0007.3-sites.bed, results/tfbs-scan/MA0007.3/MA0007.3-sites.fa

[Tue Dec 26 09:36:05 2023]
Finished job 7.
18 of 51 steps (35%) done
Select jobs to execute...

[Tue Dec 26 09:36:05 2023]
rule activity_intersect_motifs:
    input: results/tfbs-scan/MA0007.3/MA0007.3-sites.bed.gz, results/activity/MA0007.3/MA0007.3-unibind_scored.tsv
    output: results/activity/MA0007.3/MA0007.3-unibind_intersect.bed
    log: workflow/logs/intersect_motifs_MA0007.3.stdout, workflow/logs/intersect_motifs_MA0007.3.stderr
    jobid: 6
    reason: Input files updated by another job: results/tfbs-scan/MA0007.3/MA0007.3-sites.bed.gz
    wildcards: PROFILE=MA0007.3
    threads: 2
    resources: tmpdir=/tmp

Activating conda environment: ../../../../../../../../../../../../../home/tubbsca/snakemake_condas/9e211a826b4153ae8977fb2d94caf0a0_
[Tue Dec 26 09:36:11 2023]
Finished job 6.
19 of 51 steps (37%) done
Select jobs to execute...

[Tue Dec 26 09:36:11 2023]
rule activity_map_activity:
    input: results/activity/MA0007.3/MA0007.3-unibind_intersect.bed
    output: results/activity/MA0007.3/MA0007.3-map.tsv
    log: workflow/logs/map_activity_MA0007.3.stdout, workflow/logs/map_activity_MA0007.3.stderr
    jobid: 5
    reason: Input files updated by another job: results/activity/MA0007.3/MA0007.3-unibind_intersect.bed
    wildcards: PROFILE=MA0007.3
    threads: 2
    resources: tmpdir=/tmp

Activating conda environment: ../../../../../../../../../../../../../home/tubbsca/snakemake_condas/9e211a826b4153ae8977fb2d94caf0a0_
[Tue Dec 26 09:36:18 2023]
Finished job 5.
20 of 51 steps (39%) done
Select jobs to execute...

[Tue Dec 26 09:36:18 2023]
rule activity_activity_stats:
    input: results/activity/MA0007.3/MA0007.3-map.tsv, results/tfbs-scan/MA0007.3/MA0007.3-pvals.txt
    output: results/activity/MA0007.3/MA0007.3-map_statistics.tsv
    log: workflow/logs/activity_stats_MA0007.3.stdout, workflow/logs/activity_stats_MA0007.3.stderr
    jobid: 4
    reason: Input files updated by another job: results/activity/MA0007.3/MA0007.3-map.tsv, results/tfbs-scan/MA0007.3/MA0007.3-pvals.txt
    wildcards: PROFILE=MA0007.3
    threads: 2
    resources: tmpdir=/tmp

Activating conda environment: ../../../../../../../../../../../../../home/tubbsca/snakemake_condas/9e211a826b4153ae8977fb2d94caf0a0_
Activating conda environment: ../../../../../../../../../../../../../home/tubbsca/snakemake_condas/9e211a826b4153ae8977fb2d94caf0a0_
[Tue Dec 26 09:36:29 2023]
Finished job 4.
21 of 51 steps (41%) done
Select jobs to execute...

[Tue Dec 26 09:36:29 2023]
rule activity_plot_activity:
    input: results/activity/MA0007.3/MA0007.3-map_statistics.tsv, results/activity/MA0007.3/MA0007.3-fileset.tsv
    output: results/activity/MA0007.3/MA0007.3-activity.pdf
    log: workflow/logs/plot_activity_MA0007.3.stdout, workflow/logs/plot_activity_MA0007.3.stderr
    jobid: 76
    reason: Missing output files: results/activity/MA0007.3/MA0007.3-activity.pdf; Input files updated by another job: results/activity/MA0007.3/MA0007.3-map_statistics.tsv
    wildcards: PROFILE=MA0007.3
    threads: 2
    resources: tmpdir=/tmp

Activating conda environment: ../../../../../../../../../../../../../home/tubbsca/snakemake_condas/592e511923cd0331a43afb344d4a5911_
[Tue Dec 26 09:36:36 2023]
Error in rule activity_plot_activity:
    jobid: 76
    input: results/activity/MA0007.3/MA0007.3-map_statistics.tsv, results/activity/MA0007.3/MA0007.3-fileset.tsv
    output: results/activity/MA0007.3/MA0007.3-activity.pdf
    log: workflow/logs/plot_activity_MA0007.3.stdout, workflow/logs/plot_activity_MA0007.3.stderr (check log file(s) for error details)
    conda-env: /home/tubbsca/snakemake_condas/592e511923cd0331a43afb344d4a5911_

RuleException:
CalledProcessError in file /panfs/accrepfs.vampire/data/ruderferlab/projects/biovu/cnv/cre/CTCF-Variant-Annotation/snakemake/workflows/common/tfbs-activity/workflow/rules/activity.smk, line 177:
Command 'source /panfs/accrepfs.vampire/home/tubbsca/miniforge-pypy3/bin/activate '/home/tubbsca/snakemake_condas/592e511923cd0331a43afb344d4a5911_'; set -euo pipefail;  Rscript --vanilla /panfs/accrepfs.vampire/data/ruderferlab/projects/biovu/cnv/cre/CTCF-Variant-Annotation/snakemake/workflows/common/tfbs-activity/.snakemake/scripts/tmpjmdftu8c.plot.R' returned non-zero exit status 1.
  File "/panfs/accrepfs.vampire/data/ruderferlab/projects/biovu/cnv/cre/CTCF-Variant-Annotation/snakemake/workflows/common/tfbs-activity/workflow/rules/activity.smk", line 177, in __rule_plot_activity
  File "/accre/arch/easybuild/software/BinDist/Anaconda3/2022.05/lib/python3.9/concurrent/futures/thread.py", line 58, in run
[Tue Dec 26 09:41:46 2023]
Finished job 32.
22 of 51 steps (43%) done
Terminating processes on user request, this might take some time.
[Tue Dec 26 09:46:46 2023]
Error in rule tfbscan_scan_bed2fasta:
    jobid: 71
    input: resources/data/genome/hg38/hg38.fa, results/tfbs-scan/MA0259.1/MA0259.1-sites.bed
    output: results/tfbs-scan/MA0259.1/MA0259.1-sites.fa
    log: workflow/logs/bed2fasta_MA0259.1.stdout, workflow/logs/bed2fasta_MA0259.1.stderr (check log file(s) for error details)
    conda-env: /home/tubbsca/snakemake_condas/9f9842bbfc31decc8a1ad02a46329d02_
    shell:
        
        bedtools getfasta -fi resources/data/genome/hg38/hg38.fa -bed results/tfbs-scan/MA0259.1/MA0259.1-sites.bed -name -s > results/tfbs-scan/MA0259.1/MA0259.1-sites.fa
        
        (one of the commands exited with non-zero exit code; note that snakemake uses bash strict mode!)

[Tue Dec 26 09:46:46 2023]
Error in rule tfbscan_scan_bed2fasta:
    jobid: 58
    input: resources/data/genome/hg38/hg38.fa, results/tfbs-scan/MA0006.1/MA0006.1-sites.bed
    output: results/tfbs-scan/MA0006.1/MA0006.1-sites.fa
    log: workflow/logs/bed2fasta_MA0006.1.stdout, workflow/logs/bed2fasta_MA0006.1.stderr (check log file(s) for error details)
    conda-env: /home/tubbsca/snakemake_condas/9f9842bbfc31decc8a1ad02a46329d02_
    shell:
        
        bedtools getfasta -fi resources/data/genome/hg38/hg38.fa -bed results/tfbs-scan/MA0006.1/MA0006.1-sites.bed -name -s > results/tfbs-scan/MA0006.1/MA0006.1-sites.fa
        
        (one of the commands exited with non-zero exit code; note that snakemake uses bash strict mode!)

[Tue Dec 26 09:46:46 2023]
Error in rule tfbscan_scan_bed2fasta:
    jobid: 45
    input: resources/data/genome/hg38/hg38.fa, results/tfbs-scan/MA0004.1/MA0004.1-sites.bed
    output: results/tfbs-scan/MA0004.1/MA0004.1-sites.fa
    log: workflow/logs/bed2fasta_MA0004.1.stdout, workflow/logs/bed2fasta_MA0004.1.stderr (check log file(s) for error details)
    conda-env: /home/tubbsca/snakemake_condas/9f9842bbfc31decc8a1ad02a46329d02_
    shell:
        
        bedtools getfasta -fi resources/data/genome/hg38/hg38.fa -bed results/tfbs-scan/MA0004.1/MA0004.1-sites.bed -name -s > results/tfbs-scan/MA0004.1/MA0004.1-sites.fa
        
        (one of the commands exited with non-zero exit code; note that snakemake uses bash strict mode!)

Complete log: .snakemake/log/2023-12-26T093105.649378.snakemake.log
