Building DAG of jobs...
Your conda installation is not configured to use strict channel priorities. This is however crucial for having robust and correct environments (for details, see https://conda-forge.org/docs/user/tipsandtricks.html). Please consider to configure strict priorities by executing 'conda config --set channel_priority strict'.
Using shell: /usr/bin/bash
Provided cores: 12
Rules claiming more threads will be scaled down.
Job stats:
job                                   count
----------------------------------  -------
all                                       1
pwmscan_main_bed2fasta                    5
pwmscan_main_calc_probabilities           5
pwmscan_main_calculate_pwm                5
pwmscan_main_compile_pwmscan              1
pwmscan_main_compress_sites               5
pwmscan_main_process_probabilities        5
pwmscan_main_scan_genome                  5
total                                    32

Select jobs to execute...

[Wed Dec 13 08:34:46 2023]
rule pwmscan_main_calculate_pwm:
    input: resources/data/jaspar/MA0002.2.jaspar
    output: results/pwmscan/MA0002.2/MA0002.2-pwm.txt
    jobid: 3
    reason: Missing output files: results/pwmscan/MA0002.2/MA0002.2-pwm.txt
    wildcards: PROFILE=MA0002.2
    resources: tmpdir=/tmp

[Wed Dec 13 08:34:46 2023]
rule pwmscan_main_calculate_pwm:
    input: resources/data/jaspar/MA0007.3.jaspar
    output: results/pwmscan/MA0007.3/MA0007.3-pwm.txt
    jobid: 32
    reason: Missing output files: results/pwmscan/MA0007.3/MA0007.3-pwm.txt
    wildcards: PROFILE=MA0007.3
    resources: tmpdir=/tmp

[Wed Dec 13 08:34:46 2023]
rule pwmscan_main_calculate_pwm:
    input: resources/data/jaspar/MA0004.1.jaspar
    output: results/pwmscan/MA0004.1/MA0004.1-pwm.txt
    jobid: 18
    reason: Missing output files: results/pwmscan/MA0004.1/MA0004.1-pwm.txt
    wildcards: PROFILE=MA0004.1
    resources: tmpdir=/tmp

[Wed Dec 13 08:34:46 2023]
Job 7: 
        c99 mode
        
Reason: Updated input files: https://raw.githubusercontent.com/ctubbs750/pwm-scan/main/resources/software/PWMScan/matrix_scan.c (cached), https://raw.githubusercontent.com/ctubbs750/pwm-scan/main/resources/software/PWMScan/matrix_prob.c (cached)


[Wed Dec 13 08:34:46 2023]
rule pwmscan_main_calculate_pwm:
    input: resources/data/jaspar/MA0003.4.jaspar
    output: results/pwmscan/MA0003.4/MA0003.4-pwm.txt
    jobid: 11
    reason: Missing output files: results/pwmscan/MA0003.4/MA0003.4-pwm.txt
    wildcards: PROFILE=MA0003.4
    resources: tmpdir=/tmp

[Wed Dec 13 08:34:46 2023]
rule pwmscan_main_calculate_pwm:
    input: resources/data/jaspar/MA0006.1.jaspar
    output: results/pwmscan/MA0006.1/MA0006.1-pwm.txt
    jobid: 25
    reason: Missing output files: results/pwmscan/MA0006.1/MA0006.1-pwm.txt
    wildcards: PROFILE=MA0006.1
    resources: tmpdir=/tmp

Activating conda environment: genome
Activating conda environment: genome
Activating conda environment: genome
Activating conda environment: genome
Activating conda environment: genome
[Wed Dec 13 08:34:47 2023]
Finished job 7.
1 of 32 steps (3%) done
Activating conda environment: genome
Activating conda environment: genome
Activating conda environment: genome
Activating conda environment: genome
Activating conda environment: genome
[Wed Dec 13 08:34:56 2023]
Finished job 18.
2 of 32 steps (6%) done
Select jobs to execute...

[Wed Dec 13 08:34:56 2023]
Job 21: 
        - Generates pval distribution for given PWM.
        
Reason: Missing output files: results/pwmscan/MA0004.1/MA0004.1-pvals.raw; Input files updated by another job: results/pwmscan/MA0004.1/MA0004.1-pwm.txt, resources/software/PWMScan/matrix_prob

[Wed Dec 13 08:34:56 2023]
Finished job 25.
3 of 32 steps (9%) done
[Wed Dec 13 08:34:56 2023]
Finished job 3.
4 of 32 steps (12%) done
[Wed Dec 13 08:34:56 2023]
Finished job 11.
5 of 32 steps (16%) done
[Wed Dec 13 08:34:56 2023]
Finished job 32.
6 of 32 steps (19%) done
Select jobs to execute...

[Wed Dec 13 08:34:56 2023]
Job 35: 
        - Generates pval distribution for given PWM.
        
Reason: Missing output files: results/pwmscan/MA0007.3/MA0007.3-pvals.raw; Input files updated by another job: results/pwmscan/MA0007.3/MA0007.3-pwm.txt, resources/software/PWMScan/matrix_prob


[Wed Dec 13 08:34:56 2023]
Job 28: 
        - Generates pval distribution for given PWM.
        
Reason: Missing output files: results/pwmscan/MA0006.1/MA0006.1-pvals.raw; Input files updated by another job: results/pwmscan/MA0006.1/MA0006.1-pwm.txt, resources/software/PWMScan/matrix_prob


[Wed Dec 13 08:34:56 2023]
Job 14: 
        - Generates pval distribution for given PWM.
        
Reason: Missing output files: results/pwmscan/MA0003.4/MA0003.4-pvals.raw; Input files updated by another job: results/pwmscan/MA0003.4/MA0003.4-pwm.txt, resources/software/PWMScan/matrix_prob


[Wed Dec 13 08:34:56 2023]
Job 6: 
        - Generates pval distribution for given PWM.
        
Reason: Missing output files: results/pwmscan/MA0002.2/MA0002.2-pvals.raw; Input files updated by another job: results/pwmscan/MA0002.2/MA0002.2-pwm.txt, resources/software/PWMScan/matrix_prob

[Wed Dec 13 08:34:56 2023]
Finished job 21.
7 of 32 steps (22%) done
[Wed Dec 13 08:34:56 2023]
Finished job 35.
8 of 32 steps (25%) done
Select jobs to execute...

[Wed Dec 13 08:34:56 2023]
Job 20: 
        - Relative threshold is percentage of best PWM.
        For 80%, format as interger 80. Makes life easier.
        
Reason: Missing output files: results/pwmscan/MA0004.1/MA0004.1-coeff.txt; Input files updated by another job: results/pwmscan/MA0004.1/MA0004.1-pvals.raw


[Wed Dec 13 08:34:56 2023]
Job 34: 
        - Relative threshold is percentage of best PWM.
        For 80%, format as interger 80. Makes life easier.
        
Reason: Missing output files: results/pwmscan/MA0007.3/MA0007.3-coeff.txt; Input files updated by another job: results/pwmscan/MA0007.3/MA0007.3-pvals.raw

[Wed Dec 13 08:34:56 2023]
Finished job 28.
9 of 32 steps (28%) done
[Wed Dec 13 08:34:56 2023]
Finished job 14.
10 of 32 steps (31%) done
[Wed Dec 13 08:34:56 2023]
Finished job 6.
11 of 32 steps (34%) done
Select jobs to execute...

[Wed Dec 13 08:34:56 2023]
Job 13: 
        - Relative threshold is percentage of best PWM.
        For 80%, format as interger 80. Makes life easier.
        
Reason: Missing output files: results/pwmscan/MA0003.4/MA0003.4-coeff.txt; Input files updated by another job: results/pwmscan/MA0003.4/MA0003.4-pvals.raw


[Wed Dec 13 08:34:56 2023]
Job 27: 
        - Relative threshold is percentage of best PWM.
        For 80%, format as interger 80. Makes life easier.
        
Reason: Missing output files: results/pwmscan/MA0006.1/MA0006.1-coeff.txt; Input files updated by another job: results/pwmscan/MA0006.1/MA0006.1-pvals.raw


[Wed Dec 13 08:34:57 2023]
Job 5: 
        - Relative threshold is percentage of best PWM.
        For 80%, format as interger 80. Makes life easier.
        
Reason: Missing output files: results/pwmscan/MA0002.2/MA0002.2-coeff.txt; Input files updated by another job: results/pwmscan/MA0002.2/MA0002.2-pvals.raw

[Wed Dec 13 08:34:57 2023]
Finished job 20.
12 of 32 steps (38%) done
Removing temporary output results/pwmscan/MA0004.1/MA0004.1-pvals.raw.
[Wed Dec 13 08:34:57 2023]
Finished job 34.
13 of 32 steps (41%) done
Removing temporary output results/pwmscan/MA0007.3/MA0007.3-pvals.raw.
[Wed Dec 13 08:34:57 2023]
Finished job 27.
14 of 32 steps (44%) done
Removing temporary output results/pwmscan/MA0006.1/MA0006.1-pvals.raw.
[Wed Dec 13 08:34:57 2023]
Finished job 13.
15 of 32 steps (47%) done
Removing temporary output results/pwmscan/MA0003.4/MA0003.4-pvals.raw.
Select jobs to execute...

[Wed Dec 13 08:34:57 2023]
Job 17: 
        - Scans rerference genome for matches againts input motif.
        
Reason: Missing output files: results/pwmscan/MA0004.1/MA0004.1-sites.bed; Input files updated by another job: resources/software/PWMScan/matrix_scan, results/pwmscan/MA0004.1/MA0004.1-coeff.txt, results/pwmscan/MA0004.1/MA0004.1-pwm.txt


[Wed Dec 13 08:34:57 2023]
Job 24: 
        - Scans rerference genome for matches againts input motif.
        
Reason: Missing output files: results/pwmscan/MA0006.1/MA0006.1-sites.bed; Input files updated by another job: resources/software/PWMScan/matrix_scan, results/pwmscan/MA0006.1/MA0006.1-coeff.txt, results/pwmscan/MA0006.1/MA0006.1-pwm.txt


[Wed Dec 13 08:34:57 2023]
Job 31: 
        - Scans rerference genome for matches againts input motif.
        
Reason: Missing output files: results/pwmscan/MA0007.3/MA0007.3-sites.bed; Input files updated by another job: results/pwmscan/MA0007.3/MA0007.3-coeff.txt, resources/software/PWMScan/matrix_scan, results/pwmscan/MA0007.3/MA0007.3-pwm.txt

[Wed Dec 13 08:34:57 2023]
Error in rule pwmscan_main_scan_genome:
    jobid: 17
    input: results/pwmscan/MA0004.1/MA0004.1-pwm.txt, results/pwmscan/MA0004.1/MA0004.1-coeff.txt, resources/data/genome/hg38/hg38.fa, resources/software/PWMScan/matrix_scan
    output: results/pwmscan/MA0004.1/MA0004.1-sites.bed
    shell:
        
        resources/software/PWMScan/matrix_scan -m results/pwmscan/MA0004.1/MA0004.1-pwm.txt -c $(cat results/pwmscan/MA0004.1/MA0004.1-coeff.txt) resources/data/genome/hg38/hg38.fa > results/pwmscan/MA0004.1/MA0004.1-sites.bed
        
        (one of the commands exited with non-zero exit code; note that snakemake uses bash strict mode!)


[Wed Dec 13 08:34:57 2023]
Job 10: 
        - Scans rerference genome for matches againts input motif.
        
Reason: Missing output files: results/pwmscan/MA0003.4/MA0003.4-sites.bed; Input files updated by another job: resources/software/PWMScan/matrix_scan, results/pwmscan/MA0003.4/MA0003.4-pwm.txt, results/pwmscan/MA0003.4/MA0003.4-coeff.txt

[Wed Dec 13 08:34:57 2023]
Error in rule pwmscan_main_scan_genome:
    jobid: 24
    input: results/pwmscan/MA0006.1/MA0006.1-pwm.txt, results/pwmscan/MA0006.1/MA0006.1-coeff.txt, resources/data/genome/hg38/hg38.fa, resources/software/PWMScan/matrix_scan
    output: results/pwmscan/MA0006.1/MA0006.1-sites.bed
    shell:
        
        resources/software/PWMScan/matrix_scan -m results/pwmscan/MA0006.1/MA0006.1-pwm.txt -c $(cat results/pwmscan/MA0006.1/MA0006.1-coeff.txt) resources/data/genome/hg38/hg38.fa > results/pwmscan/MA0006.1/MA0006.1-sites.bed
        
        (one of the commands exited with non-zero exit code; note that snakemake uses bash strict mode!)

[Wed Dec 13 08:34:57 2023]
Error in rule pwmscan_main_scan_genome:
    jobid: 31
    input: results/pwmscan/MA0007.3/MA0007.3-pwm.txt, results/pwmscan/MA0007.3/MA0007.3-coeff.txt, resources/data/genome/hg38/hg38.fa, resources/software/PWMScan/matrix_scan
    output: results/pwmscan/MA0007.3/MA0007.3-sites.bed
    shell:
        
        resources/software/PWMScan/matrix_scan -m results/pwmscan/MA0007.3/MA0007.3-pwm.txt -c $(cat results/pwmscan/MA0007.3/MA0007.3-coeff.txt) resources/data/genome/hg38/hg38.fa > results/pwmscan/MA0007.3/MA0007.3-sites.bed
        
        (one of the commands exited with non-zero exit code; note that snakemake uses bash strict mode!)

[Wed Dec 13 08:34:57 2023]
Error in rule pwmscan_main_scan_genome:
    jobid: 10
    input: results/pwmscan/MA0003.4/MA0003.4-pwm.txt, results/pwmscan/MA0003.4/MA0003.4-coeff.txt, resources/data/genome/hg38/hg38.fa, resources/software/PWMScan/matrix_scan
    output: results/pwmscan/MA0003.4/MA0003.4-sites.bed
    shell:
        
        resources/software/PWMScan/matrix_scan -m results/pwmscan/MA0003.4/MA0003.4-pwm.txt -c $(cat results/pwmscan/MA0003.4/MA0003.4-coeff.txt) resources/data/genome/hg38/hg38.fa > results/pwmscan/MA0003.4/MA0003.4-sites.bed
        
        (one of the commands exited with non-zero exit code; note that snakemake uses bash strict mode!)

[Wed Dec 13 08:34:57 2023]
Finished job 5.
16 of 32 steps (50%) done
Removing temporary output results/pwmscan/MA0002.2/MA0002.2-pvals.raw.
Removing output files of failed job pwmscan_main_scan_genome since they might be corrupted:
results/pwmscan/MA0004.1/MA0004.1-sites.bed
Removing output files of failed job pwmscan_main_scan_genome since they might be corrupted:
results/pwmscan/MA0006.1/MA0006.1-sites.bed
Removing output files of failed job pwmscan_main_scan_genome since they might be corrupted:
results/pwmscan/MA0007.3/MA0007.3-sites.bed
Removing output files of failed job pwmscan_main_scan_genome since they might be corrupted:
results/pwmscan/MA0003.4/MA0003.4-sites.bed
Shutting down, this might take some time.
Exiting because a job execution failed. Look above for error message
Complete log: .snakemake/log/2023-12-13T083439.599666.snakemake.log
