Building DAG of jobs...
Your conda installation is not configured to use strict channel priorities. This is however crucial for having robust and correct environments (for details, see https://conda-forge.org/docs/user/tipsandtricks.html). Please consider to configure strict priorities by executing 'conda config --set channel_priority strict'.
Using shell: /usr/bin/bash
Provided cores: 24
Rules claiming more threads will be scaled down.
Job stats:
job                                   count
----------------------------------  -------
activity_activity_metadata                1
activity_activity_stats                   7
activity_combine_data                     1
activity_intersect_motifs                 7
activity_map_activity                     7
activity_plot                             7
all                                       1
pwmscan_main_bed2fasta                    7
pwmscan_main_calc_probabilities           7
pwmscan_main_compile_pwmscan              1
pwmscan_main_compress_sites               7
pwmscan_main_process_probabilities        7
pwmscan_main_scan_genome                  7
total                                    67

Select jobs to execute...

[Fri Dec 15 08:15:47 2023]
Job 7: 
        c99 mode
        
Reason: Updated input files: https://raw.githubusercontent.com/ctubbs750/pwm-scan/main/resources/software/PWMScan/matrix_prob.c (cached), https://raw.githubusercontent.com/ctubbs750/pwm-scan/main/resources/software/PWMScan/matrix_scan.c (cached)

[Fri Dec 15 08:15:47 2023]
Finished job 7.
1 of 67 steps (1%) done
Select jobs to execute...

[Fri Dec 15 08:15:47 2023]
Job 35: 
        - Generates pval distribution for given PWM.
        
Reason: Missing output files: results/pwmscan/MA0007.3/MA0007.3-pvals.raw; Input files updated by another job: resources/software/PWMScan/matrix_prob


[Fri Dec 15 08:15:47 2023]
Job 49: 
        - Generates pval distribution for given PWM.
        
Reason: Missing output files: results/pwmscan/MA0036.3/MA0036.3-pvals.raw; Input files updated by another job: resources/software/PWMScan/matrix_prob


[Fri Dec 15 08:15:47 2023]
Job 21: 
        - Generates pval distribution for given PWM.
        
Reason: Missing output files: results/pwmscan/MA0004.1/MA0004.1-pvals.raw; Input files updated by another job: resources/software/PWMScan/matrix_prob


[Fri Dec 15 08:15:47 2023]
Job 42: 
        - Generates pval distribution for given PWM.
        
Reason: Missing output files: results/pwmscan/MA0139.1/MA0139.1-pvals.raw; Input files updated by another job: resources/software/PWMScan/matrix_prob


[Fri Dec 15 08:15:47 2023]
Job 6: 
        - Generates pval distribution for given PWM.
        
Reason: Missing output files: results/pwmscan/MA0002.2/MA0002.2-pvals.raw; Input files updated by another job: resources/software/PWMScan/matrix_prob


[Fri Dec 15 08:15:47 2023]
Job 28: 
        - Generates pval distribution for given PWM.
        
Reason: Missing output files: results/pwmscan/MA0006.1/MA0006.1-pvals.raw; Input files updated by another job: resources/software/PWMScan/matrix_prob


[Fri Dec 15 08:15:47 2023]
Job 14: 
        - Generates pval distribution for given PWM.
        
Reason: Missing output files: results/pwmscan/MA0003.4/MA0003.4-pvals.raw; Input files updated by another job: resources/software/PWMScan/matrix_prob

[Fri Dec 15 08:15:47 2023]
Finished job 35.
2 of 67 steps (3%) done
[Fri Dec 15 08:15:47 2023]
Finished job 21.
3 of 67 steps (4%) done
[Fri Dec 15 08:15:47 2023]
Finished job 49.
4 of 67 steps (6%) done
[Fri Dec 15 08:15:47 2023]
Finished job 42.
5 of 67 steps (7%) done
[Fri Dec 15 08:15:47 2023]
Finished job 6.
6 of 67 steps (9%) done
Select jobs to execute...

[Fri Dec 15 08:15:47 2023]
Job 34: 
        - Relative threshold is percentage of best PWM.
        For 80%, format as interger 80. Makes life easier.
        
Reason: Input files updated by another job: results/pwmscan/MA0007.3/MA0007.3-pvals.raw


[Fri Dec 15 08:15:47 2023]
Job 48: 
        - Relative threshold is percentage of best PWM.
        For 80%, format as interger 80. Makes life easier.
        
Reason: Input files updated by another job: results/pwmscan/MA0036.3/MA0036.3-pvals.raw


[Fri Dec 15 08:15:47 2023]
Job 20: 
        - Relative threshold is percentage of best PWM.
        For 80%, format as interger 80. Makes life easier.
        
Reason: Input files updated by another job: results/pwmscan/MA0004.1/MA0004.1-pvals.raw


[Fri Dec 15 08:15:47 2023]
Job 41: 
        - Relative threshold is percentage of best PWM.
        For 80%, format as interger 80. Makes life easier.
        
Reason: Input files updated by another job: results/pwmscan/MA0139.1/MA0139.1-pvals.raw


[Fri Dec 15 08:15:47 2023]
Job 5: 
        - Relative threshold is percentage of best PWM.
        For 80%, format as interger 80. Makes life easier.
        
Reason: Input files updated by another job: results/pwmscan/MA0002.2/MA0002.2-pvals.raw

[Fri Dec 15 08:15:48 2023]
Finished job 28.
7 of 67 steps (10%) done
[Fri Dec 15 08:15:48 2023]
Finished job 14.
8 of 67 steps (12%) done
[Fri Dec 15 08:15:48 2023]
Finished job 20.
9 of 67 steps (13%) done
Removing temporary output results/pwmscan/MA0004.1/MA0004.1-pvals.raw.
[Fri Dec 15 08:15:48 2023]
Finished job 34.
10 of 67 steps (15%) done
Removing temporary output results/pwmscan/MA0007.3/MA0007.3-pvals.raw.
[Fri Dec 15 08:15:48 2023]
Finished job 48.
11 of 67 steps (16%) done
Removing temporary output results/pwmscan/MA0036.3/MA0036.3-pvals.raw.
Select jobs to execute...

[Fri Dec 15 08:15:48 2023]
Job 27: 
        - Relative threshold is percentage of best PWM.
        For 80%, format as interger 80. Makes life easier.
        
Reason: Input files updated by another job: results/pwmscan/MA0006.1/MA0006.1-pvals.raw


[Fri Dec 15 08:15:48 2023]
Job 13: 
        - Relative threshold is percentage of best PWM.
        For 80%, format as interger 80. Makes life easier.
        
Reason: Input files updated by another job: results/pwmscan/MA0003.4/MA0003.4-pvals.raw


[Fri Dec 15 08:15:48 2023]
Job 31: 
        - Scans rerference genome for matches againts input motif.
        
Reason: Missing output files: results/pwmscan/MA0007.3/MA0007.3-sites.bed; Input files updated by another job: resources/software/PWMScan/matrix_scan, results/pwmscan/MA0007.3/MA0007.3-coeff.txt


[Fri Dec 15 08:15:48 2023]
Job 17: 
        - Scans rerference genome for matches againts input motif.
        
Reason: Missing output files: results/pwmscan/MA0004.1/MA0004.1-sites.bed; Input files updated by another job: results/pwmscan/MA0004.1/MA0004.1-coeff.txt, resources/software/PWMScan/matrix_scan


[Fri Dec 15 08:15:48 2023]
Job 45: 
        - Scans rerference genome for matches againts input motif.
        
Reason: Missing output files: results/pwmscan/MA0036.3/MA0036.3-sites.bed; Input files updated by another job: results/pwmscan/MA0036.3/MA0036.3-coeff.txt, resources/software/PWMScan/matrix_scan

[Fri Dec 15 08:15:48 2023]
Finished job 41.
12 of 67 steps (18%) done
Removing temporary output results/pwmscan/MA0139.1/MA0139.1-pvals.raw.
[Fri Dec 15 08:15:48 2023]
Finished job 5.
13 of 67 steps (19%) done
Removing temporary output results/pwmscan/MA0002.2/MA0002.2-pvals.raw.
[Fri Dec 15 08:15:48 2023]
Finished job 27.
14 of 67 steps (21%) done
Removing temporary output results/pwmscan/MA0006.1/MA0006.1-pvals.raw.
Select jobs to execute...

[Fri Dec 15 08:15:48 2023]
Job 2: 
        - Scans rerference genome for matches againts input motif.
        
Reason: Missing output files: results/pwmscan/MA0002.2/MA0002.2-sites.bed; Input files updated by another job: resources/software/PWMScan/matrix_scan, results/pwmscan/MA0002.2/MA0002.2-coeff.txt


[Fri Dec 15 08:15:48 2023]
Job 24: 
        - Scans rerference genome for matches againts input motif.
        
Reason: Missing output files: results/pwmscan/MA0006.1/MA0006.1-sites.bed; Input files updated by another job: resources/software/PWMScan/matrix_scan, results/pwmscan/MA0006.1/MA0006.1-coeff.txt


[Fri Dec 15 08:15:48 2023]
Job 38: 
        - Scans rerference genome for matches againts input motif.
        
Reason: Missing output files: results/pwmscan/MA0139.1/MA0139.1-sites.bed; Input files updated by another job: results/pwmscan/MA0139.1/MA0139.1-coeff.txt, resources/software/PWMScan/matrix_scan

[Fri Dec 15 08:15:48 2023]
Finished job 13.
15 of 67 steps (22%) done
Removing temporary output results/pwmscan/MA0003.4/MA0003.4-pvals.raw.
Select jobs to execute...

[Fri Dec 15 08:15:48 2023]
Job 10: 
        - Scans rerference genome for matches againts input motif.
        
Reason: Missing output files: results/pwmscan/MA0003.4/MA0003.4-sites.bed; Input files updated by another job: results/pwmscan/MA0003.4/MA0003.4-coeff.txt, resources/software/PWMScan/matrix_scan

[Fri Dec 15 08:17:53 2023]
Finished job 10.
16 of 67 steps (24%) done
Select jobs to execute...

[Fri Dec 15 08:17:53 2023]
Job 15: 
        - Note -s, keep strand information correct. Reports rev comp for neg seqs.
        
Reason: Missing output files: results/pwmscan/MA0003.4/MA0003.4-sites.fa; Input files updated by another job: results/pwmscan/MA0003.4/MA0003.4-sites.bed

Activating conda environment: ../../../../../../../../../../../../../home/tubbsca/snakemake_condas/9f9842bbfc31decc8a1ad02a46329d02_
[Fri Dec 15 08:17:53 2023]
Finished job 24.
17 of 67 steps (25%) done
Select jobs to execute...

[Fri Dec 15 08:17:53 2023]
Job 29: 
        - Note -s, keep strand information correct. Reports rev comp for neg seqs.
        
Reason: Missing output files: results/pwmscan/MA0006.1/MA0006.1-sites.fa; Input files updated by another job: results/pwmscan/MA0006.1/MA0006.1-sites.bed

Activating conda environment: ../../../../../../../../../../../../../home/tubbsca/snakemake_condas/9f9842bbfc31decc8a1ad02a46329d02_
[Fri Dec 15 08:17:56 2023]
Finished job 17.
18 of 67 steps (27%) done
Select jobs to execute...

[Fri Dec 15 08:17:56 2023]
Job 22: 
        - Note -s, keep strand information correct. Reports rev comp for neg seqs.
        
Reason: Missing output files: results/pwmscan/MA0004.1/MA0004.1-sites.fa; Input files updated by another job: results/pwmscan/MA0004.1/MA0004.1-sites.bed

Activating conda environment: ../../../../../../../../../../../../../home/tubbsca/snakemake_condas/9f9842bbfc31decc8a1ad02a46329d02_
[Fri Dec 15 08:17:59 2023]
Finished job 31.
19 of 67 steps (28%) done
Select jobs to execute...

[Fri Dec 15 08:17:59 2023]
Job 36: 
        - Note -s, keep strand information correct. Reports rev comp for neg seqs.
        
Reason: Missing output files: results/pwmscan/MA0007.3/MA0007.3-sites.fa; Input files updated by another job: results/pwmscan/MA0007.3/MA0007.3-sites.bed

Activating conda environment: ../../../../../../../../../../../../../home/tubbsca/snakemake_condas/9f9842bbfc31decc8a1ad02a46329d02_
[Fri Dec 15 08:18:00 2023]
Finished job 38.
20 of 67 steps (30%) done
Select jobs to execute...

[Fri Dec 15 08:18:00 2023]
Job 43: 
        - Note -s, keep strand information correct. Reports rev comp for neg seqs.
        
Reason: Missing output files: results/pwmscan/MA0139.1/MA0139.1-sites.fa; Input files updated by another job: results/pwmscan/MA0139.1/MA0139.1-sites.bed

Activating conda environment: ../../../../../../../../../../../../../home/tubbsca/snakemake_condas/9f9842bbfc31decc8a1ad02a46329d02_
[Fri Dec 15 08:18:14 2023]
Finished job 45.
21 of 67 steps (31%) done
Select jobs to execute...

[Fri Dec 15 08:18:14 2023]
Job 50: 
        - Note -s, keep strand information correct. Reports rev comp for neg seqs.
        
Reason: Missing output files: results/pwmscan/MA0036.3/MA0036.3-sites.fa; Input files updated by another job: results/pwmscan/MA0036.3/MA0036.3-sites.bed

Activating conda environment: ../../../../../../../../../../../../../home/tubbsca/snakemake_condas/9f9842bbfc31decc8a1ad02a46329d02_
[Fri Dec 15 08:18:18 2023]
Finished job 2.
22 of 67 steps (33%) done
Select jobs to execute...

[Fri Dec 15 08:18:18 2023]
Job 8: 
        - Note -s, keep strand information correct. Reports rev comp for neg seqs.
        
Reason: Missing output files: results/pwmscan/MA0002.2/MA0002.2-sites.fa; Input files updated by another job: results/pwmscan/MA0002.2/MA0002.2-sites.bed

Activating conda environment: ../../../../../../../../../../../../../home/tubbsca/snakemake_condas/9f9842bbfc31decc8a1ad02a46329d02_
[Fri Dec 15 08:19:14 2023]
Finished job 43.
23 of 67 steps (34%) done
Select jobs to execute...

[Fri Dec 15 08:19:14 2023]
Job 37: 
        - d
        
Reason: Input files updated by another job: results/pwmscan/MA0139.1/MA0139.1-sites.bed, results/pwmscan/MA0139.1/MA0139.1-sites.fa

[Fri Dec 15 08:19:21 2023]
Finished job 36.
24 of 67 steps (36%) done
Select jobs to execute...

[Fri Dec 15 08:19:21 2023]
Job 30: 
        - d
        
Reason: Input files updated by another job: results/pwmscan/MA0007.3/MA0007.3-sites.bed, results/pwmscan/MA0007.3/MA0007.3-sites.fa

[Fri Dec 15 08:19:22 2023]
Finished job 37.
25 of 67 steps (37%) done
Select jobs to execute...

[Fri Dec 15 08:19:22 2023]
rule activity_intersect_motifs:
    input: results/pwmscan/MA0139.1/MA0139.1-sites.bed.gz, results/activity/MA0139.1/MA0139.1-unibind_scored.tsv
    output: results/activity/MA0139.1/MA0139.1-unibind_intersect.bed
    jobid: 84
    reason: Input files updated by another job: results/pwmscan/MA0139.1/MA0139.1-sites.bed.gz
    wildcards: PROFILE=MA0139.1
    resources: tmpdir=/tmp

[Fri Dec 15 08:19:26 2023]
Finished job 84.
26 of 67 steps (39%) done
Select jobs to execute...

[Fri Dec 15 08:19:26 2023]
rule activity_map_activity:
    input: results/activity/MA0139.1/MA0139.1-unibind_intersect.bed
    output: results/activity/MA0139.1/MA0139.1-map.tsv
    jobid: 83
    reason: Input files updated by another job: results/activity/MA0139.1/MA0139.1-unibind_intersect.bed
    wildcards: PROFILE=MA0139.1
    resources: tmpdir=/tmp

[Fri Dec 15 08:19:28 2023]
Finished job 30.
27 of 67 steps (40%) done
Select jobs to execute...

[Fri Dec 15 08:19:28 2023]
rule activity_intersect_motifs:
    input: results/pwmscan/MA0007.3/MA0007.3-sites.bed.gz, results/activity/MA0007.3/MA0007.3-unibind_scored.tsv
    output: results/activity/MA0007.3/MA0007.3-unibind_intersect.bed
    jobid: 79
    reason: Input files updated by another job: results/pwmscan/MA0007.3/MA0007.3-sites.bed.gz
    wildcards: PROFILE=MA0007.3
    resources: tmpdir=/tmp

[Fri Dec 15 08:19:31 2023]
Finished job 83.
28 of 67 steps (42%) done
Select jobs to execute...

[Fri Dec 15 08:19:31 2023]
rule activity_activity_stats:
    input: results/activity/MA0139.1/MA0139.1-map.tsv, results/pwmscan/MA0139.1/MA0139.1-pvals.txt
    output: results/activity/MA0139.1/MA0139.1-map_statistics.tsv
    jobid: 82
    reason: Input files updated by another job: results/activity/MA0139.1/MA0139.1-map.tsv, results/pwmscan/MA0139.1/MA0139.1-pvals.txt
    wildcards: PROFILE=MA0139.1
    resources: tmpdir=/tmp

[Fri Dec 15 08:19:31 2023]
Finished job 79.
29 of 67 steps (43%) done
Select jobs to execute...

[Fri Dec 15 08:19:31 2023]
rule activity_map_activity:
    input: results/activity/MA0007.3/MA0007.3-unibind_intersect.bed
    output: results/activity/MA0007.3/MA0007.3-map.tsv
    jobid: 78
    reason: Input files updated by another job: results/activity/MA0007.3/MA0007.3-unibind_intersect.bed
    wildcards: PROFILE=MA0007.3
    resources: tmpdir=/tmp

[Fri Dec 15 08:19:33 2023]
Finished job 82.
30 of 67 steps (45%) done
Select jobs to execute...

[Fri Dec 15 08:19:33 2023]
rule activity_plot:
    input: results/activity/MA0139.1/MA0139.1-map_statistics.tsv
    output: results/activity/MA0139.1/MA0139.1-activity.pdf
    jobid: 97
    reason: Input files updated by another job: results/activity/MA0139.1/MA0139.1-map_statistics.tsv
    wildcards: PROFILE=MA0139.1
    resources: tmpdir=/tmp

Activating conda environment: conda_R
[Fri Dec 15 08:19:36 2023]
Finished job 78.
31 of 67 steps (46%) done
Select jobs to execute...

[Fri Dec 15 08:19:36 2023]
rule activity_activity_stats:
    input: results/activity/MA0007.3/MA0007.3-map.tsv, results/pwmscan/MA0007.3/MA0007.3-pvals.txt
    output: results/activity/MA0007.3/MA0007.3-map_statistics.tsv
    jobid: 77
    reason: Input files updated by another job: results/activity/MA0007.3/MA0007.3-map.tsv, results/pwmscan/MA0007.3/MA0007.3-pvals.txt
    wildcards: PROFILE=MA0007.3
    resources: tmpdir=/tmp

[Fri Dec 15 08:19:37 2023]
Finished job 77.
32 of 67 steps (48%) done
Select jobs to execute...

[Fri Dec 15 08:19:37 2023]
rule activity_plot:
    input: results/activity/MA0007.3/MA0007.3-map_statistics.tsv
    output: results/activity/MA0007.3/MA0007.3-activity.pdf
    jobid: 96
    reason: Input files updated by another job: results/activity/MA0007.3/MA0007.3-map_statistics.tsv
    wildcards: PROFILE=MA0007.3
    resources: tmpdir=/tmp

Activating conda environment: conda_R
[Fri Dec 15 08:19:52 2023]
Finished job 97.
33 of 67 steps (49%) done
[Fri Dec 15 08:19:52 2023]
Finished job 96.
34 of 67 steps (51%) done
[Fri Dec 15 08:23:09 2023]
Finished job 15.
35 of 67 steps (52%) done
Select jobs to execute...

[Fri Dec 15 08:23:09 2023]
Job 9: 
        - d
        
Reason: Input files updated by another job: results/pwmscan/MA0003.4/MA0003.4-sites.bed, results/pwmscan/MA0003.4/MA0003.4-sites.fa

[Fri Dec 15 08:23:41 2023]
Finished job 9.
36 of 67 steps (54%) done
Select jobs to execute...

[Fri Dec 15 08:23:41 2023]
rule activity_intersect_motifs:
    input: results/pwmscan/MA0003.4/MA0003.4-sites.bed.gz, results/activity/MA0003.4/MA0003.4-unibind_scored.tsv
    output: results/activity/MA0003.4/MA0003.4-unibind_intersect.bed
    jobid: 64
    reason: Input files updated by another job: results/pwmscan/MA0003.4/MA0003.4-sites.bed.gz
    wildcards: PROFILE=MA0003.4
    resources: tmpdir=/tmp

[Fri Dec 15 08:23:51 2023]
Finished job 64.
37 of 67 steps (55%) done
Select jobs to execute...

[Fri Dec 15 08:23:51 2023]
rule activity_map_activity:
    input: results/activity/MA0003.4/MA0003.4-unibind_intersect.bed
    output: results/activity/MA0003.4/MA0003.4-map.tsv
    jobid: 63
    reason: Input files updated by another job: results/activity/MA0003.4/MA0003.4-unibind_intersect.bed
    wildcards: PROFILE=MA0003.4
    resources: tmpdir=/tmp

[Fri Dec 15 08:24:24 2023]
Finished job 63.
38 of 67 steps (57%) done
Select jobs to execute...

[Fri Dec 15 08:24:24 2023]
rule activity_activity_stats:
    input: results/activity/MA0003.4/MA0003.4-map.tsv, results/pwmscan/MA0003.4/MA0003.4-pvals.txt
    output: results/activity/MA0003.4/MA0003.4-map_statistics.tsv
    jobid: 62
    reason: Input files updated by another job: results/activity/MA0003.4/MA0003.4-map.tsv, results/pwmscan/MA0003.4/MA0003.4-pvals.txt
    wildcards: PROFILE=MA0003.4
    resources: tmpdir=/tmp

[Fri Dec 15 08:24:24 2023]
Finished job 62.
39 of 67 steps (58%) done
Select jobs to execute...

[Fri Dec 15 08:24:24 2023]
rule activity_plot:
    input: results/activity/MA0003.4/MA0003.4-map_statistics.tsv
    output: results/activity/MA0003.4/MA0003.4-activity.pdf
    jobid: 93
    reason: Input files updated by another job: results/activity/MA0003.4/MA0003.4-map_statistics.tsv
    wildcards: PROFILE=MA0003.4
    resources: tmpdir=/tmp

Activating conda environment: conda_R
[Fri Dec 15 08:24:30 2023]
Finished job 93.
40 of 67 steps (60%) done
[Fri Dec 15 08:34:33 2023]
Finished job 22.
41 of 67 steps (61%) done
Select jobs to execute...

[Fri Dec 15 08:34:33 2023]
Job 16: 
        - d
        
Reason: Input files updated by another job: results/pwmscan/MA0004.1/MA0004.1-sites.fa, results/pwmscan/MA0004.1/MA0004.1-sites.bed

[Fri Dec 15 08:35:21 2023]
Finished job 16.
42 of 67 steps (63%) done
Select jobs to execute...

[Fri Dec 15 08:35:21 2023]
rule activity_intersect_motifs:
    input: results/pwmscan/MA0004.1/MA0004.1-sites.bed.gz, results/activity/MA0004.1/MA0004.1-unibind_scored.tsv
    output: results/activity/MA0004.1/MA0004.1-unibind_intersect.bed
    jobid: 69
    reason: Input files updated by another job: results/pwmscan/MA0004.1/MA0004.1-sites.bed.gz
    wildcards: PROFILE=MA0004.1
    resources: tmpdir=/tmp

[Fri Dec 15 08:35:53 2023]
Finished job 69.
43 of 67 steps (64%) done
Select jobs to execute...

[Fri Dec 15 08:35:53 2023]
rule activity_map_activity:
    input: results/activity/MA0004.1/MA0004.1-unibind_intersect.bed
    output: results/activity/MA0004.1/MA0004.1-map.tsv
    jobid: 68
    reason: Input files updated by another job: results/activity/MA0004.1/MA0004.1-unibind_intersect.bed
    wildcards: PROFILE=MA0004.1
    resources: tmpdir=/tmp

[Fri Dec 15 08:36:45 2023]
Finished job 29.
44 of 67 steps (66%) done
Select jobs to execute...

[Fri Dec 15 08:36:45 2023]
Job 23: 
        - d
        
Reason: Input files updated by another job: results/pwmscan/MA0006.1/MA0006.1-sites.fa, results/pwmscan/MA0006.1/MA0006.1-sites.bed

[Fri Dec 15 08:36:55 2023]
Finished job 50.
45 of 67 steps (67%) done
Select jobs to execute...

[Fri Dec 15 08:36:55 2023]
Job 44: 
        - d
        
Reason: Input files updated by another job: results/pwmscan/MA0036.3/MA0036.3-sites.bed, results/pwmscan/MA0036.3/MA0036.3-sites.fa

[Fri Dec 15 08:37:24 2023]
Finished job 8.
46 of 67 steps (69%) done
Select jobs to execute...

[Fri Dec 15 08:37:24 2023]
Job 1: 
        - d
        
Reason: Input files updated by another job: results/pwmscan/MA0002.2/MA0002.2-sites.bed, results/pwmscan/MA0002.2/MA0002.2-sites.fa

[Fri Dec 15 08:37:52 2023]
Finished job 23.
47 of 67 steps (70%) done
Select jobs to execute...

[Fri Dec 15 08:37:52 2023]
rule activity_intersect_motifs:
    input: results/pwmscan/MA0006.1/MA0006.1-sites.bed.gz, results/activity/MA0006.1/MA0006.1-unibind_scored.tsv
    output: results/activity/MA0006.1/MA0006.1-unibind_intersect.bed
    jobid: 74
    reason: Input files updated by another job: results/pwmscan/MA0006.1/MA0006.1-sites.bed.gz
    wildcards: PROFILE=MA0006.1
    resources: tmpdir=/tmp

[Fri Dec 15 08:38:26 2023]
Finished job 74.
48 of 67 steps (72%) done
Select jobs to execute...

[Fri Dec 15 08:38:26 2023]
rule activity_map_activity:
    input: results/activity/MA0006.1/MA0006.1-unibind_intersect.bed
    output: results/activity/MA0006.1/MA0006.1-map.tsv
    jobid: 73
    reason: Input files updated by another job: results/activity/MA0006.1/MA0006.1-unibind_intersect.bed
    wildcards: PROFILE=MA0006.1
    resources: tmpdir=/tmp

[Fri Dec 15 08:38:31 2023]
Finished job 68.
49 of 67 steps (73%) done
Select jobs to execute...

[Fri Dec 15 08:38:31 2023]
rule activity_activity_stats:
    input: results/activity/MA0004.1/MA0004.1-map.tsv, results/pwmscan/MA0004.1/MA0004.1-pvals.txt
    output: results/activity/MA0004.1/MA0004.1-map_statistics.tsv
    jobid: 67
    reason: Input files updated by another job: results/pwmscan/MA0004.1/MA0004.1-pvals.txt, results/activity/MA0004.1/MA0004.1-map.tsv
    wildcards: PROFILE=MA0004.1
    resources: tmpdir=/tmp

[Fri Dec 15 08:38:32 2023]
Finished job 67.
50 of 67 steps (75%) done
Select jobs to execute...

[Fri Dec 15 08:38:32 2023]
rule activity_plot:
    input: results/activity/MA0004.1/MA0004.1-map_statistics.tsv
    output: results/activity/MA0004.1/MA0004.1-activity.pdf
    jobid: 94
    reason: Input files updated by another job: results/activity/MA0004.1/MA0004.1-map_statistics.tsv
    wildcards: PROFILE=MA0004.1
    resources: tmpdir=/tmp

Activating conda environment: conda_R
[Fri Dec 15 08:38:36 2023]
Finished job 94.
51 of 67 steps (76%) done
[Fri Dec 15 08:38:59 2023]
Finished job 44.
52 of 67 steps (78%) done
Select jobs to execute...

[Fri Dec 15 08:38:59 2023]
rule activity_intersect_motifs:
    input: results/pwmscan/MA0036.3/MA0036.3-sites.bed.gz, results/activity/MA0036.3/MA0036.3-unibind_scored.tsv
    output: results/activity/MA0036.3/MA0036.3-unibind_intersect.bed
    jobid: 89
    reason: Input files updated by another job: results/pwmscan/MA0036.3/MA0036.3-sites.bed.gz
    wildcards: PROFILE=MA0036.3
    resources: tmpdir=/tmp

[Fri Dec 15 08:39:38 2023]
Finished job 89.
53 of 67 steps (79%) done
Select jobs to execute...

[Fri Dec 15 08:39:38 2023]
rule activity_map_activity:
    input: results/activity/MA0036.3/MA0036.3-unibind_intersect.bed
    output: results/activity/MA0036.3/MA0036.3-map.tsv
    jobid: 88
    reason: Input files updated by another job: results/activity/MA0036.3/MA0036.3-unibind_intersect.bed
    wildcards: PROFILE=MA0036.3
    resources: tmpdir=/tmp

[Fri Dec 15 08:39:42 2023]
Finished job 1.
54 of 67 steps (81%) done
Select jobs to execute...

[Fri Dec 15 08:39:42 2023]
rule activity_intersect_motifs:
    input: results/pwmscan/MA0002.2/MA0002.2-sites.bed.gz, results/activity/MA0002.2/MA0002.2-unibind_scored.tsv
    output: results/activity/MA0002.2/MA0002.2-unibind_intersect.bed
    jobid: 59
    reason: Input files updated by another job: results/pwmscan/MA0002.2/MA0002.2-sites.bed.gz
    wildcards: PROFILE=MA0002.2
    resources: tmpdir=/tmp

[Fri Dec 15 08:40:22 2023]
Finished job 59.
55 of 67 steps (82%) done
Select jobs to execute...

[Fri Dec 15 08:40:22 2023]
rule activity_map_activity:
    input: results/activity/MA0002.2/MA0002.2-unibind_intersect.bed
    output: results/activity/MA0002.2/MA0002.2-map.tsv
    jobid: 58
    reason: Input files updated by another job: results/activity/MA0002.2/MA0002.2-unibind_intersect.bed
    wildcards: PROFILE=MA0002.2
    resources: tmpdir=/tmp

[Fri Dec 15 08:41:20 2023]
Finished job 73.
56 of 67 steps (84%) done
Select jobs to execute...

[Fri Dec 15 08:41:20 2023]
rule activity_activity_stats:
    input: results/activity/MA0006.1/MA0006.1-map.tsv, results/pwmscan/MA0006.1/MA0006.1-pvals.txt
    output: results/activity/MA0006.1/MA0006.1-map_statistics.tsv
    jobid: 72
    reason: Input files updated by another job: results/pwmscan/MA0006.1/MA0006.1-pvals.txt, results/activity/MA0006.1/MA0006.1-map.tsv
    wildcards: PROFILE=MA0006.1
    resources: tmpdir=/tmp

[Fri Dec 15 08:41:21 2023]
Finished job 72.
57 of 67 steps (85%) done
Select jobs to execute...

[Fri Dec 15 08:41:21 2023]
rule activity_plot:
    input: results/activity/MA0006.1/MA0006.1-map_statistics.tsv
    output: results/activity/MA0006.1/MA0006.1-activity.pdf
    jobid: 95
    reason: Input files updated by another job: results/activity/MA0006.1/MA0006.1-map_statistics.tsv
    wildcards: PROFILE=MA0006.1
    resources: tmpdir=/tmp

Activating conda environment: conda_R
[Fri Dec 15 08:41:27 2023]
Finished job 95.
58 of 67 steps (87%) done
[Fri Dec 15 08:42:03 2023]
Finished job 88.
59 of 67 steps (88%) done
Select jobs to execute...

[Fri Dec 15 08:42:03 2023]
rule activity_activity_stats:
    input: results/activity/MA0036.3/MA0036.3-map.tsv, results/pwmscan/MA0036.3/MA0036.3-pvals.txt
    output: results/activity/MA0036.3/MA0036.3-map_statistics.tsv
    jobid: 87
    reason: Input files updated by another job: results/activity/MA0036.3/MA0036.3-map.tsv, results/pwmscan/MA0036.3/MA0036.3-pvals.txt
    wildcards: PROFILE=MA0036.3
    resources: tmpdir=/tmp

[Fri Dec 15 08:42:04 2023]
Finished job 87.
60 of 67 steps (90%) done
Select jobs to execute...

[Fri Dec 15 08:42:04 2023]
rule activity_plot:
    input: results/activity/MA0036.3/MA0036.3-map_statistics.tsv
    output: results/activity/MA0036.3/MA0036.3-activity.pdf
    jobid: 98
    reason: Input files updated by another job: results/activity/MA0036.3/MA0036.3-map_statistics.tsv
    wildcards: PROFILE=MA0036.3
    resources: tmpdir=/tmp

Activating conda environment: conda_R
[Fri Dec 15 08:42:09 2023]
Finished job 98.
61 of 67 steps (91%) done
[Fri Dec 15 08:43:04 2023]
Finished job 58.
62 of 67 steps (93%) done
Select jobs to execute...

[Fri Dec 15 08:43:04 2023]
rule activity_activity_stats:
    input: results/activity/MA0002.2/MA0002.2-map.tsv, results/pwmscan/MA0002.2/MA0002.2-pvals.txt
    output: results/activity/MA0002.2/MA0002.2-map_statistics.tsv
    jobid: 57
    reason: Input files updated by another job: results/pwmscan/MA0002.2/MA0002.2-pvals.txt, results/activity/MA0002.2/MA0002.2-map.tsv
    wildcards: PROFILE=MA0002.2
    resources: tmpdir=/tmp

[Fri Dec 15 08:43:05 2023]
Finished job 57.
63 of 67 steps (94%) done
Select jobs to execute...

[Fri Dec 15 08:43:05 2023]
rule activity_combine_data:
    input: results/activity/MA0002.2/MA0002.2-map_statistics.tsv, results/activity/MA0003.4/MA0003.4-map_statistics.tsv, results/activity/MA0004.1/MA0004.1-map_statistics.tsv, results/activity/MA0006.1/MA0006.1-map_statistics.tsv, results/activity/MA0007.3/MA0007.3-map_statistics.tsv, results/activity/MA0139.1/MA0139.1-map_statistics.tsv, results/activity/MA0036.3/MA0036.3-map_statistics.tsv
    output: results/activity/activity_metadata.tsv
    jobid: 56
    reason: Input files updated by another job: results/activity/MA0007.3/MA0007.3-map_statistics.tsv, results/activity/MA0139.1/MA0139.1-map_statistics.tsv, results/activity/MA0036.3/MA0036.3-map_statistics.tsv, results/activity/MA0006.1/MA0006.1-map_statistics.tsv, results/activity/MA0004.1/MA0004.1-map_statistics.tsv, results/activity/MA0002.2/MA0002.2-map_statistics.tsv, results/activity/MA0003.4/MA0003.4-map_statistics.tsv
    resources: tmpdir=/tmp


[Fri Dec 15 08:43:05 2023]
rule activity_plot:
    input: results/activity/MA0002.2/MA0002.2-map_statistics.tsv
    output: results/activity/MA0002.2/MA0002.2-activity.pdf
    jobid: 92
    reason: Input files updated by another job: results/activity/MA0002.2/MA0002.2-map_statistics.tsv
    wildcards: PROFILE=MA0002.2
    resources: tmpdir=/tmp

Activating conda environment: conda_R
[Fri Dec 15 08:43:05 2023]
Finished job 56.
64 of 67 steps (96%) done
Select jobs to execute...

[Fri Dec 15 08:43:05 2023]
rule activity_activity_metadata:
    input: results/activity/activity_metadata.tsv
    output: results/activity/activity_metadata-summary.tsv
    jobid: 55
    reason: Missing output files: results/activity/activity_metadata-summary.tsv; Input files updated by another job: results/activity/activity_metadata.tsv
    resources: tmpdir=/tmp

[Fri Dec 15 08:43:06 2023]
Finished job 55.
65 of 67 steps (97%) done
[Fri Dec 15 08:43:10 2023]
Finished job 92.
66 of 67 steps (99%) done
Select jobs to execute...

[Fri Dec 15 08:43:10 2023]
localrule all:
    input: results/pwmscan/MA0002.2/MA0002.2-sites.bed.gz, results/pwmscan/MA0003.4/MA0003.4-sites.bed.gz, results/pwmscan/MA0004.1/MA0004.1-sites.bed.gz, results/pwmscan/MA0006.1/MA0006.1-sites.bed.gz, results/pwmscan/MA0007.3/MA0007.3-sites.bed.gz, results/pwmscan/MA0139.1/MA0139.1-sites.bed.gz, results/pwmscan/MA0036.3/MA0036.3-sites.bed.gz, results/pwmscan/MA0002.2/MA0002.2-sites.fa.gz, results/pwmscan/MA0003.4/MA0003.4-sites.fa.gz, results/pwmscan/MA0004.1/MA0004.1-sites.fa.gz, results/pwmscan/MA0006.1/MA0006.1-sites.fa.gz, results/pwmscan/MA0007.3/MA0007.3-sites.fa.gz, results/pwmscan/MA0139.1/MA0139.1-sites.fa.gz, results/pwmscan/MA0036.3/MA0036.3-sites.fa.gz, resources/data/unibind/damo_hg38_all_TFBS.unique_pwms.txt, results/activity/activity_metadata-summary.tsv, results/activity/MA0002.2/MA0002.2-activity.pdf, results/activity/MA0003.4/MA0003.4-activity.pdf, results/activity/MA0004.1/MA0004.1-activity.pdf, results/activity/MA0006.1/MA0006.1-activity.pdf, results/activity/MA0007.3/MA0007.3-activity.pdf, results/activity/MA0139.1/MA0139.1-activity.pdf, results/activity/MA0036.3/MA0036.3-activity.pdf
    jobid: 0
    reason: Input files updated by another job: results/pwmscan/MA0004.1/MA0004.1-sites.bed.gz, results/pwmscan/MA0002.2/MA0002.2-sites.bed.gz, results/pwmscan/MA0006.1/MA0006.1-sites.bed.gz, results/activity/MA0003.4/MA0003.4-activity.pdf, results/pwmscan/MA0139.1/MA0139.1-sites.fa.gz, results/activity/MA0004.1/MA0004.1-activity.pdf, results/activity/MA0006.1/MA0006.1-activity.pdf, results/pwmscan/MA0007.3/MA0007.3-sites.fa.gz, results/activity/activity_metadata-summary.tsv, results/pwmscan/MA0007.3/MA0007.3-sites.bed.gz, results/pwmscan/MA0003.4/MA0003.4-sites.fa.gz, results/activity/MA0002.2/MA0002.2-activity.pdf, results/activity/MA0036.3/MA0036.3-activity.pdf, results/pwmscan/MA0139.1/MA0139.1-sites.bed.gz, results/pwmscan/MA0036.3/MA0036.3-sites.bed.gz, results/pwmscan/MA0006.1/MA0006.1-sites.fa.gz, results/pwmscan/MA0036.3/MA0036.3-sites.fa.gz, results/activity/MA0007.3/MA0007.3-activity.pdf, results/pwmscan/MA0002.2/MA0002.2-sites.fa.gz, results/activity/MA0139.1/MA0139.1-activity.pdf, results/pwmscan/MA0004.1/MA0004.1-sites.fa.gz, results/pwmscan/MA0003.4/MA0003.4-sites.bed.gz
    resources: tmpdir=/tmp

[Fri Dec 15 08:43:10 2023]
Finished job 0.
67 of 67 steps (100%) done
Complete log: .snakemake/log/2023-12-15T081527.968923.snakemake.log
