Building DAG of jobs...
Using shell: /usr/bin/bash
Provided cores: 12
Rules claiming more threads will be scaled down.
Job stats:
job                    count
-------------------  -------
all                        1
unibind_unique_pwms        1
total                      2

Select jobs to execute...

[Wed Dec 13 08:08:46 2023]
Job 1: 
        get list of unique profiles in unibind
        
Reason: Missing output files: resources/data/unibind/damo_hg38_all_TFBS.unique_pwms.txt

[Wed Dec 13 08:08:48 2023]
Finished job 1.
1 of 2 steps (50%) done
Select jobs to execute...

[Wed Dec 13 08:08:48 2023]
localrule all:
    input: resources/data/unibind/damo_hg38_all_TFBS.unique_pwms.txt
    jobid: 0
    reason: Input files updated by another job: resources/data/unibind/damo_hg38_all_TFBS.unique_pwms.txt
    resources: tmpdir=/tmp

[Wed Dec 13 08:08:48 2023]
Finished job 0.
2 of 2 steps (100%) done
Complete log: .snakemake/log/2023-12-13T080844.970052.snakemake.log
