Building DAG of jobs...
Using shell: /usr/bin/bash
Provided cores: 12
Rules claiming more threads will be scaled down.
Job stats:
job                       count
----------------------  -------
all                           1
unibind_flatten_dir           1
unibind_unpack_unibind        1
total                         3

Select jobs to execute...

[Tue Dec 12 13:02:02 2023]
Job 2: 
        - Unpacks UniBind tarbell
        
Reason: Missing output files: resources/data/unibind/damo_hg39_all_TFBS

Waiting at most 5 seconds for missing files.
MissingOutputException in rule unibind_unpack_unibind in file /panfs/accrepfs.vampire/data/ruderferlab/projects/biovu/cnv/cre/CTCF-Variant-Annotation/snakemake/workflows/common/tfbs-activity/workflow/rules/unibind.smk, line 48:
Job 2  completed successfully, but some output files are missing. Missing files after 5 seconds. This might be due to filesystem latency. If that is the case, consider to increase the wait time with --latency-wait:
resources/data/unibind/damo_hg39_all_TFBS
Shutting down, this might take some time.
Exiting because a job execution failed. Look above for error message
Complete log: .snakemake/log/2023-12-12T130158.642763.snakemake.log
