Building DAG of jobs...
Your conda installation is not configured to use strict channel priorities. This is however crucial for having robust and correct environments (for details, see https://conda-forge.org/docs/user/tipsandtricks.html). Please consider to configure strict priorities by executing 'conda config --set channel_priority strict'.
Using shell: /usr/bin/bash
Provided cores: 12
Rules claiming more threads will be scaled down.
Job stats:
job                                   count
----------------------------------  -------
activity_activity_metadata                1
activity_activity_stats                   7
activity_combine_data                     1
activity_intersect_motifs                 7
activity_map_activity                     7
activity_plot                             7
activity_score_unibind                    2
activity_unibind_sites                    2
all                                       1
pwmscan_main_bed2fasta                    7
pwmscan_main_calc_probabilities           7
pwmscan_main_calculate_pwm                2
pwmscan_main_compile_pwmscan              1
pwmscan_main_compress_sites               7
pwmscan_main_download_jaspar              1
pwmscan_main_process_probabilities        7
pwmscan_main_scan_genome                  7
total                                    74

Select jobs to execute...

[Thu Dec 14 20:33:53 2023]
Job 7: 
        c99 mode
        
Reason: Updated input files: https://raw.githubusercontent.com/ctubbs750/pwm-scan/main/resources/software/PWMScan/matrix_scan.c (cached), https://raw.githubusercontent.com/ctubbs750/pwm-scan/main/resources/software/PWMScan/matrix_prob.c (cached)


[Thu Dec 14 20:33:53 2023]
Job 86: 
        - Combines UniBind predictions into single sites file.
        1. awk seen removes duplicate seqs
        2. 
        
Reason: Missing output files: results/activity/MA0139.1/MA0139.1-unibind.tsv


[Thu Dec 14 20:33:53 2023]
rule pwmscan_main_calculate_pwm:
    input: resources/data/jaspar/MA0139.1.jaspar
    output: results/pwmscan/MA0139.1/MA0139.1-pwm.txt
    jobid: 39
    reason: Missing output files: results/pwmscan/MA0139.1/MA0139.1-pwm.txt
    wildcards: PROFILE=MA0139.1
    resources: tmpdir=/tmp

[Thu Dec 14 20:33:53 2023]
Job 47: 
        - Downloads motif PCM from the Jaspar database.
        
Reason: Missing output files: resources/data/jaspar/MA0036.3.jaspar


[Thu Dec 14 20:33:53 2023]
Job 91: 
        - Combines UniBind predictions into single sites file.
        1. awk seen removes duplicate seqs
        2. 
        
Reason: Missing output files: results/activity/MA0036.3/MA0036.3-unibind.tsv

Activating conda environment: genome
[Thu Dec 14 20:33:54 2023]
Finished job 7.
1 of 74 steps (1%) done
Select jobs to execute...

[Thu Dec 14 20:33:54 2023]
Job 21: 
        - Generates pval distribution for given PWM.
        
Reason: Missing output files: results/pwmscan/MA0004.1/MA0004.1-pvals.raw; Input files updated by another job: resources/software/PWMScan/matrix_prob


[Thu Dec 14 20:33:54 2023]
Job 14: 
        - Generates pval distribution for given PWM.
        
Reason: Missing output files: results/pwmscan/MA0003.4/MA0003.4-pvals.raw; Input files updated by another job: resources/software/PWMScan/matrix_prob


[Thu Dec 14 20:33:54 2023]
Job 35: 
        - Generates pval distribution for given PWM.
        
Reason: Missing output files: results/pwmscan/MA0007.3/MA0007.3-pvals.raw; Input files updated by another job: resources/software/PWMScan/matrix_prob


[Thu Dec 14 20:33:54 2023]
Job 6: 
        - Generates pval distribution for given PWM.
        
Reason: Missing output files: results/pwmscan/MA0002.2/MA0002.2-pvals.raw; Input files updated by another job: resources/software/PWMScan/matrix_prob


[Thu Dec 14 20:33:54 2023]
Job 28: 
        - Generates pval distribution for given PWM.
        
Reason: Missing output files: results/pwmscan/MA0006.1/MA0006.1-pvals.raw; Input files updated by another job: resources/software/PWMScan/matrix_prob

[Thu Dec 14 20:33:54 2023]
Finished job 21.
2 of 74 steps (3%) done
[Thu Dec 14 20:33:54 2023]
Finished job 14.
3 of 74 steps (4%) done
[Thu Dec 14 20:33:54 2023]
Finished job 35.
4 of 74 steps (5%) done
[Thu Dec 14 20:33:54 2023]
Finished job 6.
5 of 74 steps (7%) done
Select jobs to execute...

[Thu Dec 14 20:33:54 2023]
Job 20: 
        - Relative threshold is percentage of best PWM.
        For 80%, format as interger 80. Makes life easier.
        
Reason: Input files updated by another job: results/pwmscan/MA0004.1/MA0004.1-pvals.raw


[Thu Dec 14 20:33:54 2023]
Job 13: 
        - Relative threshold is percentage of best PWM.
        For 80%, format as interger 80. Makes life easier.
        
Reason: Input files updated by another job: results/pwmscan/MA0003.4/MA0003.4-pvals.raw


[Thu Dec 14 20:33:54 2023]
Job 34: 
        - Relative threshold is percentage of best PWM.
        For 80%, format as interger 80. Makes life easier.
        
Reason: Input files updated by another job: results/pwmscan/MA0007.3/MA0007.3-pvals.raw


[Thu Dec 14 20:33:55 2023]
Job 5: 
        - Relative threshold is percentage of best PWM.
        For 80%, format as interger 80. Makes life easier.
        
Reason: Input files updated by another job: results/pwmscan/MA0002.2/MA0002.2-pvals.raw

[Thu Dec 14 20:33:55 2023]
Finished job 28.
6 of 74 steps (8%) done
[Thu Dec 14 20:33:55 2023]
Finished job 20.
7 of 74 steps (9%) done
Removing temporary output results/pwmscan/MA0004.1/MA0004.1-pvals.raw.
[Thu Dec 14 20:33:55 2023]
Finished job 13.
8 of 74 steps (11%) done
Removing temporary output results/pwmscan/MA0003.4/MA0003.4-pvals.raw.
Select jobs to execute...

[Thu Dec 14 20:33:55 2023]
Job 27: 
        - Relative threshold is percentage of best PWM.
        For 80%, format as interger 80. Makes life easier.
        
Reason: Input files updated by another job: results/pwmscan/MA0006.1/MA0006.1-pvals.raw


[Thu Dec 14 20:33:55 2023]
Job 17: 
        - Scans rerference genome for matches againts input motif.
        
Reason: Missing output files: results/pwmscan/MA0004.1/MA0004.1-sites.bed; Input files updated by another job: results/pwmscan/MA0004.1/MA0004.1-coeff.txt, resources/software/PWMScan/matrix_scan


[Thu Dec 14 20:33:55 2023]
Job 10: 
        - Scans rerference genome for matches againts input motif.
        
Reason: Missing output files: results/pwmscan/MA0003.4/MA0003.4-sites.bed; Input files updated by another job: results/pwmscan/MA0003.4/MA0003.4-coeff.txt, resources/software/PWMScan/matrix_scan

[Thu Dec 14 20:33:56 2023]
Finished job 34.
9 of 74 steps (12%) done
Removing temporary output results/pwmscan/MA0007.3/MA0007.3-pvals.raw.
[Thu Dec 14 20:33:56 2023]
Finished job 5.
10 of 74 steps (14%) done
Removing temporary output results/pwmscan/MA0002.2/MA0002.2-pvals.raw.
[Thu Dec 14 20:33:56 2023]
Finished job 27.
11 of 74 steps (15%) done
Removing temporary output results/pwmscan/MA0006.1/MA0006.1-pvals.raw.
Select jobs to execute...

[Thu Dec 14 20:33:56 2023]
Job 2: 
        - Scans rerference genome for matches againts input motif.
        
Reason: Missing output files: results/pwmscan/MA0002.2/MA0002.2-sites.bed; Input files updated by another job: results/pwmscan/MA0002.2/MA0002.2-coeff.txt, resources/software/PWMScan/matrix_scan


[Thu Dec 14 20:33:57 2023]
Job 31: 
        - Scans rerference genome for matches againts input motif.
        
Reason: Missing output files: results/pwmscan/MA0007.3/MA0007.3-sites.bed; Input files updated by another job: results/pwmscan/MA0007.3/MA0007.3-coeff.txt, resources/software/PWMScan/matrix_scan


[Thu Dec 14 20:33:57 2023]
Job 24: 
        - Scans rerference genome for matches againts input motif.
        
Reason: Missing output files: results/pwmscan/MA0006.1/MA0006.1-sites.bed; Input files updated by another job: results/pwmscan/MA0006.1/MA0006.1-coeff.txt, resources/software/PWMScan/matrix_scan

[Thu Dec 14 20:33:58 2023]
Finished job 47.
12 of 74 steps (16%) done
Select jobs to execute...

[Thu Dec 14 20:33:58 2023]
rule pwmscan_main_calculate_pwm:
    input: resources/data/jaspar/MA0036.3.jaspar
    output: results/pwmscan/MA0036.3/MA0036.3-pwm.txt
    jobid: 46
    reason: Missing output files: results/pwmscan/MA0036.3/MA0036.3-pwm.txt; Input files updated by another job: resources/data/jaspar/MA0036.3.jaspar
    wildcards: PROFILE=MA0036.3
    resources: tmpdir=/tmp

Activating conda environment: genome
Activating conda environment: genome
Activating conda environment: genome
[Thu Dec 14 20:34:10 2023]
Finished job 91.
13 of 74 steps (18%) done
[Thu Dec 14 20:34:21 2023]
Finished job 39.
14 of 74 steps (19%) done
Select jobs to execute...

[Thu Dec 14 20:34:21 2023]
Job 42: 
        - Generates pval distribution for given PWM.
        
Reason: Missing output files: results/pwmscan/MA0139.1/MA0139.1-pvals.raw; Input files updated by another job: results/pwmscan/MA0139.1/MA0139.1-pwm.txt, resources/software/PWMScan/matrix_prob

[Thu Dec 14 20:34:21 2023]
Finished job 46.
15 of 74 steps (20%) done
Select jobs to execute...

[Thu Dec 14 20:34:21 2023]
rule activity_score_unibind:
    input: results/activity/MA0036.3/MA0036.3-unibind.tsv, results/pwmscan/MA0036.3/MA0036.3-pwm.txt
    output: results/activity/MA0036.3/MA0036.3-unibind_scored.tsv
    jobid: 90
    reason: Missing output files: results/activity/MA0036.3/MA0036.3-unibind_scored.tsv; Input files updated by another job: results/pwmscan/MA0036.3/MA0036.3-pwm.txt, results/activity/MA0036.3/MA0036.3-unibind.tsv
    wildcards: PROFILE=MA0036.3
    resources: tmpdir=/tmp

[Thu Dec 14 20:34:21 2023]
Job 49: 
        - Generates pval distribution for given PWM.
        
Reason: Missing output files: results/pwmscan/MA0036.3/MA0036.3-pvals.raw; Input files updated by another job: resources/software/PWMScan/matrix_prob, results/pwmscan/MA0036.3/MA0036.3-pwm.txt

[Thu Dec 14 20:34:21 2023]
Finished job 42.
16 of 74 steps (22%) done
Select jobs to execute...

[Thu Dec 14 20:34:21 2023]
Job 41: 
        - Relative threshold is percentage of best PWM.
        For 80%, format as interger 80. Makes life easier.
        
Reason: Missing output files: results/pwmscan/MA0139.1/MA0139.1-pvals.txt, results/pwmscan/MA0139.1/MA0139.1-coeff.txt; Input files updated by another job: results/pwmscan/MA0139.1/MA0139.1-pvals.raw

Activating conda environment: tfbs-activity
[Thu Dec 14 20:34:21 2023]
Finished job 49.
17 of 74 steps (23%) done
Select jobs to execute...

[Thu Dec 14 20:34:21 2023]
Job 48: 
        - Relative threshold is percentage of best PWM.
        For 80%, format as interger 80. Makes life easier.
        
Reason: Missing output files: results/pwmscan/MA0036.3/MA0036.3-pvals.txt, results/pwmscan/MA0036.3/MA0036.3-coeff.txt; Input files updated by another job: results/pwmscan/MA0036.3/MA0036.3-pvals.raw

[Thu Dec 14 20:34:21 2023]
Finished job 41.
18 of 74 steps (24%) done
Removing temporary output results/pwmscan/MA0139.1/MA0139.1-pvals.raw.
Select jobs to execute...

[Thu Dec 14 20:34:21 2023]
Job 38: 
        - Scans rerference genome for matches againts input motif.
        
Reason: Missing output files: results/pwmscan/MA0139.1/MA0139.1-sites.bed; Input files updated by another job: results/pwmscan/MA0139.1/MA0139.1-pwm.txt, results/pwmscan/MA0139.1/MA0139.1-coeff.txt, resources/software/PWMScan/matrix_scan

[Thu Dec 14 20:34:22 2023]
Finished job 48.
19 of 74 steps (26%) done
Removing temporary output results/pwmscan/MA0036.3/MA0036.3-pvals.raw.
Select jobs to execute...

[Thu Dec 14 20:34:22 2023]
Job 45: 
        - Scans rerference genome for matches againts input motif.
        
Reason: Missing output files: results/pwmscan/MA0036.3/MA0036.3-sites.bed; Input files updated by another job: resources/software/PWMScan/matrix_scan, results/pwmscan/MA0036.3/MA0036.3-coeff.txt, results/pwmscan/MA0036.3/MA0036.3-pwm.txt

Activating conda environment: tfbs-activity
[Thu Dec 14 20:35:21 2023]
Finished job 90.
20 of 74 steps (27%) done
[Thu Dec 14 20:37:00 2023]
Finished job 10.
21 of 74 steps (28%) done
Select jobs to execute...

[Thu Dec 14 20:37:00 2023]
Job 15: 
        - Note -s, keep strand information correct. Reports rev comp for neg seqs.
        
Reason: Missing output files: results/pwmscan/MA0003.4/MA0003.4-sites.fa; Input files updated by another job: results/pwmscan/MA0003.4/MA0003.4-sites.bed

Activating conda environment: ../../../../../../../../../../../../../home/tubbsca/snakemake_condas/9f9842bbfc31decc8a1ad02a46329d02_
[Thu Dec 14 20:37:01 2023]
Finished job 31.
22 of 74 steps (30%) done
Select jobs to execute...

[Thu Dec 14 20:37:01 2023]
Job 36: 
        - Note -s, keep strand information correct. Reports rev comp for neg seqs.
        
Reason: Missing output files: results/pwmscan/MA0007.3/MA0007.3-sites.fa; Input files updated by another job: results/pwmscan/MA0007.3/MA0007.3-sites.bed

Activating conda environment: ../../../../../../../../../../../../../home/tubbsca/snakemake_condas/9f9842bbfc31decc8a1ad02a46329d02_
[Thu Dec 14 20:37:01 2023]
Finished job 17.
23 of 74 steps (31%) done
[Thu Dec 14 20:37:01 2023]
Finished job 24.
24 of 74 steps (32%) done
Select jobs to execute...

[Thu Dec 14 20:37:01 2023]
Job 29: 
        - Note -s, keep strand information correct. Reports rev comp for neg seqs.
        
Reason: Missing output files: results/pwmscan/MA0006.1/MA0006.1-sites.fa; Input files updated by another job: results/pwmscan/MA0006.1/MA0006.1-sites.bed

Activating conda environment: ../../../../../../../../../../../../../home/tubbsca/snakemake_condas/9f9842bbfc31decc8a1ad02a46329d02_

[Thu Dec 14 20:37:01 2023]
Job 22: 
        - Note -s, keep strand information correct. Reports rev comp for neg seqs.
        
Reason: Missing output files: results/pwmscan/MA0004.1/MA0004.1-sites.fa; Input files updated by another job: results/pwmscan/MA0004.1/MA0004.1-sites.bed

Activating conda environment: ../../../../../../../../../../../../../home/tubbsca/snakemake_condas/9f9842bbfc31decc8a1ad02a46329d02_
[Thu Dec 14 20:37:23 2023]
Finished job 2.
25 of 74 steps (34%) done
Select jobs to execute...

[Thu Dec 14 20:37:23 2023]
Job 8: 
        - Note -s, keep strand information correct. Reports rev comp for neg seqs.
        
Reason: Missing output files: results/pwmscan/MA0002.2/MA0002.2-sites.fa; Input files updated by another job: results/pwmscan/MA0002.2/MA0002.2-sites.bed

Activating conda environment: ../../../../../../../../../../../../../home/tubbsca/snakemake_condas/9f9842bbfc31decc8a1ad02a46329d02_
[Thu Dec 14 20:37:45 2023]
Finished job 38.
26 of 74 steps (35%) done
Select jobs to execute...

[Thu Dec 14 20:37:45 2023]
Job 43: 
        - Note -s, keep strand information correct. Reports rev comp for neg seqs.
        
Reason: Missing output files: results/pwmscan/MA0139.1/MA0139.1-sites.fa; Input files updated by another job: results/pwmscan/MA0139.1/MA0139.1-sites.bed

Activating conda environment: ../../../../../../../../../../../../../home/tubbsca/snakemake_condas/9f9842bbfc31decc8a1ad02a46329d02_
[Thu Dec 14 20:37:51 2023]
Finished job 86.
27 of 74 steps (36%) done
Select jobs to execute...

[Thu Dec 14 20:37:51 2023]
rule activity_score_unibind:
    input: results/activity/MA0139.1/MA0139.1-unibind.tsv, results/pwmscan/MA0139.1/MA0139.1-pwm.txt
    output: results/activity/MA0139.1/MA0139.1-unibind_scored.tsv
    jobid: 85
    reason: Missing output files: results/activity/MA0139.1/MA0139.1-unibind_scored.tsv; Input files updated by another job: results/activity/MA0139.1/MA0139.1-unibind.tsv, results/pwmscan/MA0139.1/MA0139.1-pwm.txt
    wildcards: PROFILE=MA0139.1
    resources: tmpdir=/tmp

Activating conda environment: tfbs-activity
Activating conda environment: tfbs-activity
[Thu Dec 14 20:37:52 2023]
Finished job 36.
28 of 74 steps (38%) done
Select jobs to execute...

[Thu Dec 14 20:37:52 2023]
Job 30: 
        - d
        
Reason: Input files updated by another job: results/pwmscan/MA0007.3/MA0007.3-sites.fa, results/pwmscan/MA0007.3/MA0007.3-sites.bed

[Thu Dec 14 20:38:00 2023]
Finished job 30.
29 of 74 steps (39%) done
Select jobs to execute...

[Thu Dec 14 20:38:00 2023]
rule activity_intersect_motifs:
    input: results/pwmscan/MA0007.3/MA0007.3-sites.bed.gz, results/activity/MA0007.3/MA0007.3-unibind_scored.tsv
    output: results/activity/MA0007.3/MA0007.3-unibind_intersect.bed
    jobid: 79
    reason: Input files updated by another job: results/pwmscan/MA0007.3/MA0007.3-sites.bed.gz
    wildcards: PROFILE=MA0007.3
    resources: tmpdir=/tmp

[Thu Dec 14 20:38:00 2023]
Finished job 45.
30 of 74 steps (41%) done
Select jobs to execute...

[Thu Dec 14 20:38:00 2023]
Job 50: 
        - Note -s, keep strand information correct. Reports rev comp for neg seqs.
        
Reason: Missing output files: results/pwmscan/MA0036.3/MA0036.3-sites.fa; Input files updated by another job: results/pwmscan/MA0036.3/MA0036.3-sites.bed

Activating conda environment: ../../../../../../../../../../../../../home/tubbsca/snakemake_condas/9f9842bbfc31decc8a1ad02a46329d02_
[Thu Dec 14 20:38:03 2023]
Finished job 79.
31 of 74 steps (42%) done
Select jobs to execute...

[Thu Dec 14 20:38:03 2023]
rule activity_map_activity:
    input: results/activity/MA0007.3/MA0007.3-unibind_intersect.bed
    output: results/activity/MA0007.3/MA0007.3-map.tsv
    jobid: 78
    reason: Input files updated by another job: results/activity/MA0007.3/MA0007.3-unibind_intersect.bed
    wildcards: PROFILE=MA0007.3
    resources: tmpdir=/tmp

[Thu Dec 14 20:38:08 2023]
Finished job 78.
32 of 74 steps (43%) done
Select jobs to execute...

[Thu Dec 14 20:38:08 2023]
rule activity_activity_stats:
    input: results/activity/MA0007.3/MA0007.3-map.tsv, results/pwmscan/MA0007.3/MA0007.3-pvals.txt
    output: results/activity/MA0007.3/MA0007.3-map_statistics.tsv
    jobid: 77
    reason: Input files updated by another job: results/pwmscan/MA0007.3/MA0007.3-pvals.txt, results/activity/MA0007.3/MA0007.3-map.tsv
    wildcards: PROFILE=MA0007.3
    resources: tmpdir=/tmp

[Thu Dec 14 20:38:09 2023]
Finished job 77.
33 of 74 steps (45%) done
Select jobs to execute...

[Thu Dec 14 20:38:09 2023]
rule activity_plot:
    input: results/activity/MA0007.3/MA0007.3-map_statistics.tsv
    output: results/activity/MA0007.3/MA0007.3-activity.pdf
    jobid: 96
    reason: Input files updated by another job: results/activity/MA0007.3/MA0007.3-map_statistics.tsv
    wildcards: PROFILE=MA0007.3
    resources: tmpdir=/tmp

Activating conda environment: conda_R
[Thu Dec 14 20:38:32 2023]
Finished job 96.
34 of 74 steps (46%) done
[Thu Dec 14 20:38:41 2023]
Finished job 85.
35 of 74 steps (47%) done
[Thu Dec 14 20:38:44 2023]
Finished job 43.
36 of 74 steps (49%) done
Select jobs to execute...

[Thu Dec 14 20:38:44 2023]
Job 37: 
        - d
        
Reason: Missing output files: results/pwmscan/MA0139.1/MA0139.1-sites.fa.gz, results/pwmscan/MA0139.1/MA0139.1-sites.bed.gz; Input files updated by another job: results/pwmscan/MA0139.1/MA0139.1-sites.fa, results/pwmscan/MA0139.1/MA0139.1-sites.bed

[Thu Dec 14 20:38:52 2023]
Finished job 37.
37 of 74 steps (50%) done
Select jobs to execute...

[Thu Dec 14 20:38:52 2023]
rule activity_intersect_motifs:
    input: results/pwmscan/MA0139.1/MA0139.1-sites.bed.gz, results/activity/MA0139.1/MA0139.1-unibind_scored.tsv
    output: results/activity/MA0139.1/MA0139.1-unibind_intersect.bed
    jobid: 84
    reason: Missing output files: results/activity/MA0139.1/MA0139.1-unibind_intersect.bed; Input files updated by another job: results/activity/MA0139.1/MA0139.1-unibind_scored.tsv, results/pwmscan/MA0139.1/MA0139.1-sites.bed.gz
    wildcards: PROFILE=MA0139.1
    resources: tmpdir=/tmp

[Thu Dec 14 20:38:54 2023]
Finished job 84.
38 of 74 steps (51%) done
Select jobs to execute...

[Thu Dec 14 20:38:54 2023]
rule activity_map_activity:
    input: results/activity/MA0139.1/MA0139.1-unibind_intersect.bed
    output: results/activity/MA0139.1/MA0139.1-map.tsv
    jobid: 83
    reason: Missing output files: results/activity/MA0139.1/MA0139.1-map.tsv; Input files updated by another job: results/activity/MA0139.1/MA0139.1-unibind_intersect.bed
    wildcards: PROFILE=MA0139.1
    resources: tmpdir=/tmp

[Thu Dec 14 20:38:59 2023]
Finished job 83.
39 of 74 steps (53%) done
Select jobs to execute...

[Thu Dec 14 20:38:59 2023]
rule activity_activity_stats:
    input: results/activity/MA0139.1/MA0139.1-map.tsv, results/pwmscan/MA0139.1/MA0139.1-pvals.txt
    output: results/activity/MA0139.1/MA0139.1-map_statistics.tsv
    jobid: 82
    reason: Missing output files: results/activity/MA0139.1/MA0139.1-map_statistics.tsv; Input files updated by another job: results/pwmscan/MA0139.1/MA0139.1-pvals.txt, results/activity/MA0139.1/MA0139.1-map.tsv
    wildcards: PROFILE=MA0139.1
    resources: tmpdir=/tmp

[Thu Dec 14 20:39:00 2023]
Finished job 82.
40 of 74 steps (54%) done
Select jobs to execute...

[Thu Dec 14 20:39:00 2023]
rule activity_plot:
    input: results/activity/MA0139.1/MA0139.1-map_statistics.tsv
    output: results/activity/MA0139.1/MA0139.1-activity.pdf
    jobid: 97
    reason: Missing output files: results/activity/MA0139.1/MA0139.1-activity.pdf; Input files updated by another job: results/activity/MA0139.1/MA0139.1-map_statistics.tsv
    wildcards: PROFILE=MA0139.1
    resources: tmpdir=/tmp

Activating conda environment: conda_R
[Thu Dec 14 20:39:05 2023]
Finished job 97.
41 of 74 steps (55%) done
[Thu Dec 14 20:42:04 2023]
Finished job 15.
42 of 74 steps (57%) done
Select jobs to execute...

[Thu Dec 14 20:42:04 2023]
Job 9: 
        - d
        
Reason: Input files updated by another job: results/pwmscan/MA0003.4/MA0003.4-sites.bed, results/pwmscan/MA0003.4/MA0003.4-sites.fa

[Thu Dec 14 20:42:36 2023]
Finished job 9.
43 of 74 steps (58%) done
Select jobs to execute...

[Thu Dec 14 20:42:36 2023]
rule activity_intersect_motifs:
    input: results/pwmscan/MA0003.4/MA0003.4-sites.bed.gz, results/activity/MA0003.4/MA0003.4-unibind_scored.tsv
    output: results/activity/MA0003.4/MA0003.4-unibind_intersect.bed
    jobid: 64
    reason: Input files updated by another job: results/pwmscan/MA0003.4/MA0003.4-sites.bed.gz
    wildcards: PROFILE=MA0003.4
    resources: tmpdir=/tmp

[Thu Dec 14 20:42:46 2023]
Finished job 64.
44 of 74 steps (59%) done
Select jobs to execute...

[Thu Dec 14 20:42:46 2023]
rule activity_map_activity:
    input: results/activity/MA0003.4/MA0003.4-unibind_intersect.bed
    output: results/activity/MA0003.4/MA0003.4-map.tsv
    jobid: 63
    reason: Input files updated by another job: results/activity/MA0003.4/MA0003.4-unibind_intersect.bed
    wildcards: PROFILE=MA0003.4
    resources: tmpdir=/tmp

[Thu Dec 14 20:43:19 2023]
Finished job 63.
45 of 74 steps (61%) done
Select jobs to execute...

[Thu Dec 14 20:43:19 2023]
rule activity_activity_stats:
    input: results/activity/MA0003.4/MA0003.4-map.tsv, results/pwmscan/MA0003.4/MA0003.4-pvals.txt
    output: results/activity/MA0003.4/MA0003.4-map_statistics.tsv
    jobid: 62
    reason: Input files updated by another job: results/pwmscan/MA0003.4/MA0003.4-pvals.txt, results/activity/MA0003.4/MA0003.4-map.tsv
    wildcards: PROFILE=MA0003.4
    resources: tmpdir=/tmp

[Thu Dec 14 20:43:20 2023]
Finished job 62.
46 of 74 steps (62%) done
Select jobs to execute...

[Thu Dec 14 20:43:20 2023]
rule activity_plot:
    input: results/activity/MA0003.4/MA0003.4-map_statistics.tsv
    output: results/activity/MA0003.4/MA0003.4-activity.pdf
    jobid: 93
    reason: Input files updated by another job: results/activity/MA0003.4/MA0003.4-map_statistics.tsv
    wildcards: PROFILE=MA0003.4
    resources: tmpdir=/tmp

Activating conda environment: conda_R
[Thu Dec 14 20:43:25 2023]
Finished job 93.
47 of 74 steps (64%) done
[Thu Dec 14 20:55:35 2023]
Finished job 50.
48 of 74 steps (65%) done
Select jobs to execute...

[Thu Dec 14 20:55:35 2023]
Job 44: 
        - d
        
Reason: Missing output files: results/pwmscan/MA0036.3/MA0036.3-sites.fa.gz, results/pwmscan/MA0036.3/MA0036.3-sites.bed.gz; Input files updated by another job: results/pwmscan/MA0036.3/MA0036.3-sites.fa, results/pwmscan/MA0036.3/MA0036.3-sites.bed

[Thu Dec 14 20:55:39 2023]
Finished job 22.
49 of 74 steps (66%) done
Select jobs to execute...

[Thu Dec 14 20:55:39 2023]
Job 16: 
        - d
        
Reason: Input files updated by another job: results/pwmscan/MA0004.1/MA0004.1-sites.fa, results/pwmscan/MA0004.1/MA0004.1-sites.bed

[Thu Dec 14 20:55:42 2023]
Finished job 29.
50 of 74 steps (68%) done
Select jobs to execute...

[Thu Dec 14 20:55:42 2023]
Job 23: 
        - d
        
Reason: Input files updated by another job: results/pwmscan/MA0006.1/MA0006.1-sites.bed, results/pwmscan/MA0006.1/MA0006.1-sites.fa

[Thu Dec 14 20:56:18 2023]
Finished job 8.
51 of 74 steps (69%) done
Select jobs to execute...

[Thu Dec 14 20:56:18 2023]
Job 1: 
        - d
        
Reason: Input files updated by another job: results/pwmscan/MA0002.2/MA0002.2-sites.bed, results/pwmscan/MA0002.2/MA0002.2-sites.fa

[Thu Dec 14 20:56:26 2023]
Finished job 16.
52 of 74 steps (70%) done
Select jobs to execute...

[Thu Dec 14 20:56:26 2023]
rule activity_intersect_motifs:
    input: results/pwmscan/MA0004.1/MA0004.1-sites.bed.gz, results/activity/MA0004.1/MA0004.1-unibind_scored.tsv
    output: results/activity/MA0004.1/MA0004.1-unibind_intersect.bed
    jobid: 69
    reason: Input files updated by another job: results/pwmscan/MA0004.1/MA0004.1-sites.bed.gz
    wildcards: PROFILE=MA0004.1
    resources: tmpdir=/tmp

[Thu Dec 14 20:56:50 2023]
Finished job 23.
53 of 74 steps (72%) done
Select jobs to execute...

[Thu Dec 14 20:56:50 2023]
rule activity_intersect_motifs:
    input: results/pwmscan/MA0006.1/MA0006.1-sites.bed.gz, results/activity/MA0006.1/MA0006.1-unibind_scored.tsv
    output: results/activity/MA0006.1/MA0006.1-unibind_intersect.bed
    jobid: 74
    reason: Input files updated by another job: results/pwmscan/MA0006.1/MA0006.1-sites.bed.gz
    wildcards: PROFILE=MA0006.1
    resources: tmpdir=/tmp

[Thu Dec 14 20:57:00 2023]
Finished job 69.
54 of 74 steps (73%) done
Select jobs to execute...

[Thu Dec 14 20:57:00 2023]
rule activity_map_activity:
    input: results/activity/MA0004.1/MA0004.1-unibind_intersect.bed
    output: results/activity/MA0004.1/MA0004.1-map.tsv
    jobid: 68
    reason: Input files updated by another job: results/activity/MA0004.1/MA0004.1-unibind_intersect.bed
    wildcards: PROFILE=MA0004.1
    resources: tmpdir=/tmp

[Thu Dec 14 20:57:25 2023]
Finished job 74.
55 of 74 steps (74%) done
Select jobs to execute...

[Thu Dec 14 20:57:25 2023]
rule activity_map_activity:
    input: results/activity/MA0006.1/MA0006.1-unibind_intersect.bed
    output: results/activity/MA0006.1/MA0006.1-map.tsv
    jobid: 73
    reason: Input files updated by another job: results/activity/MA0006.1/MA0006.1-unibind_intersect.bed
    wildcards: PROFILE=MA0006.1
    resources: tmpdir=/tmp

[Thu Dec 14 20:57:40 2023]
Finished job 44.
56 of 74 steps (76%) done
Select jobs to execute...

[Thu Dec 14 20:57:40 2023]
rule activity_intersect_motifs:
    input: results/pwmscan/MA0036.3/MA0036.3-sites.bed.gz, results/activity/MA0036.3/MA0036.3-unibind_scored.tsv
    output: results/activity/MA0036.3/MA0036.3-unibind_intersect.bed
    jobid: 89
    reason: Missing output files: results/activity/MA0036.3/MA0036.3-unibind_intersect.bed; Input files updated by another job: results/activity/MA0036.3/MA0036.3-unibind_scored.tsv, results/pwmscan/MA0036.3/MA0036.3-sites.bed.gz
    wildcards: PROFILE=MA0036.3
    resources: tmpdir=/tmp

[Thu Dec 14 20:58:17 2023]
Finished job 89.
57 of 74 steps (77%) done
Select jobs to execute...

[Thu Dec 14 20:58:17 2023]
rule activity_map_activity:
    input: results/activity/MA0036.3/MA0036.3-unibind_intersect.bed
    output: results/activity/MA0036.3/MA0036.3-map.tsv
    jobid: 88
    reason: Missing output files: results/activity/MA0036.3/MA0036.3-map.tsv; Input files updated by another job: results/activity/MA0036.3/MA0036.3-unibind_intersect.bed
    wildcards: PROFILE=MA0036.3
    resources: tmpdir=/tmp

[Thu Dec 14 20:58:35 2023]
Finished job 1.
58 of 74 steps (78%) done
Select jobs to execute...

[Thu Dec 14 20:58:35 2023]
rule activity_intersect_motifs:
    input: results/pwmscan/MA0002.2/MA0002.2-sites.bed.gz, results/activity/MA0002.2/MA0002.2-unibind_scored.tsv
    output: results/activity/MA0002.2/MA0002.2-unibind_intersect.bed
    jobid: 59
    reason: Input files updated by another job: results/pwmscan/MA0002.2/MA0002.2-sites.bed.gz
    wildcards: PROFILE=MA0002.2
    resources: tmpdir=/tmp

[Thu Dec 14 20:59:14 2023]
Finished job 59.
59 of 74 steps (80%) done
Select jobs to execute...

[Thu Dec 14 20:59:14 2023]
rule activity_map_activity:
    input: results/activity/MA0002.2/MA0002.2-unibind_intersect.bed
    output: results/activity/MA0002.2/MA0002.2-map.tsv
    jobid: 58
    reason: Input files updated by another job: results/activity/MA0002.2/MA0002.2-unibind_intersect.bed
    wildcards: PROFILE=MA0002.2
    resources: tmpdir=/tmp

[Thu Dec 14 20:59:42 2023]
Finished job 68.
60 of 74 steps (81%) done
Select jobs to execute...

[Thu Dec 14 20:59:42 2023]
rule activity_activity_stats:
    input: results/activity/MA0004.1/MA0004.1-map.tsv, results/pwmscan/MA0004.1/MA0004.1-pvals.txt
    output: results/activity/MA0004.1/MA0004.1-map_statistics.tsv
    jobid: 67
    reason: Input files updated by another job: results/pwmscan/MA0004.1/MA0004.1-pvals.txt, results/activity/MA0004.1/MA0004.1-map.tsv
    wildcards: PROFILE=MA0004.1
    resources: tmpdir=/tmp

[Thu Dec 14 20:59:43 2023]
Finished job 67.
61 of 74 steps (82%) done
Select jobs to execute...

[Thu Dec 14 20:59:43 2023]
rule activity_plot:
    input: results/activity/MA0004.1/MA0004.1-map_statistics.tsv
    output: results/activity/MA0004.1/MA0004.1-activity.pdf
    jobid: 94
    reason: Input files updated by another job: results/activity/MA0004.1/MA0004.1-map_statistics.tsv
    wildcards: PROFILE=MA0004.1
    resources: tmpdir=/tmp

Activating conda environment: conda_R
[Thu Dec 14 20:59:48 2023]
Finished job 94.
62 of 74 steps (84%) done
[Thu Dec 14 21:00:21 2023]
Finished job 73.
63 of 74 steps (85%) done
Select jobs to execute...

[Thu Dec 14 21:00:21 2023]
rule activity_activity_stats:
    input: results/activity/MA0006.1/MA0006.1-map.tsv, results/pwmscan/MA0006.1/MA0006.1-pvals.txt
    output: results/activity/MA0006.1/MA0006.1-map_statistics.tsv
    jobid: 72
    reason: Input files updated by another job: results/activity/MA0006.1/MA0006.1-map.tsv, results/pwmscan/MA0006.1/MA0006.1-pvals.txt
    wildcards: PROFILE=MA0006.1
    resources: tmpdir=/tmp

[Thu Dec 14 21:00:22 2023]
Finished job 72.
64 of 74 steps (86%) done
Select jobs to execute...

[Thu Dec 14 21:00:22 2023]
rule activity_plot:
    input: results/activity/MA0006.1/MA0006.1-map_statistics.tsv
    output: results/activity/MA0006.1/MA0006.1-activity.pdf
    jobid: 95
    reason: Input files updated by another job: results/activity/MA0006.1/MA0006.1-map_statistics.tsv
    wildcards: PROFILE=MA0006.1
    resources: tmpdir=/tmp

Activating conda environment: conda_R
[Thu Dec 14 21:00:27 2023]
Finished job 95.
65 of 74 steps (88%) done
[Thu Dec 14 21:00:47 2023]
Finished job 88.
66 of 74 steps (89%) done
Select jobs to execute...

[Thu Dec 14 21:00:47 2023]
rule activity_activity_stats:
    input: results/activity/MA0036.3/MA0036.3-map.tsv, results/pwmscan/MA0036.3/MA0036.3-pvals.txt
    output: results/activity/MA0036.3/MA0036.3-map_statistics.tsv
    jobid: 87
    reason: Missing output files: results/activity/MA0036.3/MA0036.3-map_statistics.tsv; Input files updated by another job: results/activity/MA0036.3/MA0036.3-map.tsv, results/pwmscan/MA0036.3/MA0036.3-pvals.txt
    wildcards: PROFILE=MA0036.3
    resources: tmpdir=/tmp

[Thu Dec 14 21:00:48 2023]
Finished job 87.
67 of 74 steps (91%) done
Select jobs to execute...

[Thu Dec 14 21:00:48 2023]
rule activity_plot:
    input: results/activity/MA0036.3/MA0036.3-map_statistics.tsv
    output: results/activity/MA0036.3/MA0036.3-activity.pdf
    jobid: 98
    reason: Missing output files: results/activity/MA0036.3/MA0036.3-activity.pdf; Input files updated by another job: results/activity/MA0036.3/MA0036.3-map_statistics.tsv
    wildcards: PROFILE=MA0036.3
    resources: tmpdir=/tmp

Activating conda environment: conda_R
[Thu Dec 14 21:00:54 2023]
Finished job 98.
68 of 74 steps (92%) done
[Thu Dec 14 21:02:01 2023]
Finished job 58.
69 of 74 steps (93%) done
Select jobs to execute...

[Thu Dec 14 21:02:01 2023]
rule activity_activity_stats:
    input: results/activity/MA0002.2/MA0002.2-map.tsv, results/pwmscan/MA0002.2/MA0002.2-pvals.txt
    output: results/activity/MA0002.2/MA0002.2-map_statistics.tsv
    jobid: 57
    reason: Input files updated by another job: results/activity/MA0002.2/MA0002.2-map.tsv, results/pwmscan/MA0002.2/MA0002.2-pvals.txt
    wildcards: PROFILE=MA0002.2
    resources: tmpdir=/tmp

[Thu Dec 14 21:02:02 2023]
Finished job 57.
70 of 74 steps (95%) done
Select jobs to execute...

[Thu Dec 14 21:02:02 2023]
rule activity_combine_data:
    input: results/activity/MA0002.2/MA0002.2-map_statistics.tsv, results/activity/MA0003.4/MA0003.4-map_statistics.tsv, results/activity/MA0004.1/MA0004.1-map_statistics.tsv, results/activity/MA0006.1/MA0006.1-map_statistics.tsv, results/activity/MA0007.3/MA0007.3-map_statistics.tsv, results/activity/MA0139.1/MA0139.1-map_statistics.tsv, results/activity/MA0036.3/MA0036.3-map_statistics.tsv
    output: results/activity/activity_metadata.tsv
    jobid: 56
    reason: Input files updated by another job: results/activity/MA0004.1/MA0004.1-map_statistics.tsv, results/activity/MA0036.3/MA0036.3-map_statistics.tsv, results/activity/MA0002.2/MA0002.2-map_statistics.tsv, results/activity/MA0007.3/MA0007.3-map_statistics.tsv, results/activity/MA0003.4/MA0003.4-map_statistics.tsv, results/activity/MA0006.1/MA0006.1-map_statistics.tsv, results/activity/MA0139.1/MA0139.1-map_statistics.tsv
    resources: tmpdir=/tmp


[Thu Dec 14 21:02:02 2023]
rule activity_plot:
    input: results/activity/MA0002.2/MA0002.2-map_statistics.tsv
    output: results/activity/MA0002.2/MA0002.2-activity.pdf
    jobid: 92
    reason: Input files updated by another job: results/activity/MA0002.2/MA0002.2-map_statistics.tsv
    wildcards: PROFILE=MA0002.2
    resources: tmpdir=/tmp

Activating conda environment: conda_R
[Thu Dec 14 21:02:02 2023]
Finished job 56.
71 of 74 steps (96%) done
Select jobs to execute...

[Thu Dec 14 21:02:02 2023]
rule activity_activity_metadata:
    input: results/activity/activity_metadata.tsv
    output: results/activity/activity_metadata-summary.tsv
    jobid: 55
    reason: Missing output files: results/activity/activity_metadata-summary.tsv; Input files updated by another job: results/activity/activity_metadata.tsv
    resources: tmpdir=/tmp

[Thu Dec 14 21:02:02 2023]
Error in rule activity_activity_metadata:
    jobid: 55
    input: results/activity/activity_metadata.tsv
    output: results/activity/activity_metadata-summary.tsv

RuleException:
WorkflowError in file /panfs/accrepfs.vampire/data/ruderferlab/projects/biovu/cnv/cre/CTCF-Variant-Annotation/snakemake/workflows/common/tfbs-activity/workflow/rules/activity.smk, line 146:
Failed to open source file /panfs/accrepfs.vampire/data/ruderferlab/projects/biovu/cnv/cre/CTCF-Variant-Annotation/snakemake/workflows/common/tfbs-activity/workflow/rules/../scripts.metadata.py
FileNotFoundError: [Errno 2] No such file or directory: '/panfs/accrepfs.vampire/data/ruderferlab/projects/biovu/cnv/cre/CTCF-Variant-Annotation/snakemake/workflows/common/tfbs-activity/workflow/rules/../scripts.metadata.py'
  File "/panfs/accrepfs.vampire/data/ruderferlab/projects/biovu/cnv/cre/CTCF-Variant-Annotation/snakemake/workflows/common/tfbs-activity/workflow/rules/activity.smk", line 146, in __rule_activity_metadata
  File "/accre/arch/easybuild/software/BinDist/Anaconda3/2022.05/lib/python3.9/concurrent/futures/thread.py", line 58, in run
[Thu Dec 14 21:02:07 2023]
Finished job 92.
72 of 74 steps (97%) done
Shutting down, this might take some time.
Exiting because a job execution failed. Look above for error message
Complete log: .snakemake/log/2023-12-14T203340.413110.snakemake.log
