Building DAG of jobs...
Your conda installation is not configured to use strict channel priorities. This is however crucial for having robust and correct environments (for details, see https://conda-forge.org/docs/user/tipsandtricks.html). Please consider to configure strict priorities by executing 'conda config --set channel_priority strict'.
Using shell: /usr/bin/bash
Provided cores: 24
Rules claiming more threads will be scaled down.
Job stats:
job                                   count
----------------------------------  -------
activity_activity_metadata                1
activity_activity_metaplot                1
activity_activity_stats                   7
activity_combine_data                     1
activity_combine_plots                    1
activity_intersect_motifs                 7
activity_map_activity                     7
activity_plot                             7
all                                       1
pwmscan_main_bed2fasta                    7
pwmscan_main_calc_probabilities           7
pwmscan_main_compile_pwmscan              1
pwmscan_main_compress_sites               7
pwmscan_main_process_probabilities        7
pwmscan_main_scan_genome                  7
total                                    69

Select jobs to execute...

[Fri Dec 15 15:50:58 2023]
Job 7: 
        c99 mode
        
Reason: Updated input files: https://raw.githubusercontent.com/ctubbs750/pwm-scan/main/resources/software/PWMScan/matrix_prob.c (cached), https://raw.githubusercontent.com/ctubbs750/pwm-scan/main/resources/software/PWMScan/matrix_scan.c (cached)

[Fri Dec 15 15:50:58 2023]
Finished job 7.
1 of 69 steps (1%) done
Select jobs to execute...

[Fri Dec 15 15:50:58 2023]
Job 35: 
        - Generates pval distribution for given PWM.
        
Reason: Missing output files: results/pwmscan/MA0007.3/MA0007.3-pvals.raw; Input files updated by another job: resources/software/PWMScan/matrix_prob


[Fri Dec 15 15:50:58 2023]
Job 49: 
        - Generates pval distribution for given PWM.
        
Reason: Missing output files: results/pwmscan/MA0036.3/MA0036.3-pvals.raw; Input files updated by another job: resources/software/PWMScan/matrix_prob


[Fri Dec 15 15:50:58 2023]
Job 21: 
        - Generates pval distribution for given PWM.
        
Reason: Missing output files: results/pwmscan/MA0004.1/MA0004.1-pvals.raw; Input files updated by another job: resources/software/PWMScan/matrix_prob


[Fri Dec 15 15:50:58 2023]
Job 42: 
        - Generates pval distribution for given PWM.
        
Reason: Missing output files: results/pwmscan/MA0139.1/MA0139.1-pvals.raw; Input files updated by another job: resources/software/PWMScan/matrix_prob


[Fri Dec 15 15:50:58 2023]
Job 28: 
        - Generates pval distribution for given PWM.
        
Reason: Missing output files: results/pwmscan/MA0006.1/MA0006.1-pvals.raw; Input files updated by another job: resources/software/PWMScan/matrix_prob


[Fri Dec 15 15:50:58 2023]
Job 6: 
        - Generates pval distribution for given PWM.
        
Reason: Missing output files: results/pwmscan/MA0002.2/MA0002.2-pvals.raw; Input files updated by another job: resources/software/PWMScan/matrix_prob


[Fri Dec 15 15:50:58 2023]
Job 14: 
        - Generates pval distribution for given PWM.
        
Reason: Missing output files: results/pwmscan/MA0003.4/MA0003.4-pvals.raw; Input files updated by another job: resources/software/PWMScan/matrix_prob

[Fri Dec 15 15:50:58 2023]
Finished job 21.
2 of 69 steps (3%) done
[Fri Dec 15 15:50:58 2023]
Finished job 49.
3 of 69 steps (4%) done
[Fri Dec 15 15:50:58 2023]
Finished job 35.
4 of 69 steps (6%) done
[Fri Dec 15 15:50:58 2023]
Finished job 42.
5 of 69 steps (7%) done
[Fri Dec 15 15:50:58 2023]
Finished job 28.
6 of 69 steps (9%) done
Select jobs to execute...

[Fri Dec 15 15:50:58 2023]
Job 20: 
        - Relative threshold is percentage of best PWM.
        For 80%, format as interger 80. Makes life easier.
        
Reason: Input files updated by another job: results/pwmscan/MA0004.1/MA0004.1-pvals.raw


[Fri Dec 15 15:50:58 2023]
Job 48: 
        - Relative threshold is percentage of best PWM.
        For 80%, format as interger 80. Makes life easier.
        
Reason: Input files updated by another job: results/pwmscan/MA0036.3/MA0036.3-pvals.raw


[Fri Dec 15 15:50:59 2023]
Job 34: 
        - Relative threshold is percentage of best PWM.
        For 80%, format as interger 80. Makes life easier.
        
Reason: Input files updated by another job: results/pwmscan/MA0007.3/MA0007.3-pvals.raw


[Fri Dec 15 15:50:59 2023]
Job 41: 
        - Relative threshold is percentage of best PWM.
        For 80%, format as interger 80. Makes life easier.
        
Reason: Input files updated by another job: results/pwmscan/MA0139.1/MA0139.1-pvals.raw


[Fri Dec 15 15:50:59 2023]
Job 27: 
        - Relative threshold is percentage of best PWM.
        For 80%, format as interger 80. Makes life easier.
        
Reason: Input files updated by another job: results/pwmscan/MA0006.1/MA0006.1-pvals.raw

[Fri Dec 15 15:50:59 2023]
Finished job 6.
7 of 69 steps (10%) done
[Fri Dec 15 15:50:59 2023]
Finished job 14.
8 of 69 steps (12%) done
[Fri Dec 15 15:50:59 2023]
Finished job 20.
9 of 69 steps (13%) done
Removing temporary output results/pwmscan/MA0004.1/MA0004.1-pvals.raw.
[Fri Dec 15 15:50:59 2023]
Finished job 48.
10 of 69 steps (14%) done
Removing temporary output results/pwmscan/MA0036.3/MA0036.3-pvals.raw.
[Fri Dec 15 15:50:59 2023]
Finished job 34.
11 of 69 steps (16%) done
Removing temporary output results/pwmscan/MA0007.3/MA0007.3-pvals.raw.
Select jobs to execute...

[Fri Dec 15 15:50:59 2023]
Job 13: 
        - Relative threshold is percentage of best PWM.
        For 80%, format as interger 80. Makes life easier.
        
Reason: Input files updated by another job: results/pwmscan/MA0003.4/MA0003.4-pvals.raw


[Fri Dec 15 15:50:59 2023]
Job 45: 
        - Scans rerference genome for matches againts input motif.
        
Reason: Missing output files: results/pwmscan/MA0036.3/MA0036.3-sites.bed; Input files updated by another job: results/pwmscan/MA0036.3/MA0036.3-coeff.txt, resources/software/PWMScan/matrix_scan


[Fri Dec 15 15:50:59 2023]
Job 17: 
        - Scans rerference genome for matches againts input motif.
        
Reason: Missing output files: results/pwmscan/MA0004.1/MA0004.1-sites.bed; Input files updated by another job: results/pwmscan/MA0004.1/MA0004.1-coeff.txt, resources/software/PWMScan/matrix_scan


[Fri Dec 15 15:50:59 2023]
Job 31: 
        - Scans rerference genome for matches againts input motif.
        
Reason: Missing output files: results/pwmscan/MA0007.3/MA0007.3-sites.bed; Input files updated by another job: results/pwmscan/MA0007.3/MA0007.3-coeff.txt, resources/software/PWMScan/matrix_scan


[Fri Dec 15 15:50:59 2023]
Job 5: 
        - Relative threshold is percentage of best PWM.
        For 80%, format as interger 80. Makes life easier.
        
Reason: Input files updated by another job: results/pwmscan/MA0002.2/MA0002.2-pvals.raw

[Fri Dec 15 15:50:59 2023]
Finished job 41.
12 of 69 steps (17%) done
Removing temporary output results/pwmscan/MA0139.1/MA0139.1-pvals.raw.
[Fri Dec 15 15:50:59 2023]
Finished job 27.
13 of 69 steps (19%) done
Removing temporary output results/pwmscan/MA0006.1/MA0006.1-pvals.raw.
[Fri Dec 15 15:50:59 2023]
Finished job 13.
14 of 69 steps (20%) done
Removing temporary output results/pwmscan/MA0003.4/MA0003.4-pvals.raw.
Select jobs to execute...

[Fri Dec 15 15:50:59 2023]
Job 10: 
        - Scans rerference genome for matches againts input motif.
        
Reason: Missing output files: results/pwmscan/MA0003.4/MA0003.4-sites.bed; Input files updated by another job: results/pwmscan/MA0003.4/MA0003.4-coeff.txt, resources/software/PWMScan/matrix_scan


[Fri Dec 15 15:50:59 2023]
Job 24: 
        - Scans rerference genome for matches againts input motif.
        
Reason: Missing output files: results/pwmscan/MA0006.1/MA0006.1-sites.bed; Input files updated by another job: results/pwmscan/MA0006.1/MA0006.1-coeff.txt, resources/software/PWMScan/matrix_scan


[Fri Dec 15 15:50:59 2023]
Job 38: 
        - Scans rerference genome for matches againts input motif.
        
Reason: Missing output files: results/pwmscan/MA0139.1/MA0139.1-sites.bed; Input files updated by another job: results/pwmscan/MA0139.1/MA0139.1-coeff.txt, resources/software/PWMScan/matrix_scan

[Fri Dec 15 15:50:59 2023]
Finished job 5.
15 of 69 steps (22%) done
Removing temporary output results/pwmscan/MA0002.2/MA0002.2-pvals.raw.
Select jobs to execute...

[Fri Dec 15 15:50:59 2023]
Job 2: 
        - Scans rerference genome for matches againts input motif.
        
Reason: Missing output files: results/pwmscan/MA0002.2/MA0002.2-sites.bed; Input files updated by another job: results/pwmscan/MA0002.2/MA0002.2-coeff.txt, resources/software/PWMScan/matrix_scan

[Fri Dec 15 15:52:24 2023]
Finished job 17.
16 of 69 steps (23%) done
Select jobs to execute...

[Fri Dec 15 15:52:24 2023]
Job 22: 
        - Note -s, keep strand information correct. Reports rev comp for neg seqs.
        
Reason: Missing output files: results/pwmscan/MA0004.1/MA0004.1-sites.fa; Input files updated by another job: results/pwmscan/MA0004.1/MA0004.1-sites.bed

Activating conda environment: ../../../../../../../../../../../../../home/tubbsca/snakemake_condas/9f9842bbfc31decc8a1ad02a46329d02_
[Fri Dec 15 15:52:25 2023]
Finished job 24.
17 of 69 steps (25%) done
Select jobs to execute...

[Fri Dec 15 15:52:25 2023]
Job 29: 
        - Note -s, keep strand information correct. Reports rev comp for neg seqs.
        
Reason: Missing output files: results/pwmscan/MA0006.1/MA0006.1-sites.fa; Input files updated by another job: results/pwmscan/MA0006.1/MA0006.1-sites.bed

Activating conda environment: ../../../../../../../../../../../../../home/tubbsca/snakemake_condas/9f9842bbfc31decc8a1ad02a46329d02_
[Fri Dec 15 15:52:29 2023]
Finished job 10.
18 of 69 steps (26%) done
Select jobs to execute...

[Fri Dec 15 15:52:29 2023]
Job 15: 
        - Note -s, keep strand information correct. Reports rev comp for neg seqs.
        
Reason: Missing output files: results/pwmscan/MA0003.4/MA0003.4-sites.fa; Input files updated by another job: results/pwmscan/MA0003.4/MA0003.4-sites.bed

Activating conda environment: ../../../../../../../../../../../../../home/tubbsca/snakemake_condas/9f9842bbfc31decc8a1ad02a46329d02_
[Fri Dec 15 15:52:41 2023]
Finished job 45.
19 of 69 steps (28%) done
Select jobs to execute...

[Fri Dec 15 15:52:41 2023]
Job 50: 
        - Note -s, keep strand information correct. Reports rev comp for neg seqs.
        
Reason: Missing output files: results/pwmscan/MA0036.3/MA0036.3-sites.fa; Input files updated by another job: results/pwmscan/MA0036.3/MA0036.3-sites.bed

Activating conda environment: ../../../../../../../../../../../../../home/tubbsca/snakemake_condas/9f9842bbfc31decc8a1ad02a46329d02_
[Fri Dec 15 15:52:44 2023]
Finished job 31.
20 of 69 steps (29%) done
Select jobs to execute...

[Fri Dec 15 15:52:44 2023]
Job 36: 
        - Note -s, keep strand information correct. Reports rev comp for neg seqs.
        
Reason: Missing output files: results/pwmscan/MA0007.3/MA0007.3-sites.fa; Input files updated by another job: results/pwmscan/MA0007.3/MA0007.3-sites.bed

Activating conda environment: ../../../../../../../../../../../../../home/tubbsca/snakemake_condas/9f9842bbfc31decc8a1ad02a46329d02_
[Fri Dec 15 15:52:44 2023]
Finished job 2.
21 of 69 steps (30%) done
Select jobs to execute...

[Fri Dec 15 15:52:44 2023]
Job 8: 
        - Note -s, keep strand information correct. Reports rev comp for neg seqs.
        
Reason: Missing output files: results/pwmscan/MA0002.2/MA0002.2-sites.fa; Input files updated by another job: results/pwmscan/MA0002.2/MA0002.2-sites.bed

Activating conda environment: ../../../../../../../../../../../../../home/tubbsca/snakemake_condas/9f9842bbfc31decc8a1ad02a46329d02_
[Fri Dec 15 15:52:51 2023]
Finished job 38.
22 of 69 steps (32%) done
Select jobs to execute...

[Fri Dec 15 15:52:51 2023]
Job 43: 
        - Note -s, keep strand information correct. Reports rev comp for neg seqs.
        
Reason: Missing output files: results/pwmscan/MA0139.1/MA0139.1-sites.fa; Input files updated by another job: results/pwmscan/MA0139.1/MA0139.1-sites.bed

Activating conda environment: ../../../../../../../../../../../../../home/tubbsca/snakemake_condas/9f9842bbfc31decc8a1ad02a46329d02_
[Fri Dec 15 15:54:00 2023]
Finished job 36.
23 of 69 steps (33%) done
Select jobs to execute...

[Fri Dec 15 15:54:00 2023]
Job 30: 
        - d
        
Reason: Input files updated by another job: results/pwmscan/MA0007.3/MA0007.3-sites.bed, results/pwmscan/MA0007.3/MA0007.3-sites.fa

[Fri Dec 15 15:54:07 2023]
Finished job 30.
24 of 69 steps (35%) done
Select jobs to execute...

[Fri Dec 15 15:54:07 2023]
rule activity_intersect_motifs:
    input: results/pwmscan/MA0007.3/MA0007.3-sites.bed.gz, results/activity/MA0007.3/MA0007.3-unibind_scored.tsv
    output: results/activity/MA0007.3/MA0007.3-unibind_intersect.bed
    jobid: 80
    reason: Input files updated by another job: results/pwmscan/MA0007.3/MA0007.3-sites.bed.gz
    wildcards: PROFILE=MA0007.3
    resources: tmpdir=/tmp

[Fri Dec 15 15:54:09 2023]
Finished job 80.
25 of 69 steps (36%) done
Select jobs to execute...

[Fri Dec 15 15:54:09 2023]
rule activity_map_activity:
    input: results/activity/MA0007.3/MA0007.3-unibind_intersect.bed
    output: results/activity/MA0007.3/MA0007.3-map.tsv
    jobid: 79
    reason: Input files updated by another job: results/activity/MA0007.3/MA0007.3-unibind_intersect.bed
    wildcards: PROFILE=MA0007.3
    resources: tmpdir=/tmp

[Fri Dec 15 15:54:13 2023]
Finished job 79.
26 of 69 steps (38%) done
Select jobs to execute...

[Fri Dec 15 15:54:13 2023]
rule activity_activity_stats:
    input: results/activity/MA0007.3/MA0007.3-map.tsv, results/pwmscan/MA0007.3/MA0007.3-pvals.txt
    output: results/activity/MA0007.3/MA0007.3-map_statistics.tsv
    jobid: 78
    reason: Input files updated by another job: results/pwmscan/MA0007.3/MA0007.3-pvals.txt, results/activity/MA0007.3/MA0007.3-map.tsv
    wildcards: PROFILE=MA0007.3
    resources: tmpdir=/tmp

[Fri Dec 15 15:54:14 2023]
Finished job 43.
27 of 69 steps (39%) done
Select jobs to execute...

[Fri Dec 15 15:54:14 2023]
Job 37: 
        - d
        
Reason: Input files updated by another job: results/pwmscan/MA0139.1/MA0139.1-sites.bed, results/pwmscan/MA0139.1/MA0139.1-sites.fa

[Fri Dec 15 15:54:15 2023]
Finished job 78.
28 of 69 steps (41%) done
Select jobs to execute...

[Fri Dec 15 15:54:15 2023]
rule activity_plot:
    input: results/activity/MA0007.3/MA0007.3-map_statistics.tsv
    output: results/activity/MA0007.3/MA0007.3-activity.pdf
    jobid: 98
    reason: Input files updated by another job: results/activity/MA0007.3/MA0007.3-map_statistics.tsv
    wildcards: PROFILE=MA0007.3
    resources: tmpdir=/tmp

Activating conda environment: conda_R
[Fri Dec 15 15:54:25 2023]
Finished job 98.
29 of 69 steps (42%) done
[Fri Dec 15 15:54:25 2023]
Finished job 37.
30 of 69 steps (43%) done
Select jobs to execute...

[Fri Dec 15 15:54:25 2023]
rule activity_intersect_motifs:
    input: results/pwmscan/MA0139.1/MA0139.1-sites.bed.gz, results/activity/MA0139.1/MA0139.1-unibind_scored.tsv
    output: results/activity/MA0139.1/MA0139.1-unibind_intersect.bed
    jobid: 85
    reason: Input files updated by another job: results/pwmscan/MA0139.1/MA0139.1-sites.bed.gz
    wildcards: PROFILE=MA0139.1
    resources: tmpdir=/tmp

[Fri Dec 15 15:54:28 2023]
Finished job 85.
31 of 69 steps (45%) done
Select jobs to execute...

[Fri Dec 15 15:54:28 2023]
rule activity_map_activity:
    input: results/activity/MA0139.1/MA0139.1-unibind_intersect.bed
    output: results/activity/MA0139.1/MA0139.1-map.tsv
    jobid: 84
    reason: Input files updated by another job: results/activity/MA0139.1/MA0139.1-unibind_intersect.bed
    wildcards: PROFILE=MA0139.1
    resources: tmpdir=/tmp

[Fri Dec 15 15:54:33 2023]
Finished job 84.
32 of 69 steps (46%) done
Select jobs to execute...

[Fri Dec 15 15:54:33 2023]
rule activity_activity_stats:
    input: results/activity/MA0139.1/MA0139.1-map.tsv, results/pwmscan/MA0139.1/MA0139.1-pvals.txt
    output: results/activity/MA0139.1/MA0139.1-map_statistics.tsv
    jobid: 83
    reason: Input files updated by another job: results/pwmscan/MA0139.1/MA0139.1-pvals.txt, results/activity/MA0139.1/MA0139.1-map.tsv
    wildcards: PROFILE=MA0139.1
    resources: tmpdir=/tmp

[Fri Dec 15 15:54:34 2023]
Finished job 83.
33 of 69 steps (48%) done
Select jobs to execute...

[Fri Dec 15 15:54:34 2023]
rule activity_plot:
    input: results/activity/MA0139.1/MA0139.1-map_statistics.tsv
    output: results/activity/MA0139.1/MA0139.1-activity.pdf
    jobid: 99
    reason: Input files updated by another job: results/activity/MA0139.1/MA0139.1-map_statistics.tsv
    wildcards: PROFILE=MA0139.1
    resources: tmpdir=/tmp

Activating conda environment: conda_R
[Fri Dec 15 15:54:39 2023]
Finished job 99.
34 of 69 steps (49%) done
[Fri Dec 15 15:58:41 2023]
Finished job 15.
35 of 69 steps (51%) done
Select jobs to execute...

[Fri Dec 15 15:58:41 2023]
Job 9: 
        - d
        
Reason: Input files updated by another job: results/pwmscan/MA0003.4/MA0003.4-sites.bed, results/pwmscan/MA0003.4/MA0003.4-sites.fa

[Fri Dec 15 15:59:13 2023]
Finished job 9.
36 of 69 steps (52%) done
Select jobs to execute...

[Fri Dec 15 15:59:13 2023]
rule activity_intersect_motifs:
    input: results/pwmscan/MA0003.4/MA0003.4-sites.bed.gz, results/activity/MA0003.4/MA0003.4-unibind_scored.tsv
    output: results/activity/MA0003.4/MA0003.4-unibind_intersect.bed
    jobid: 65
    reason: Input files updated by another job: results/pwmscan/MA0003.4/MA0003.4-sites.bed.gz
    wildcards: PROFILE=MA0003.4
    resources: tmpdir=/tmp

[Fri Dec 15 15:59:22 2023]
Finished job 65.
37 of 69 steps (54%) done
Select jobs to execute...

[Fri Dec 15 15:59:22 2023]
rule activity_map_activity:
    input: results/activity/MA0003.4/MA0003.4-unibind_intersect.bed
    output: results/activity/MA0003.4/MA0003.4-map.tsv
    jobid: 64
    reason: Input files updated by another job: results/activity/MA0003.4/MA0003.4-unibind_intersect.bed
    wildcards: PROFILE=MA0003.4
    resources: tmpdir=/tmp

[Fri Dec 15 15:59:54 2023]
Finished job 64.
38 of 69 steps (55%) done
Select jobs to execute...

[Fri Dec 15 15:59:54 2023]
rule activity_activity_stats:
    input: results/activity/MA0003.4/MA0003.4-map.tsv, results/pwmscan/MA0003.4/MA0003.4-pvals.txt
    output: results/activity/MA0003.4/MA0003.4-map_statistics.tsv
    jobid: 63
    reason: Input files updated by another job: results/pwmscan/MA0003.4/MA0003.4-pvals.txt, results/activity/MA0003.4/MA0003.4-map.tsv
    wildcards: PROFILE=MA0003.4
    resources: tmpdir=/tmp

[Fri Dec 15 15:59:55 2023]
Finished job 63.
39 of 69 steps (57%) done
Select jobs to execute...

[Fri Dec 15 15:59:55 2023]
rule activity_plot:
    input: results/activity/MA0003.4/MA0003.4-map_statistics.tsv
    output: results/activity/MA0003.4/MA0003.4-activity.pdf
    jobid: 95
    reason: Input files updated by another job: results/activity/MA0003.4/MA0003.4-map_statistics.tsv
    wildcards: PROFILE=MA0003.4
    resources: tmpdir=/tmp

Activating conda environment: conda_R
[Fri Dec 15 16:00:00 2023]
Finished job 95.
40 of 69 steps (58%) done
[Fri Dec 15 16:09:30 2023]
Finished job 22.
41 of 69 steps (59%) done
Select jobs to execute...

[Fri Dec 15 16:09:30 2023]
Job 16: 
        - d
        
Reason: Input files updated by another job: results/pwmscan/MA0004.1/MA0004.1-sites.fa, results/pwmscan/MA0004.1/MA0004.1-sites.bed

[Fri Dec 15 16:10:18 2023]
Finished job 16.
42 of 69 steps (61%) done
Select jobs to execute...

[Fri Dec 15 16:10:18 2023]
rule activity_intersect_motifs:
    input: results/pwmscan/MA0004.1/MA0004.1-sites.bed.gz, results/activity/MA0004.1/MA0004.1-unibind_scored.tsv
    output: results/activity/MA0004.1/MA0004.1-unibind_intersect.bed
    jobid: 70
    reason: Input files updated by another job: results/pwmscan/MA0004.1/MA0004.1-sites.bed.gz
    wildcards: PROFILE=MA0004.1
    resources: tmpdir=/tmp

[Fri Dec 15 16:10:34 2023]
Finished job 50.
43 of 69 steps (62%) done
Select jobs to execute...

[Fri Dec 15 16:10:34 2023]
Job 44: 
        - d
        
Reason: Input files updated by another job: results/pwmscan/MA0036.3/MA0036.3-sites.fa, results/pwmscan/MA0036.3/MA0036.3-sites.bed

[Fri Dec 15 16:10:52 2023]
Finished job 70.
44 of 69 steps (64%) done
Select jobs to execute...

[Fri Dec 15 16:10:52 2023]
rule activity_map_activity:
    input: results/activity/MA0004.1/MA0004.1-unibind_intersect.bed
    output: results/activity/MA0004.1/MA0004.1-map.tsv
    jobid: 69
    reason: Input files updated by another job: results/activity/MA0004.1/MA0004.1-unibind_intersect.bed
    wildcards: PROFILE=MA0004.1
    resources: tmpdir=/tmp

[Fri Dec 15 16:11:04 2023]
Finished job 29.
45 of 69 steps (65%) done
Select jobs to execute...

[Fri Dec 15 16:11:04 2023]
Job 23: 
        - d
        
Reason: Input files updated by another job: results/pwmscan/MA0006.1/MA0006.1-sites.bed, results/pwmscan/MA0006.1/MA0006.1-sites.fa

[Fri Dec 15 16:11:26 2023]
Finished job 8.
46 of 69 steps (67%) done
Select jobs to execute...

[Fri Dec 15 16:11:26 2023]
Job 1: 
        - d
        
Reason: Input files updated by another job: results/pwmscan/MA0002.2/MA0002.2-sites.bed, results/pwmscan/MA0002.2/MA0002.2-sites.fa

[Fri Dec 15 16:12:12 2023]
Finished job 23.
47 of 69 steps (68%) done
Select jobs to execute...

[Fri Dec 15 16:12:12 2023]
rule activity_intersect_motifs:
    input: results/pwmscan/MA0006.1/MA0006.1-sites.bed.gz, results/activity/MA0006.1/MA0006.1-unibind_scored.tsv
    output: results/activity/MA0006.1/MA0006.1-unibind_intersect.bed
    jobid: 75
    reason: Input files updated by another job: results/pwmscan/MA0006.1/MA0006.1-sites.bed.gz
    wildcards: PROFILE=MA0006.1
    resources: tmpdir=/tmp

[Fri Dec 15 16:12:40 2023]
Finished job 44.
48 of 69 steps (70%) done
Select jobs to execute...

[Fri Dec 15 16:12:40 2023]
rule activity_intersect_motifs:
    input: results/pwmscan/MA0036.3/MA0036.3-sites.bed.gz, results/activity/MA0036.3/MA0036.3-unibind_scored.tsv
    output: results/activity/MA0036.3/MA0036.3-unibind_intersect.bed
    jobid: 90
    reason: Input files updated by another job: results/pwmscan/MA0036.3/MA0036.3-sites.bed.gz
    wildcards: PROFILE=MA0036.3
    resources: tmpdir=/tmp

[Fri Dec 15 16:12:51 2023]
Finished job 75.
49 of 69 steps (71%) done
Select jobs to execute...

[Fri Dec 15 16:12:51 2023]
rule activity_map_activity:
    input: results/activity/MA0006.1/MA0006.1-unibind_intersect.bed
    output: results/activity/MA0006.1/MA0006.1-map.tsv
    jobid: 74
    reason: Input files updated by another job: results/activity/MA0006.1/MA0006.1-unibind_intersect.bed
    wildcards: PROFILE=MA0006.1
    resources: tmpdir=/tmp

[Fri Dec 15 16:13:19 2023]
Finished job 90.
50 of 69 steps (72%) done
Select jobs to execute...

[Fri Dec 15 16:13:19 2023]
rule activity_map_activity:
    input: results/activity/MA0036.3/MA0036.3-unibind_intersect.bed
    output: results/activity/MA0036.3/MA0036.3-map.tsv
    jobid: 89
    reason: Input files updated by another job: results/activity/MA0036.3/MA0036.3-unibind_intersect.bed
    wildcards: PROFILE=MA0036.3
    resources: tmpdir=/tmp

[Fri Dec 15 16:13:39 2023]
Finished job 69.
51 of 69 steps (74%) done
Select jobs to execute...

[Fri Dec 15 16:13:39 2023]
rule activity_activity_stats:
    input: results/activity/MA0004.1/MA0004.1-map.tsv, results/pwmscan/MA0004.1/MA0004.1-pvals.txt
    output: results/activity/MA0004.1/MA0004.1-map_statistics.tsv
    jobid: 68
    reason: Input files updated by another job: results/activity/MA0004.1/MA0004.1-map.tsv, results/pwmscan/MA0004.1/MA0004.1-pvals.txt
    wildcards: PROFILE=MA0004.1
    resources: tmpdir=/tmp

[Fri Dec 15 16:13:41 2023]
Finished job 68.
52 of 69 steps (75%) done
Select jobs to execute...

[Fri Dec 15 16:13:41 2023]
rule activity_plot:
    input: results/activity/MA0004.1/MA0004.1-map_statistics.tsv
    output: results/activity/MA0004.1/MA0004.1-activity.pdf
    jobid: 96
    reason: Input files updated by another job: results/activity/MA0004.1/MA0004.1-map_statistics.tsv
    wildcards: PROFILE=MA0004.1
    resources: tmpdir=/tmp

Activating conda environment: conda_R
[Fri Dec 15 16:13:45 2023]
Finished job 1.
53 of 69 steps (77%) done
Select jobs to execute...

[Fri Dec 15 16:13:45 2023]
rule activity_intersect_motifs:
    input: results/pwmscan/MA0002.2/MA0002.2-sites.bed.gz, results/activity/MA0002.2/MA0002.2-unibind_scored.tsv
    output: results/activity/MA0002.2/MA0002.2-unibind_intersect.bed
    jobid: 60
    reason: Input files updated by another job: results/pwmscan/MA0002.2/MA0002.2-sites.bed.gz
    wildcards: PROFILE=MA0002.2
    resources: tmpdir=/tmp

[Fri Dec 15 16:13:46 2023]
Finished job 96.
54 of 69 steps (78%) done
[Fri Dec 15 16:14:23 2023]
Finished job 60.
55 of 69 steps (80%) done
Select jobs to execute...

[Fri Dec 15 16:14:23 2023]
rule activity_map_activity:
    input: results/activity/MA0002.2/MA0002.2-unibind_intersect.bed
    output: results/activity/MA0002.2/MA0002.2-map.tsv
    jobid: 59
    reason: Input files updated by another job: results/activity/MA0002.2/MA0002.2-unibind_intersect.bed
    wildcards: PROFILE=MA0002.2
    resources: tmpdir=/tmp

[Fri Dec 15 16:15:47 2023]
Finished job 74.
56 of 69 steps (81%) done
Select jobs to execute...

[Fri Dec 15 16:15:47 2023]
rule activity_activity_stats:
    input: results/activity/MA0006.1/MA0006.1-map.tsv, results/pwmscan/MA0006.1/MA0006.1-pvals.txt
    output: results/activity/MA0006.1/MA0006.1-map_statistics.tsv
    jobid: 73
    reason: Input files updated by another job: results/activity/MA0006.1/MA0006.1-map.tsv, results/pwmscan/MA0006.1/MA0006.1-pvals.txt
    wildcards: PROFILE=MA0006.1
    resources: tmpdir=/tmp

[Fri Dec 15 16:15:48 2023]
Finished job 73.
57 of 69 steps (83%) done
Select jobs to execute...

[Fri Dec 15 16:15:48 2023]
rule activity_plot:
    input: results/activity/MA0006.1/MA0006.1-map_statistics.tsv
    output: results/activity/MA0006.1/MA0006.1-activity.pdf
    jobid: 97
    reason: Input files updated by another job: results/activity/MA0006.1/MA0006.1-map_statistics.tsv
    wildcards: PROFILE=MA0006.1
    resources: tmpdir=/tmp

Activating conda environment: conda_R
[Fri Dec 15 16:15:52 2023]
Finished job 89.
58 of 69 steps (84%) done
Select jobs to execute...

[Fri Dec 15 16:15:52 2023]
rule activity_activity_stats:
    input: results/activity/MA0036.3/MA0036.3-map.tsv, results/pwmscan/MA0036.3/MA0036.3-pvals.txt
    output: results/activity/MA0036.3/MA0036.3-map_statistics.tsv
    jobid: 88
    reason: Input files updated by another job: results/pwmscan/MA0036.3/MA0036.3-pvals.txt, results/activity/MA0036.3/MA0036.3-map.tsv
    wildcards: PROFILE=MA0036.3
    resources: tmpdir=/tmp

[Fri Dec 15 16:15:53 2023]
Finished job 88.
59 of 69 steps (86%) done
Select jobs to execute...

[Fri Dec 15 16:15:53 2023]
rule activity_plot:
    input: results/activity/MA0036.3/MA0036.3-map_statistics.tsv
    output: results/activity/MA0036.3/MA0036.3-activity.pdf
    jobid: 100
    reason: Input files updated by another job: results/activity/MA0036.3/MA0036.3-map_statistics.tsv
    wildcards: PROFILE=MA0036.3
    resources: tmpdir=/tmp

Activating conda environment: conda_R
[Fri Dec 15 16:15:53 2023]
Finished job 97.
60 of 69 steps (87%) done
[Fri Dec 15 16:15:58 2023]
Finished job 100.
61 of 69 steps (88%) done
[Fri Dec 15 16:17:14 2023]
Finished job 59.
62 of 69 steps (90%) done
Select jobs to execute...

[Fri Dec 15 16:17:14 2023]
rule activity_activity_stats:
    input: results/activity/MA0002.2/MA0002.2-map.tsv, results/pwmscan/MA0002.2/MA0002.2-pvals.txt
    output: results/activity/MA0002.2/MA0002.2-map_statistics.tsv
    jobid: 58
    reason: Input files updated by another job: results/pwmscan/MA0002.2/MA0002.2-pvals.txt, results/activity/MA0002.2/MA0002.2-map.tsv
    wildcards: PROFILE=MA0002.2
    resources: tmpdir=/tmp

[Fri Dec 15 16:17:15 2023]
Finished job 58.
63 of 69 steps (91%) done
Select jobs to execute...

[Fri Dec 15 16:17:15 2023]
rule activity_combine_data:
    input: results/activity/MA0002.2/MA0002.2-map_statistics.tsv, results/activity/MA0003.4/MA0003.4-map_statistics.tsv, results/activity/MA0004.1/MA0004.1-map_statistics.tsv, results/activity/MA0006.1/MA0006.1-map_statistics.tsv, results/activity/MA0007.3/MA0007.3-map_statistics.tsv, results/activity/MA0139.1/MA0139.1-map_statistics.tsv, results/activity/MA0036.3/MA0036.3-map_statistics.tsv
    output: results/activity/activity_metadata.tsv
    jobid: 57
    reason: Input files updated by another job: results/activity/MA0004.1/MA0004.1-map_statistics.tsv, results/activity/MA0006.1/MA0006.1-map_statistics.tsv, results/activity/MA0139.1/MA0139.1-map_statistics.tsv, results/activity/MA0002.2/MA0002.2-map_statistics.tsv, results/activity/MA0003.4/MA0003.4-map_statistics.tsv, results/activity/MA0036.3/MA0036.3-map_statistics.tsv, results/activity/MA0007.3/MA0007.3-map_statistics.tsv
    resources: tmpdir=/tmp


[Fri Dec 15 16:17:15 2023]
rule activity_plot:
    input: results/activity/MA0002.2/MA0002.2-map_statistics.tsv
    output: results/activity/MA0002.2/MA0002.2-activity.pdf
    jobid: 94
    reason: Input files updated by another job: results/activity/MA0002.2/MA0002.2-map_statistics.tsv
    wildcards: PROFILE=MA0002.2
    resources: tmpdir=/tmp

Activating conda environment: conda_R
[Fri Dec 15 16:17:15 2023]
Finished job 57.
64 of 69 steps (93%) done
Select jobs to execute...

[Fri Dec 15 16:17:15 2023]
rule activity_activity_metadata:
    input: results/activity/activity_metadata.tsv
    output: results/activity/activity_metadata-summary.tsv
    jobid: 56
    reason: Input files updated by another job: results/activity/activity_metadata.tsv
    resources: tmpdir=/tmp

[Fri Dec 15 16:17:15 2023]
Finished job 56.
65 of 69 steps (94%) done
Select jobs to execute...

[Fri Dec 15 16:17:15 2023]
Job 55: 
        d
        
Reason: Missing output files: results/activity/activity_metaplot.pdf; Input files updated by another job: results/activity/activity_metadata.tsv, results/activity/activity_metadata-summary.tsv

Activating conda environment: conda_R
[Fri Dec 15 16:17:20 2023]
Finished job 94.
66 of 69 steps (96%) done
Select jobs to execute...

[Fri Dec 15 16:17:20 2023]
Job 93: 
        d
        
Reason: Missing output files: results/activity/activity_all.pdf; Input files updated by another job: results/activity/MA0004.1/MA0004.1-activity.pdf, results/activity/MA0006.1/MA0006.1-activity.pdf, results/activity/MA0003.4/MA0003.4-activity.pdf, results/activity/MA0002.2/MA0002.2-activity.pdf, results/activity/MA0139.1/MA0139.1-activity.pdf, results/activity/MA0007.3/MA0007.3-activity.pdf, results/activity/MA0036.3/MA0036.3-activity.pdf

[Fri Dec 15 16:17:20 2023]
Error in rule activity_combine_plots:
    jobid: 93
    input: results/activity/MA0002.2/MA0002.2-activity.pdf, results/activity/MA0003.4/MA0003.4-activity.pdf, results/activity/MA0004.1/MA0004.1-activity.pdf, results/activity/MA0006.1/MA0006.1-activity.pdf, results/activity/MA0007.3/MA0007.3-activity.pdf, results/activity/MA0139.1/MA0139.1-activity.pdf, results/activity/MA0036.3/MA0036.3-activity.pdf
    output: results/activity/activity_all.pdf

RuleException:
WorkflowError in file /panfs/accrepfs.vampire/data/ruderferlab/projects/biovu/cnv/cre/CTCF-Variant-Annotation/snakemake/workflows/common/tfbs-activity/workflow/rules/activity.smk, line 172:
Failed to open source file /panfs/accrepfs.vampire/data/ruderferlab/projects/biovu/cnv/cre/CTCF-Variant-Annotation/snakemake/workflows/common/tfbs-activity/workflow/rules/../scripts/combine.PY
FileNotFoundError: [Errno 2] No such file or directory: '/panfs/accrepfs.vampire/data/ruderferlab/projects/biovu/cnv/cre/CTCF-Variant-Annotation/snakemake/workflows/common/tfbs-activity/workflow/rules/../scripts/combine.PY'
  File "/panfs/accrepfs.vampire/data/ruderferlab/projects/biovu/cnv/cre/CTCF-Variant-Annotation/snakemake/workflows/common/tfbs-activity/workflow/rules/activity.smk", line 172, in __rule_combine_plots
  File "/accre/arch/easybuild/software/BinDist/Anaconda3/2022.05/lib/python3.9/concurrent/futures/thread.py", line 58, in run
[Fri Dec 15 16:17:21 2023]
Finished job 55.
67 of 69 steps (97%) done
Shutting down, this might take some time.
Exiting because a job execution failed. Look above for error message
Complete log: .snakemake/log/2023-12-15T155045.092421.snakemake.log
