Building DAG of jobs...
Your conda installation is not configured to use strict channel priorities. This is however crucial for having robust and correct environments (for details, see https://conda-forge.org/docs/user/tipsandtricks.html). Please consider to configure strict priorities by executing 'conda config --set channel_priority strict'.
Using shell: /usr/bin/bash
Provided cores: 24
Rules claiming more threads will be scaled down.
Job stats:
job                                   count
----------------------------------  -------
activity_activity_metadata                1
activity_activity_metaplot                1
activity_activity_stats                 325
activity_combine_data                     1
activity_combine_plots                    1
activity_intersect_motifs               325
activity_map_activity                   325
activity_plot                           325
activity_score_unibind                  325
activity_unibind_sites                  325
all                                       1
pwmscan_genome_install_genome             1
pwmscan_main_bed2fasta                  325
pwmscan_main_calc_probabilities         325
pwmscan_main_calculate_pwm              218
pwmscan_main_compile_pwmscan              1
pwmscan_main_compress_sites             325
pwmscan_main_decompress_genome            1
pwmscan_main_download_jaspar            199
pwmscan_main_process_probabilities      325
pwmscan_main_scan_genome                325
unibind_flatten_dir                       1
unibind_unique_pwms                       1
total                                  4002

Select jobs to execute...

[Sat Dec 16 20:31:45 2023]
Job 525: 
        - Downloads motif PCM from the Jaspar database.
        
Reason: Missing output files: resources/data/jaspar/MA0146.2.jaspar


[Sat Dec 16 20:31:45 2023]
rule pwmscan_main_calculate_pwm:
    input: resources/data/jaspar/MA0526.3.jaspar
    output: results/pwmscan/MA0526.3/MA0526.3-pwm.txt
    jobid: 1014
    reason: Missing output files: results/pwmscan/MA0526.3/MA0526.3-pwm.txt
    wildcards: PROFILE=MA0526.3
    resources: tmpdir=/tmp

[Sat Dec 16 20:31:45 2023]
rule pwmscan_main_calculate_pwm:
    input: resources/data/jaspar/MA1138.1.jaspar
    output: results/pwmscan/MA1138.1/MA1138.1-pwm.txt
    jobid: 1924
    reason: Missing output files: results/pwmscan/MA1138.1/MA1138.1-pwm.txt
    wildcards: PROFILE=MA1138.1
    resources: tmpdir=/tmp

[Sat Dec 16 20:31:45 2023]
rule pwmscan_main_calculate_pwm:
    input: resources/data/jaspar/MA0598.3.jaspar
    output: results/pwmscan/MA0598.3/MA0598.3-pwm.txt
    jobid: 1056
    reason: Missing output files: results/pwmscan/MA0598.3/MA0598.3-pwm.txt
    wildcards: PROFILE=MA0598.3
    resources: tmpdir=/tmp

[Sat Dec 16 20:31:45 2023]
rule pwmscan_main_calculate_pwm:
    input: resources/data/jaspar/MA0756.1.jaspar
    output: results/pwmscan/MA0756.1/MA0756.1-pwm.txt
    jobid: 1378
    reason: Missing output files: results/pwmscan/MA0756.1/MA0756.1-pwm.txt
    wildcards: PROFILE=MA0756.1
    resources: tmpdir=/tmp

[Sat Dec 16 20:31:45 2023]
rule pwmscan_main_calculate_pwm:
    input: resources/data/jaspar/MA0512.2.jaspar
    output: results/pwmscan/MA0512.2/MA0512.2-pwm.txt
    jobid: 930
    reason: Missing output files: results/pwmscan/MA0512.2/MA0512.2-pwm.txt
    wildcards: PROFILE=MA0512.2
    resources: tmpdir=/tmp

[Sat Dec 16 20:31:45 2023]
rule pwmscan_main_calculate_pwm:
    input: resources/data/jaspar/MA0739.1.jaspar
    output: results/pwmscan/MA0739.1/MA0739.1-pwm.txt
    jobid: 1308
    reason: Missing output files: results/pwmscan/MA0739.1/MA0739.1-pwm.txt
    wildcards: PROFILE=MA0739.1
    resources: tmpdir=/tmp

[Sat Dec 16 20:31:45 2023]
rule pwmscan_main_calculate_pwm:
    input: resources/data/jaspar/MA0818.1.jaspar
    output: results/pwmscan/MA0818.1/MA0818.1-pwm.txt
    jobid: 1553
    reason: Missing output files: results/pwmscan/MA0818.1/MA0818.1-pwm.txt
    wildcards: PROFILE=MA0818.1
    resources: tmpdir=/tmp

[Sat Dec 16 20:31:46 2023]
Job 1918: 
        - Downloads motif PCM from the Jaspar database.
        
Reason: Missing output files: resources/data/jaspar/MA1137.1.jaspar

Activating conda environment: genome
Activating conda environment: genome
Activating conda environment: genome

Activating conda environment: genome
Activating conda environment: genome
Activating conda environment: genome
[Sat Dec 16 20:31:46 2023]
rule pwmscan_main_calculate_pwm:
    input: resources/data/jaspar/MA0494.1.jaspar
    output: results/pwmscan/MA0494.1/MA0494.1-pwm.txt
    jobid: 804
    reason: Missing output files: results/pwmscan/MA0494.1/MA0494.1-pwm.txt
    wildcards: PROFILE=MA0494.1
    resources: tmpdir=/tmp
Activating conda environment: genome

[Sat Dec 16 20:31:46 2023]
Job 1295: 
        - Downloads motif PCM from the Jaspar database.
        
Reason: Missing output files: resources/data/jaspar/MA0736.1.jaspar

Activating conda environment: genome

[Sat Dec 16 20:31:46 2023]
rule pwmscan_main_calculate_pwm:
    input: resources/data/jaspar/MA0681.2.jaspar
    output: results/pwmscan/MA0681.2/MA0681.2-pwm.txt
    jobid: 1175
    reason: Missing output files: results/pwmscan/MA0681.2/MA0681.2-pwm.txt
    wildcards: PROFILE=MA0681.2
    resources: tmpdir=/tmp

[Sat Dec 16 20:31:46 2023]
rule pwmscan_main_calculate_pwm:
    input: resources/data/jaspar/MA0861.1.jaspar
    output: results/pwmscan/MA0861.1/MA0861.1-pwm.txt
    jobid: 1672
    reason: Missing output files: results/pwmscan/MA0861.1/MA0861.1-pwm.txt
    wildcards: PROFILE=MA0861.1
    resources: tmpdir=/tmp

[Sat Dec 16 20:31:46 2023]
Job 2280: 
        - Flattens unpacked tarbell. Not great - for the moment just check for creation of first in OP.
        Also removes all the empty dirs.
        
Reason: Missing output files: resources/data/unibind/damo_hg38_all_TFBS_unpacked
DAG of jobs will be updated after completion.

Activating conda environment: genome
Activating conda environment: genome

[Sat Dec 16 20:31:46 2023]
rule pwmscan_main_calculate_pwm:
    input: resources/data/jaspar/MA0595.1.jaspar
    output: results/pwmscan/MA0595.1/MA0595.1-pwm.txt
    jobid: 1049
    reason: Missing output files: results/pwmscan/MA0595.1/MA0595.1-pwm.txt
    wildcards: PROFILE=MA0595.1
    resources: tmpdir=/tmp

[Sat Dec 16 20:31:46 2023]
rule pwmscan_main_calculate_pwm:
    input: resources/data/jaspar/MA0077.1.jaspar
    output: results/pwmscan/MA0077.1/MA0077.1-pwm.txt
    jobid: 258
    reason: Missing output files: results/pwmscan/MA0077.1/MA0077.1-pwm.txt
    wildcards: PROFILE=MA0077.1
    resources: tmpdir=/tmp

Activating conda environment: genome

[Sat Dec 16 20:31:47 2023]
rule pwmscan_main_calculate_pwm:
    input: resources/data/jaspar/MA0521.1.jaspar
    output: results/pwmscan/MA0521.1/MA0521.1-pwm.txt
    jobid: 979
    reason: Missing output files: results/pwmscan/MA0521.1/MA0521.1-pwm.txt
    wildcards: PROFILE=MA0521.1
    resources: tmpdir=/tmp

Activating conda environment: genome
[Sat Dec 16 20:31:47 2023]
Error in rule unibind_flatten_dir:
    jobid: 2280
    input: resources/data/unibind/damo_hg38_all_TFBS
    output: resources/data/unibind/damo_hg38_all_TFBS_unpacked
    shell:
        
        find resources/data/unibind/damo_hg38_all_TFBS -mindepth 2 -type f -exec mv -t resources/data/unibind/damo_hg38_all_TFBS_unpacked -i '{}' + &&
        find resources/data/unibind/damo_hg38_all_TFBS -type d -empty -delete
        
        (one of the commands exited with non-zero exit code; note that snakemake uses bash strict mode!)


[Sat Dec 16 20:31:47 2023]
rule pwmscan_main_calculate_pwm:
    input: resources/data/jaspar/MA1105.2.jaspar
    output: results/pwmscan/MA1105.2/MA1105.2-pwm.txt
    jobid: 1749
    reason: Missing output files: results/pwmscan/MA1105.2/MA1105.2-pwm.txt
    wildcards: PROFILE=MA1105.2
    resources: tmpdir=/tmp

Activating conda environment: genome

[Sat Dec 16 20:31:47 2023]
rule pwmscan_main_calculate_pwm:
    input: resources/data/jaspar/MA1141.1.jaspar
    output: results/pwmscan/MA1141.1/MA1141.1-pwm.txt
    jobid: 1938
    reason: Missing output files: results/pwmscan/MA1141.1/MA1141.1-pwm.txt
    wildcards: PROFILE=MA1141.1
    resources: tmpdir=/tmp

Activating conda environment: genome

[Sat Dec 16 20:31:47 2023]
rule pwmscan_main_calculate_pwm:
    input: resources/data/jaspar/MA0785.1.jaspar
    output: results/pwmscan/MA0785.1/MA0785.1-pwm.txt
    jobid: 1476
    reason: Missing output files: results/pwmscan/MA0785.1/MA0785.1-pwm.txt
    wildcards: PROFILE=MA0785.1
    resources: tmpdir=/tmp

Activating conda environment: genome

[Sat Dec 16 20:31:47 2023]
Job 7: 
        c99 mode
        
Reason: Updated input files: https://raw.githubusercontent.com/ctubbs750/pwm-scan/main/resources/software/PWMScan/matrix_prob.c (cached), https://raw.githubusercontent.com/ctubbs750/pwm-scan/main/resources/software/PWMScan/matrix_scan.c (cached)

Activating conda environment: genome

[Sat Dec 16 20:31:47 2023]
rule pwmscan_main_calculate_pwm:
    input: resources/data/jaspar/MA0677.1.jaspar
    output: results/pwmscan/MA0677.1/MA0677.1-pwm.txt
    jobid: 1161
    reason: Missing output files: results/pwmscan/MA0677.1/MA0677.1-pwm.txt
    wildcards: PROFILE=MA0677.1
    resources: tmpdir=/tmp

[Sat Dec 16 20:31:48 2023]
rule pwmscan_main_calculate_pwm:
    input: resources/data/jaspar/MA1638.1.jaspar
    output: results/pwmscan/MA1638.1/MA1638.1-pwm.txt
    jobid: 2211
    reason: Missing output files: results/pwmscan/MA1638.1/MA1638.1-pwm.txt
    wildcards: PROFILE=MA1638.1
    resources: tmpdir=/tmp

[Sat Dec 16 20:31:48 2023]
rule pwmscan_main_calculate_pwm:
    input: resources/data/jaspar/MA0872.1.jaspar
    output: results/pwmscan/MA0872.1/MA0872.1-pwm.txt
    jobid: 1693
    reason: Missing output files: results/pwmscan/MA0872.1/MA0872.1-pwm.txt
    wildcards: PROFILE=MA0872.1
    resources: tmpdir=/tmp

Activating conda environment: genome
Activating conda environment: genome
Activating conda environment: genome
[Sat Dec 16 20:31:48 2023]
Finished job 1918.
1 of 4002 steps (0.0%) done
[Sat Dec 16 20:31:48 2023]
Finished job 525.
2 of 4002 steps (0.0%) done
[Sat Dec 16 20:31:48 2023]
Finished job 1295.
3 of 4002 steps (0.1%) done
[Sat Dec 16 20:31:49 2023]
Finished job 7.
4 of 4002 steps (0.1%) done
Activating conda environment: genome
Activating conda environment: genome
Activating conda environment: genome
Activating conda environment: genome
Activating conda environment: genome
Activating conda environment: genome
Activating conda environment: genome
Activating conda environment: genome
Activating conda environment: genome
Activating conda environment: genome
Activating conda environment: genome
Activating conda environment: genome
Activating conda environment: genome
Activating conda environment: genome
Activating conda environment: genome
Activating conda environment: genome
Activating conda environment: genome
Activating conda environment: genome
Activating conda environment: genome
[Sat Dec 16 20:32:04 2023]
Finished job 1693.
5 of 4002 steps (0.1%) done
[Sat Dec 16 20:32:04 2023]
Finished job 1938.
6 of 4002 steps (0.1%) done
[Sat Dec 16 20:32:04 2023]
Finished job 1749.
7 of 4002 steps (0.2%) done
[Sat Dec 16 20:32:04 2023]
Finished job 1378.
8 of 4002 steps (0.2%) done
[Sat Dec 16 20:32:04 2023]
Finished job 1161.
9 of 4002 steps (0.2%) done
[Sat Dec 16 20:32:05 2023]
Finished job 1014.
10 of 4002 steps (0.2%) done
[Sat Dec 16 20:32:05 2023]
Finished job 1049.
11 of 4002 steps (0.3%) done
[Sat Dec 16 20:32:05 2023]
Finished job 804.
12 of 4002 steps (0.3%) done
[Sat Dec 16 20:32:05 2023]
Finished job 1924.
13 of 4002 steps (0.3%) done
[Sat Dec 16 20:32:05 2023]
Finished job 979.
14 of 4002 steps (0.3%) done
[Sat Dec 16 20:32:05 2023]
Finished job 930.
15 of 4002 steps (0.4%) done
[Sat Dec 16 20:32:05 2023]
Finished job 1476.
16 of 4002 steps (0.4%) done
[Sat Dec 16 20:32:05 2023]
Finished job 1308.
17 of 4002 steps (0.4%) done
[Sat Dec 16 20:32:05 2023]
Finished job 1672.
18 of 4002 steps (0.4%) done
[Sat Dec 16 20:32:05 2023]
Finished job 1553.
19 of 4002 steps (0.5%) done
[Sat Dec 16 20:32:05 2023]
Finished job 258.
20 of 4002 steps (0.5%) done
[Sat Dec 16 20:32:05 2023]
Finished job 1056.
21 of 4002 steps (1%) done
[Sat Dec 16 20:32:05 2023]
Finished job 1175.
22 of 4002 steps (1%) done
[Sat Dec 16 20:32:05 2023]
Finished job 2211.
23 of 4002 steps (1%) done
Shutting down, this might take some time.
Exiting because a job execution failed. Look above for error message
Complete log: .snakemake/log/2023-12-16T203126.818906.snakemake.log
