Building DAG of jobs...
Using shell: /usr/bin/bash
Provided cores: 4
Rules claiming more threads will be scaled down.
Conda environments: ignored
Job stats:
job                     count
--------------------  -------
all                         1
unibind_make_targets        1
total                       2

Select jobs to execute...

[Sun Dec 24 10:51:16 2023]
Job 1: 
        Returns list of all TFs and their JASPAR profiles from UniBind
        
Reason: Missing output files: resources/data/unibind/targets.txt

[Sun Dec 24 10:51:16 2023]
Finished job 1.
1 of 2 steps (50%) done
Select jobs to execute...

[Sun Dec 24 10:51:16 2023]
localrule all:
    input: resources/data/unibind/targets.txt, resources/data/unibind/damo_hg38_all_TFBS_unpacked_flat
    jobid: 0
    reason: Input files updated by another job: resources/data/unibind/targets.txt
    resources: tmpdir=/tmp

[Sun Dec 24 10:51:16 2023]
Finished job 0.
2 of 2 steps (100%) done
Complete log: .snakemake/log/2023-12-24T105114.464979.snakemake.log
