Building DAG of jobs...
Your conda installation is not configured to use strict channel priorities. This is however crucial for having robust and correct environments (for details, see https://conda-forge.org/docs/user/tipsandtricks.html). Please consider to configure strict priorities by executing 'conda config --set channel_priority strict'.
Using shell: /usr/bin/bash
Provided cores: 24
Rules claiming more threads will be scaled down.
Job stats:
job                                     count
------------------------------------  -------
activity_activity_metadata                  1
activity_activity_metaplot                  1
activity_activity_stats                     2
activity_combine_activity                   1
activity_combine_plots                      1
activity_intersect_motifs                   2
activity_map_activity                       2
activity_plot_activity                      2
activity_profile_filesets                   2
activity_score_unibind                      2
activity_unibind_sites                      2
all                                         1
tfbscan_PWMScan_compile_pwmscan             1
tfbscan_scan_bed2fasta                      2
tfbscan_scan_calculate_probabilities        2
tfbscan_scan_compress_sites                 2
tfbscan_scan_process_probabilities          2
tfbscan_scan_scan_genome                    2
total                                      30

Select jobs to execute...

[Tue Dec 26 11:13:02 2023]
Job 13: 
        Compiles PWMScan. Note c99 flag.
        Installs into resources/software by default.
        
Reason: Updated input files: https://raw.githubusercontent.com/ctubbs750/PWMScan/main/resources/software/PWMScan/matrix_prob.c (cached), https://raw.githubusercontent.com/ctubbs750/PWMScan/main/resources/software/PWMScan/matrix_scan.c (cached)


[Tue Dec 26 11:13:02 2023]
Job 35: 
        Outputs a list of bed files covering a given TF
        
Reason: Missing output files: results/activity/MA0603.1/MA0603.1-fileset.tsv


[Tue Dec 26 11:13:02 2023]
Job 19: 
        Outputs a list of bed files covering a given TF
        
Reason: Missing output files: results/activity/MA0007.3/MA0007.3-fileset.tsv

[Tue Dec 26 11:13:02 2023]
Finished job 35.
1 of 30 steps (3%) done
Select jobs to execute...

[Tue Dec 26 11:13:02 2023]
Job 34: 
        Combines UniBind predictions into single sites file.
        1. vawk seen removes duplicate seqs across celltypes
        2. vawk split pulls out the matching sequence
        3. Sort by genomic coordinate
        
Reason: Missing output files: results/activity/MA0603.1/MA0603.1-unibind.tsv; Input files updated by another job: results/activity/MA0603.1/MA0603.1-fileset.tsv

Activating conda environment: ../../../../../../../../../../../../../home/tubbsca/snakemake_condas/9e211a826b4153ae8977fb2d94caf0a0_
[Tue Dec 26 11:13:02 2023]
Finished job 19.
2 of 30 steps (7%) done
Select jobs to execute...

[Tue Dec 26 11:13:02 2023]
Job 18: 
        Combines UniBind predictions into single sites file.
        1. vawk seen removes duplicate seqs across celltypes
        2. vawk split pulls out the matching sequence
        3. Sort by genomic coordinate
        
Reason: Missing output files: results/activity/MA0007.3/MA0007.3-unibind.tsv; Input files updated by another job: results/activity/MA0007.3/MA0007.3-fileset.tsv

Activating conda environment: ../../../../../../../../../../../../../home/tubbsca/snakemake_condas/9e211a826b4153ae8977fb2d94caf0a0_
[Tue Dec 26 11:13:02 2023]
Finished job 13.
3 of 30 steps (10%) done
Select jobs to execute...

[Tue Dec 26 11:13:02 2023]
Job 12: 
        Generates pval distribution for given PWM.
        
Reason: Input files updated by another job: resources/software/PWMScan/matrix_prob


[Tue Dec 26 11:13:02 2023]
Job 31: 
        Generates pval distribution for given PWM.
        
Reason: Input files updated by another job: resources/software/PWMScan/matrix_prob

[Tue Dec 26 11:13:03 2023]
Finished job 12.
4 of 30 steps (13%) done
Select jobs to execute...

[Tue Dec 26 11:13:03 2023]
Job 11: 
        Relative threshold is percentage of best PWM.
        For 80%, format as interger 80. Makes life easier.
        
Reason: Input files updated by another job: results/tfbs-scan/MA0007.3/MA0007.3-pvals.raw

[Tue Dec 26 11:13:03 2023]
Finished job 31.
5 of 30 steps (17%) done
Select jobs to execute...

[Tue Dec 26 11:13:03 2023]
Job 30: 
        Relative threshold is percentage of best PWM.
        For 80%, format as interger 80. Makes life easier.
        
Reason: Input files updated by another job: results/tfbs-scan/MA0603.1/MA0603.1-pvals.raw

[Tue Dec 26 11:13:03 2023]
Finished job 11.
6 of 30 steps (20%) done
Select jobs to execute...

[Tue Dec 26 11:13:03 2023]
Job 8: 
        Scans reference genome for matches againts input motif.
        
Reason: Missing output files: results/tfbs-scan/MA0007.3/MA0007.3-sites.bed; Input files updated by another job: resources/software/PWMScan/matrix_scan, results/tfbs-scan/MA0007.3/MA0007.3-coeff.txt

[Tue Dec 26 11:13:03 2023]
Finished job 30.
7 of 30 steps (23%) done
Select jobs to execute...

[Tue Dec 26 11:13:03 2023]
Job 27: 
        Scans reference genome for matches againts input motif.
        
Reason: Missing output files: results/tfbs-scan/MA0603.1/MA0603.1-sites.bed; Input files updated by another job: resources/software/PWMScan/matrix_scan, results/tfbs-scan/MA0603.1/MA0603.1-coeff.txt

[Tue Dec 26 11:13:03 2023]
Finished job 34.
8 of 30 steps (27%) done
Select jobs to execute...

[Tue Dec 26 11:13:03 2023]
rule activity_score_unibind:
    input: results/activity/MA0603.1/MA0603.1-unibind.tsv, results/tfbs-scan/MA0603.1/MA0603.1-pwm.txt
    output: results/activity/MA0603.1/MA0603.1-unibind_scored.tsv
    log: workflow/logs/score_unibind_MA0603.1.stdout, workflow/logs/score_unibind_MA0603.1.stderr
    jobid: 33
    reason: Missing output files: results/activity/MA0603.1/MA0603.1-unibind_scored.tsv; Input files updated by another job: results/activity/MA0603.1/MA0603.1-unibind.tsv
    wildcards: PROFILE=MA0603.1
    threads: 2
    resources: tmpdir=/tmp

Activating conda environment: ../../../../../../../../../../../../../home/tubbsca/snakemake_condas/9e211a826b4153ae8977fb2d94caf0a0_
Activating conda environment: ../../../../../../../../../../../../../home/tubbsca/snakemake_condas/9e211a826b4153ae8977fb2d94caf0a0_
[Tue Dec 26 11:13:06 2023]
Finished job 33.
9 of 30 steps (30%) done
[Tue Dec 26 11:13:44 2023]
Finished job 18.
10 of 30 steps (33%) done
Select jobs to execute...

[Tue Dec 26 11:13:44 2023]
rule activity_score_unibind:
    input: results/activity/MA0007.3/MA0007.3-unibind.tsv, results/tfbs-scan/MA0007.3/MA0007.3-pwm.txt
    output: results/activity/MA0007.3/MA0007.3-unibind_scored.tsv
    log: workflow/logs/score_unibind_MA0007.3.stdout, workflow/logs/score_unibind_MA0007.3.stderr
    jobid: 17
    reason: Missing output files: results/activity/MA0007.3/MA0007.3-unibind_scored.tsv; Input files updated by another job: results/activity/MA0007.3/MA0007.3-unibind.tsv
    wildcards: PROFILE=MA0007.3
    threads: 2
    resources: tmpdir=/tmp

Activating conda environment: ../../../../../../../../../../../../../home/tubbsca/snakemake_condas/9e211a826b4153ae8977fb2d94caf0a0_
Activating conda environment: ../../../../../../../../../../../../../home/tubbsca/snakemake_condas/9e211a826b4153ae8977fb2d94caf0a0_
[Tue Dec 26 11:15:36 2023]
Finished job 27.
11 of 30 steps (37%) done
Select jobs to execute...

[Tue Dec 26 11:15:36 2023]
Job 32: 
        Some utilities want FASTA format, useful to have on hand.
        - Note -s, keep strand information correct. Reports rev comp for neg seqs.
        
Reason: Missing output files: results/tfbs-scan/MA0603.1/MA0603.1-sites.fa; Input files updated by another job: results/tfbs-scan/MA0603.1/MA0603.1-sites.bed

Activating conda environment: ../../../../../../../../../../../../../home/tubbsca/snakemake_condas/9f9842bbfc31decc8a1ad02a46329d02_
[Tue Dec 26 11:16:00 2023]
Finished job 8.
12 of 30 steps (40%) done
Select jobs to execute...

[Tue Dec 26 11:16:00 2023]
Job 16: 
        Some utilities want FASTA format, useful to have on hand.
        - Note -s, keep strand information correct. Reports rev comp for neg seqs.
        
Reason: Missing output files: results/tfbs-scan/MA0007.3/MA0007.3-sites.fa; Input files updated by another job: results/tfbs-scan/MA0007.3/MA0007.3-sites.bed

Activating conda environment: ../../../../../../../../../../../../../home/tubbsca/snakemake_condas/9f9842bbfc31decc8a1ad02a46329d02_
[Tue Dec 26 11:16:02 2023]
Finished job 17.
13 of 30 steps (43%) done
[Tue Dec 26 11:16:37 2023]
Finished job 16.
14 of 30 steps (47%) done
Select jobs to execute...

[Tue Dec 26 11:16:37 2023]
Job 7: 
        Compress sites files to minimize storage.
        
Reason: Input files updated by another job: results/tfbs-scan/MA0007.3/MA0007.3-sites.bed, results/tfbs-scan/MA0007.3/MA0007.3-sites.fa

[Tue Dec 26 11:16:48 2023]
Finished job 7.
15 of 30 steps (50%) done
Select jobs to execute...

[Tue Dec 26 11:16:48 2023]
rule activity_intersect_motifs:
    input: results/tfbs-scan/MA0007.3/MA0007.3-sites.bed.gz, results/activity/MA0007.3/MA0007.3-unibind_scored.tsv
    output: results/activity/MA0007.3/MA0007.3-unibind_intersect.bed
    log: workflow/logs/intersect_motifs_MA0007.3.stdout, workflow/logs/intersect_motifs_MA0007.3.stderr
    jobid: 6
    reason: Missing output files: results/activity/MA0007.3/MA0007.3-unibind_intersect.bed; Input files updated by another job: results/activity/MA0007.3/MA0007.3-unibind_scored.tsv, results/tfbs-scan/MA0007.3/MA0007.3-sites.bed.gz
    wildcards: PROFILE=MA0007.3
    threads: 2
    resources: tmpdir=/tmp

Activating conda environment: ../../../../../../../../../../../../../home/tubbsca/snakemake_condas/9e211a826b4153ae8977fb2d94caf0a0_
[Tue Dec 26 11:16:52 2023]
Finished job 6.
16 of 30 steps (53%) done
Select jobs to execute...

[Tue Dec 26 11:16:52 2023]
rule activity_map_activity:
    input: results/activity/MA0007.3/MA0007.3-unibind_intersect.bed
    output: results/activity/MA0007.3/MA0007.3-map.tsv
    log: workflow/logs/map_activity_MA0007.3.stdout, workflow/logs/map_activity_MA0007.3.stderr
    jobid: 5
    reason: Missing output files: results/activity/MA0007.3/MA0007.3-map.tsv; Input files updated by another job: results/activity/MA0007.3/MA0007.3-unibind_intersect.bed
    wildcards: PROFILE=MA0007.3
    threads: 2
    resources: tmpdir=/tmp

Activating conda environment: ../../../../../../../../../../../../../home/tubbsca/snakemake_condas/9e211a826b4153ae8977fb2d94caf0a0_
[Tue Dec 26 11:17:00 2023]
Finished job 5.
17 of 30 steps (57%) done
Select jobs to execute...

[Tue Dec 26 11:17:00 2023]
rule activity_activity_stats:
    input: results/activity/MA0007.3/MA0007.3-map.tsv, results/tfbs-scan/MA0007.3/MA0007.3-pvals.txt
    output: results/activity/MA0007.3/MA0007.3-map_statistics.tsv
    log: workflow/logs/activity_stats_MA0007.3.stdout, workflow/logs/activity_stats_MA0007.3.stderr
    jobid: 4
    reason: Missing output files: results/activity/MA0007.3/MA0007.3-map_statistics.tsv; Input files updated by another job: results/tfbs-scan/MA0007.3/MA0007.3-pvals.txt, results/activity/MA0007.3/MA0007.3-map.tsv
    wildcards: PROFILE=MA0007.3
    threads: 2
    resources: tmpdir=/tmp

Activating conda environment: ../../../../../../../../../../../../../home/tubbsca/snakemake_condas/9e211a826b4153ae8977fb2d94caf0a0_
Activating conda environment: ../../../../../../../../../../../../../home/tubbsca/snakemake_condas/9e211a826b4153ae8977fb2d94caf0a0_
[Tue Dec 26 11:17:03 2023]
Finished job 4.
18 of 30 steps (60%) done
Select jobs to execute...

[Tue Dec 26 11:17:03 2023]
rule activity_plot_activity:
    input: results/activity/MA0007.3/MA0007.3-map_statistics.tsv, results/activity/MA0007.3/MA0007.3-fileset.tsv
    output: results/activity/MA0007.3/MA0007.3-activity.pdf
    log: workflow/logs/plot_activity_MA0007.3.stdout, workflow/logs/plot_activity_MA0007.3.stderr
    jobid: 37
    reason: Missing output files: results/activity/MA0007.3/MA0007.3-activity.pdf; Input files updated by another job: results/activity/MA0007.3/MA0007.3-map_statistics.tsv, results/activity/MA0007.3/MA0007.3-fileset.tsv
    wildcards: PROFILE=MA0007.3
    threads: 2
    resources: tmpdir=/tmp

Activating conda environment: ../../../../../../../../../../../../../home/tubbsca/snakemake_condas/592e511923cd0331a43afb344d4a5911_
[Tue Dec 26 11:17:12 2023]
Finished job 37.
19 of 30 steps (63%) done
[Tue Dec 26 11:20:08 2023]
Finished job 32.
20 of 30 steps (67%) done
Select jobs to execute...

[Tue Dec 26 11:20:08 2023]
Job 26: 
        Compress sites files to minimize storage.
        
Reason: Input files updated by another job: results/tfbs-scan/MA0603.1/MA0603.1-sites.bed, results/tfbs-scan/MA0603.1/MA0603.1-sites.fa

[Tue Dec 26 11:20:55 2023]
Finished job 26.
21 of 30 steps (70%) done
Select jobs to execute...

[Tue Dec 26 11:20:55 2023]
rule activity_intersect_motifs:
    input: results/tfbs-scan/MA0603.1/MA0603.1-sites.bed.gz, results/activity/MA0603.1/MA0603.1-unibind_scored.tsv
    output: results/activity/MA0603.1/MA0603.1-unibind_intersect.bed
    log: workflow/logs/intersect_motifs_MA0603.1.stdout, workflow/logs/intersect_motifs_MA0603.1.stderr
    jobid: 25
    reason: Missing output files: results/activity/MA0603.1/MA0603.1-unibind_intersect.bed; Input files updated by another job: results/activity/MA0603.1/MA0603.1-unibind_scored.tsv, results/tfbs-scan/MA0603.1/MA0603.1-sites.bed.gz
    wildcards: PROFILE=MA0603.1
    threads: 2
    resources: tmpdir=/tmp

Activating conda environment: ../../../../../../../../../../../../../home/tubbsca/snakemake_condas/9e211a826b4153ae8977fb2d94caf0a0_
[Tue Dec 26 11:21:14 2023]
Finished job 25.
22 of 30 steps (73%) done
Select jobs to execute...

[Tue Dec 26 11:21:14 2023]
rule activity_map_activity:
    input: results/activity/MA0603.1/MA0603.1-unibind_intersect.bed
    output: results/activity/MA0603.1/MA0603.1-map.tsv
    log: workflow/logs/map_activity_MA0603.1.stdout, workflow/logs/map_activity_MA0603.1.stderr
    jobid: 24
    reason: Missing output files: results/activity/MA0603.1/MA0603.1-map.tsv; Input files updated by another job: results/activity/MA0603.1/MA0603.1-unibind_intersect.bed
    wildcards: PROFILE=MA0603.1
    threads: 2
    resources: tmpdir=/tmp

Activating conda environment: ../../../../../../../../../../../../../home/tubbsca/snakemake_condas/9e211a826b4153ae8977fb2d94caf0a0_
[Tue Dec 26 11:22:10 2023]
Finished job 24.
23 of 30 steps (77%) done
Select jobs to execute...

[Tue Dec 26 11:22:10 2023]
rule activity_activity_stats:
    input: results/activity/MA0603.1/MA0603.1-map.tsv, results/tfbs-scan/MA0603.1/MA0603.1-pvals.txt
    output: results/activity/MA0603.1/MA0603.1-map_statistics.tsv
    log: workflow/logs/activity_stats_MA0603.1.stdout, workflow/logs/activity_stats_MA0603.1.stderr
    jobid: 23
    reason: Missing output files: results/activity/MA0603.1/MA0603.1-map_statistics.tsv; Input files updated by another job: results/tfbs-scan/MA0603.1/MA0603.1-pvals.txt, results/activity/MA0603.1/MA0603.1-map.tsv
    wildcards: PROFILE=MA0603.1
    threads: 2
    resources: tmpdir=/tmp

Activating conda environment: ../../../../../../../../../../../../../home/tubbsca/snakemake_condas/9e211a826b4153ae8977fb2d94caf0a0_
Activating conda environment: ../../../../../../../../../../../../../home/tubbsca/snakemake_condas/9e211a826b4153ae8977fb2d94caf0a0_
[Tue Dec 26 11:22:13 2023]
Finished job 23.
24 of 30 steps (80%) done
Select jobs to execute...

[Tue Dec 26 11:22:13 2023]
rule activity_combine_activity:
    input: results/activity/MA0007.3/MA0007.3-map_statistics.tsv, results/activity/MA0603.1/MA0603.1-map_statistics.tsv
    output: results/activity/activity_data_combined.tsv
    log: workflow/logs/combine_activity.stdout, workflow/logs/combine_activity.stderr
    jobid: 3
    reason: Missing output files: results/activity/activity_data_combined.tsv; Input files updated by another job: results/activity/MA0007.3/MA0007.3-map_statistics.tsv, results/activity/MA0603.1/MA0603.1-map_statistics.tsv
    threads: 2
    resources: tmpdir=/tmp


[Tue Dec 26 11:22:13 2023]
rule activity_plot_activity:
    input: results/activity/MA0603.1/MA0603.1-map_statistics.tsv, results/activity/MA0603.1/MA0603.1-fileset.tsv
    output: results/activity/MA0603.1/MA0603.1-activity.pdf
    log: workflow/logs/plot_activity_MA0603.1.stdout, workflow/logs/plot_activity_MA0603.1.stderr
    jobid: 38
    reason: Missing output files: results/activity/MA0603.1/MA0603.1-activity.pdf; Input files updated by another job: results/activity/MA0603.1/MA0603.1-map_statistics.tsv, results/activity/MA0603.1/MA0603.1-fileset.tsv
    wildcards: PROFILE=MA0603.1
    threads: 2
    resources: tmpdir=/tmp

Activating conda environment: ../../../../../../../../../../../../../home/tubbsca/snakemake_condas/592e511923cd0331a43afb344d4a5911_
[Tue Dec 26 11:22:13 2023]
Finished job 3.
25 of 30 steps (83%) done
Select jobs to execute...

[Tue Dec 26 11:22:13 2023]
rule activity_activity_metadata:
    input: results/activity/activity_data_combined.tsv
    output: results/activity/activity_metadata-summary.tsv
    log: workflow/logs/activity_metadata.stdout, workflow/logs/activity_metadata.stderr
    jobid: 2
    reason: Missing output files: results/activity/activity_metadata-summary.tsv; Input files updated by another job: results/activity/activity_data_combined.tsv
    threads: 2
    resources: tmpdir=/tmp

Activating conda environment: ../../../../../../../../../../../../../home/tubbsca/snakemake_condas/9e211a826b4153ae8977fb2d94caf0a0_
Activating conda environment: ../../../../../../../../../../../../../home/tubbsca/snakemake_condas/9e211a826b4153ae8977fb2d94caf0a0_
[Tue Dec 26 11:22:16 2023]
Finished job 2.
26 of 30 steps (87%) done
Select jobs to execute...

[Tue Dec 26 11:22:16 2023]
Job 1: 
        Plotting of metadata.
        
Reason: Missing output files: results/activity/activity_metaplot.pdf; Input files updated by another job: results/activity/activity_data_combined.tsv, results/activity/activity_metadata-summary.tsv

Activating conda environment: ../../../../../../../../../../../../../home/tubbsca/snakemake_condas/592e511923cd0331a43afb344d4a5911_
[Tue Dec 26 11:22:22 2023]
Finished job 38.
27 of 30 steps (90%) done
Select jobs to execute...

[Tue Dec 26 11:22:22 2023]
Job 36: 
        Combines individual plots into scrollable pdf
        
Reason: Missing output files: results/activity/activity_all.pdf; Input files updated by another job: results/activity/MA0603.1/MA0603.1-activity.pdf, results/activity/MA0007.3/MA0007.3-activity.pdf

Activating conda environment: ../../../../../../../../../../../../../home/tubbsca/snakemake_condas/9e211a826b4153ae8977fb2d94caf0a0_
Activating conda environment: ../../../../../../../../../../../../../home/tubbsca/snakemake_condas/9e211a826b4153ae8977fb2d94caf0a0_
[Tue Dec 26 11:22:24 2023]
Error in rule activity_combine_plots:
    jobid: 36
    input: results/activity/MA0007.3/MA0007.3-activity.pdf, results/activity/MA0603.1/MA0603.1-activity.pdf
    output: results/activity/activity_all.pdf
    log: workflow/logs/combine_plots.stdout, workflow/logs/combine_plots.stderr (check log file(s) for error details)
    conda-env: /home/tubbsca/snakemake_condas/9e211a826b4153ae8977fb2d94caf0a0_

RuleException:
CalledProcessError in file /panfs/accrepfs.vampire/data/ruderferlab/projects/biovu/cnv/cre/CTCF-Variant-Annotation/snakemake/workflows/common/tfbs-activity/workflow/rules/activity.smk, line 249:
Command 'source /panfs/accrepfs.vampire/home/tubbsca/miniforge-pypy3/bin/activate '/home/tubbsca/snakemake_condas/9e211a826b4153ae8977fb2d94caf0a0_'; set -euo pipefail;  python /panfs/accrepfs.vampire/data/ruderferlab/projects/biovu/cnv/cre/CTCF-Variant-Annotation/snakemake/workflows/common/tfbs-activity/.snakemake/scripts/tmpefeg4s82.combine.py' returned non-zero exit status 1.
  File "/panfs/accrepfs.vampire/data/ruderferlab/projects/biovu/cnv/cre/CTCF-Variant-Annotation/snakemake/workflows/common/tfbs-activity/workflow/rules/activity.smk", line 249, in __rule_combine_plots
  File "/accre/arch/easybuild/software/BinDist/Anaconda3/2022.05/lib/python3.9/concurrent/futures/thread.py", line 58, in run
[Tue Dec 26 11:22:25 2023]
Finished job 1.
28 of 30 steps (93%) done
Shutting down, this might take some time.
Exiting because a job execution failed. Look above for error message
Complete log: .snakemake/log/2023-12-26T111250.465046.snakemake.log
