Building DAG of jobs...
Your conda installation is not configured to use strict channel priorities. This is however crucial for having robust and correct environments (for details, see https://conda-forge.org/docs/user/tipsandtricks.html). Please consider to configure strict priorities by executing 'conda config --set channel_priority strict'.
Using shell: /usr/bin/bash
Provided cores: 12
Rules claiming more threads will be scaled down.
Job stats:
job                                   count
----------------------------------  -------
activity_intersect_motifs                 5
activity_map_acitvity                     5
activity_merge_percentiles                5
all                                       1
pwmscan_main_bed2fasta                    5
pwmscan_main_calc_probabilities           5
pwmscan_main_compile_pwmscan              1
pwmscan_main_compress_sites               5
pwmscan_main_process_probabilities        5
pwmscan_main_scan_genome                  5
total                                    42

Select jobs to execute...

[Thu Dec 14 09:21:22 2023]
Job 7: 
        c99 mode
        
Reason: Updated input files: https://raw.githubusercontent.com/ctubbs750/pwm-scan/main/resources/software/PWMScan/matrix_prob.c (cached), https://raw.githubusercontent.com/ctubbs750/pwm-scan/main/resources/software/PWMScan/matrix_scan.c (cached)

[Thu Dec 14 09:21:22 2023]
Finished job 7.
1 of 42 steps (2%) done
Select jobs to execute...

[Thu Dec 14 09:21:22 2023]
Job 6: 
        - Generates pval distribution for given PWM.
        
Reason: Missing output files: results/pwmscan/MA0002.2/MA0002.2-pvals.raw; Input files updated by another job: resources/software/PWMScan/matrix_prob


[Thu Dec 14 09:21:22 2023]
Job 21: 
        - Generates pval distribution for given PWM.
        
Reason: Missing output files: results/pwmscan/MA0004.1/MA0004.1-pvals.raw; Input files updated by another job: resources/software/PWMScan/matrix_prob


[Thu Dec 14 09:21:22 2023]
Job 35: 
        - Generates pval distribution for given PWM.
        
Reason: Missing output files: results/pwmscan/MA0007.3/MA0007.3-pvals.raw; Input files updated by another job: resources/software/PWMScan/matrix_prob


[Thu Dec 14 09:21:23 2023]
Job 14: 
        - Generates pval distribution for given PWM.
        
Reason: Missing output files: results/pwmscan/MA0003.4/MA0003.4-pvals.raw; Input files updated by another job: resources/software/PWMScan/matrix_prob


[Thu Dec 14 09:21:23 2023]
Job 28: 
        - Generates pval distribution for given PWM.
        
Reason: Missing output files: results/pwmscan/MA0006.1/MA0006.1-pvals.raw; Input files updated by another job: resources/software/PWMScan/matrix_prob

[Thu Dec 14 09:21:23 2023]
Finished job 6.
2 of 42 steps (5%) done
[Thu Dec 14 09:21:23 2023]
Finished job 21.
3 of 42 steps (7%) done
Select jobs to execute...

[Thu Dec 14 09:21:23 2023]
Job 20: 
        - Relative threshold is percentage of best PWM.
        For 80%, format as interger 80. Makes life easier.
        
Reason: Input files updated by another job: results/pwmscan/MA0004.1/MA0004.1-pvals.raw


[Thu Dec 14 09:21:23 2023]
Job 5: 
        - Relative threshold is percentage of best PWM.
        For 80%, format as interger 80. Makes life easier.
        
Reason: Input files updated by another job: results/pwmscan/MA0002.2/MA0002.2-pvals.raw

[Thu Dec 14 09:21:23 2023]
Finished job 14.
4 of 42 steps (10%) done
[Thu Dec 14 09:21:23 2023]
Finished job 28.
5 of 42 steps (12%) done
[Thu Dec 14 09:21:23 2023]
Finished job 35.
6 of 42 steps (14%) done
[Thu Dec 14 09:21:23 2023]
Finished job 20.
7 of 42 steps (17%) done
Removing temporary output results/pwmscan/MA0004.1/MA0004.1-pvals.raw.
Select jobs to execute...

[Thu Dec 14 09:21:23 2023]
Job 34: 
        - Relative threshold is percentage of best PWM.
        For 80%, format as interger 80. Makes life easier.
        
Reason: Input files updated by another job: results/pwmscan/MA0007.3/MA0007.3-pvals.raw


[Thu Dec 14 09:21:23 2023]
Job 13: 
        - Relative threshold is percentage of best PWM.
        For 80%, format as interger 80. Makes life easier.
        
Reason: Input files updated by another job: results/pwmscan/MA0003.4/MA0003.4-pvals.raw


[Thu Dec 14 09:21:23 2023]
Job 27: 
        - Relative threshold is percentage of best PWM.
        For 80%, format as interger 80. Makes life easier.
        
Reason: Input files updated by another job: results/pwmscan/MA0006.1/MA0006.1-pvals.raw


[Thu Dec 14 09:21:23 2023]
Job 17: 
        - Scans rerference genome for matches againts input motif.
        
Reason: Input files updated by another job: resources/software/PWMScan/matrix_scan, results/pwmscan/MA0004.1/MA0004.1-coeff.txt

[Thu Dec 14 09:21:23 2023]
Finished job 5.
8 of 42 steps (19%) done
Removing temporary output results/pwmscan/MA0002.2/MA0002.2-pvals.raw.
[Thu Dec 14 09:21:23 2023]
Finished job 34.
9 of 42 steps (21%) done
Removing temporary output results/pwmscan/MA0007.3/MA0007.3-pvals.raw.
[Thu Dec 14 09:21:23 2023]
Finished job 13.
10 of 42 steps (24%) done
Removing temporary output results/pwmscan/MA0003.4/MA0003.4-pvals.raw.
[Thu Dec 14 09:21:23 2023]
Finished job 27.
11 of 42 steps (26%) done
Removing temporary output results/pwmscan/MA0006.1/MA0006.1-pvals.raw.
Select jobs to execute...

[Thu Dec 14 09:21:23 2023]
Job 2: 
        - Scans rerference genome for matches againts input motif.
        
Reason: Input files updated by another job: resources/software/PWMScan/matrix_scan, results/pwmscan/MA0002.2/MA0002.2-coeff.txt


[Thu Dec 14 09:21:23 2023]
Job 24: 
        - Scans rerference genome for matches againts input motif.
        
Reason: Input files updated by another job: results/pwmscan/MA0006.1/MA0006.1-coeff.txt, resources/software/PWMScan/matrix_scan


[Thu Dec 14 09:21:23 2023]
Job 31: 
        - Scans rerference genome for matches againts input motif.
        
Reason: Missing output files: results/pwmscan/MA0007.3/MA0007.3-sites.bed; Input files updated by another job: resources/software/PWMScan/matrix_scan, results/pwmscan/MA0007.3/MA0007.3-coeff.txt


[Thu Dec 14 09:21:23 2023]
Job 10: 
        - Scans rerference genome for matches againts input motif.
        
Reason: Input files updated by another job: resources/software/PWMScan/matrix_scan, results/pwmscan/MA0003.4/MA0003.4-coeff.txt

[Thu Dec 14 09:22:51 2023]
Finished job 17.
12 of 42 steps (29%) done
Select jobs to execute...

[Thu Dec 14 09:22:51 2023]
Job 22: 
        - Note -s, keep strand information correct. Reports rev comp for neg seqs.
        
Reason: Input files updated by another job: results/pwmscan/MA0004.1/MA0004.1-sites.bed

Activating conda environment: ../../../../../../../../../../../../../home/tubbsca/snakemake_condas/9f9842bbfc31decc8a1ad02a46329d02_
[Thu Dec 14 09:22:54 2023]
Finished job 10.
13 of 42 steps (31%) done
Select jobs to execute...

[Thu Dec 14 09:22:54 2023]
Job 15: 
        - Note -s, keep strand information correct. Reports rev comp for neg seqs.
        
Reason: Input files updated by another job: results/pwmscan/MA0003.4/MA0003.4-sites.bed

Activating conda environment: ../../../../../../../../../../../../../home/tubbsca/snakemake_condas/9f9842bbfc31decc8a1ad02a46329d02_
[Thu Dec 14 09:22:57 2023]
Finished job 24.
14 of 42 steps (33%) done
Select jobs to execute...

[Thu Dec 14 09:22:57 2023]
Job 29: 
        - Note -s, keep strand information correct. Reports rev comp for neg seqs.
        
Reason: Input files updated by another job: results/pwmscan/MA0006.1/MA0006.1-sites.bed

Activating conda environment: ../../../../../../../../../../../../../home/tubbsca/snakemake_condas/9f9842bbfc31decc8a1ad02a46329d02_
[Thu Dec 14 09:23:13 2023]
Finished job 2.
15 of 42 steps (36%) done
Select jobs to execute...

[Thu Dec 14 09:23:13 2023]
Job 8: 
        - Note -s, keep strand information correct. Reports rev comp for neg seqs.
        
Reason: Input files updated by another job: results/pwmscan/MA0002.2/MA0002.2-sites.bed

Activating conda environment: ../../../../../../../../../../../../../home/tubbsca/snakemake_condas/9f9842bbfc31decc8a1ad02a46329d02_
[Thu Dec 14 09:23:14 2023]
Finished job 31.
16 of 42 steps (38%) done
Select jobs to execute...

[Thu Dec 14 09:23:14 2023]
Job 36: 
        - Note -s, keep strand information correct. Reports rev comp for neg seqs.
        
Reason: Missing output files: results/pwmscan/MA0007.3/MA0007.3-sites.fa; Input files updated by another job: results/pwmscan/MA0007.3/MA0007.3-sites.bed

Activating conda environment: ../../../../../../../../../../../../../home/tubbsca/snakemake_condas/9f9842bbfc31decc8a1ad02a46329d02_
[Thu Dec 14 09:24:05 2023]
Finished job 36.
17 of 42 steps (40%) done
Select jobs to execute...

[Thu Dec 14 09:24:05 2023]
Job 30: 
        - d
        
Reason: Input files updated by another job: results/pwmscan/MA0007.3/MA0007.3-sites.fa, results/pwmscan/MA0007.3/MA0007.3-sites.bed

[Thu Dec 14 09:24:12 2023]
Finished job 30.
18 of 42 steps (43%) done
Select jobs to execute...

[Thu Dec 14 09:24:12 2023]
rule activity_intersect_motifs:
    input: results/pwmscan/MA0007.3/MA0007.3-sites.bed.gz, results/activity/MA0007.3/MA0007.3-unibind_scored.tsv
    output: results/activity/MA0007.3/MA0007.3-unibind_intersect.bed
    jobid: 63
    reason: Input files updated by another job: results/pwmscan/MA0007.3/MA0007.3-sites.bed.gz
    wildcards: PROFILE=MA0007.3
    resources: tmpdir=/tmp

[Thu Dec 14 09:24:14 2023]
Finished job 63.
19 of 42 steps (45%) done
Select jobs to execute...

[Thu Dec 14 09:24:14 2023]
rule activity_map_acitvity:
    input: results/activity/MA0007.3/MA0007.3-unibind_intersect.bed
    output: results/activity/MA0007.3/MA0007.3-map.tsv
    jobid: 62
    reason: Input files updated by another job: results/activity/MA0007.3/MA0007.3-unibind_intersect.bed
    wildcards: PROFILE=MA0007.3
    resources: tmpdir=/tmp

[Thu Dec 14 09:24:19 2023]
Finished job 62.
20 of 42 steps (48%) done
Select jobs to execute...

[Thu Dec 14 09:24:19 2023]
rule activity_merge_percentiles:
    input: results/activity/MA0007.3/MA0007.3-map.tsv, results/pwmscan/MA0007.3/MA0007.3-pvals.txt
    output: results/activity/MA0007.3/MA0007.3-map_percentiles.tsv
    jobid: 61
    reason: Missing output files: results/activity/MA0007.3/MA0007.3-map_percentiles.tsv; Input files updated by another job: results/activity/MA0007.3/MA0007.3-map.tsv, results/pwmscan/MA0007.3/MA0007.3-pvals.txt
    wildcards: PROFILE=MA0007.3
    resources: tmpdir=/tmp

[Thu Dec 14 09:24:19 2023]
Error in rule activity_merge_percentiles:
    jobid: 61
    input: results/activity/MA0007.3/MA0007.3-map.tsv, results/pwmscan/MA0007.3/MA0007.3-pvals.txt
    output: results/activity/MA0007.3/MA0007.3-map_percentiles.tsv
    shell:
        
        sort -k1n results/activity/MA0007.3/MA0007.3-map.tsv > results/activity/MA0007.3/MA0007.3-a_sort
        tr -s " " "	" < results/pwmscan/MA0007.3/MA0007.3-pvals.txt | sort -k1n > results/activity/MA0007.3/MA0007.3-p_sort
        join --check-order -t $'	' -j1 results/activity/MA0007.3/MA0007.3-a_sort results/activity/MA0007.3/MA0007.3-p_sort > results/activity/MA0007.3/MA0007.3-map_percentiles.tsv &&
        rm results/activity/MA0007.3/MA0007.3-a_sort results/activity/MA0007.3/MA0007.3-p_sort
        
        (one of the commands exited with non-zero exit code; note that snakemake uses bash strict mode!)

Removing output files of failed job activity_merge_percentiles since they might be corrupted:
results/activity/MA0007.3/MA0007.3-map_percentiles.tsv
[Thu Dec 14 09:27:30 2023]
Finished job 15.
21 of 42 steps (50%) done
Terminating processes on user request, this might take some time.
[Thu Dec 14 09:32:02 2023]
Error in rule pwmscan_main_bed2fasta:
    jobid: 29
    input: resources/data/genome/hg38/hg38.fa, results/pwmscan/MA0006.1/MA0006.1-sites.bed
    output: results/pwmscan/MA0006.1/MA0006.1-sites.fa
    conda-env: /home/tubbsca/snakemake_condas/9f9842bbfc31decc8a1ad02a46329d02_
    shell:
        
        bedtools getfasta -fi resources/data/genome/hg38/hg38.fa -bed results/pwmscan/MA0006.1/MA0006.1-sites.bed -name -s > results/pwmscan/MA0006.1/MA0006.1-sites.fa
        
        (one of the commands exited with non-zero exit code; note that snakemake uses bash strict mode!)

[Thu Dec 14 09:32:02 2023]
Error in rule pwmscan_main_bed2fasta:
    jobid: 22
    input: resources/data/genome/hg38/hg38.fa, results/pwmscan/MA0004.1/MA0004.1-sites.bed
    output: results/pwmscan/MA0004.1/MA0004.1-sites.fa
    conda-env: /home/tubbsca/snakemake_condas/9f9842bbfc31decc8a1ad02a46329d02_
    shell:
        
        bedtools getfasta -fi resources/data/genome/hg38/hg38.fa -bed results/pwmscan/MA0004.1/MA0004.1-sites.bed -name -s > results/pwmscan/MA0004.1/MA0004.1-sites.fa
        
        (one of the commands exited with non-zero exit code; note that snakemake uses bash strict mode!)

[Thu Dec 14 09:32:02 2023]
Error in rule pwmscan_main_bed2fasta:
    jobid: 8
    input: resources/data/genome/hg38/hg38.fa, results/pwmscan/MA0002.2/MA0002.2-sites.bed
    output: results/pwmscan/MA0002.2/MA0002.2-sites.fa
    conda-env: /home/tubbsca/snakemake_condas/9f9842bbfc31decc8a1ad02a46329d02_
    shell:
        
        bedtools getfasta -fi resources/data/genome/hg38/hg38.fa -bed results/pwmscan/MA0002.2/MA0002.2-sites.bed -name -s > results/pwmscan/MA0002.2/MA0002.2-sites.fa
        
        (one of the commands exited with non-zero exit code; note that snakemake uses bash strict mode!)

Complete log: .snakemake/log/2023-12-14T092108.477693.snakemake.log
