The flag 'directory' used in rule unibind_all is only valid for outputs, not inputs.
Building DAG of jobs...
Using shell: /usr/bin/bash
Provided cores: 12
Rules claiming more threads will be scaled down.
Job stats:
job                       count
----------------------  -------
all                           1
unibind_unpack_unibind        1
total                         2

Select jobs to execute...

[Tue Dec 12 20:08:50 2023]
Job 1: 
        - Unpacks UniBind tarbell
        
Reason: Missing output files: resources/data/unibind/damo_hg39_all_TFBS

Terminating processes on user request, this might take some time.
[Tue Dec 12 20:12:26 2023]
Error in rule unibind_unpack_unibind:
    jobid: 1
    input: resources/data/unibind/damo_hg39_all_TFBS.tar.gz
    output: resources/data/unibind/damo_hg39_all_TFBS
    shell:
        
        tar -xzf resources/data/unibind/damo_hg39_all_TFBS.tar.gz -C resources/data/unibind
        
        (one of the commands exited with non-zero exit code; note that snakemake uses bash strict mode!)

Complete log: .snakemake/log/2023-12-12T200848.556675.snakemake.log
