Building DAG of jobs...
Your conda installation is not configured to use strict channel priorities. This is however crucial for having robust and correct environments (for details, see https://conda-forge.org/docs/user/tipsandtricks.html). Please consider to configure strict priorities by executing 'conda config --set channel_priority strict'.
Using shell: /usr/bin/bash
Provided cores: 12
Rules claiming more threads will be scaled down.
Job stats:
job                                   count
----------------------------------  -------
activity_activity_metadata                1
activity_activity_stats                   5
activity_intersect_motifs                 5
activity_map_activity                     5
activity_plot                             5
all                                       1
pwmscan_main_bed2fasta                    5
pwmscan_main_calc_probabilities           5
pwmscan_main_compile_pwmscan              1
pwmscan_main_compress_sites               5
pwmscan_main_process_probabilities        5
pwmscan_main_scan_genome                  5
total                                    48

Select jobs to execute...

[Thu Dec 14 11:11:23 2023]
Job 7: 
        c99 mode
        
Reason: Updated input files: https://raw.githubusercontent.com/ctubbs750/pwm-scan/main/resources/software/PWMScan/matrix_scan.c (cached), https://raw.githubusercontent.com/ctubbs750/pwm-scan/main/resources/software/PWMScan/matrix_prob.c (cached)

[Thu Dec 14 11:11:24 2023]
Finished job 7.
1 of 48 steps (2%) done
Select jobs to execute...

[Thu Dec 14 11:11:24 2023]
Job 21: 
        - Generates pval distribution for given PWM.
        
Reason: Missing output files: results/pwmscan/MA0004.1/MA0004.1-pvals.raw; Input files updated by another job: resources/software/PWMScan/matrix_prob


[Thu Dec 14 11:11:24 2023]
Job 35: 
        - Generates pval distribution for given PWM.
        
Reason: Missing output files: results/pwmscan/MA0007.3/MA0007.3-pvals.raw; Input files updated by another job: resources/software/PWMScan/matrix_prob


[Thu Dec 14 11:11:24 2023]
Job 6: 
        - Generates pval distribution for given PWM.
        
Reason: Missing output files: results/pwmscan/MA0002.2/MA0002.2-pvals.raw; Input files updated by another job: resources/software/PWMScan/matrix_prob


[Thu Dec 14 11:11:24 2023]
Job 28: 
        - Generates pval distribution for given PWM.
        
Reason: Missing output files: results/pwmscan/MA0006.1/MA0006.1-pvals.raw; Input files updated by another job: resources/software/PWMScan/matrix_prob


[Thu Dec 14 11:11:24 2023]
Job 14: 
        - Generates pval distribution for given PWM.
        
Reason: Missing output files: results/pwmscan/MA0003.4/MA0003.4-pvals.raw; Input files updated by another job: resources/software/PWMScan/matrix_prob

[Thu Dec 14 11:11:24 2023]
Finished job 21.
2 of 48 steps (4%) done
[Thu Dec 14 11:11:24 2023]
Finished job 35.
3 of 48 steps (6%) done
[Thu Dec 14 11:11:24 2023]
Finished job 6.
4 of 48 steps (8%) done
[Thu Dec 14 11:11:24 2023]
Finished job 28.
5 of 48 steps (10%) done
Select jobs to execute...

[Thu Dec 14 11:11:24 2023]
Job 20: 
        - Relative threshold is percentage of best PWM.
        For 80%, format as interger 80. Makes life easier.
        
Reason: Input files updated by another job: results/pwmscan/MA0004.1/MA0004.1-pvals.raw


[Thu Dec 14 11:11:24 2023]
Job 27: 
        - Relative threshold is percentage of best PWM.
        For 80%, format as interger 80. Makes life easier.
        
Reason: Input files updated by another job: results/pwmscan/MA0006.1/MA0006.1-pvals.raw


[Thu Dec 14 11:11:24 2023]
Job 34: 
        - Relative threshold is percentage of best PWM.
        For 80%, format as interger 80. Makes life easier.
        
Reason: Input files updated by another job: results/pwmscan/MA0007.3/MA0007.3-pvals.raw


[Thu Dec 14 11:11:24 2023]
Job 5: 
        - Relative threshold is percentage of best PWM.
        For 80%, format as interger 80. Makes life easier.
        
Reason: Input files updated by another job: results/pwmscan/MA0002.2/MA0002.2-pvals.raw

[Thu Dec 14 11:11:25 2023]
Finished job 14.
6 of 48 steps (12%) done
[Thu Dec 14 11:11:25 2023]
Finished job 20.
7 of 48 steps (15%) done
Removing temporary output results/pwmscan/MA0004.1/MA0004.1-pvals.raw.
[Thu Dec 14 11:11:25 2023]
Finished job 27.
8 of 48 steps (17%) done
Removing temporary output results/pwmscan/MA0006.1/MA0006.1-pvals.raw.
Select jobs to execute...

[Thu Dec 14 11:11:25 2023]
Job 13: 
        - Relative threshold is percentage of best PWM.
        For 80%, format as interger 80. Makes life easier.
        
Reason: Input files updated by another job: results/pwmscan/MA0003.4/MA0003.4-pvals.raw


[Thu Dec 14 11:11:25 2023]
Job 17: 
        - Scans rerference genome for matches againts input motif.
        
Reason: Missing output files: results/pwmscan/MA0004.1/MA0004.1-sites.bed; Input files updated by another job: results/pwmscan/MA0004.1/MA0004.1-coeff.txt, resources/software/PWMScan/matrix_scan


[Thu Dec 14 11:11:25 2023]
Job 24: 
        - Scans rerference genome for matches againts input motif.
        
Reason: Missing output files: results/pwmscan/MA0006.1/MA0006.1-sites.bed; Input files updated by another job: resources/software/PWMScan/matrix_scan, results/pwmscan/MA0006.1/MA0006.1-coeff.txt

[Thu Dec 14 11:11:25 2023]
Finished job 34.
9 of 48 steps (19%) done
Removing temporary output results/pwmscan/MA0007.3/MA0007.3-pvals.raw.
[Thu Dec 14 11:11:25 2023]
Finished job 5.
10 of 48 steps (21%) done
Removing temporary output results/pwmscan/MA0002.2/MA0002.2-pvals.raw.
Select jobs to execute...

[Thu Dec 14 11:11:25 2023]
Job 2: 
        - Scans rerference genome for matches againts input motif.
        
Reason: Missing output files: results/pwmscan/MA0002.2/MA0002.2-sites.bed; Input files updated by another job: resources/software/PWMScan/matrix_scan, results/pwmscan/MA0002.2/MA0002.2-coeff.txt


[Thu Dec 14 11:11:25 2023]
Job 31: 
        - Scans rerference genome for matches againts input motif.
        
Reason: Missing output files: results/pwmscan/MA0007.3/MA0007.3-sites.bed; Input files updated by another job: results/pwmscan/MA0007.3/MA0007.3-coeff.txt, resources/software/PWMScan/matrix_scan

[Thu Dec 14 11:11:25 2023]
Finished job 13.
11 of 48 steps (23%) done
Removing temporary output results/pwmscan/MA0003.4/MA0003.4-pvals.raw.
Select jobs to execute...

[Thu Dec 14 11:11:25 2023]
Job 10: 
        - Scans rerference genome for matches againts input motif.
        
Reason: Missing output files: results/pwmscan/MA0003.4/MA0003.4-sites.bed; Input files updated by another job: results/pwmscan/MA0003.4/MA0003.4-coeff.txt, resources/software/PWMScan/matrix_scan

[Thu Dec 14 11:12:58 2023]
Finished job 10.
12 of 48 steps (25%) done
Select jobs to execute...

[Thu Dec 14 11:12:58 2023]
Job 15: 
        - Note -s, keep strand information correct. Reports rev comp for neg seqs.
        
Reason: Missing output files: results/pwmscan/MA0003.4/MA0003.4-sites.fa; Input files updated by another job: results/pwmscan/MA0003.4/MA0003.4-sites.bed

Activating conda environment: ../../../../../../../../../../../../../home/tubbsca/snakemake_condas/9f9842bbfc31decc8a1ad02a46329d02_
[Thu Dec 14 11:13:04 2023]
Finished job 17.
13 of 48 steps (27%) done
Select jobs to execute...

[Thu Dec 14 11:13:04 2023]
Job 22: 
        - Note -s, keep strand information correct. Reports rev comp for neg seqs.
        
Reason: Missing output files: results/pwmscan/MA0004.1/MA0004.1-sites.fa; Input files updated by another job: results/pwmscan/MA0004.1/MA0004.1-sites.bed

Activating conda environment: ../../../../../../../../../../../../../home/tubbsca/snakemake_condas/9f9842bbfc31decc8a1ad02a46329d02_
[Thu Dec 14 11:13:04 2023]
Finished job 24.
14 of 48 steps (29%) done
Select jobs to execute...

[Thu Dec 14 11:13:04 2023]
Job 29: 
        - Note -s, keep strand information correct. Reports rev comp for neg seqs.
        
Reason: Missing output files: results/pwmscan/MA0006.1/MA0006.1-sites.fa; Input files updated by another job: results/pwmscan/MA0006.1/MA0006.1-sites.bed

Activating conda environment: ../../../../../../../../../../../../../home/tubbsca/snakemake_condas/9f9842bbfc31decc8a1ad02a46329d02_
[Thu Dec 14 11:13:08 2023]
Finished job 31.
15 of 48 steps (31%) done
Select jobs to execute...

[Thu Dec 14 11:13:08 2023]
Job 36: 
        - Note -s, keep strand information correct. Reports rev comp for neg seqs.
        
Reason: Missing output files: results/pwmscan/MA0007.3/MA0007.3-sites.fa; Input files updated by another job: results/pwmscan/MA0007.3/MA0007.3-sites.bed

Activating conda environment: ../../../../../../../../../../../../../home/tubbsca/snakemake_condas/9f9842bbfc31decc8a1ad02a46329d02_
[Thu Dec 14 11:13:24 2023]
Finished job 2.
16 of 48 steps (33%) done
Select jobs to execute...

[Thu Dec 14 11:13:24 2023]
Job 8: 
        - Note -s, keep strand information correct. Reports rev comp for neg seqs.
        
Reason: Input files updated by another job: results/pwmscan/MA0002.2/MA0002.2-sites.bed

Activating conda environment: ../../../../../../../../../../../../../home/tubbsca/snakemake_condas/9f9842bbfc31decc8a1ad02a46329d02_
[Thu Dec 14 11:14:03 2023]
Finished job 36.
17 of 48 steps (35%) done
Select jobs to execute...

[Thu Dec 14 11:14:03 2023]
Job 30: 
        - d
        
Reason: Input files updated by another job: results/pwmscan/MA0007.3/MA0007.3-sites.fa, results/pwmscan/MA0007.3/MA0007.3-sites.bed

[Thu Dec 14 11:14:10 2023]
Finished job 30.
18 of 48 steps (38%) done
Select jobs to execute...

[Thu Dec 14 11:14:10 2023]
rule activity_intersect_motifs:
    input: results/pwmscan/MA0007.3/MA0007.3-sites.bed.gz, results/activity/MA0007.3/MA0007.3-unibind_scored.tsv
    output: results/activity/MA0007.3/MA0007.3-unibind_intersect.bed
    jobid: 64
    reason: Input files updated by another job: results/pwmscan/MA0007.3/MA0007.3-sites.bed.gz
    wildcards: PROFILE=MA0007.3
    resources: tmpdir=/tmp

[Thu Dec 14 11:14:13 2023]
Finished job 64.
19 of 48 steps (40%) done
Select jobs to execute...

[Thu Dec 14 11:14:13 2023]
rule activity_map_activity:
    input: results/activity/MA0007.3/MA0007.3-unibind_intersect.bed
    output: results/activity/MA0007.3/MA0007.3-map.tsv
    jobid: 63
    reason: Input files updated by another job: results/activity/MA0007.3/MA0007.3-unibind_intersect.bed
    wildcards: PROFILE=MA0007.3
    resources: tmpdir=/tmp

[Thu Dec 14 11:14:18 2023]
Finished job 63.
20 of 48 steps (42%) done
Select jobs to execute...

[Thu Dec 14 11:14:18 2023]
rule activity_activity_stats:
    input: results/activity/MA0007.3/MA0007.3-map.tsv, results/pwmscan/MA0007.3/MA0007.3-pvals.txt
    output: results/activity/MA0007.3/MA0007.3-map_statistics.tsv
    jobid: 62
    reason: Input files updated by another job: results/activity/MA0007.3/MA0007.3-map.tsv, results/pwmscan/MA0007.3/MA0007.3-pvals.txt
    wildcards: PROFILE=MA0007.3
    resources: tmpdir=/tmp

[Thu Dec 14 11:14:19 2023]
Finished job 62.
21 of 48 steps (44%) done
Select jobs to execute...

[Thu Dec 14 11:14:19 2023]
rule activity_plot:
    input: results/activity/MA0007.3/MA0007.3-map_statistics.tsv
    output: results/activity/MA0007.3/MA0007.3-activity.pdf
    jobid: 71
    reason: Input files updated by another job: results/activity/MA0007.3/MA0007.3-map_statistics.tsv
    wildcards: PROFILE=MA0007.3
    resources: tmpdir=/tmp

Activating conda environment: conda_R
[Thu Dec 14 11:14:30 2023]
Finished job 71.
22 of 48 steps (46%) done
[Thu Dec 14 11:17:04 2023]
Finished job 15.
23 of 48 steps (48%) done
Select jobs to execute...

[Thu Dec 14 11:17:04 2023]
Job 9: 
        - d
        
Reason: Input files updated by another job: results/pwmscan/MA0003.4/MA0003.4-sites.fa, results/pwmscan/MA0003.4/MA0003.4-sites.bed

[Thu Dec 14 11:17:39 2023]
Finished job 9.
24 of 48 steps (50%) done
Select jobs to execute...

[Thu Dec 14 11:17:39 2023]
rule activity_intersect_motifs:
    input: results/pwmscan/MA0003.4/MA0003.4-sites.bed.gz, results/activity/MA0003.4/MA0003.4-unibind_scored.tsv
    output: results/activity/MA0003.4/MA0003.4-unibind_intersect.bed
    jobid: 49
    reason: Input files updated by another job: results/pwmscan/MA0003.4/MA0003.4-sites.bed.gz
    wildcards: PROFILE=MA0003.4
    resources: tmpdir=/tmp

[Thu Dec 14 11:17:52 2023]
Finished job 49.
25 of 48 steps (52%) done
Select jobs to execute...

[Thu Dec 14 11:17:52 2023]
rule activity_map_activity:
    input: results/activity/MA0003.4/MA0003.4-unibind_intersect.bed
    output: results/activity/MA0003.4/MA0003.4-map.tsv
    jobid: 48
    reason: Input files updated by another job: results/activity/MA0003.4/MA0003.4-unibind_intersect.bed
    wildcards: PROFILE=MA0003.4
    resources: tmpdir=/tmp

[Thu Dec 14 11:18:24 2023]
Finished job 48.
26 of 48 steps (54%) done
Select jobs to execute...

[Thu Dec 14 11:18:24 2023]
rule activity_activity_stats:
    input: results/activity/MA0003.4/MA0003.4-map.tsv, results/pwmscan/MA0003.4/MA0003.4-pvals.txt
    output: results/activity/MA0003.4/MA0003.4-map_statistics.tsv
    jobid: 47
    reason: Input files updated by another job: results/pwmscan/MA0003.4/MA0003.4-pvals.txt, results/activity/MA0003.4/MA0003.4-map.tsv
    wildcards: PROFILE=MA0003.4
    resources: tmpdir=/tmp

[Thu Dec 14 11:18:25 2023]
Finished job 47.
27 of 48 steps (56%) done
Select jobs to execute...

[Thu Dec 14 11:18:25 2023]
rule activity_plot:
    input: results/activity/MA0003.4/MA0003.4-map_statistics.tsv
    output: results/activity/MA0003.4/MA0003.4-activity.pdf
    jobid: 68
    reason: Input files updated by another job: results/activity/MA0003.4/MA0003.4-map_statistics.tsv
    wildcards: PROFILE=MA0003.4
    resources: tmpdir=/tmp

Activating conda environment: conda_R
[Thu Dec 14 11:18:31 2023]
Finished job 68.
28 of 48 steps (58%) done
[Thu Dec 14 11:26:17 2023]
Finished job 22.
29 of 48 steps (60%) done
Select jobs to execute...

[Thu Dec 14 11:26:17 2023]
Job 16: 
        - d
        
Reason: Input files updated by another job: results/pwmscan/MA0004.1/MA0004.1-sites.bed, results/pwmscan/MA0004.1/MA0004.1-sites.fa

[Thu Dec 14 11:27:08 2023]
Finished job 16.
30 of 48 steps (62%) done
Select jobs to execute...

[Thu Dec 14 11:27:08 2023]
rule activity_intersect_motifs:
    input: results/pwmscan/MA0004.1/MA0004.1-sites.bed.gz, results/activity/MA0004.1/MA0004.1-unibind_scored.tsv
    output: results/activity/MA0004.1/MA0004.1-unibind_intersect.bed
    jobid: 54
    reason: Input files updated by another job: results/pwmscan/MA0004.1/MA0004.1-sites.bed.gz
    wildcards: PROFILE=MA0004.1
    resources: tmpdir=/tmp

[Thu Dec 14 11:27:47 2023]
Finished job 29.
31 of 48 steps (65%) done
Select jobs to execute...

[Thu Dec 14 11:27:47 2023]
Job 23: 
        - d
        
Reason: Input files updated by another job: results/pwmscan/MA0006.1/MA0006.1-sites.bed, results/pwmscan/MA0006.1/MA0006.1-sites.fa

[Thu Dec 14 11:27:48 2023]
Finished job 54.
32 of 48 steps (67%) done
Select jobs to execute...

[Thu Dec 14 11:27:48 2023]
rule activity_map_activity:
    input: results/activity/MA0004.1/MA0004.1-unibind_intersect.bed
    output: results/activity/MA0004.1/MA0004.1-map.tsv
    jobid: 53
    reason: Input files updated by another job: results/activity/MA0004.1/MA0004.1-unibind_intersect.bed
    wildcards: PROFILE=MA0004.1
    resources: tmpdir=/tmp

[Thu Dec 14 11:27:54 2023]
Finished job 8.
33 of 48 steps (69%) done
Select jobs to execute...

[Thu Dec 14 11:27:54 2023]
Job 1: 
        - d
        
Reason: Missing output files: results/pwmscan/MA0002.2/MA0002.2-sites.fa.gz; Input files updated by another job: results/pwmscan/MA0002.2/MA0002.2-sites.fa, results/pwmscan/MA0002.2/MA0002.2-sites.bed

[Thu Dec 14 11:28:58 2023]
Finished job 23.
34 of 48 steps (71%) done
Select jobs to execute...

[Thu Dec 14 11:28:58 2023]
rule activity_intersect_motifs:
    input: results/pwmscan/MA0006.1/MA0006.1-sites.bed.gz, results/activity/MA0006.1/MA0006.1-unibind_scored.tsv
    output: results/activity/MA0006.1/MA0006.1-unibind_intersect.bed
    jobid: 59
    reason: Input files updated by another job: results/pwmscan/MA0006.1/MA0006.1-sites.bed.gz
    wildcards: PROFILE=MA0006.1
    resources: tmpdir=/tmp

[Thu Dec 14 11:29:41 2023]
Finished job 59.
35 of 48 steps (73%) done
Select jobs to execute...

[Thu Dec 14 11:29:41 2023]
rule activity_map_activity:
    input: results/activity/MA0006.1/MA0006.1-unibind_intersect.bed
    output: results/activity/MA0006.1/MA0006.1-map.tsv
    jobid: 58
    reason: Input files updated by another job: results/activity/MA0006.1/MA0006.1-unibind_intersect.bed
    wildcards: PROFILE=MA0006.1
    resources: tmpdir=/tmp

[Thu Dec 14 11:30:17 2023]
Finished job 1.
36 of 48 steps (75%) done
Select jobs to execute...

[Thu Dec 14 11:30:17 2023]
rule activity_intersect_motifs:
    input: results/pwmscan/MA0002.2/MA0002.2-sites.bed.gz, results/activity/MA0002.2/MA0002.2-unibind_scored.tsv
    output: results/activity/MA0002.2/MA0002.2-unibind_intersect.bed
    jobid: 44
    reason: Input files updated by another job: results/pwmscan/MA0002.2/MA0002.2-sites.bed.gz
    wildcards: PROFILE=MA0002.2
    resources: tmpdir=/tmp

[Thu Dec 14 11:30:29 2023]
Finished job 53.
37 of 48 steps (77%) done
Select jobs to execute...

[Thu Dec 14 11:30:29 2023]
rule activity_activity_stats:
    input: results/activity/MA0004.1/MA0004.1-map.tsv, results/pwmscan/MA0004.1/MA0004.1-pvals.txt
    output: results/activity/MA0004.1/MA0004.1-map_statistics.tsv
    jobid: 52
    reason: Missing output files: results/activity/MA0004.1/MA0004.1-map_statistics.tsv; Input files updated by another job: results/pwmscan/MA0004.1/MA0004.1-pvals.txt, results/activity/MA0004.1/MA0004.1-map.tsv
    wildcards: PROFILE=MA0004.1
    resources: tmpdir=/tmp

[Thu Dec 14 11:30:30 2023]
Finished job 52.
38 of 48 steps (79%) done
Select jobs to execute...

[Thu Dec 14 11:30:30 2023]
rule activity_plot:
    input: results/activity/MA0004.1/MA0004.1-map_statistics.tsv
    output: results/activity/MA0004.1/MA0004.1-activity.pdf
    jobid: 69
    reason: Missing output files: results/activity/MA0004.1/MA0004.1-activity.pdf; Input files updated by another job: results/activity/MA0004.1/MA0004.1-map_statistics.tsv
    wildcards: PROFILE=MA0004.1
    resources: tmpdir=/tmp

Activating conda environment: conda_R
[Thu Dec 14 11:30:35 2023]
Finished job 69.
39 of 48 steps (81%) done
[Thu Dec 14 11:31:00 2023]
Finished job 44.
40 of 48 steps (83%) done
Select jobs to execute...

[Thu Dec 14 11:31:00 2023]
rule activity_map_activity:
    input: results/activity/MA0002.2/MA0002.2-unibind_intersect.bed
    output: results/activity/MA0002.2/MA0002.2-map.tsv
    jobid: 43
    reason: Input files updated by another job: results/activity/MA0002.2/MA0002.2-unibind_intersect.bed
    wildcards: PROFILE=MA0002.2
    resources: tmpdir=/tmp

[Thu Dec 14 11:32:34 2023]
Finished job 58.
41 of 48 steps (85%) done
Select jobs to execute...

[Thu Dec 14 11:32:34 2023]
rule activity_activity_stats:
    input: results/activity/MA0006.1/MA0006.1-map.tsv, results/pwmscan/MA0006.1/MA0006.1-pvals.txt
    output: results/activity/MA0006.1/MA0006.1-map_statistics.tsv
    jobid: 57
    reason: Missing output files: results/activity/MA0006.1/MA0006.1-map_statistics.tsv; Input files updated by another job: results/activity/MA0006.1/MA0006.1-map.tsv, results/pwmscan/MA0006.1/MA0006.1-pvals.txt
    wildcards: PROFILE=MA0006.1
    resources: tmpdir=/tmp

[Thu Dec 14 11:32:35 2023]
Finished job 57.
42 of 48 steps (88%) done
Select jobs to execute...

[Thu Dec 14 11:32:35 2023]
rule activity_plot:
    input: results/activity/MA0006.1/MA0006.1-map_statistics.tsv
    output: results/activity/MA0006.1/MA0006.1-activity.pdf
    jobid: 70
    reason: Missing output files: results/activity/MA0006.1/MA0006.1-activity.pdf; Input files updated by another job: results/activity/MA0006.1/MA0006.1-map_statistics.tsv
    wildcards: PROFILE=MA0006.1
    resources: tmpdir=/tmp

Activating conda environment: conda_R
[Thu Dec 14 11:32:40 2023]
Finished job 70.
43 of 48 steps (90%) done
[Thu Dec 14 11:33:39 2023]
Finished job 43.
44 of 48 steps (92%) done
Select jobs to execute...

[Thu Dec 14 11:33:39 2023]
rule activity_activity_stats:
    input: results/activity/MA0002.2/MA0002.2-map.tsv, results/pwmscan/MA0002.2/MA0002.2-pvals.txt
    output: results/activity/MA0002.2/MA0002.2-map_statistics.tsv
    jobid: 42
    reason: Missing output files: results/activity/MA0002.2/MA0002.2-map_statistics.tsv; Input files updated by another job: results/pwmscan/MA0002.2/MA0002.2-pvals.txt, results/activity/MA0002.2/MA0002.2-map.tsv
    wildcards: PROFILE=MA0002.2
    resources: tmpdir=/tmp

[Thu Dec 14 11:33:39 2023]
Finished job 42.
45 of 48 steps (94%) done
Select jobs to execute...

[Thu Dec 14 11:33:39 2023]
rule activity_plot:
    input: results/activity/MA0002.2/MA0002.2-map_statistics.tsv
    output: results/activity/MA0002.2/MA0002.2-activity.pdf
    jobid: 67
    reason: Missing output files: results/activity/MA0002.2/MA0002.2-activity.pdf; Input files updated by another job: results/activity/MA0002.2/MA0002.2-map_statistics.tsv
    wildcards: PROFILE=MA0002.2
    resources: tmpdir=/tmp

[Thu Dec 14 11:33:39 2023]
rule activity_activity_metadata:
    input: results/activity/MA0002.2/MA0002.2-map_statistics.tsv, results/activity/MA0003.4/MA0003.4-map_statistics.tsv, results/activity/MA0004.1/MA0004.1-map_statistics.tsv, results/activity/MA0006.1/MA0006.1-map_statistics.tsv, results/activity/MA0007.3/MA0007.3-map_statistics.tsv
    output: results/activity/activity_metadata.tsv
    jobid: 41
    reason: Missing output files: results/activity/activity_metadata.tsv; Input files updated by another job: results/activity/MA0007.3/MA0007.3-map_statistics.tsv, results/activity/MA0004.1/MA0004.1-map_statistics.tsv, results/activity/MA0003.4/MA0003.4-map_statistics.tsv, results/activity/MA0006.1/MA0006.1-map_statistics.tsv, results/activity/MA0002.2/MA0002.2-map_statistics.tsv
    resources: tmpdir=/tmp

Activating conda environment: conda_R
[Thu Dec 14 11:33:40 2023]
Error in rule activity_activity_metadata:
    jobid: 41
    input: results/activity/MA0002.2/MA0002.2-map_statistics.tsv, results/activity/MA0003.4/MA0003.4-map_statistics.tsv, results/activity/MA0004.1/MA0004.1-map_statistics.tsv, results/activity/MA0006.1/MA0006.1-map_statistics.tsv, results/activity/MA0007.3/MA0007.3-map_statistics.tsv
    output: results/activity/activity_metadata.tsv
    shell:
        
        vawk 'FNR==1 && NR!=1{next;}{print}' results/activity/MA0002.2/MA0002.2-map_statistics.tsv results/activity/MA0003.4/MA0003.4-map_statistics.tsv results/activity/MA0004.1/MA0004.1-map_statistics.tsv results/activity/MA0006.1/MA0006.1-map_statistics.tsv results/activity/MA0007.3/MA0007.3-map_statistics.tsv > results/activity/activity_metadata.tsv
        
        (one of the commands exited with non-zero exit code; note that snakemake uses bash strict mode!)

Removing output files of failed job activity_activity_metadata since they might be corrupted:
results/activity/activity_metadata.tsv
[Thu Dec 14 11:33:44 2023]
Finished job 67.
46 of 48 steps (96%) done
Shutting down, this might take some time.
Exiting because a job execution failed. Look above for error message
Complete log: .snakemake/log/2023-12-14T111108.797748.snakemake.log
