Building DAG of jobs...
Your conda installation is not configured to use strict channel priorities. This is however crucial for having robust and correct environments (for details, see https://conda-forge.org/docs/user/tipsandtricks.html). Please consider to configure strict priorities by executing 'conda config --set channel_priority strict'.
Using shell: /usr/bin/bash
Provided cores: 12
Rules claiming more threads will be scaled down.
Job stats:
job                                   count
----------------------------------  -------
activity_unibind_sites                    5
all                                       1
pwmscan_main_bed2fasta                    5
pwmscan_main_calc_probabilities           5
pwmscan_main_compile_pwmscan              1
pwmscan_main_compress_sites               5
pwmscan_main_process_probabilities        5
pwmscan_main_scan_genome                  5
total                                    32

Select jobs to execute...

[Wed Dec 13 10:36:57 2023]
Job 7: 
        c99 mode
        
Reason: Updated input files: https://raw.githubusercontent.com/ctubbs750/pwm-scan/main/resources/software/PWMScan/matrix_prob.c (cached), https://raw.githubusercontent.com/ctubbs750/pwm-scan/main/resources/software/PWMScan/matrix_scan.c (cached)


[Wed Dec 13 10:36:57 2023]
Job 41: 
        - Combines UniBind predictions into single sites file.
        
Reason: Missing output files: results/activity/MA0002.2/MA0002.2-unibind.tsv


[Wed Dec 13 10:36:57 2023]
Job 43: 
        - Combines UniBind predictions into single sites file.
        
Reason: Missing output files: results/activity/MA0004.1/MA0004.1-unibind.tsv


[Wed Dec 13 10:36:57 2023]
Job 45: 
        - Combines UniBind predictions into single sites file.
        
Reason: Missing output files: results/activity/MA0007.3/MA0007.3-unibind.tsv

[Wed Dec 13 10:36:57 2023]
Error in rule activity_unibind_sites:
    jobid: 41
    output: results/activity/MA0002.2/MA0002.2-unibind.tsv
    shell:
        
        set +o pipefail
        damos="$(ls resources/data/unibind/damo_hg38_all_TFBS/*.bed | grep -w MA0002.2)" &&
        cat $damos |
        vawk '!a[$1, $2, $3]++' | 
        sed '/N/d' |
        awk -F "	" 'BEGIN { OFS = FS } { split ($4, motif, "_"); print $1, $2, $3, motif[2], $5, $6}' |
        sort -k 1,1 -k2,2n > results/activity/MA0002.2/MA0002.2-unibind.tsv
        
        (one of the commands exited with non-zero exit code; note that snakemake uses bash strict mode!)


[Wed Dec 13 10:36:57 2023]
[Wed Dec 13 10:36:58 2023]
Error in rule activity_unibind_sites:
    jobid: 43
    output: results/activity/MA0004.1/MA0004.1-unibind.tsv
    shell:
        
        set +o pipefail
        damos="$(ls resources/data/unibind/damo_hg38_all_TFBS/*.bed | grep -w MA0004.1)" &&
        cat $damos |
        vawk '!a[$1, $2, $3]++' | 
        sed '/N/d' |
        awk -F "	" 'BEGIN { OFS = FS } { split ($4, motif, "_"); print $1, $2, $3, motif[2], $5, $6}' |
        sort -k 1,1 -k2,2n > results/activity/MA0004.1/MA0004.1-unibind.tsv
        
        (one of the commands exited with non-zero exit code; note that snakemake uses bash strict mode!)

Job 42: 
        - Combines UniBind predictions into single sites file.
        
Reason: Missing output files: results/activity/MA0003.4/MA0003.4-unibind.tsv


[Wed Dec 13 10:36:58 2023]
Job 44: 
        - Combines UniBind predictions into single sites file.
        
Reason: Missing output files: results/activity/MA0006.1/MA0006.1-unibind.tsv

[Wed Dec 13 10:36:58 2023]
Error in rule activity_unibind_sites:
    jobid: 45
    output: results/activity/MA0007.3/MA0007.3-unibind.tsv
    shell:
        
        set +o pipefail
        damos="$(ls resources/data/unibind/damo_hg38_all_TFBS/*.bed | grep -w MA0007.3)" &&
        cat $damos |
        vawk '!a[$1, $2, $3]++' | 
        sed '/N/d' |
        awk -F "	" 'BEGIN { OFS = FS } { split ($4, motif, "_"); print $1, $2, $3, motif[2], $5, $6}' |
        sort -k 1,1 -k2,2n > results/activity/MA0007.3/MA0007.3-unibind.tsv
        
        (one of the commands exited with non-zero exit code; note that snakemake uses bash strict mode!)

[Wed Dec 13 10:36:58 2023]
Error in rule activity_unibind_sites:
    jobid: 42
    output: results/activity/MA0003.4/MA0003.4-unibind.tsv
    shell:
        
        set +o pipefail
        damos="$(ls resources/data/unibind/damo_hg38_all_TFBS/*.bed | grep -w MA0003.4)" &&
        cat $damos |
        vawk '!a[$1, $2, $3]++' | 
        sed '/N/d' |
        awk -F "	" 'BEGIN { OFS = FS } { split ($4, motif, "_"); print $1, $2, $3, motif[2], $5, $6}' |
        sort -k 1,1 -k2,2n > results/activity/MA0003.4/MA0003.4-unibind.tsv
        
        (one of the commands exited with non-zero exit code; note that snakemake uses bash strict mode!)

[Wed Dec 13 10:36:58 2023]
Error in rule activity_unibind_sites:
    jobid: 44
    output: results/activity/MA0006.1/MA0006.1-unibind.tsv
    shell:
        
        set +o pipefail
        damos="$(ls resources/data/unibind/damo_hg38_all_TFBS/*.bed | grep -w MA0006.1)" &&
        cat $damos |
        vawk '!a[$1, $2, $3]++' | 
        sed '/N/d' |
        awk -F "	" 'BEGIN { OFS = FS } { split ($4, motif, "_"); print $1, $2, $3, motif[2], $5, $6}' |
        sort -k 1,1 -k2,2n > results/activity/MA0006.1/MA0006.1-unibind.tsv
        
        (one of the commands exited with non-zero exit code; note that snakemake uses bash strict mode!)

[Wed Dec 13 10:36:58 2023]
Finished job 7.
1 of 32 steps (3%) done
Shutting down, this might take some time.
Exiting because a job execution failed. Look above for error message
Complete log: .snakemake/log/2023-12-13T103647.520413.snakemake.log
