Building DAG of jobs...
Your conda installation is not configured to use strict channel priorities. This is however crucial for having robust and correct environments (for details, see https://conda-forge.org/docs/user/tipsandtricks.html). Please consider to configure strict priorities by executing 'conda config --set channel_priority strict'.
Using shell: /usr/bin/bash
Provided cores: 12
Rules claiming more threads will be scaled down.
Job stats:
job                                   count
----------------------------------  -------
activity_activity_stats                   5
activity_intersect_motifs                 5
activity_map_activity                     5
activity_plot                             5
all                                       1
pwmscan_main_bed2fasta                    5
pwmscan_main_calc_probabilities           5
pwmscan_main_compile_pwmscan              1
pwmscan_main_compress_sites               5
pwmscan_main_process_probabilities        5
pwmscan_main_scan_genome                  5
total                                    47

Select jobs to execute...

[Thu Dec 14 10:36:19 2023]
Job 7: 
        c99 mode
        
Reason: Updated input files: https://raw.githubusercontent.com/ctubbs750/pwm-scan/main/resources/software/PWMScan/matrix_scan.c (cached), https://raw.githubusercontent.com/ctubbs750/pwm-scan/main/resources/software/PWMScan/matrix_prob.c (cached)

[Thu Dec 14 10:36:20 2023]
Finished job 7.
1 of 47 steps (2%) done
Select jobs to execute...

[Thu Dec 14 10:36:20 2023]
Job 28: 
        - Generates pval distribution for given PWM.
        
Reason: Missing output files: results/pwmscan/MA0006.1/MA0006.1-pvals.raw; Input files updated by another job: resources/software/PWMScan/matrix_prob


[Thu Dec 14 10:36:20 2023]
Job 21: 
        - Generates pval distribution for given PWM.
        
Reason: Missing output files: results/pwmscan/MA0004.1/MA0004.1-pvals.raw; Input files updated by another job: resources/software/PWMScan/matrix_prob


[Thu Dec 14 10:36:20 2023]
Job 35: 
        - Generates pval distribution for given PWM.
        
Reason: Missing output files: results/pwmscan/MA0007.3/MA0007.3-pvals.raw; Input files updated by another job: resources/software/PWMScan/matrix_prob


[Thu Dec 14 10:36:20 2023]
Job 6: 
        - Generates pval distribution for given PWM.
        
Reason: Missing output files: results/pwmscan/MA0002.2/MA0002.2-pvals.raw; Input files updated by another job: resources/software/PWMScan/matrix_prob


[Thu Dec 14 10:36:20 2023]
Job 14: 
        - Generates pval distribution for given PWM.
        
Reason: Missing output files: results/pwmscan/MA0003.4/MA0003.4-pvals.raw; Input files updated by another job: resources/software/PWMScan/matrix_prob

[Thu Dec 14 10:36:20 2023]
Finished job 28.
2 of 47 steps (4%) done
[Thu Dec 14 10:36:20 2023]
Finished job 21.
3 of 47 steps (6%) done
Select jobs to execute...

[Thu Dec 14 10:36:20 2023]
Job 20: 
        - Relative threshold is percentage of best PWM.
        For 80%, format as interger 80. Makes life easier.
        
Reason: Input files updated by another job: results/pwmscan/MA0004.1/MA0004.1-pvals.raw


[Thu Dec 14 10:36:20 2023]
Job 27: 
        - Relative threshold is percentage of best PWM.
        For 80%, format as interger 80. Makes life easier.
        
Reason: Input files updated by another job: results/pwmscan/MA0006.1/MA0006.1-pvals.raw

[Thu Dec 14 10:36:20 2023]
Finished job 35.
4 of 47 steps (9%) done
[Thu Dec 14 10:36:20 2023]
Finished job 14.
5 of 47 steps (11%) done
[Thu Dec 14 10:36:20 2023]
Finished job 6.
6 of 47 steps (13%) done
[Thu Dec 14 10:36:20 2023]
Finished job 20.
7 of 47 steps (15%) done
Removing temporary output results/pwmscan/MA0004.1/MA0004.1-pvals.raw.
Select jobs to execute...

[Thu Dec 14 10:36:20 2023]
Job 34: 
        - Relative threshold is percentage of best PWM.
        For 80%, format as interger 80. Makes life easier.
        
Reason: Input files updated by another job: results/pwmscan/MA0007.3/MA0007.3-pvals.raw


[Thu Dec 14 10:36:20 2023]
Job 13: 
        - Relative threshold is percentage of best PWM.
        For 80%, format as interger 80. Makes life easier.
        
Reason: Input files updated by another job: results/pwmscan/MA0003.4/MA0003.4-pvals.raw


[Thu Dec 14 10:36:20 2023]
Job 17: 
        - Scans rerference genome for matches againts input motif.
        
Reason: Missing output files: results/pwmscan/MA0004.1/MA0004.1-sites.bed; Input files updated by another job: results/pwmscan/MA0004.1/MA0004.1-coeff.txt, resources/software/PWMScan/matrix_scan


[Thu Dec 14 10:36:20 2023]
Job 5: 
        - Relative threshold is percentage of best PWM.
        For 80%, format as interger 80. Makes life easier.
        
Reason: Input files updated by another job: results/pwmscan/MA0002.2/MA0002.2-pvals.raw

[Thu Dec 14 10:36:21 2023]
Finished job 27.
8 of 47 steps (17%) done
Removing temporary output results/pwmscan/MA0006.1/MA0006.1-pvals.raw.
[Thu Dec 14 10:36:21 2023]
Finished job 34.
9 of 47 steps (19%) done
Removing temporary output results/pwmscan/MA0007.3/MA0007.3-pvals.raw.
[Thu Dec 14 10:36:21 2023]
Finished job 13.
10 of 47 steps (21%) done
Removing temporary output results/pwmscan/MA0003.4/MA0003.4-pvals.raw.
Select jobs to execute...

[Thu Dec 14 10:36:21 2023]
Job 10: 
        - Scans rerference genome for matches againts input motif.
        
Reason: Missing output files: results/pwmscan/MA0003.4/MA0003.4-sites.bed; Input files updated by another job: results/pwmscan/MA0003.4/MA0003.4-coeff.txt, resources/software/PWMScan/matrix_scan


[Thu Dec 14 10:36:21 2023]
Job 31: 
        - Scans rerference genome for matches againts input motif.
        
Reason: Missing output files: results/pwmscan/MA0007.3/MA0007.3-sites.bed; Input files updated by another job: results/pwmscan/MA0007.3/MA0007.3-coeff.txt, resources/software/PWMScan/matrix_scan


[Thu Dec 14 10:36:21 2023]
Job 24: 
        - Scans rerference genome for matches againts input motif.
        
Reason: Missing output files: results/pwmscan/MA0006.1/MA0006.1-sites.bed; Input files updated by another job: results/pwmscan/MA0006.1/MA0006.1-coeff.txt, resources/software/PWMScan/matrix_scan

[Thu Dec 14 10:36:21 2023]
Finished job 5.
11 of 47 steps (23%) done
Removing temporary output results/pwmscan/MA0002.2/MA0002.2-pvals.raw.
Select jobs to execute...

[Thu Dec 14 10:36:21 2023]
Job 2: 
        - Scans rerference genome for matches againts input motif.
        
Reason: Missing output files: results/pwmscan/MA0002.2/MA0002.2-sites.bed; Input files updated by another job: results/pwmscan/MA0002.2/MA0002.2-coeff.txt, resources/software/PWMScan/matrix_scan

[Thu Dec 14 10:37:50 2023]
Finished job 10.
12 of 47 steps (26%) done
Select jobs to execute...

[Thu Dec 14 10:37:50 2023]
Job 15: 
        - Note -s, keep strand information correct. Reports rev comp for neg seqs.
        
Reason: Missing output files: results/pwmscan/MA0003.4/MA0003.4-sites.fa; Input files updated by another job: results/pwmscan/MA0003.4/MA0003.4-sites.bed

Activating conda environment: ../../../../../../../../../../../../../home/tubbsca/snakemake_condas/9f9842bbfc31decc8a1ad02a46329d02_
[Thu Dec 14 10:37:54 2023]
Finished job 17.
13 of 47 steps (28%) done
Select jobs to execute...

[Thu Dec 14 10:37:54 2023]
Job 22: 
        - Note -s, keep strand information correct. Reports rev comp for neg seqs.
        
Reason: Missing output files: results/pwmscan/MA0004.1/MA0004.1-sites.fa; Input files updated by another job: results/pwmscan/MA0004.1/MA0004.1-sites.bed

Activating conda environment: ../../../../../../../../../../../../../home/tubbsca/snakemake_condas/9f9842bbfc31decc8a1ad02a46329d02_
[Thu Dec 14 10:37:54 2023]
Finished job 24.
14 of 47 steps (30%) done
Select jobs to execute...

[Thu Dec 14 10:37:54 2023]
Job 29: 
        - Note -s, keep strand information correct. Reports rev comp for neg seqs.
        
Reason: Missing output files: results/pwmscan/MA0006.1/MA0006.1-sites.fa; Input files updated by another job: results/pwmscan/MA0006.1/MA0006.1-sites.bed

Activating conda environment: ../../../../../../../../../../../../../home/tubbsca/snakemake_condas/9f9842bbfc31decc8a1ad02a46329d02_
[Thu Dec 14 10:38:04 2023]
Finished job 31.
15 of 47 steps (32%) done
Select jobs to execute...

[Thu Dec 14 10:38:04 2023]
Job 36: 
        - Note -s, keep strand information correct. Reports rev comp for neg seqs.
        
Reason: Missing output files: results/pwmscan/MA0007.3/MA0007.3-sites.fa; Input files updated by another job: results/pwmscan/MA0007.3/MA0007.3-sites.bed

Activating conda environment: ../../../../../../../../../../../../../home/tubbsca/snakemake_condas/9f9842bbfc31decc8a1ad02a46329d02_
[Thu Dec 14 10:38:11 2023]
Finished job 2.
16 of 47 steps (34%) done
Select jobs to execute...

[Thu Dec 14 10:38:11 2023]
Job 8: 
        - Note -s, keep strand information correct. Reports rev comp for neg seqs.
        
Reason: Input files updated by another job: results/pwmscan/MA0002.2/MA0002.2-sites.bed

Activating conda environment: ../../../../../../../../../../../../../home/tubbsca/snakemake_condas/9f9842bbfc31decc8a1ad02a46329d02_
[Thu Dec 14 10:39:06 2023]
Finished job 36.
17 of 47 steps (36%) done
Select jobs to execute...

[Thu Dec 14 10:39:06 2023]
Job 30: 
        - d
        
Reason: Input files updated by another job: results/pwmscan/MA0007.3/MA0007.3-sites.bed, results/pwmscan/MA0007.3/MA0007.3-sites.fa

Terminating processes on user request, this might take some time.
[Thu Dec 14 10:39:11 2023]
Error in rule pwmscan_main_compress_sites:
    jobid: 30
    input: results/pwmscan/MA0007.3/MA0007.3-sites.bed, results/pwmscan/MA0007.3/MA0007.3-sites.fa
    output: results/pwmscan/MA0007.3/MA0007.3-sites.bed.gz, results/pwmscan/MA0007.3/MA0007.3-sites.fa.gz
    shell:
        
        gzip results/pwmscan/MA0007.3/MA0007.3-sites.bed && gzip results/pwmscan/MA0007.3/MA0007.3-sites.fa
        
        (one of the commands exited with non-zero exit code; note that snakemake uses bash strict mode!)

[Thu Dec 14 10:39:11 2023]
Error in rule pwmscan_main_bed2fasta:
    jobid: 22
    input: resources/data/genome/hg38/hg38.fa, results/pwmscan/MA0004.1/MA0004.1-sites.bed
    output: results/pwmscan/MA0004.1/MA0004.1-sites.fa
    conda-env: /home/tubbsca/snakemake_condas/9f9842bbfc31decc8a1ad02a46329d02_
    shell:
        
        bedtools getfasta -fi resources/data/genome/hg38/hg38.fa -bed results/pwmscan/MA0004.1/MA0004.1-sites.bed -name -s > results/pwmscan/MA0004.1/MA0004.1-sites.fa
        
        (one of the commands exited with non-zero exit code; note that snakemake uses bash strict mode!)

[Thu Dec 14 10:39:11 2023]
Error in rule pwmscan_main_bed2fasta:
    jobid: 15
    input: resources/data/genome/hg38/hg38.fa, results/pwmscan/MA0003.4/MA0003.4-sites.bed
    output: results/pwmscan/MA0003.4/MA0003.4-sites.fa
    conda-env: /home/tubbsca/snakemake_condas/9f9842bbfc31decc8a1ad02a46329d02_
    shell:
        
        bedtools getfasta -fi resources/data/genome/hg38/hg38.fa -bed results/pwmscan/MA0003.4/MA0003.4-sites.bed -name -s > results/pwmscan/MA0003.4/MA0003.4-sites.fa
        
        (one of the commands exited with non-zero exit code; note that snakemake uses bash strict mode!)

[Thu Dec 14 10:39:11 2023]
Error in rule pwmscan_main_bed2fasta:
    jobid: 29
    input: resources/data/genome/hg38/hg38.fa, results/pwmscan/MA0006.1/MA0006.1-sites.bed
    output: results/pwmscan/MA0006.1/MA0006.1-sites.fa
    conda-env: /home/tubbsca/snakemake_condas/9f9842bbfc31decc8a1ad02a46329d02_
    shell:
        
        bedtools getfasta -fi resources/data/genome/hg38/hg38.fa -bed results/pwmscan/MA0006.1/MA0006.1-sites.bed -name -s > results/pwmscan/MA0006.1/MA0006.1-sites.fa
        
        (one of the commands exited with non-zero exit code; note that snakemake uses bash strict mode!)

[Thu Dec 14 10:39:11 2023]
Error in rule pwmscan_main_bed2fasta:
    jobid: 8
    input: resources/data/genome/hg38/hg38.fa, results/pwmscan/MA0002.2/MA0002.2-sites.bed
    output: results/pwmscan/MA0002.2/MA0002.2-sites.fa
    conda-env: /home/tubbsca/snakemake_condas/9f9842bbfc31decc8a1ad02a46329d02_
    shell:
        
        bedtools getfasta -fi resources/data/genome/hg38/hg38.fa -bed results/pwmscan/MA0002.2/MA0002.2-sites.bed -name -s > results/pwmscan/MA0002.2/MA0002.2-sites.fa
        
        (one of the commands exited with non-zero exit code; note that snakemake uses bash strict mode!)

Complete log: .snakemake/log/2023-12-14T103605.513863.snakemake.log
