Building DAG of jobs...
Your conda installation is not configured to use strict channel priorities. This is however crucial for having robust and correct environments (for details, see https://conda-forge.org/docs/user/tipsandtricks.html). Please consider to configure strict priorities by executing 'conda config --set channel_priority strict'.
Using shell: /usr/bin/bash
Provided cores: 24
Rules claiming more threads will be scaled down.
Job stats:
job                                     count
------------------------------------  -------
activity_activity_metadata                  1
activity_activity_metaplot                  1
activity_activity_stats                     1
activity_combine_activity                   1
activity_combine_plots                      1
activity_intersect_motifs                   1
activity_map_activity                       1
activity_plot_activity                      1
all                                         1
tfbscan_PWMScan_compile_pwmscan             1
tfbscan_scan_bed2fasta                      1
tfbscan_scan_calculate_probabilities        1
tfbscan_scan_compress_sites                 1
tfbscan_scan_process_probabilities          1
tfbscan_scan_scan_genome                    1
total                                      15

Select jobs to execute...

[Tue Dec 26 10:52:11 2023]
Job 13: 
        Compiles PWMScan. Note c99 flag.
        Installs into resources/software by default.
        
Reason: Updated input files: https://raw.githubusercontent.com/ctubbs750/PWMScan/main/resources/software/PWMScan/matrix_scan.c (cached), https://raw.githubusercontent.com/ctubbs750/PWMScan/main/resources/software/PWMScan/matrix_prob.c (cached)

[Tue Dec 26 10:52:12 2023]
Finished job 13.
1 of 15 steps (7%) done
Select jobs to execute...

[Tue Dec 26 10:52:12 2023]
Job 12: 
        Generates pval distribution for given PWM.
        
Reason: Input files updated by another job: resources/software/PWMScan/matrix_prob

[Tue Dec 26 10:52:12 2023]
Finished job 12.
2 of 15 steps (13%) done
Select jobs to execute...

[Tue Dec 26 10:52:12 2023]
Job 11: 
        Relative threshold is percentage of best PWM.
        For 80%, format as interger 80. Makes life easier.
        
Reason: Input files updated by another job: results/tfbs-scan/MA0007.3/MA0007.3-pvals.raw

[Tue Dec 26 10:52:12 2023]
Finished job 11.
3 of 15 steps (20%) done
Select jobs to execute...

[Tue Dec 26 10:52:12 2023]
Job 8: 
        Scans reference genome for matches againts input motif.
        
Reason: Missing output files: results/tfbs-scan/MA0007.3/MA0007.3-sites.bed; Input files updated by another job: resources/software/PWMScan/matrix_scan, results/tfbs-scan/MA0007.3/MA0007.3-coeff.txt

[Tue Dec 26 10:55:10 2023]
Finished job 8.
4 of 15 steps (27%) done
Select jobs to execute...

[Tue Dec 26 10:55:10 2023]
Job 16: 
        Some utilities want FASTA format, useful to have on hand.
        - Note -s, keep strand information correct. Reports rev comp for neg seqs.
        
Reason: Missing output files: results/tfbs-scan/MA0007.3/MA0007.3-sites.fa; Input files updated by another job: results/tfbs-scan/MA0007.3/MA0007.3-sites.bed

Activating conda environment: ../../../../../../../../../../../../../home/tubbsca/snakemake_condas/9f9842bbfc31decc8a1ad02a46329d02_
[Tue Dec 26 10:55:44 2023]
Finished job 16.
5 of 15 steps (33%) done
Select jobs to execute...

[Tue Dec 26 10:55:44 2023]
Job 7: 
        Compress sites files to minimize storage.
        
Reason: Input files updated by another job: results/tfbs-scan/MA0007.3/MA0007.3-sites.fa, results/tfbs-scan/MA0007.3/MA0007.3-sites.bed

[Tue Dec 26 10:55:54 2023]
Finished job 7.
6 of 15 steps (40%) done
Select jobs to execute...

[Tue Dec 26 10:55:54 2023]
rule activity_intersect_motifs:
    input: results/tfbs-scan/MA0007.3/MA0007.3-sites.bed.gz, results/activity/MA0007.3/MA0007.3-unibind_scored.tsv
    output: results/activity/MA0007.3/MA0007.3-unibind_intersect.bed
    log: workflow/logs/intersect_motifs_MA0007.3.stdout, workflow/logs/intersect_motifs_MA0007.3.stderr
    jobid: 6
    reason: Input files updated by another job: results/tfbs-scan/MA0007.3/MA0007.3-sites.bed.gz
    wildcards: PROFILE=MA0007.3
    threads: 2
    resources: tmpdir=/tmp

Activating conda environment: ../../../../../../../../../../../../../home/tubbsca/snakemake_condas/9e211a826b4153ae8977fb2d94caf0a0_
[Tue Dec 26 10:55:59 2023]
Finished job 6.
7 of 15 steps (47%) done
Select jobs to execute...

[Tue Dec 26 10:55:59 2023]
rule activity_map_activity:
    input: results/activity/MA0007.3/MA0007.3-unibind_intersect.bed
    output: results/activity/MA0007.3/MA0007.3-map.tsv
    log: workflow/logs/map_activity_MA0007.3.stdout, workflow/logs/map_activity_MA0007.3.stderr
    jobid: 5
    reason: Input files updated by another job: results/activity/MA0007.3/MA0007.3-unibind_intersect.bed
    wildcards: PROFILE=MA0007.3
    threads: 2
    resources: tmpdir=/tmp

Activating conda environment: ../../../../../../../../../../../../../home/tubbsca/snakemake_condas/9e211a826b4153ae8977fb2d94caf0a0_
[Tue Dec 26 10:56:06 2023]
Finished job 5.
8 of 15 steps (53%) done
Select jobs to execute...

[Tue Dec 26 10:56:06 2023]
rule activity_activity_stats:
    input: results/activity/MA0007.3/MA0007.3-map.tsv, results/tfbs-scan/MA0007.3/MA0007.3-pvals.txt
    output: results/activity/MA0007.3/MA0007.3-map_statistics.tsv
    log: workflow/logs/activity_stats_MA0007.3.stdout, workflow/logs/activity_stats_MA0007.3.stderr
    jobid: 4
    reason: Input files updated by another job: results/tfbs-scan/MA0007.3/MA0007.3-pvals.txt, results/activity/MA0007.3/MA0007.3-map.tsv
    wildcards: PROFILE=MA0007.3
    threads: 2
    resources: tmpdir=/tmp

Activating conda environment: ../../../../../../../../../../../../../home/tubbsca/snakemake_condas/9e211a826b4153ae8977fb2d94caf0a0_
Activating conda environment: ../../../../../../../../../../../../../home/tubbsca/snakemake_condas/9e211a826b4153ae8977fb2d94caf0a0_
[Tue Dec 26 10:56:10 2023]
Finished job 4.
9 of 15 steps (60%) done
Select jobs to execute...

[Tue Dec 26 10:56:10 2023]
rule activity_combine_activity:
    input: results/activity/MA0007.3/MA0007.3-map_statistics.tsv
    output: results/activity/activity_data_combined.tsv
    log: workflow/logs/combine_activity.stdout, workflow/logs/combine_activity.stderr
    jobid: 3
    reason: Input files updated by another job: results/activity/MA0007.3/MA0007.3-map_statistics.tsv
    threads: 2
    resources: tmpdir=/tmp


[Tue Dec 26 10:56:11 2023]
rule activity_plot_activity:
    input: results/activity/MA0007.3/MA0007.3-map_statistics.tsv, results/activity/MA0007.3/MA0007.3-fileset.tsv
    output: results/activity/MA0007.3/MA0007.3-activity.pdf
    log: workflow/logs/plot_activity_MA0007.3.stdout, workflow/logs/plot_activity_MA0007.3.stderr
    jobid: 24
    reason: Input files updated by another job: results/activity/MA0007.3/MA0007.3-map_statistics.tsv
    wildcards: PROFILE=MA0007.3
    threads: 2
    resources: tmpdir=/tmp

[Tue Dec 26 10:56:11 2023]
Finished job 3.
10 of 15 steps (67%) done
Select jobs to execute...

[Tue Dec 26 10:56:11 2023]
rule activity_activity_metadata:
    input: results/activity/activity_data_combined.tsv
    output: results/activity/activity_metadata-summary.tsv
    log: workflow/logs/activity_metadata.stdout, workflow/logs/activity_metadata.stderr
    jobid: 2
    reason: Input files updated by another job: results/activity/activity_data_combined.tsv
    threads: 2
    resources: tmpdir=/tmp

Activating conda environment: ../../../../../../../../../../../../../home/tubbsca/snakemake_condas/592e511923cd0331a43afb344d4a5911_
Activating conda environment: ../../../../../../../../../../../../../home/tubbsca/snakemake_condas/9e211a826b4153ae8977fb2d94caf0a0_
Activating conda environment: ../../../../../../../../../../../../../home/tubbsca/snakemake_condas/9e211a826b4153ae8977fb2d94caf0a0_
[Tue Dec 26 10:56:14 2023]
Finished job 2.
11 of 15 steps (73%) done
Select jobs to execute...

[Tue Dec 26 10:56:14 2023]
Job 1: 
        Plotting of metadata.
        
Reason: Input files updated by another job: results/activity/activity_data_combined.tsv, results/activity/activity_metadata-summary.tsv

Activating conda environment: ../../../../../../../../../../../../../home/tubbsca/snakemake_condas/592e511923cd0331a43afb344d4a5911_
[Tue Dec 26 10:56:19 2023]
Error in rule activity_plot_activity:
    jobid: 24
    input: results/activity/MA0007.3/MA0007.3-map_statistics.tsv, results/activity/MA0007.3/MA0007.3-fileset.tsv
    output: results/activity/MA0007.3/MA0007.3-activity.pdf
    log: workflow/logs/plot_activity_MA0007.3.stdout, workflow/logs/plot_activity_MA0007.3.stderr (check log file(s) for error details)
    conda-env: /home/tubbsca/snakemake_condas/592e511923cd0331a43afb344d4a5911_

RuleException:
CalledProcessError in file /panfs/accrepfs.vampire/data/ruderferlab/projects/biovu/cnv/cre/CTCF-Variant-Annotation/snakemake/workflows/common/tfbs-activity/workflow/rules/activity.smk, line 177:
Command 'source /panfs/accrepfs.vampire/home/tubbsca/miniforge-pypy3/bin/activate '/home/tubbsca/snakemake_condas/592e511923cd0331a43afb344d4a5911_'; set -euo pipefail;  Rscript --vanilla /panfs/accrepfs.vampire/data/ruderferlab/projects/biovu/cnv/cre/CTCF-Variant-Annotation/snakemake/workflows/common/tfbs-activity/.snakemake/scripts/tmprqzib1jn.plot.R' returned non-zero exit status 1.
  File "/panfs/accrepfs.vampire/data/ruderferlab/projects/biovu/cnv/cre/CTCF-Variant-Annotation/snakemake/workflows/common/tfbs-activity/workflow/rules/activity.smk", line 177, in __rule_plot_activity
  File "/accre/arch/easybuild/software/BinDist/Anaconda3/2022.05/lib/python3.9/concurrent/futures/thread.py", line 58, in run
[Tue Dec 26 10:56:22 2023]
Error in rule activity_activity_metaplot:
    jobid: 1
    input: results/activity/activity_metadata-summary.tsv, results/activity/activity_data_combined.tsv
    output: results/activity/activity_metaplot.pdf
    log: workflow/logs/activity_metaplot.stdout, workflow/logs/activity_metaplot.stderr (check log file(s) for error details)
    conda-env: /home/tubbsca/snakemake_condas/592e511923cd0331a43afb344d4a5911_

RuleException:
CalledProcessError in file /panfs/accrepfs.vampire/data/ruderferlab/projects/biovu/cnv/cre/CTCF-Variant-Annotation/snakemake/workflows/common/tfbs-activity/workflow/rules/activity.smk, line 230:
Command 'source /panfs/accrepfs.vampire/home/tubbsca/miniforge-pypy3/bin/activate '/home/tubbsca/snakemake_condas/592e511923cd0331a43afb344d4a5911_'; set -euo pipefail;  Rscript --vanilla /panfs/accrepfs.vampire/data/ruderferlab/projects/biovu/cnv/cre/CTCF-Variant-Annotation/snakemake/workflows/common/tfbs-activity/.snakemake/scripts/tmpv3pv_ha2.metaplot.R' returned non-zero exit status 1.
  File "/panfs/accrepfs.vampire/data/ruderferlab/projects/biovu/cnv/cre/CTCF-Variant-Annotation/snakemake/workflows/common/tfbs-activity/workflow/rules/activity.smk", line 230, in __rule_activity_metaplot
  File "/accre/arch/easybuild/software/BinDist/Anaconda3/2022.05/lib/python3.9/concurrent/futures/thread.py", line 58, in run
Shutting down, this might take some time.
Exiting because a job execution failed. Look above for error message
Complete log: .snakemake/log/2023-12-26T105200.534256.snakemake.log
