Building DAG of jobs...
Your conda installation is not configured to use strict channel priorities. This is however crucial for having robust and correct environments (for details, see https://conda-forge.org/docs/user/tipsandtricks.html). Please consider to configure strict priorities by executing 'conda config --set channel_priority strict'.
Using shell: /usr/bin/bash
Provided cores: 12
Rules claiming more threads will be scaled down.
Job stats:
job                                   count
----------------------------------  -------
activity_activity_stats                   5
activity_intersect_motifs                 5
activity_map_activity                     5
all                                       1
pwmscan_main_bed2fasta                    5
pwmscan_main_calc_probabilities           5
pwmscan_main_compile_pwmscan              1
pwmscan_main_compress_sites               5
pwmscan_main_process_probabilities        5
pwmscan_main_scan_genome                  5
total                                    42

Select jobs to execute...

[Thu Dec 14 10:16:08 2023]
Job 7: 
        c99 mode
        
Reason: Updated input files: https://raw.githubusercontent.com/ctubbs750/pwm-scan/main/resources/software/PWMScan/matrix_scan.c (cached), https://raw.githubusercontent.com/ctubbs750/pwm-scan/main/resources/software/PWMScan/matrix_prob.c (cached)

[Thu Dec 14 10:16:08 2023]
Finished job 7.
1 of 42 steps (2%) done
Select jobs to execute...

[Thu Dec 14 10:16:08 2023]
Job 28: 
        - Generates pval distribution for given PWM.
        
Reason: Missing output files: results/pwmscan/MA0006.1/MA0006.1-pvals.raw; Input files updated by another job: resources/software/PWMScan/matrix_prob


[Thu Dec 14 10:16:08 2023]
Job 21: 
        - Generates pval distribution for given PWM.
        
Reason: Missing output files: results/pwmscan/MA0004.1/MA0004.1-pvals.raw; Input files updated by another job: resources/software/PWMScan/matrix_prob


[Thu Dec 14 10:16:08 2023]
Job 35: 
        - Generates pval distribution for given PWM.
        
Reason: Missing output files: results/pwmscan/MA0007.3/MA0007.3-pvals.raw; Input files updated by another job: resources/software/PWMScan/matrix_prob


[Thu Dec 14 10:16:08 2023]
Job 6: 
        - Generates pval distribution for given PWM.
        
Reason: Missing output files: results/pwmscan/MA0002.2/MA0002.2-pvals.raw; Input files updated by another job: resources/software/PWMScan/matrix_prob


[Thu Dec 14 10:16:08 2023]
Job 14: 
        - Generates pval distribution for given PWM.
        
Reason: Missing output files: results/pwmscan/MA0003.4/MA0003.4-pvals.raw; Input files updated by another job: resources/software/PWMScan/matrix_prob

[Thu Dec 14 10:16:08 2023]
Finished job 28.
2 of 42 steps (5%) done
[Thu Dec 14 10:16:08 2023]
Finished job 21.
3 of 42 steps (7%) done
Select jobs to execute...

[Thu Dec 14 10:16:08 2023]
Job 20: 
        - Relative threshold is percentage of best PWM.
        For 80%, format as interger 80. Makes life easier.
        
Reason: Input files updated by another job: results/pwmscan/MA0004.1/MA0004.1-pvals.raw


[Thu Dec 14 10:16:08 2023]
Job 27: 
        - Relative threshold is percentage of best PWM.
        For 80%, format as interger 80. Makes life easier.
        
Reason: Input files updated by another job: results/pwmscan/MA0006.1/MA0006.1-pvals.raw

[Thu Dec 14 10:16:08 2023]
Finished job 6.
4 of 42 steps (10%) done
[Thu Dec 14 10:16:08 2023]
Finished job 35.
5 of 42 steps (12%) done
[Thu Dec 14 10:16:08 2023]
Finished job 14.
6 of 42 steps (14%) done
[Thu Dec 14 10:16:09 2023]
Finished job 20.
7 of 42 steps (17%) done
Removing temporary output results/pwmscan/MA0004.1/MA0004.1-pvals.raw.
Select jobs to execute...

[Thu Dec 14 10:16:09 2023]
Job 34: 
        - Relative threshold is percentage of best PWM.
        For 80%, format as interger 80. Makes life easier.
        
Reason: Input files updated by another job: results/pwmscan/MA0007.3/MA0007.3-pvals.raw


[Thu Dec 14 10:16:09 2023]
Job 13: 
        - Relative threshold is percentage of best PWM.
        For 80%, format as interger 80. Makes life easier.
        
Reason: Input files updated by another job: results/pwmscan/MA0003.4/MA0003.4-pvals.raw


[Thu Dec 14 10:16:09 2023]
Job 17: 
        - Scans rerference genome for matches againts input motif.
        
Reason: Input files updated by another job: results/pwmscan/MA0004.1/MA0004.1-coeff.txt, resources/software/PWMScan/matrix_scan


[Thu Dec 14 10:16:09 2023]
Job 5: 
        - Relative threshold is percentage of best PWM.
        For 80%, format as interger 80. Makes life easier.
        
Reason: Input files updated by another job: results/pwmscan/MA0002.2/MA0002.2-pvals.raw

[Thu Dec 14 10:16:09 2023]
Finished job 27.
8 of 42 steps (19%) done
Removing temporary output results/pwmscan/MA0006.1/MA0006.1-pvals.raw.
[Thu Dec 14 10:16:09 2023]
Finished job 34.
9 of 42 steps (21%) done
Removing temporary output results/pwmscan/MA0007.3/MA0007.3-pvals.raw.
[Thu Dec 14 10:16:09 2023]
Finished job 13.
10 of 42 steps (24%) done
Removing temporary output results/pwmscan/MA0003.4/MA0003.4-pvals.raw.
Select jobs to execute...

[Thu Dec 14 10:16:09 2023]
Job 10: 
        - Scans rerference genome for matches againts input motif.
        
Reason: Input files updated by another job: results/pwmscan/MA0003.4/MA0003.4-coeff.txt, resources/software/PWMScan/matrix_scan


[Thu Dec 14 10:16:09 2023]
Job 31: 
        - Scans rerference genome for matches againts input motif.
        
Reason: Missing output files: results/pwmscan/MA0007.3/MA0007.3-sites.bed; Input files updated by another job: resources/software/PWMScan/matrix_scan, results/pwmscan/MA0007.3/MA0007.3-coeff.txt


[Thu Dec 14 10:16:09 2023]
Job 24: 
        - Scans rerference genome for matches againts input motif.
        
Reason: Input files updated by another job: results/pwmscan/MA0006.1/MA0006.1-coeff.txt, resources/software/PWMScan/matrix_scan

[Thu Dec 14 10:16:09 2023]
Finished job 5.
11 of 42 steps (26%) done
Removing temporary output results/pwmscan/MA0002.2/MA0002.2-pvals.raw.
Select jobs to execute...

[Thu Dec 14 10:16:09 2023]
Job 2: 
        - Scans rerference genome for matches againts input motif.
        
Reason: Input files updated by another job: resources/software/PWMScan/matrix_scan, results/pwmscan/MA0002.2/MA0002.2-coeff.txt

[Thu Dec 14 10:17:34 2023]
Finished job 17.
12 of 42 steps (29%) done
Select jobs to execute...

[Thu Dec 14 10:17:34 2023]
Job 22: 
        - Note -s, keep strand information correct. Reports rev comp for neg seqs.
        
Reason: Input files updated by another job: results/pwmscan/MA0004.1/MA0004.1-sites.bed

Activating conda environment: ../../../../../../../../../../../../../home/tubbsca/snakemake_condas/9f9842bbfc31decc8a1ad02a46329d02_
[Thu Dec 14 10:17:37 2023]
Finished job 24.
13 of 42 steps (31%) done
Select jobs to execute...

[Thu Dec 14 10:17:37 2023]
Job 29: 
        - Note -s, keep strand information correct. Reports rev comp for neg seqs.
        
Reason: Input files updated by another job: results/pwmscan/MA0006.1/MA0006.1-sites.bed

Activating conda environment: ../../../../../../../../../../../../../home/tubbsca/snakemake_condas/9f9842bbfc31decc8a1ad02a46329d02_
[Thu Dec 14 10:17:38 2023]
Finished job 10.
14 of 42 steps (33%) done
Select jobs to execute...

[Thu Dec 14 10:17:38 2023]
Job 15: 
        - Note -s, keep strand information correct. Reports rev comp for neg seqs.
        
Reason: Input files updated by another job: results/pwmscan/MA0003.4/MA0003.4-sites.bed

Activating conda environment: ../../../../../../../../../../../../../home/tubbsca/snakemake_condas/9f9842bbfc31decc8a1ad02a46329d02_
[Thu Dec 14 10:17:53 2023]
Finished job 31.
15 of 42 steps (36%) done
Select jobs to execute...

[Thu Dec 14 10:17:53 2023]
Job 36: 
        - Note -s, keep strand information correct. Reports rev comp for neg seqs.
        
Reason: Missing output files: results/pwmscan/MA0007.3/MA0007.3-sites.fa; Input files updated by another job: results/pwmscan/MA0007.3/MA0007.3-sites.bed

Activating conda environment: ../../../../../../../../../../../../../home/tubbsca/snakemake_condas/9f9842bbfc31decc8a1ad02a46329d02_
[Thu Dec 14 10:17:58 2023]
Finished job 2.
16 of 42 steps (38%) done
Select jobs to execute...

[Thu Dec 14 10:17:58 2023]
Job 8: 
        - Note -s, keep strand information correct. Reports rev comp for neg seqs.
        
Reason: Input files updated by another job: results/pwmscan/MA0002.2/MA0002.2-sites.bed

Activating conda environment: ../../../../../../../../../../../../../home/tubbsca/snakemake_condas/9f9842bbfc31decc8a1ad02a46329d02_
[Thu Dec 14 10:18:53 2023]
Finished job 36.
17 of 42 steps (40%) done
Select jobs to execute...

[Thu Dec 14 10:18:53 2023]
Job 30: 
        - d
        
Reason: Input files updated by another job: results/pwmscan/MA0007.3/MA0007.3-sites.bed, results/pwmscan/MA0007.3/MA0007.3-sites.fa

[Thu Dec 14 10:19:00 2023]
Finished job 30.
18 of 42 steps (43%) done
Select jobs to execute...

[Thu Dec 14 10:19:00 2023]
rule activity_intersect_motifs:
    input: results/pwmscan/MA0007.3/MA0007.3-sites.bed.gz, results/activity/MA0007.3/MA0007.3-unibind_scored.tsv
    output: results/activity/MA0007.3/MA0007.3-unibind_intersect.bed
    jobid: 63
    reason: Input files updated by another job: results/pwmscan/MA0007.3/MA0007.3-sites.bed.gz
    wildcards: PROFILE=MA0007.3
    resources: tmpdir=/tmp

[Thu Dec 14 10:19:02 2023]
Finished job 63.
19 of 42 steps (45%) done
Select jobs to execute...

[Thu Dec 14 10:19:02 2023]
rule activity_map_activity:
    input: results/activity/MA0007.3/MA0007.3-unibind_intersect.bed
    output: results/activity/MA0007.3/MA0007.3-map.tsv
    jobid: 62
    reason: Input files updated by another job: results/activity/MA0007.3/MA0007.3-unibind_intersect.bed
    wildcards: PROFILE=MA0007.3
    resources: tmpdir=/tmp

[Thu Dec 14 10:19:07 2023]
Finished job 62.
20 of 42 steps (48%) done
Select jobs to execute...

[Thu Dec 14 10:19:07 2023]
rule activity_activity_stats:
    input: results/activity/MA0007.3/MA0007.3-map.tsv, results/pwmscan/MA0007.3/MA0007.3-pvals.txt
    output: results/activity/MA0007.3/MA0007.3-map_statistics.tsv
    jobid: 61
    reason: Missing output files: results/activity/MA0007.3/MA0007.3-map_statistics.tsv; Input files updated by another job: results/activity/MA0007.3/MA0007.3-map.tsv, results/pwmscan/MA0007.3/MA0007.3-pvals.txt
    wildcards: PROFILE=MA0007.3
    resources: tmpdir=/tmp

[Thu Dec 14 10:19:08 2023]
Finished job 61.
21 of 42 steps (50%) done
[Thu Dec 14 10:22:10 2023]
Finished job 15.
22 of 42 steps (52%) done
Select jobs to execute...

[Thu Dec 14 10:22:10 2023]
Job 9: 
        - d
        
Reason: Input files updated by another job: results/pwmscan/MA0003.4/MA0003.4-sites.bed, results/pwmscan/MA0003.4/MA0003.4-sites.fa

[Thu Dec 14 10:22:43 2023]
Finished job 9.
23 of 42 steps (55%) done
Select jobs to execute...

[Thu Dec 14 10:22:43 2023]
rule activity_intersect_motifs:
    input: results/pwmscan/MA0003.4/MA0003.4-sites.bed.gz, results/activity/MA0003.4/MA0003.4-unibind_scored.tsv
    output: results/activity/MA0003.4/MA0003.4-unibind_intersect.bed
    jobid: 48
    reason: Input files updated by another job: results/pwmscan/MA0003.4/MA0003.4-sites.bed.gz
    wildcards: PROFILE=MA0003.4
    resources: tmpdir=/tmp

[Thu Dec 14 10:22:53 2023]
Finished job 48.
24 of 42 steps (57%) done
Select jobs to execute...

[Thu Dec 14 10:22:53 2023]
rule activity_map_activity:
    input: results/activity/MA0003.4/MA0003.4-unibind_intersect.bed
    output: results/activity/MA0003.4/MA0003.4-map.tsv
    jobid: 47
    reason: Input files updated by another job: results/activity/MA0003.4/MA0003.4-unibind_intersect.bed
    wildcards: PROFILE=MA0003.4
    resources: tmpdir=/tmp

[Thu Dec 14 10:23:25 2023]
Finished job 47.
25 of 42 steps (60%) done
Select jobs to execute...

[Thu Dec 14 10:23:25 2023]
rule activity_activity_stats:
    input: results/activity/MA0003.4/MA0003.4-map.tsv, results/pwmscan/MA0003.4/MA0003.4-pvals.txt
    output: results/activity/MA0003.4/MA0003.4-map_statistics.tsv
    jobid: 46
    reason: Missing output files: results/activity/MA0003.4/MA0003.4-map_statistics.tsv; Input files updated by another job: results/activity/MA0003.4/MA0003.4-map.tsv, results/pwmscan/MA0003.4/MA0003.4-pvals.txt
    wildcards: PROFILE=MA0003.4
    resources: tmpdir=/tmp

[Thu Dec 14 10:23:26 2023]
Finished job 46.
26 of 42 steps (62%) done
[Thu Dec 14 10:32:44 2023]
Finished job 22.
27 of 42 steps (64%) done
Select jobs to execute...

[Thu Dec 14 10:32:44 2023]
Job 16: 
        - d
        
Reason: Input files updated by another job: results/pwmscan/MA0004.1/MA0004.1-sites.fa, results/pwmscan/MA0004.1/MA0004.1-sites.bed

[Thu Dec 14 10:33:32 2023]
Finished job 16.
28 of 42 steps (67%) done
Select jobs to execute...

[Thu Dec 14 10:33:32 2023]
rule activity_intersect_motifs:
    input: results/pwmscan/MA0004.1/MA0004.1-sites.bed.gz, results/activity/MA0004.1/MA0004.1-unibind_scored.tsv
    output: results/activity/MA0004.1/MA0004.1-unibind_intersect.bed
    jobid: 53
    reason: Input files updated by another job: results/pwmscan/MA0004.1/MA0004.1-sites.bed.gz
    wildcards: PROFILE=MA0004.1
    resources: tmpdir=/tmp

[Thu Dec 14 10:33:57 2023]
Finished job 29.
29 of 42 steps (69%) done
Select jobs to execute...

[Thu Dec 14 10:33:57 2023]
Job 23: 
        - d
        
Reason: Input files updated by another job: results/pwmscan/MA0006.1/MA0006.1-sites.fa, results/pwmscan/MA0006.1/MA0006.1-sites.bed

[Thu Dec 14 10:34:06 2023]
Finished job 53.
30 of 42 steps (71%) done
Select jobs to execute...

[Thu Dec 14 10:34:06 2023]
rule activity_map_activity:
    input: results/activity/MA0004.1/MA0004.1-unibind_intersect.bed
    output: results/activity/MA0004.1/MA0004.1-map.tsv
    jobid: 52
    reason: Input files updated by another job: results/activity/MA0004.1/MA0004.1-unibind_intersect.bed
    wildcards: PROFILE=MA0004.1
    resources: tmpdir=/tmp

[Thu Dec 14 10:34:07 2023]
Finished job 8.
31 of 42 steps (74%) done
Select jobs to execute...

[Thu Dec 14 10:34:07 2023]
Job 1: 
        - d
        
Reason: Input files updated by another job: results/pwmscan/MA0002.2/MA0002.2-sites.fa, results/pwmscan/MA0002.2/MA0002.2-sites.bed

[Thu Dec 14 10:35:07 2023]
Finished job 23.
32 of 42 steps (76%) done
Select jobs to execute...

[Thu Dec 14 10:35:07 2023]
rule activity_intersect_motifs:
    input: results/pwmscan/MA0006.1/MA0006.1-sites.bed.gz, results/activity/MA0006.1/MA0006.1-unibind_scored.tsv
    output: results/activity/MA0006.1/MA0006.1-unibind_intersect.bed
    jobid: 58
    reason: Input files updated by another job: results/pwmscan/MA0006.1/MA0006.1-sites.bed.gz
    wildcards: PROFILE=MA0006.1
    resources: tmpdir=/tmp

[Thu Dec 14 10:35:45 2023]
Finished job 58.
33 of 42 steps (79%) done
Select jobs to execute...

[Thu Dec 14 10:35:45 2023]
rule activity_map_activity:
    input: results/activity/MA0006.1/MA0006.1-unibind_intersect.bed
    output: results/activity/MA0006.1/MA0006.1-map.tsv
    jobid: 57
    reason: Input files updated by another job: results/activity/MA0006.1/MA0006.1-unibind_intersect.bed
    wildcards: PROFILE=MA0006.1
    resources: tmpdir=/tmp

Terminating processes on user request, this might take some time.
[Thu Dec 14 10:35:49 2023]
Error in rule activity_map_activity:
    jobid: 52
    input: results/activity/MA0004.1/MA0004.1-unibind_intersect.bed
    output: results/activity/MA0004.1/MA0004.1-map.tsv
    shell:
        
        sort -k5,5n results/activity/MA0004.1/MA0004.1-unibind_intersect.bed |
        bedtools groupby -i stdin -g 5 -c 7  -o sum,count |
        vawk '{ print $1, $2, $3, $2/$3 }' > results/activity/MA0004.1/MA0004.1-map.tsv
        
        (one of the commands exited with non-zero exit code; note that snakemake uses bash strict mode!)

[Thu Dec 14 10:35:49 2023]
Error in rule activity_map_activity:
    jobid: 57
    input: results/activity/MA0006.1/MA0006.1-unibind_intersect.bed
    output: results/activity/MA0006.1/MA0006.1-map.tsv
    shell:
        
        sort -k5,5n results/activity/MA0006.1/MA0006.1-unibind_intersect.bed |
        bedtools groupby -i stdin -g 5 -c 7  -o sum,count |
        vawk '{ print $1, $2, $3, $2/$3 }' > results/activity/MA0006.1/MA0006.1-map.tsv
        
        (one of the commands exited with non-zero exit code; note that snakemake uses bash strict mode!)

[Thu Dec 14 10:35:49 2023]
Error in rule pwmscan_main_compress_sites:
    jobid: 1
    input: results/pwmscan/MA0002.2/MA0002.2-sites.bed, results/pwmscan/MA0002.2/MA0002.2-sites.fa
    output: results/pwmscan/MA0002.2/MA0002.2-sites.bed.gz, results/pwmscan/MA0002.2/MA0002.2-sites.fa.gz
    shell:
        
        gzip results/pwmscan/MA0002.2/MA0002.2-sites.bed && gzip results/pwmscan/MA0002.2/MA0002.2-sites.fa
        
        (one of the commands exited with non-zero exit code; note that snakemake uses bash strict mode!)

Complete log: .snakemake/log/2023-12-14T101556.023074.snakemake.log
