Building DAG of jobs...
Using shell: /usr/bin/bash
Provided cores: 4
Rules claiming more threads will be scaled down.
Conda environments: ignored
Job stats:
job                         count
------------------------  -------
all                             1
unibind_combine_targets         1
unibind_download_unibind        1
unibind_failed_targets          1
unibind_fetch_lengths           1
unibind_fetch_targets           1
unibind_filter_targets          1
unibind_flatten_dir             1
unibind_format_targets          1
unibind_unpack_unibind          1
total                          10

Select jobs to execute...

[Tue Dec 26 16:44:19 2023]
Job 7: 
        Downloads all DAMOS from UniBind database
        
Reason: Missing output files: resources/data/unibind/damo_hg39_all_TFBS.tar.gz

[Tue Dec 26 16:45:16 2023]
Finished job 7.
1 of 10 steps (10%) done
Select jobs to execute...

[Tue Dec 26 16:45:16 2023]
Job 6: 
        Unpacks UniBind data download
        
Reason: Missing output files: resources/data/unibind/damo_hg38_all_TFBS_unpacked; Input files updated by another job: resources/data/unibind/damo_hg39_all_TFBS.tar.gz

[Tue Dec 26 16:50:28 2023]
Finished job 6.
2 of 10 steps (20%) done
Removing temporary output resources/data/unibind/damo_hg39_all_TFBS.tar.gz.
Select jobs to execute...

[Tue Dec 26 16:50:28 2023]
Job 5: 
        Flattens unpacked tarbell. Not great - for the moment just check for creation of first in OP.
        Also removes all the empty dirs.
        
Reason: Missing output files: resources/data/unibind/damo_hg38_all_TFBS_unpacked_flat; Input files updated by another job: resources/data/unibind/damo_hg38_all_TFBS_unpacked

[Tue Dec 26 16:51:17 2023]
Finished job 5.
3 of 10 steps (30%) done
Removing temporary output resources/data/unibind/damo_hg38_all_TFBS_unpacked.
Select jobs to execute...

[Tue Dec 26 16:51:17 2023]
Job 4: 
        Returns list of all TFs and their JASPAR profiles from UniBind
        
Reason: Missing output files: resources/data/unibind/make_targets.txt; Input files updated by another job: resources/data/unibind/damo_hg38_all_TFBS_unpacked_flat

[Tue Dec 26 16:51:17 2023]
Finished job 4.
4 of 10 steps (40%) done
Select jobs to execute...

[Tue Dec 26 16:51:17 2023]
Job 8: 
        Test each matrix ID for membership in JASPAR database.
        
Reason: Missing output files: resources/data/unibind/failed_targets.txt; Input files updated by another job: resources/data/unibind/make_targets.txt

Terminating processes on user request, this might take some time.
Cancelling snakemake on user request.
