Building DAG of jobs...
Your conda installation is not configured to use strict channel priorities. This is however crucial for having robust and correct environments (for details, see https://conda-forge.org/docs/user/tipsandtricks.html). Please consider to configure strict priorities by executing 'conda config --set channel_priority strict'.
Using shell: /usr/bin/bash
Provided cores: 24
Rules claiming more threads will be scaled down.
Job stats:
job                                     count
------------------------------------  -------
activity_activity_metadata                  1
activity_activity_metaplot                  1
activity_activity_stats                     5
activity_combine_activity                   1
activity_combine_plots                      1
activity_intersect_motifs                   5
activity_map_activity                       5
activity_plot_activity                      5
all                                         1
tfbscan_PWMScan_compile_pwmscan             1
tfbscan_scan_bed2fasta                      5
tfbscan_scan_calculate_probabilities        5
tfbscan_scan_compress_sites                 5
tfbscan_scan_process_probabilities          5
tfbscan_scan_scan_genome                    5
total                                      51

Select jobs to execute...

[Tue Dec 26 09:47:13 2023]
Job 13: 
        Compiles PWMScan. Note c99 flag.
        Installs into resources/software by default.
        
Reason: Updated input files: https://raw.githubusercontent.com/ctubbs750/PWMScan/main/resources/software/PWMScan/matrix_prob.c (cached), https://raw.githubusercontent.com/ctubbs750/PWMScan/main/resources/software/PWMScan/matrix_scan.c (cached)

[Tue Dec 26 09:47:14 2023]
Finished job 13.
1 of 51 steps (2%) done
Select jobs to execute...

[Tue Dec 26 09:47:14 2023]
Job 12: 
        Generates pval distribution for given PWM.
        
Reason: Input files updated by another job: resources/software/PWMScan/matrix_prob


[Tue Dec 26 09:47:14 2023]
Job 70: 
        Generates pval distribution for given PWM.
        
Reason: Input files updated by another job: resources/software/PWMScan/matrix_prob


[Tue Dec 26 09:47:14 2023]
Job 44: 
        Generates pval distribution for given PWM.
        
Reason: Input files updated by another job: resources/software/PWMScan/matrix_prob


[Tue Dec 26 09:47:14 2023]
Job 57: 
        Generates pval distribution for given PWM.
        
Reason: Input files updated by another job: resources/software/PWMScan/matrix_prob


[Tue Dec 26 09:47:14 2023]
Job 31: 
        Generates pval distribution for given PWM.
        
Reason: Input files updated by another job: resources/software/PWMScan/matrix_prob

[Tue Dec 26 09:47:14 2023]
Finished job 12.
2 of 51 steps (4%) done
[Tue Dec 26 09:47:14 2023]
Finished job 70.
3 of 51 steps (6%) done
[Tue Dec 26 09:47:14 2023]
Finished job 44.
4 of 51 steps (8%) done
[Tue Dec 26 09:47:14 2023]
Finished job 57.
5 of 51 steps (10%) done
Select jobs to execute...

[Tue Dec 26 09:47:14 2023]
Job 69: 
        Relative threshold is percentage of best PWM.
        For 80%, format as interger 80. Makes life easier.
        
Reason: Input files updated by another job: results/tfbs-scan/MA0259.1/MA0259.1-pvals.raw


[Tue Dec 26 09:47:14 2023]
Job 56: 
        Relative threshold is percentage of best PWM.
        For 80%, format as interger 80. Makes life easier.
        
Reason: Input files updated by another job: results/tfbs-scan/MA0006.1/MA0006.1-pvals.raw


[Tue Dec 26 09:47:14 2023]
Job 43: 
        Relative threshold is percentage of best PWM.
        For 80%, format as interger 80. Makes life easier.
        
Reason: Input files updated by another job: results/tfbs-scan/MA0004.1/MA0004.1-pvals.raw


[Tue Dec 26 09:47:14 2023]
Job 11: 
        Relative threshold is percentage of best PWM.
        For 80%, format as interger 80. Makes life easier.
        
Reason: Input files updated by another job: results/tfbs-scan/MA0007.3/MA0007.3-pvals.raw

[Tue Dec 26 09:47:15 2023]
Finished job 31.
6 of 51 steps (12%) done
[Tue Dec 26 09:47:15 2023]
Finished job 69.
7 of 51 steps (14%) done
[Tue Dec 26 09:47:15 2023]
Finished job 56.
8 of 51 steps (16%) done
Select jobs to execute...

[Tue Dec 26 09:47:15 2023]
Job 30: 
        Relative threshold is percentage of best PWM.
        For 80%, format as interger 80. Makes life easier.
        
Reason: Input files updated by another job: results/tfbs-scan/MA0603.1/MA0603.1-pvals.raw


[Tue Dec 26 09:47:15 2023]
Job 66: 
        Scans reference genome for matches againts input motif.
        
Reason: Input files updated by another job: results/tfbs-scan/MA0259.1/MA0259.1-coeff.txt, resources/software/PWMScan/matrix_scan


[Tue Dec 26 09:47:15 2023]
Job 53: 
        Scans reference genome for matches againts input motif.
        
Reason: Input files updated by another job: results/tfbs-scan/MA0006.1/MA0006.1-coeff.txt, resources/software/PWMScan/matrix_scan

[Tue Dec 26 09:47:15 2023]
Finished job 43.
9 of 51 steps (18%) done
[Tue Dec 26 09:47:15 2023]
Finished job 11.
10 of 51 steps (20%) done
[Tue Dec 26 09:47:15 2023]
Finished job 30.
11 of 51 steps (22%) done
Select jobs to execute...

[Tue Dec 26 09:47:15 2023]
Job 40: 
        Scans reference genome for matches againts input motif.
        
Reason: Input files updated by another job: results/tfbs-scan/MA0004.1/MA0004.1-coeff.txt, resources/software/PWMScan/matrix_scan


[Tue Dec 26 09:47:15 2023]
Job 27: 
        Scans reference genome for matches againts input motif.
        
Reason: Input files updated by another job: results/tfbs-scan/MA0603.1/MA0603.1-coeff.txt, resources/software/PWMScan/matrix_scan


[Tue Dec 26 09:47:15 2023]
Job 8: 
        Scans reference genome for matches againts input motif.
        
Reason: Missing output files: results/tfbs-scan/MA0007.3/MA0007.3-sites.bed; Input files updated by another job: results/tfbs-scan/MA0007.3/MA0007.3-coeff.txt, resources/software/PWMScan/matrix_scan

[Tue Dec 26 09:49:38 2023]
Finished job 53.
12 of 51 steps (24%) done
Select jobs to execute...

[Tue Dec 26 09:49:38 2023]
Job 58: 
        Some utilities want FASTA format, useful to have on hand.
        - Note -s, keep strand information correct. Reports rev comp for neg seqs.
        
Reason: Input files updated by another job: results/tfbs-scan/MA0006.1/MA0006.1-sites.bed

Activating conda environment: ../../../../../../../../../../../../../home/tubbsca/snakemake_condas/9f9842bbfc31decc8a1ad02a46329d02_
[Tue Dec 26 09:49:47 2023]
Finished job 40.
13 of 51 steps (25%) done
Select jobs to execute...

[Tue Dec 26 09:49:47 2023]
Job 45: 
        Some utilities want FASTA format, useful to have on hand.
        - Note -s, keep strand information correct. Reports rev comp for neg seqs.
        
Reason: Input files updated by another job: results/tfbs-scan/MA0004.1/MA0004.1-sites.bed

Activating conda environment: ../../../../../../../../../../../../../home/tubbsca/snakemake_condas/9f9842bbfc31decc8a1ad02a46329d02_
[Tue Dec 26 09:49:53 2023]
Finished job 27.
14 of 51 steps (27%) done
Select jobs to execute...

[Tue Dec 26 09:49:53 2023]
Job 32: 
        Some utilities want FASTA format, useful to have on hand.
        - Note -s, keep strand information correct. Reports rev comp for neg seqs.
        
Reason: Input files updated by another job: results/tfbs-scan/MA0603.1/MA0603.1-sites.bed

Activating conda environment: ../../../../../../../../../../../../../home/tubbsca/snakemake_condas/9f9842bbfc31decc8a1ad02a46329d02_
[Tue Dec 26 09:49:54 2023]
Finished job 66.
15 of 51 steps (29%) done
Select jobs to execute...

[Tue Dec 26 09:49:54 2023]
Job 71: 
        Some utilities want FASTA format, useful to have on hand.
        - Note -s, keep strand information correct. Reports rev comp for neg seqs.
        
Reason: Input files updated by another job: results/tfbs-scan/MA0259.1/MA0259.1-sites.bed

Activating conda environment: ../../../../../../../../../../../../../home/tubbsca/snakemake_condas/9f9842bbfc31decc8a1ad02a46329d02_
[Tue Dec 26 09:50:18 2023]
Finished job 8.
16 of 51 steps (31%) done
Select jobs to execute...

[Tue Dec 26 09:50:18 2023]
Job 16: 
        Some utilities want FASTA format, useful to have on hand.
        - Note -s, keep strand information correct. Reports rev comp for neg seqs.
        
Reason: Missing output files: results/tfbs-scan/MA0007.3/MA0007.3-sites.fa; Input files updated by another job: results/tfbs-scan/MA0007.3/MA0007.3-sites.bed

Activating conda environment: ../../../../../../../../../../../../../home/tubbsca/snakemake_condas/9f9842bbfc31decc8a1ad02a46329d02_
[Tue Dec 26 09:51:24 2023]
Finished job 16.
17 of 51 steps (33%) done
Select jobs to execute...

[Tue Dec 26 09:51:24 2023]
Job 7: 
        Compress sites files to minimize storage.
        
Reason: Input files updated by another job: results/tfbs-scan/MA0007.3/MA0007.3-sites.bed, results/tfbs-scan/MA0007.3/MA0007.3-sites.fa

[Tue Dec 26 09:51:35 2023]
Finished job 7.
18 of 51 steps (35%) done
Select jobs to execute...

[Tue Dec 26 09:51:35 2023]
rule activity_intersect_motifs:
    input: results/tfbs-scan/MA0007.3/MA0007.3-sites.bed.gz, results/activity/MA0007.3/MA0007.3-unibind_scored.tsv
    output: results/activity/MA0007.3/MA0007.3-unibind_intersect.bed
    log: workflow/logs/intersect_motifs_MA0007.3.stdout, workflow/logs/intersect_motifs_MA0007.3.stderr
    jobid: 6
    reason: Input files updated by another job: results/tfbs-scan/MA0007.3/MA0007.3-sites.bed.gz
    wildcards: PROFILE=MA0007.3
    threads: 2
    resources: tmpdir=/tmp

Activating conda environment: ../../../../../../../../../../../../../home/tubbsca/snakemake_condas/9e211a826b4153ae8977fb2d94caf0a0_
[Tue Dec 26 09:51:40 2023]
Finished job 6.
19 of 51 steps (37%) done
Select jobs to execute...

[Tue Dec 26 09:51:40 2023]
rule activity_map_activity:
    input: results/activity/MA0007.3/MA0007.3-unibind_intersect.bed
    output: results/activity/MA0007.3/MA0007.3-map.tsv
    log: workflow/logs/map_activity_MA0007.3.stdout, workflow/logs/map_activity_MA0007.3.stderr
    jobid: 5
    reason: Input files updated by another job: results/activity/MA0007.3/MA0007.3-unibind_intersect.bed
    wildcards: PROFILE=MA0007.3
    threads: 2
    resources: tmpdir=/tmp

Activating conda environment: ../../../../../../../../../../../../../home/tubbsca/snakemake_condas/9e211a826b4153ae8977fb2d94caf0a0_
[Tue Dec 26 09:51:48 2023]
Finished job 5.
20 of 51 steps (39%) done
Select jobs to execute...

[Tue Dec 26 09:51:48 2023]
rule activity_activity_stats:
    input: results/activity/MA0007.3/MA0007.3-map.tsv, results/tfbs-scan/MA0007.3/MA0007.3-pvals.txt
    output: results/activity/MA0007.3/MA0007.3-map_statistics.tsv
    log: workflow/logs/activity_stats_MA0007.3.stdout, workflow/logs/activity_stats_MA0007.3.stderr
    jobid: 4
    reason: Input files updated by another job: results/tfbs-scan/MA0007.3/MA0007.3-pvals.txt, results/activity/MA0007.3/MA0007.3-map.tsv
    wildcards: PROFILE=MA0007.3
    threads: 2
    resources: tmpdir=/tmp

Activating conda environment: ../../../../../../../../../../../../../home/tubbsca/snakemake_condas/9e211a826b4153ae8977fb2d94caf0a0_
Activating conda environment: ../../../../../../../../../../../../../home/tubbsca/snakemake_condas/9e211a826b4153ae8977fb2d94caf0a0_
[Tue Dec 26 09:51:51 2023]
Finished job 4.
21 of 51 steps (41%) done
Select jobs to execute...

[Tue Dec 26 09:51:51 2023]
rule activity_plot_activity:
    input: results/activity/MA0007.3/MA0007.3-map_statistics.tsv, results/activity/MA0007.3/MA0007.3-fileset.tsv
    output: results/activity/MA0007.3/MA0007.3-activity.pdf
    log: workflow/logs/plot_activity_MA0007.3.stdout, workflow/logs/plot_activity_MA0007.3.stderr
    jobid: 76
    reason: Missing output files: results/activity/MA0007.3/MA0007.3-activity.pdf; Input files updated by another job: results/activity/MA0007.3/MA0007.3-map_statistics.tsv
    wildcards: PROFILE=MA0007.3
    threads: 2
    resources: tmpdir=/tmp

Activating conda environment: ../../../../../../../../../../../../../home/tubbsca/snakemake_condas/592e511923cd0331a43afb344d4a5911_
[Tue Dec 26 09:52:02 2023]
Finished job 76.
22 of 51 steps (43%) done
[Tue Dec 26 09:57:34 2023]
Finished job 32.
23 of 51 steps (45%) done
Select jobs to execute...

[Tue Dec 26 09:57:34 2023]
Job 26: 
        Compress sites files to minimize storage.
        
Reason: Input files updated by another job: results/tfbs-scan/MA0603.1/MA0603.1-sites.fa, results/tfbs-scan/MA0603.1/MA0603.1-sites.bed

[Tue Dec 26 09:58:21 2023]
Finished job 26.
24 of 51 steps (47%) done
Select jobs to execute...

[Tue Dec 26 09:58:21 2023]
rule activity_intersect_motifs:
    input: results/tfbs-scan/MA0603.1/MA0603.1-sites.bed.gz, results/activity/MA0603.1/MA0603.1-unibind_scored.tsv
    output: results/activity/MA0603.1/MA0603.1-unibind_intersect.bed
    log: workflow/logs/intersect_motifs_MA0603.1.stdout, workflow/logs/intersect_motifs_MA0603.1.stderr
    jobid: 25
    reason: Input files updated by another job: results/tfbs-scan/MA0603.1/MA0603.1-sites.bed.gz
    wildcards: PROFILE=MA0603.1
    threads: 2
    resources: tmpdir=/tmp

Activating conda environment: ../../../../../../../../../../../../../home/tubbsca/snakemake_condas/9e211a826b4153ae8977fb2d94caf0a0_
[Tue Dec 26 09:58:42 2023]
Finished job 25.
25 of 51 steps (49%) done
Select jobs to execute...

[Tue Dec 26 09:58:42 2023]
rule activity_map_activity:
    input: results/activity/MA0603.1/MA0603.1-unibind_intersect.bed
    output: results/activity/MA0603.1/MA0603.1-map.tsv
    log: workflow/logs/map_activity_MA0603.1.stdout, workflow/logs/map_activity_MA0603.1.stderr
    jobid: 24
    reason: Input files updated by another job: results/activity/MA0603.1/MA0603.1-unibind_intersect.bed
    wildcards: PROFILE=MA0603.1
    threads: 2
    resources: tmpdir=/tmp

Activating conda environment: ../../../../../../../../../../../../../home/tubbsca/snakemake_condas/9e211a826b4153ae8977fb2d94caf0a0_
[Tue Dec 26 09:59:39 2023]
Finished job 24.
26 of 51 steps (51%) done
Select jobs to execute...

[Tue Dec 26 09:59:39 2023]
rule activity_activity_stats:
    input: results/activity/MA0603.1/MA0603.1-map.tsv, results/tfbs-scan/MA0603.1/MA0603.1-pvals.txt
    output: results/activity/MA0603.1/MA0603.1-map_statistics.tsv
    log: workflow/logs/activity_stats_MA0603.1.stdout, workflow/logs/activity_stats_MA0603.1.stderr
    jobid: 23
    reason: Input files updated by another job: results/activity/MA0603.1/MA0603.1-map.tsv, results/tfbs-scan/MA0603.1/MA0603.1-pvals.txt
    wildcards: PROFILE=MA0603.1
    threads: 2
    resources: tmpdir=/tmp

Activating conda environment: ../../../../../../../../../../../../../home/tubbsca/snakemake_condas/9e211a826b4153ae8977fb2d94caf0a0_
Activating conda environment: ../../../../../../../../../../../../../home/tubbsca/snakemake_condas/9e211a826b4153ae8977fb2d94caf0a0_
[Tue Dec 26 09:59:42 2023]
Finished job 23.
27 of 51 steps (53%) done
Select jobs to execute...

[Tue Dec 26 09:59:42 2023]
rule activity_plot_activity:
    input: results/activity/MA0603.1/MA0603.1-map_statistics.tsv, results/activity/MA0603.1/MA0603.1-fileset.tsv
    output: results/activity/MA0603.1/MA0603.1-activity.pdf
    log: workflow/logs/plot_activity_MA0603.1.stdout, workflow/logs/plot_activity_MA0603.1.stderr
    jobid: 77
    reason: Missing output files: results/activity/MA0603.1/MA0603.1-activity.pdf; Input files updated by another job: results/activity/MA0603.1/MA0603.1-map_statistics.tsv
    wildcards: PROFILE=MA0603.1
    threads: 2
    resources: tmpdir=/tmp

Activating conda environment: ../../../../../../../../../../../../../home/tubbsca/snakemake_condas/592e511923cd0331a43afb344d4a5911_
[Tue Dec 26 09:59:52 2023]
Finished job 77.
28 of 51 steps (55%) done
[Tue Dec 26 10:03:30 2023]
Finished job 71.
29 of 51 steps (57%) done
Select jobs to execute...

[Tue Dec 26 10:03:30 2023]
Job 65: 
        Compress sites files to minimize storage.
        
Reason: Input files updated by another job: results/tfbs-scan/MA0259.1/MA0259.1-sites.bed, results/tfbs-scan/MA0259.1/MA0259.1-sites.fa

[Tue Dec 26 10:04:49 2023]
Finished job 65.
30 of 51 steps (59%) done
Select jobs to execute...

[Tue Dec 26 10:04:49 2023]
rule activity_intersect_motifs:
    input: results/tfbs-scan/MA0259.1/MA0259.1-sites.bed.gz, results/activity/MA0259.1/MA0259.1-unibind_scored.tsv
    output: results/activity/MA0259.1/MA0259.1-unibind_intersect.bed
    log: workflow/logs/intersect_motifs_MA0259.1.stdout, workflow/logs/intersect_motifs_MA0259.1.stderr
    jobid: 64
    reason: Input files updated by another job: results/tfbs-scan/MA0259.1/MA0259.1-sites.bed.gz
    wildcards: PROFILE=MA0259.1
    threads: 2
    resources: tmpdir=/tmp

Activating conda environment: ../../../../../../../../../../../../../home/tubbsca/snakemake_condas/9e211a826b4153ae8977fb2d94caf0a0_
[Tue Dec 26 10:05:30 2023]
Finished job 64.
31 of 51 steps (61%) done
Select jobs to execute...

[Tue Dec 26 10:05:30 2023]
rule activity_map_activity:
    input: results/activity/MA0259.1/MA0259.1-unibind_intersect.bed
    output: results/activity/MA0259.1/MA0259.1-map.tsv
    log: workflow/logs/map_activity_MA0259.1.stdout, workflow/logs/map_activity_MA0259.1.stderr
    jobid: 63
    reason: Input files updated by another job: results/activity/MA0259.1/MA0259.1-unibind_intersect.bed
    wildcards: PROFILE=MA0259.1
    threads: 2
    resources: tmpdir=/tmp

Activating conda environment: ../../../../../../../../../../../../../home/tubbsca/snakemake_condas/9e211a826b4153ae8977fb2d94caf0a0_
[Tue Dec 26 10:07:34 2023]
Finished job 63.
32 of 51 steps (63%) done
Select jobs to execute...

[Tue Dec 26 10:07:34 2023]
rule activity_activity_stats:
    input: results/activity/MA0259.1/MA0259.1-map.tsv, results/tfbs-scan/MA0259.1/MA0259.1-pvals.txt
    output: results/activity/MA0259.1/MA0259.1-map_statistics.tsv
    log: workflow/logs/activity_stats_MA0259.1.stdout, workflow/logs/activity_stats_MA0259.1.stderr
    jobid: 62
    reason: Input files updated by another job: results/tfbs-scan/MA0259.1/MA0259.1-pvals.txt, results/activity/MA0259.1/MA0259.1-map.tsv
    wildcards: PROFILE=MA0259.1
    threads: 2
    resources: tmpdir=/tmp

Activating conda environment: ../../../../../../../../../../../../../home/tubbsca/snakemake_condas/9e211a826b4153ae8977fb2d94caf0a0_
Activating conda environment: ../../../../../../../../../../../../../home/tubbsca/snakemake_condas/9e211a826b4153ae8977fb2d94caf0a0_
[Tue Dec 26 10:07:37 2023]
Finished job 62.
33 of 51 steps (65%) done
Select jobs to execute...

[Tue Dec 26 10:07:37 2023]
rule activity_plot_activity:
    input: results/activity/MA0259.1/MA0259.1-map_statistics.tsv, results/activity/MA0259.1/MA0259.1-fileset.tsv
    output: results/activity/MA0259.1/MA0259.1-activity.pdf
    log: workflow/logs/plot_activity_MA0259.1.stdout, workflow/logs/plot_activity_MA0259.1.stderr
    jobid: 80
    reason: Missing output files: results/activity/MA0259.1/MA0259.1-activity.pdf; Input files updated by another job: results/activity/MA0259.1/MA0259.1-map_statistics.tsv
    wildcards: PROFILE=MA0259.1
    threads: 2
    resources: tmpdir=/tmp

Activating conda environment: ../../../../../../../../../../../../../home/tubbsca/snakemake_condas/592e511923cd0331a43afb344d4a5911_
[Tue Dec 26 10:07:46 2023]
Finished job 80.
34 of 51 steps (67%) done
[Tue Dec 26 10:08:15 2023]
Finished job 45.
35 of 51 steps (69%) done
Select jobs to execute...

[Tue Dec 26 10:08:15 2023]
Job 39: 
        Compress sites files to minimize storage.
        
Reason: Input files updated by another job: results/tfbs-scan/MA0004.1/MA0004.1-sites.bed, results/tfbs-scan/MA0004.1/MA0004.1-sites.fa

[Tue Dec 26 10:09:27 2023]
Finished job 39.
36 of 51 steps (71%) done
Select jobs to execute...

[Tue Dec 26 10:09:27 2023]
rule activity_intersect_motifs:
    input: results/tfbs-scan/MA0004.1/MA0004.1-sites.bed.gz, results/activity/MA0004.1/MA0004.1-unibind_scored.tsv
    output: results/activity/MA0004.1/MA0004.1-unibind_intersect.bed
    log: workflow/logs/intersect_motifs_MA0004.1.stdout, workflow/logs/intersect_motifs_MA0004.1.stderr
    jobid: 38
    reason: Input files updated by another job: results/tfbs-scan/MA0004.1/MA0004.1-sites.bed.gz
    wildcards: PROFILE=MA0004.1
    threads: 2
    resources: tmpdir=/tmp

Activating conda environment: ../../../../../../../../../../../../../home/tubbsca/snakemake_condas/9e211a826b4153ae8977fb2d94caf0a0_
[Tue Dec 26 10:09:34 2023]
Finished job 58.
37 of 51 steps (73%) done
Select jobs to execute...

[Tue Dec 26 10:09:34 2023]
Job 52: 
        Compress sites files to minimize storage.
        
Reason: Input files updated by another job: results/tfbs-scan/MA0006.1/MA0006.1-sites.fa, results/tfbs-scan/MA0006.1/MA0006.1-sites.bed

[Tue Dec 26 10:10:26 2023]
Finished job 38.
38 of 51 steps (75%) done
Select jobs to execute...

[Tue Dec 26 10:10:26 2023]
rule activity_map_activity:
    input: results/activity/MA0004.1/MA0004.1-unibind_intersect.bed
    output: results/activity/MA0004.1/MA0004.1-map.tsv
    log: workflow/logs/map_activity_MA0004.1.stdout, workflow/logs/map_activity_MA0004.1.stderr
    jobid: 37
    reason: Input files updated by another job: results/activity/MA0004.1/MA0004.1-unibind_intersect.bed
    wildcards: PROFILE=MA0004.1
    threads: 2
    resources: tmpdir=/tmp

Activating conda environment: ../../../../../../../../../../../../../home/tubbsca/snakemake_condas/9e211a826b4153ae8977fb2d94caf0a0_
[Tue Dec 26 10:11:16 2023]
Finished job 52.
39 of 51 steps (76%) done
Select jobs to execute...

[Tue Dec 26 10:11:16 2023]
rule activity_intersect_motifs:
    input: results/tfbs-scan/MA0006.1/MA0006.1-sites.bed.gz, results/activity/MA0006.1/MA0006.1-unibind_scored.tsv
    output: results/activity/MA0006.1/MA0006.1-unibind_intersect.bed
    log: workflow/logs/intersect_motifs_MA0006.1.stdout, workflow/logs/intersect_motifs_MA0006.1.stderr
    jobid: 51
    reason: Input files updated by another job: results/tfbs-scan/MA0006.1/MA0006.1-sites.bed.gz
    wildcards: PROFILE=MA0006.1
    threads: 2
    resources: tmpdir=/tmp

Activating conda environment: ../../../../../../../../../../../../../home/tubbsca/snakemake_condas/9e211a826b4153ae8977fb2d94caf0a0_
[Tue Dec 26 10:12:19 2023]
Finished job 51.
40 of 51 steps (78%) done
Select jobs to execute...

[Tue Dec 26 10:12:19 2023]
rule activity_map_activity:
    input: results/activity/MA0006.1/MA0006.1-unibind_intersect.bed
    output: results/activity/MA0006.1/MA0006.1-map.tsv
    log: workflow/logs/map_activity_MA0006.1.stdout, workflow/logs/map_activity_MA0006.1.stderr
    jobid: 50
    reason: Input files updated by another job: results/activity/MA0006.1/MA0006.1-unibind_intersect.bed
    wildcards: PROFILE=MA0006.1
    threads: 2
    resources: tmpdir=/tmp

Activating conda environment: ../../../../../../../../../../../../../home/tubbsca/snakemake_condas/9e211a826b4153ae8977fb2d94caf0a0_
[Tue Dec 26 10:13:47 2023]
Finished job 37.
41 of 51 steps (80%) done
Select jobs to execute...

[Tue Dec 26 10:13:47 2023]
rule activity_activity_stats:
    input: results/activity/MA0004.1/MA0004.1-map.tsv, results/tfbs-scan/MA0004.1/MA0004.1-pvals.txt
    output: results/activity/MA0004.1/MA0004.1-map_statistics.tsv
    log: workflow/logs/activity_stats_MA0004.1.stdout, workflow/logs/activity_stats_MA0004.1.stderr
    jobid: 36
    reason: Input files updated by another job: results/activity/MA0004.1/MA0004.1-map.tsv, results/tfbs-scan/MA0004.1/MA0004.1-pvals.txt
    wildcards: PROFILE=MA0004.1
    threads: 2
    resources: tmpdir=/tmp

Activating conda environment: ../../../../../../../../../../../../../home/tubbsca/snakemake_condas/9e211a826b4153ae8977fb2d94caf0a0_
Activating conda environment: ../../../../../../../../../../../../../home/tubbsca/snakemake_condas/9e211a826b4153ae8977fb2d94caf0a0_
[Tue Dec 26 10:13:50 2023]
Finished job 36.
42 of 51 steps (82%) done
Select jobs to execute...

[Tue Dec 26 10:13:50 2023]
rule activity_plot_activity:
    input: results/activity/MA0004.1/MA0004.1-map_statistics.tsv, results/activity/MA0004.1/MA0004.1-fileset.tsv
    output: results/activity/MA0004.1/MA0004.1-activity.pdf
    log: workflow/logs/plot_activity_MA0004.1.stdout, workflow/logs/plot_activity_MA0004.1.stderr
    jobid: 78
    reason: Missing output files: results/activity/MA0004.1/MA0004.1-activity.pdf; Input files updated by another job: results/activity/MA0004.1/MA0004.1-map_statistics.tsv
    wildcards: PROFILE=MA0004.1
    threads: 2
    resources: tmpdir=/tmp

Activating conda environment: ../../../../../../../../../../../../../home/tubbsca/snakemake_condas/592e511923cd0331a43afb344d4a5911_
[Tue Dec 26 10:13:59 2023]
Finished job 78.
43 of 51 steps (84%) done
[Tue Dec 26 10:15:58 2023]
Finished job 50.
44 of 51 steps (86%) done
Select jobs to execute...

[Tue Dec 26 10:15:58 2023]
rule activity_activity_stats:
    input: results/activity/MA0006.1/MA0006.1-map.tsv, results/tfbs-scan/MA0006.1/MA0006.1-pvals.txt
    output: results/activity/MA0006.1/MA0006.1-map_statistics.tsv
    log: workflow/logs/activity_stats_MA0006.1.stdout, workflow/logs/activity_stats_MA0006.1.stderr
    jobid: 49
    reason: Input files updated by another job: results/tfbs-scan/MA0006.1/MA0006.1-pvals.txt, results/activity/MA0006.1/MA0006.1-map.tsv
    wildcards: PROFILE=MA0006.1
    threads: 2
    resources: tmpdir=/tmp

Activating conda environment: ../../../../../../../../../../../../../home/tubbsca/snakemake_condas/9e211a826b4153ae8977fb2d94caf0a0_
Activating conda environment: ../../../../../../../../../../../../../home/tubbsca/snakemake_condas/9e211a826b4153ae8977fb2d94caf0a0_
[Tue Dec 26 10:16:01 2023]
Finished job 49.
45 of 51 steps (88%) done
Select jobs to execute...

[Tue Dec 26 10:16:01 2023]
rule activity_combine_activity:
    input: results/activity/MA0007.3/MA0007.3-map_statistics.tsv, results/activity/MA0603.1/MA0603.1-map_statistics.tsv, results/activity/MA0004.1/MA0004.1-map_statistics.tsv, results/activity/MA0006.1/MA0006.1-map_statistics.tsv, results/activity/MA0259.1/MA0259.1-map_statistics.tsv
    output: results/activity/activity_data_combined.tsv
    log: workflow/logs/combine_activity.stdout, workflow/logs/combine_activity.stderr
    jobid: 3
    reason: Missing output files: results/activity/activity_data_combined.tsv; Input files updated by another job: results/activity/MA0007.3/MA0007.3-map_statistics.tsv, results/activity/MA0006.1/MA0006.1-map_statistics.tsv, results/activity/MA0004.1/MA0004.1-map_statistics.tsv, results/activity/MA0259.1/MA0259.1-map_statistics.tsv, results/activity/MA0603.1/MA0603.1-map_statistics.tsv
    threads: 2
    resources: tmpdir=/tmp


[Tue Dec 26 10:16:01 2023]
rule activity_plot_activity:
    input: results/activity/MA0006.1/MA0006.1-map_statistics.tsv, results/activity/MA0006.1/MA0006.1-fileset.tsv
    output: results/activity/MA0006.1/MA0006.1-activity.pdf
    log: workflow/logs/plot_activity_MA0006.1.stdout, workflow/logs/plot_activity_MA0006.1.stderr
    jobid: 79
    reason: Missing output files: results/activity/MA0006.1/MA0006.1-activity.pdf; Input files updated by another job: results/activity/MA0006.1/MA0006.1-map_statistics.tsv
    wildcards: PROFILE=MA0006.1
    threads: 2
    resources: tmpdir=/tmp

Activating conda environment: ../../../../../../../../../../../../../home/tubbsca/snakemake_condas/592e511923cd0331a43afb344d4a5911_
[Tue Dec 26 10:16:01 2023]
Finished job 3.
46 of 51 steps (90%) done
Select jobs to execute...

[Tue Dec 26 10:16:01 2023]
rule activity_activity_metadata:
    input: results/activity/activity_data_combined.tsv
    output: results/activity/activity_metadata-summary.tsv
    log: workflow/logs/activity_metadata.stdout, workflow/logs/activity_metadata.stderr
    jobid: 2
    reason: Missing output files: results/activity/activity_metadata-summary.tsv; Input files updated by another job: results/activity/activity_data_combined.tsv
    threads: 2
    resources: tmpdir=/tmp

Activating conda environment: ../../../../../../../../../../../../../home/tubbsca/snakemake_condas/9e211a826b4153ae8977fb2d94caf0a0_
Activating conda environment: ../../../../../../../../../../../../../home/tubbsca/snakemake_condas/9e211a826b4153ae8977fb2d94caf0a0_
[Tue Dec 26 10:16:04 2023]
Finished job 2.
47 of 51 steps (92%) done
Select jobs to execute...

[Tue Dec 26 10:16:04 2023]
Job 1: 
        Plotting of metadata.
        
Reason: Missing output files: results/activity/activity_metaplot.pdf; Input files updated by another job: results/activity/activity_metadata-summary.tsv, results/activity/activity_data_combined.tsv

Activating conda environment: ../../../../../../../../../../../../../home/tubbsca/snakemake_condas/592e511923cd0331a43afb344d4a5911_
[Tue Dec 26 10:16:10 2023]
Finished job 79.
48 of 51 steps (94%) done
Select jobs to execute...

[Tue Dec 26 10:16:10 2023]
Job 75: 
        Combines individual plots into scrollable pdf
        
Reason: Missing output files: results/activity/activity_all.pdf; Input files updated by another job: results/activity/MA0007.3/MA0007.3-activity.pdf, results/activity/MA0004.1/MA0004.1-activity.pdf, results/activity/MA0006.1/MA0006.1-activity.pdf, results/activity/MA0259.1/MA0259.1-activity.pdf, results/activity/MA0603.1/MA0603.1-activity.pdf

Activating conda environment: ../../../../../../../../../../../../../home/tubbsca/snakemake_condas/9e211a826b4153ae8977fb2d94caf0a0_
Activating conda environment: ../../../../../../../../../../../../../home/tubbsca/snakemake_condas/9e211a826b4153ae8977fb2d94caf0a0_
[Tue Dec 26 10:16:13 2023]
Error in rule activity_combine_plots:
    jobid: 75
    input: results/activity/MA0007.3/MA0007.3-activity.pdf, results/activity/MA0603.1/MA0603.1-activity.pdf, results/activity/MA0004.1/MA0004.1-activity.pdf, results/activity/MA0006.1/MA0006.1-activity.pdf, results/activity/MA0259.1/MA0259.1-activity.pdf
    output: results/activity/activity_all.pdf
    log: workflow/logs/combine_plots.stdout, workflow/logs/combine_plots.stderr (check log file(s) for error details)
    conda-env: /home/tubbsca/snakemake_condas/9e211a826b4153ae8977fb2d94caf0a0_

RuleException:
CalledProcessError in file /panfs/accrepfs.vampire/data/ruderferlab/projects/biovu/cnv/cre/CTCF-Variant-Annotation/snakemake/workflows/common/tfbs-activity/workflow/rules/activity.smk, line 249:
Command 'source /panfs/accrepfs.vampire/home/tubbsca/miniforge-pypy3/bin/activate '/home/tubbsca/snakemake_condas/9e211a826b4153ae8977fb2d94caf0a0_'; set -euo pipefail;  python /panfs/accrepfs.vampire/data/ruderferlab/projects/biovu/cnv/cre/CTCF-Variant-Annotation/snakemake/workflows/common/tfbs-activity/.snakemake/scripts/tmpaope7phk.combine.py' returned non-zero exit status 1.
  File "/panfs/accrepfs.vampire/data/ruderferlab/projects/biovu/cnv/cre/CTCF-Variant-Annotation/snakemake/workflows/common/tfbs-activity/workflow/rules/activity.smk", line 249, in __rule_combine_plots
  File "/accre/arch/easybuild/software/BinDist/Anaconda3/2022.05/lib/python3.9/concurrent/futures/thread.py", line 58, in run
[Tue Dec 26 10:16:13 2023]
Finished job 1.
49 of 51 steps (96%) done
Shutting down, this might take some time.
Exiting because a job execution failed. Look above for error message
Complete log: .snakemake/log/2023-12-26T094701.455984.snakemake.log
