Building DAG of jobs...
Your conda installation is not configured to use strict channel priorities. This is however crucial for having robust and correct environments (for details, see https://conda-forge.org/docs/user/tipsandtricks.html). Please consider to configure strict priorities by executing 'conda config --set channel_priority strict'.
Using shell: /usr/bin/bash
Provided cores: 12
Rules claiming more threads will be scaled down.
Job stats:
job                                   count
----------------------------------  -------
activity_activity_stats                   5
activity_intersect_motifs                 5
activity_map_activity                     5
activity_plot                             5
all                                       1
pwmscan_main_bed2fasta                    5
pwmscan_main_calc_probabilities           5
pwmscan_main_compile_pwmscan              1
pwmscan_main_compress_sites               5
pwmscan_main_process_probabilities        5
pwmscan_main_scan_genome                  5
total                                    47

Select jobs to execute...

[Thu Dec 14 10:39:39 2023]
Job 7: 
        c99 mode
        
Reason: Updated input files: https://raw.githubusercontent.com/ctubbs750/pwm-scan/main/resources/software/PWMScan/matrix_scan.c (cached), https://raw.githubusercontent.com/ctubbs750/pwm-scan/main/resources/software/PWMScan/matrix_prob.c (cached)

[Thu Dec 14 10:39:39 2023]
Finished job 7.
1 of 47 steps (2%) done
Select jobs to execute...

[Thu Dec 14 10:39:39 2023]
Job 21: 
        - Generates pval distribution for given PWM.
        
Reason: Missing output files: results/pwmscan/MA0004.1/MA0004.1-pvals.raw; Input files updated by another job: resources/software/PWMScan/matrix_prob


[Thu Dec 14 10:39:39 2023]
Job 35: 
        - Generates pval distribution for given PWM.
        
Reason: Missing output files: results/pwmscan/MA0007.3/MA0007.3-pvals.raw; Input files updated by another job: resources/software/PWMScan/matrix_prob


[Thu Dec 14 10:39:39 2023]
Job 14: 
        - Generates pval distribution for given PWM.
        
Reason: Missing output files: results/pwmscan/MA0003.4/MA0003.4-pvals.raw; Input files updated by another job: resources/software/PWMScan/matrix_prob


[Thu Dec 14 10:39:39 2023]
Job 6: 
        - Generates pval distribution for given PWM.
        
Reason: Missing output files: results/pwmscan/MA0002.2/MA0002.2-pvals.raw; Input files updated by another job: resources/software/PWMScan/matrix_prob


[Thu Dec 14 10:39:40 2023]
Job 28: 
        - Generates pval distribution for given PWM.
        
Reason: Missing output files: results/pwmscan/MA0006.1/MA0006.1-pvals.raw; Input files updated by another job: resources/software/PWMScan/matrix_prob

[Thu Dec 14 10:39:40 2023]
Finished job 21.
2 of 47 steps (4%) done
[Thu Dec 14 10:39:40 2023]
Finished job 14.
3 of 47 steps (6%) done
[Thu Dec 14 10:39:40 2023]
Finished job 35.
4 of 47 steps (9%) done
Select jobs to execute...

[Thu Dec 14 10:39:40 2023]
Job 20: 
        - Relative threshold is percentage of best PWM.
        For 80%, format as interger 80. Makes life easier.
        
Reason: Input files updated by another job: results/pwmscan/MA0004.1/MA0004.1-pvals.raw


[Thu Dec 14 10:39:40 2023]
Job 13: 
        - Relative threshold is percentage of best PWM.
        For 80%, format as interger 80. Makes life easier.
        
Reason: Input files updated by another job: results/pwmscan/MA0003.4/MA0003.4-pvals.raw


[Thu Dec 14 10:39:40 2023]
Job 34: 
        - Relative threshold is percentage of best PWM.
        For 80%, format as interger 80. Makes life easier.
        
Reason: Input files updated by another job: results/pwmscan/MA0007.3/MA0007.3-pvals.raw

[Thu Dec 14 10:39:40 2023]
Finished job 6.
5 of 47 steps (11%) done
[Thu Dec 14 10:39:40 2023]
Finished job 28.
6 of 47 steps (13%) done
[Thu Dec 14 10:39:40 2023]
Finished job 20.
7 of 47 steps (15%) done
Removing temporary output results/pwmscan/MA0004.1/MA0004.1-pvals.raw.
Select jobs to execute...

[Thu Dec 14 10:39:40 2023]
Job 27: 
        - Relative threshold is percentage of best PWM.
        For 80%, format as interger 80. Makes life easier.
        
Reason: Input files updated by another job: results/pwmscan/MA0006.1/MA0006.1-pvals.raw


[Thu Dec 14 10:39:40 2023]
Job 17: 
        - Scans rerference genome for matches againts input motif.
        
Reason: Input files updated by another job: results/pwmscan/MA0004.1/MA0004.1-coeff.txt, resources/software/PWMScan/matrix_scan


[Thu Dec 14 10:39:40 2023]
Job 5: 
        - Relative threshold is percentage of best PWM.
        For 80%, format as interger 80. Makes life easier.
        
Reason: Input files updated by another job: results/pwmscan/MA0002.2/MA0002.2-pvals.raw

[Thu Dec 14 10:39:40 2023]
Finished job 13.
8 of 47 steps (17%) done
Removing temporary output results/pwmscan/MA0003.4/MA0003.4-pvals.raw.
[Thu Dec 14 10:39:40 2023]
Finished job 34.
9 of 47 steps (19%) done
Removing temporary output results/pwmscan/MA0007.3/MA0007.3-pvals.raw.
[Thu Dec 14 10:39:40 2023]
Finished job 27.
10 of 47 steps (21%) done
Removing temporary output results/pwmscan/MA0006.1/MA0006.1-pvals.raw.
Select jobs to execute...

[Thu Dec 14 10:39:40 2023]
Job 24: 
        - Scans rerference genome for matches againts input motif.
        
Reason: Input files updated by another job: results/pwmscan/MA0006.1/MA0006.1-coeff.txt, resources/software/PWMScan/matrix_scan


[Thu Dec 14 10:39:40 2023]
Job 31: 
        - Scans rerference genome for matches againts input motif.
        
Reason: Missing output files: results/pwmscan/MA0007.3/MA0007.3-sites.bed; Input files updated by another job: resources/software/PWMScan/matrix_scan, results/pwmscan/MA0007.3/MA0007.3-coeff.txt


[Thu Dec 14 10:39:40 2023]
Job 10: 
        - Scans rerference genome for matches againts input motif.
        
Reason: Input files updated by another job: results/pwmscan/MA0003.4/MA0003.4-coeff.txt, resources/software/PWMScan/matrix_scan

[Thu Dec 14 10:39:40 2023]
Finished job 5.
11 of 47 steps (23%) done
Removing temporary output results/pwmscan/MA0002.2/MA0002.2-pvals.raw.
Select jobs to execute...

[Thu Dec 14 10:39:40 2023]
Job 2: 
        - Scans rerference genome for matches againts input motif.
        
Reason: Input files updated by another job: results/pwmscan/MA0002.2/MA0002.2-coeff.txt, resources/software/PWMScan/matrix_scan

[Thu Dec 14 10:41:12 2023]
Finished job 17.
12 of 47 steps (26%) done
Select jobs to execute...

[Thu Dec 14 10:41:12 2023]
Job 22: 
        - Note -s, keep strand information correct. Reports rev comp for neg seqs.
        
Reason: Input files updated by another job: results/pwmscan/MA0004.1/MA0004.1-sites.bed

Activating conda environment: ../../../../../../../../../../../../../home/tubbsca/snakemake_condas/9f9842bbfc31decc8a1ad02a46329d02_
[Thu Dec 14 10:41:12 2023]
Finished job 10.
13 of 47 steps (28%) done
Select jobs to execute...

[Thu Dec 14 10:41:12 2023]
Job 15: 
        - Note -s, keep strand information correct. Reports rev comp for neg seqs.
        
Reason: Input files updated by another job: results/pwmscan/MA0003.4/MA0003.4-sites.bed

Activating conda environment: ../../../../../../../../../../../../../home/tubbsca/snakemake_condas/9f9842bbfc31decc8a1ad02a46329d02_
[Thu Dec 14 10:41:18 2023]
Finished job 24.
14 of 47 steps (30%) done
Select jobs to execute...

[Thu Dec 14 10:41:18 2023]
Job 29: 
        - Note -s, keep strand information correct. Reports rev comp for neg seqs.
        
Reason: Input files updated by another job: results/pwmscan/MA0006.1/MA0006.1-sites.bed

Activating conda environment: ../../../../../../../../../../../../../home/tubbsca/snakemake_condas/9f9842bbfc31decc8a1ad02a46329d02_
[Thu Dec 14 10:41:29 2023]
Finished job 31.
15 of 47 steps (32%) done
Select jobs to execute...

[Thu Dec 14 10:41:29 2023]
Job 36: 
        - Note -s, keep strand information correct. Reports rev comp for neg seqs.
        
Reason: Input files updated by another job: results/pwmscan/MA0007.3/MA0007.3-sites.bed

Activating conda environment: ../../../../../../../../../../../../../home/tubbsca/snakemake_condas/9f9842bbfc31decc8a1ad02a46329d02_
[Thu Dec 14 10:41:33 2023]
Finished job 2.
16 of 47 steps (34%) done
Select jobs to execute...

[Thu Dec 14 10:41:33 2023]
Job 8: 
        - Note -s, keep strand information correct. Reports rev comp for neg seqs.
        
Reason: Input files updated by another job: results/pwmscan/MA0002.2/MA0002.2-sites.bed

Activating conda environment: ../../../../../../../../../../../../../home/tubbsca/snakemake_condas/9f9842bbfc31decc8a1ad02a46329d02_
[Thu Dec 14 10:42:21 2023]
Finished job 36.
17 of 47 steps (36%) done
Select jobs to execute...

[Thu Dec 14 10:42:21 2023]
Job 30: 
        - d
        
Reason: Missing output files: results/pwmscan/MA0007.3/MA0007.3-sites.fa.gz; Input files updated by another job: results/pwmscan/MA0007.3/MA0007.3-sites.fa, results/pwmscan/MA0007.3/MA0007.3-sites.bed

[Thu Dec 14 10:42:28 2023]
Finished job 30.
18 of 47 steps (38%) done
Select jobs to execute...

[Thu Dec 14 10:42:28 2023]
rule activity_intersect_motifs:
    input: results/pwmscan/MA0007.3/MA0007.3-sites.bed.gz, results/activity/MA0007.3/MA0007.3-unibind_scored.tsv
    output: results/activity/MA0007.3/MA0007.3-unibind_intersect.bed
    jobid: 68
    reason: Input files updated by another job: results/pwmscan/MA0007.3/MA0007.3-sites.bed.gz
    wildcards: PROFILE=MA0007.3
    resources: tmpdir=/tmp

[Thu Dec 14 10:42:31 2023]
Finished job 68.
19 of 47 steps (40%) done
Select jobs to execute...

[Thu Dec 14 10:42:31 2023]
rule activity_map_activity:
    input: results/activity/MA0007.3/MA0007.3-unibind_intersect.bed
    output: results/activity/MA0007.3/MA0007.3-map.tsv
    jobid: 67
    reason: Input files updated by another job: results/activity/MA0007.3/MA0007.3-unibind_intersect.bed
    wildcards: PROFILE=MA0007.3
    resources: tmpdir=/tmp

[Thu Dec 14 10:42:35 2023]
Finished job 67.
20 of 47 steps (43%) done
Select jobs to execute...

[Thu Dec 14 10:42:35 2023]
rule activity_activity_stats:
    input: results/activity/MA0007.3/MA0007.3-map.tsv, results/pwmscan/MA0007.3/MA0007.3-pvals.txt
    output: results/activity/MA0007.3/MA0007.3-map_statistics.tsv
    jobid: 66
    reason: Input files updated by another job: results/pwmscan/MA0007.3/MA0007.3-pvals.txt, results/activity/MA0007.3/MA0007.3-map.tsv
    wildcards: PROFILE=MA0007.3
    resources: tmpdir=/tmp

[Thu Dec 14 10:42:36 2023]
Finished job 66.
21 of 47 steps (45%) done
Select jobs to execute...

[Thu Dec 14 10:42:36 2023]
rule activity_plot:
    input: results/activity/MA0007.3/MA0007.3-map_statistics.tsv
    output: results/activity/MA0007.3/MA0007.3-activity.pdf
    jobid: 65
    reason: Missing output files: results/activity/MA0007.3/MA0007.3-activity.pdf; Input files updated by another job: results/activity/MA0007.3/MA0007.3-map_statistics.tsv
    wildcards: PROFILE=MA0007.3
    resources: tmpdir=/tmp

Activating conda environment: conda_R
[Thu Dec 14 10:42:44 2023]
Error in rule activity_plot:
    jobid: 65
    input: results/activity/MA0007.3/MA0007.3-map_statistics.tsv
    output: results/activity/MA0007.3/MA0007.3-activity.pdf
    conda-env: conda_R

RuleException:
CalledProcessError in file /panfs/accrepfs.vampire/data/ruderferlab/projects/biovu/cnv/cre/CTCF-Variant-Annotation/snakemake/workflows/common/tfbs-activity/workflow/rules/activity.smk, line 118:
Command 'source /panfs/accrepfs.vampire/home/tubbsca/miniforge-pypy3/bin/activate 'conda_R'; set -euo pipefail;  Rscript --vanilla /panfs/accrepfs.vampire/data/ruderferlab/projects/biovu/cnv/cre/CTCF-Variant-Annotation/snakemake/workflows/common/tfbs-activity/.snakemake/scripts/tmp8w61vh_2.plot.R' returned non-zero exit status 1.
  File "/panfs/accrepfs.vampire/data/ruderferlab/projects/biovu/cnv/cre/CTCF-Variant-Annotation/snakemake/workflows/common/tfbs-activity/workflow/rules/activity.smk", line 118, in __rule_plot
  File "/accre/arch/easybuild/software/BinDist/Anaconda3/2022.05/lib/python3.9/concurrent/futures/thread.py", line 58, in run
Terminating processes on user request, this might take some time.
[Thu Dec 14 10:43:56 2023]
Error in rule pwmscan_main_bed2fasta:
    jobid: 22
    input: resources/data/genome/hg38/hg38.fa, results/pwmscan/MA0004.1/MA0004.1-sites.bed
    output: results/pwmscan/MA0004.1/MA0004.1-sites.fa
    conda-env: /home/tubbsca/snakemake_condas/9f9842bbfc31decc8a1ad02a46329d02_
    shell:
        
        bedtools getfasta -fi resources/data/genome/hg38/hg38.fa -bed results/pwmscan/MA0004.1/MA0004.1-sites.bed -name -s > results/pwmscan/MA0004.1/MA0004.1-sites.fa
        
        (one of the commands exited with non-zero exit code; note that snakemake uses bash strict mode!)

[Thu Dec 14 10:43:56 2023]
Error in rule pwmscan_main_bed2fasta:
    jobid: 15
    input: resources/data/genome/hg38/hg38.fa, results/pwmscan/MA0003.4/MA0003.4-sites.bed
    output: results/pwmscan/MA0003.4/MA0003.4-sites.fa
    conda-env: /home/tubbsca/snakemake_condas/9f9842bbfc31decc8a1ad02a46329d02_
    shell:
        
        bedtools getfasta -fi resources/data/genome/hg38/hg38.fa -bed results/pwmscan/MA0003.4/MA0003.4-sites.bed -name -s > results/pwmscan/MA0003.4/MA0003.4-sites.fa
        
        (one of the commands exited with non-zero exit code; note that snakemake uses bash strict mode!)

[Thu Dec 14 10:43:56 2023]
Error in rule pwmscan_main_bed2fasta:
    jobid: 8
    input: resources/data/genome/hg38/hg38.fa, results/pwmscan/MA0002.2/MA0002.2-sites.bed
    output: results/pwmscan/MA0002.2/MA0002.2-sites.fa
    conda-env: /home/tubbsca/snakemake_condas/9f9842bbfc31decc8a1ad02a46329d02_
    shell:
        
        bedtools getfasta -fi resources/data/genome/hg38/hg38.fa -bed results/pwmscan/MA0002.2/MA0002.2-sites.bed -name -s > results/pwmscan/MA0002.2/MA0002.2-sites.fa
        
        (one of the commands exited with non-zero exit code; note that snakemake uses bash strict mode!)

[Thu Dec 14 10:43:56 2023]
Error in rule pwmscan_main_bed2fasta:
    jobid: 29
    input: resources/data/genome/hg38/hg38.fa, results/pwmscan/MA0006.1/MA0006.1-sites.bed
    output: results/pwmscan/MA0006.1/MA0006.1-sites.fa
    conda-env: /home/tubbsca/snakemake_condas/9f9842bbfc31decc8a1ad02a46329d02_
    shell:
        
        bedtools getfasta -fi resources/data/genome/hg38/hg38.fa -bed results/pwmscan/MA0006.1/MA0006.1-sites.bed -name -s > results/pwmscan/MA0006.1/MA0006.1-sites.fa
        
        (one of the commands exited with non-zero exit code; note that snakemake uses bash strict mode!)

Complete log: .snakemake/log/2023-12-14T103926.191461.snakemake.log
