Building DAG of jobs...
Your conda installation is not configured to use strict channel priorities. This is however crucial for having robust and correct environments (for details, see https://conda-forge.org/docs/user/tipsandtricks.html). Please consider to configure strict priorities by executing 'conda config --set channel_priority strict'.
Using shell: /usr/bin/bash
Provided cores: 24
Rules claiming more threads will be scaled down.
Job stats:
job                                     count
------------------------------------  -------
activity_activity_metadata                  1
activity_activity_metaplot                  1
activity_activity_stats                     2
activity_combine_activity                   1
activity_combine_plots                      1
activity_intersect_motifs                   2
activity_map_activity                       2
activity_plot_activity                      2
all                                         1
tfbscan_PWMScan_compile_pwmscan             1
tfbscan_scan_bed2fasta                      2
tfbscan_scan_calculate_probabilities        2
tfbscan_scan_compress_sites                 2
tfbscan_scan_process_probabilities          2
tfbscan_scan_scan_genome                    2
total                                      24

Select jobs to execute...

[Tue Dec 26 11:30:18 2023]
Job 13: 
        Compiles PWMScan. Note c99 flag.
        Installs into resources/software by default.
        
Reason: Updated input files: https://raw.githubusercontent.com/ctubbs750/PWMScan/main/resources/software/PWMScan/matrix_prob.c (cached), https://raw.githubusercontent.com/ctubbs750/PWMScan/main/resources/software/PWMScan/matrix_scan.c (cached)

[Tue Dec 26 11:30:18 2023]
Finished job 13.
1 of 24 steps (4%) done
Select jobs to execute...

[Tue Dec 26 11:30:18 2023]
Job 12: 
        Generates pval distribution for given PWM.
        
Reason: Input files updated by another job: resources/software/PWMScan/matrix_prob


[Tue Dec 26 11:30:18 2023]
Job 31: 
        Generates pval distribution for given PWM.
        
Reason: Input files updated by another job: resources/software/PWMScan/matrix_prob

[Tue Dec 26 11:30:19 2023]
Finished job 12.
2 of 24 steps (8%) done
Select jobs to execute...

[Tue Dec 26 11:30:19 2023]
Job 11: 
        Relative threshold is percentage of best PWM.
        For 80%, format as interger 80. Makes life easier.
        
Reason: Input files updated by another job: results/tfbs-scan/MA0007.3/MA0007.3-pvals.raw

[Tue Dec 26 11:30:19 2023]
Finished job 31.
3 of 24 steps (12%) done
Select jobs to execute...

[Tue Dec 26 11:30:19 2023]
Job 30: 
        Relative threshold is percentage of best PWM.
        For 80%, format as interger 80. Makes life easier.
        
Reason: Input files updated by another job: results/tfbs-scan/MA0603.1/MA0603.1-pvals.raw

[Tue Dec 26 11:30:19 2023]
Finished job 11.
4 of 24 steps (17%) done
Select jobs to execute...

[Tue Dec 26 11:30:19 2023]
Job 8: 
        Scans reference genome for matches againts input motif.
        
Reason: Missing output files: results/tfbs-scan/MA0007.3/MA0007.3-sites.bed; Input files updated by another job: results/tfbs-scan/MA0007.3/MA0007.3-coeff.txt, resources/software/PWMScan/matrix_scan

[Tue Dec 26 11:30:19 2023]
Finished job 30.
5 of 24 steps (21%) done
Select jobs to execute...

[Tue Dec 26 11:30:19 2023]
Job 27: 
        Scans reference genome for matches againts input motif.
        
Reason: Missing output files: results/tfbs-scan/MA0603.1/MA0603.1-sites.bed; Input files updated by another job: results/tfbs-scan/MA0603.1/MA0603.1-coeff.txt, resources/software/PWMScan/matrix_scan

[Tue Dec 26 11:32:54 2023]
Finished job 27.
6 of 24 steps (25%) done
Select jobs to execute...

[Tue Dec 26 11:32:54 2023]
Job 32: 
        Some utilities want FASTA format, useful to have on hand.
        - Note -s, keep strand information correct. Reports rev comp for neg seqs.
        
Reason: Missing output files: results/tfbs-scan/MA0603.1/MA0603.1-sites.fa; Input files updated by another job: results/tfbs-scan/MA0603.1/MA0603.1-sites.bed

Activating conda environment: ../../../../../../../../../../../../../home/tubbsca/snakemake_condas/9f9842bbfc31decc8a1ad02a46329d02_
[Tue Dec 26 11:33:15 2023]
Finished job 8.
7 of 24 steps (29%) done
Select jobs to execute...

[Tue Dec 26 11:33:15 2023]
Job 16: 
        Some utilities want FASTA format, useful to have on hand.
        - Note -s, keep strand information correct. Reports rev comp for neg seqs.
        
Reason: Missing output files: results/tfbs-scan/MA0007.3/MA0007.3-sites.fa; Input files updated by another job: results/tfbs-scan/MA0007.3/MA0007.3-sites.bed

Activating conda environment: ../../../../../../../../../../../../../home/tubbsca/snakemake_condas/9f9842bbfc31decc8a1ad02a46329d02_
[Tue Dec 26 11:33:54 2023]
Finished job 16.
8 of 24 steps (33%) done
Select jobs to execute...

[Tue Dec 26 11:33:54 2023]
Job 7: 
        Compress sites files to minimize storage.
        
Reason: Input files updated by another job: results/tfbs-scan/MA0007.3/MA0007.3-sites.fa, results/tfbs-scan/MA0007.3/MA0007.3-sites.bed

[Tue Dec 26 11:34:04 2023]
Finished job 7.
9 of 24 steps (38%) done
Select jobs to execute...

[Tue Dec 26 11:34:04 2023]
rule activity_intersect_motifs:
    input: results/tfbs-scan/MA0007.3/MA0007.3-sites.bed.gz, results/activity/MA0007.3/MA0007.3-unibind_scored.tsv
    output: results/activity/MA0007.3/MA0007.3-unibind_intersect.bed
    log: workflow/logs/intersect_motifs_MA0007.3.stdout, workflow/logs/intersect_motifs_MA0007.3.stderr
    jobid: 6
    reason: Input files updated by another job: results/tfbs-scan/MA0007.3/MA0007.3-sites.bed.gz
    wildcards: PROFILE=MA0007.3
    threads: 2
    resources: tmpdir=/tmp

Activating conda environment: ../../../../../../../../../../../../../home/tubbsca/snakemake_condas/9e211a826b4153ae8977fb2d94caf0a0_
[Tue Dec 26 11:34:09 2023]
Finished job 6.
10 of 24 steps (42%) done
Select jobs to execute...

[Tue Dec 26 11:34:09 2023]
rule activity_map_activity:
    input: results/activity/MA0007.3/MA0007.3-unibind_intersect.bed
    output: results/activity/MA0007.3/MA0007.3-map.tsv
    log: workflow/logs/map_activity_MA0007.3.stdout, workflow/logs/map_activity_MA0007.3.stderr
    jobid: 5
    reason: Input files updated by another job: results/activity/MA0007.3/MA0007.3-unibind_intersect.bed
    wildcards: PROFILE=MA0007.3
    threads: 2
    resources: tmpdir=/tmp

Activating conda environment: ../../../../../../../../../../../../../home/tubbsca/snakemake_condas/9e211a826b4153ae8977fb2d94caf0a0_
[Tue Dec 26 11:34:16 2023]
Finished job 5.
11 of 24 steps (46%) done
Select jobs to execute...

[Tue Dec 26 11:34:16 2023]
rule activity_activity_stats:
    input: results/activity/MA0007.3/MA0007.3-map.tsv, results/tfbs-scan/MA0007.3/MA0007.3-pvals.txt
    output: results/activity/MA0007.3/MA0007.3-map_statistics.tsv
    log: workflow/logs/activity_stats_MA0007.3.stdout, workflow/logs/activity_stats_MA0007.3.stderr
    jobid: 4
    reason: Input files updated by another job: results/activity/MA0007.3/MA0007.3-map.tsv, results/tfbs-scan/MA0007.3/MA0007.3-pvals.txt
    wildcards: PROFILE=MA0007.3
    threads: 2
    resources: tmpdir=/tmp

Activating conda environment: ../../../../../../../../../../../../../home/tubbsca/snakemake_condas/9e211a826b4153ae8977fb2d94caf0a0_
Activating conda environment: ../../../../../../../../../../../../../home/tubbsca/snakemake_condas/9e211a826b4153ae8977fb2d94caf0a0_
[Tue Dec 26 11:34:20 2023]
Finished job 4.
12 of 24 steps (50%) done
Select jobs to execute...

[Tue Dec 26 11:34:20 2023]
rule activity_plot_activity:
    input: results/activity/MA0007.3/MA0007.3-map_statistics.tsv, results/activity/MA0007.3/MA0007.3-fileset.tsv
    output: results/activity/MA0007.3/MA0007.3-activity.pdf
    log: workflow/logs/plot_activity_MA0007.3.stdout, workflow/logs/plot_activity_MA0007.3.stderr
    jobid: 37
    reason: Input files updated by another job: results/activity/MA0007.3/MA0007.3-map_statistics.tsv
    wildcards: PROFILE=MA0007.3
    threads: 2
    resources: tmpdir=/tmp

Activating conda environment: ../../../../../../../../../../../../../home/tubbsca/snakemake_condas/592e511923cd0331a43afb344d4a5911_
[Tue Dec 26 11:34:29 2023]
Finished job 37.
13 of 24 steps (54%) done
[Tue Dec 26 11:37:22 2023]
Finished job 32.
14 of 24 steps (58%) done
Select jobs to execute...

[Tue Dec 26 11:37:22 2023]
Job 26: 
        Compress sites files to minimize storage.
        
Reason: Input files updated by another job: results/tfbs-scan/MA0603.1/MA0603.1-sites.bed, results/tfbs-scan/MA0603.1/MA0603.1-sites.fa

[Tue Dec 26 11:38:07 2023]
Finished job 26.
15 of 24 steps (62%) done
Select jobs to execute...

[Tue Dec 26 11:38:07 2023]
rule activity_intersect_motifs:
    input: results/tfbs-scan/MA0603.1/MA0603.1-sites.bed.gz, results/activity/MA0603.1/MA0603.1-unibind_scored.tsv
    output: results/activity/MA0603.1/MA0603.1-unibind_intersect.bed
    log: workflow/logs/intersect_motifs_MA0603.1.stdout, workflow/logs/intersect_motifs_MA0603.1.stderr
    jobid: 25
    reason: Input files updated by another job: results/tfbs-scan/MA0603.1/MA0603.1-sites.bed.gz
    wildcards: PROFILE=MA0603.1
    threads: 2
    resources: tmpdir=/tmp

Activating conda environment: ../../../../../../../../../../../../../home/tubbsca/snakemake_condas/9e211a826b4153ae8977fb2d94caf0a0_
[Tue Dec 26 11:38:28 2023]
Finished job 25.
16 of 24 steps (67%) done
Select jobs to execute...

[Tue Dec 26 11:38:28 2023]
rule activity_map_activity:
    input: results/activity/MA0603.1/MA0603.1-unibind_intersect.bed
    output: results/activity/MA0603.1/MA0603.1-map.tsv
    log: workflow/logs/map_activity_MA0603.1.stdout, workflow/logs/map_activity_MA0603.1.stderr
    jobid: 24
    reason: Input files updated by another job: results/activity/MA0603.1/MA0603.1-unibind_intersect.bed
    wildcards: PROFILE=MA0603.1
    threads: 2
    resources: tmpdir=/tmp

Activating conda environment: ../../../../../../../../../../../../../home/tubbsca/snakemake_condas/9e211a826b4153ae8977fb2d94caf0a0_
[Tue Dec 26 11:39:23 2023]
Finished job 24.
17 of 24 steps (71%) done
Select jobs to execute...

[Tue Dec 26 11:39:23 2023]
rule activity_activity_stats:
    input: results/activity/MA0603.1/MA0603.1-map.tsv, results/tfbs-scan/MA0603.1/MA0603.1-pvals.txt
    output: results/activity/MA0603.1/MA0603.1-map_statistics.tsv
    log: workflow/logs/activity_stats_MA0603.1.stdout, workflow/logs/activity_stats_MA0603.1.stderr
    jobid: 23
    reason: Input files updated by another job: results/tfbs-scan/MA0603.1/MA0603.1-pvals.txt, results/activity/MA0603.1/MA0603.1-map.tsv
    wildcards: PROFILE=MA0603.1
    threads: 2
    resources: tmpdir=/tmp

Activating conda environment: ../../../../../../../../../../../../../home/tubbsca/snakemake_condas/9e211a826b4153ae8977fb2d94caf0a0_
Activating conda environment: ../../../../../../../../../../../../../home/tubbsca/snakemake_condas/9e211a826b4153ae8977fb2d94caf0a0_
[Tue Dec 26 11:39:26 2023]
Finished job 23.
18 of 24 steps (75%) done
Select jobs to execute...

[Tue Dec 26 11:39:26 2023]
rule activity_combine_activity:
    input: results/activity/MA0007.3/MA0007.3-map_statistics.tsv, results/activity/MA0603.1/MA0603.1-map_statistics.tsv
    output: results/activity/activity_data_combined.tsv
    log: workflow/logs/combine_activity.stdout, workflow/logs/combine_activity.stderr
    jobid: 3
    reason: Input files updated by another job: results/activity/MA0603.1/MA0603.1-map_statistics.tsv, results/activity/MA0007.3/MA0007.3-map_statistics.tsv
    threads: 2
    resources: tmpdir=/tmp


[Tue Dec 26 11:39:26 2023]
rule activity_plot_activity:
    input: results/activity/MA0603.1/MA0603.1-map_statistics.tsv, results/activity/MA0603.1/MA0603.1-fileset.tsv
    output: results/activity/MA0603.1/MA0603.1-activity.pdf
    log: workflow/logs/plot_activity_MA0603.1.stdout, workflow/logs/plot_activity_MA0603.1.stderr
    jobid: 38
    reason: Input files updated by another job: results/activity/MA0603.1/MA0603.1-map_statistics.tsv
    wildcards: PROFILE=MA0603.1
    threads: 2
    resources: tmpdir=/tmp

Activating conda environment: ../../../../../../../../../../../../../home/tubbsca/snakemake_condas/592e511923cd0331a43afb344d4a5911_
[Tue Dec 26 11:39:26 2023]
Finished job 3.
19 of 24 steps (79%) done
Select jobs to execute...

[Tue Dec 26 11:39:26 2023]
rule activity_activity_metadata:
    input: results/activity/activity_data_combined.tsv
    output: results/activity/activity_metadata-summary.tsv
    log: workflow/logs/activity_metadata.stdout, workflow/logs/activity_metadata.stderr
    jobid: 2
    reason: Input files updated by another job: results/activity/activity_data_combined.tsv
    threads: 2
    resources: tmpdir=/tmp

Activating conda environment: ../../../../../../../../../../../../../home/tubbsca/snakemake_condas/9e211a826b4153ae8977fb2d94caf0a0_
Activating conda environment: ../../../../../../../../../../../../../home/tubbsca/snakemake_condas/9e211a826b4153ae8977fb2d94caf0a0_
[Tue Dec 26 11:39:29 2023]
Finished job 2.
20 of 24 steps (83%) done
Select jobs to execute...

[Tue Dec 26 11:39:29 2023]
Job 1: 
        Plotting of metadata.
        
Reason: Input files updated by another job: results/activity/activity_data_combined.tsv, results/activity/activity_metadata-summary.tsv

Activating conda environment: ../../../../../../../../../../../../../home/tubbsca/snakemake_condas/592e511923cd0331a43afb344d4a5911_
[Tue Dec 26 11:39:36 2023]
Finished job 38.
21 of 24 steps (88%) done
Select jobs to execute...

[Tue Dec 26 11:39:36 2023]
Job 36: 
        Combines individual plots into scrollable pdf
        
Reason: Missing output files: results/activity/activity_all.pdf; Input files updated by another job: results/activity/MA0007.3/MA0007.3-activity.pdf, results/activity/MA0603.1/MA0603.1-activity.pdf

Activating conda environment: ../../../../../../../../../../../../../home/tubbsca/snakemake_condas/9e211a826b4153ae8977fb2d94caf0a0_
Activating conda environment: ../../../../../../../../../../../../../home/tubbsca/snakemake_condas/9e211a826b4153ae8977fb2d94caf0a0_
[Tue Dec 26 11:39:38 2023]
Finished job 36.
22 of 24 steps (92%) done
[Tue Dec 26 11:39:38 2023]
Finished job 1.
23 of 24 steps (96%) done
Select jobs to execute...

[Tue Dec 26 11:39:38 2023]
localrule all:
    input: results/activity/activity_metaplot.pdf, results/activity/activity_all.pdf
    jobid: 0
    reason: Input files updated by another job: results/activity/activity_metaplot.pdf, results/activity/activity_all.pdf
    resources: tmpdir=/tmp

[Tue Dec 26 11:39:38 2023]
Finished job 0.
24 of 24 steps (100%) done
Complete log: .snakemake/log/2023-12-26T113006.057106.snakemake.log
