Building DAG of jobs...
Your conda installation is not configured to use strict channel priorities. This is however crucial for having robust and correct environments (for details, see https://conda-forge.org/docs/user/tipsandtricks.html). Please consider to configure strict priorities by executing 'conda config --set channel_priority strict'.
Using shell: /usr/bin/bash
Provided cores: 12
Rules claiming more threads will be scaled down.
Job stats:
job                                   count
----------------------------------  -------
activity_intersect_motifs                 5
activity_map_acitvity                     5
all                                       1
pwmscan_main_bed2fasta                    5
pwmscan_main_calc_probabilities           5
pwmscan_main_compile_pwmscan              1
pwmscan_main_compress_sites               5
pwmscan_main_process_probabilities        5
pwmscan_main_scan_genome                  5
total                                    37

Select jobs to execute...

[Wed Dec 13 21:28:12 2023]
Job 7: 
        c99 mode
        
Reason: Updated input files: https://raw.githubusercontent.com/ctubbs750/pwm-scan/main/resources/software/PWMScan/matrix_scan.c (cached), https://raw.githubusercontent.com/ctubbs750/pwm-scan/main/resources/software/PWMScan/matrix_prob.c (cached)

[Wed Dec 13 21:28:12 2023]
Finished job 7.
1 of 37 steps (3%) done
Select jobs to execute...

[Wed Dec 13 21:28:12 2023]
Job 28: 
        - Generates pval distribution for given PWM.
        
Reason: Missing output files: results/pwmscan/MA0006.1/MA0006.1-pvals.raw; Input files updated by another job: resources/software/PWMScan/matrix_prob


[Wed Dec 13 21:28:12 2023]
Job 21: 
        - Generates pval distribution for given PWM.
        
Reason: Missing output files: results/pwmscan/MA0004.1/MA0004.1-pvals.raw; Input files updated by another job: resources/software/PWMScan/matrix_prob


[Wed Dec 13 21:28:12 2023]
Job 35: 
        - Generates pval distribution for given PWM.
        
Reason: Missing output files: results/pwmscan/MA0007.3/MA0007.3-pvals.raw; Input files updated by another job: resources/software/PWMScan/matrix_prob


[Wed Dec 13 21:28:12 2023]
Job 6: 
        - Generates pval distribution for given PWM.
        
Reason: Missing output files: results/pwmscan/MA0002.2/MA0002.2-pvals.raw; Input files updated by another job: resources/software/PWMScan/matrix_prob


[Wed Dec 13 21:28:12 2023]
Job 14: 
        - Generates pval distribution for given PWM.
        
Reason: Missing output files: results/pwmscan/MA0003.4/MA0003.4-pvals.raw; Input files updated by another job: resources/software/PWMScan/matrix_prob

[Wed Dec 13 21:28:12 2023]
Finished job 28.
2 of 37 steps (5%) done
[Wed Dec 13 21:28:12 2023]
Finished job 21.
3 of 37 steps (8%) done
Select jobs to execute...

[Wed Dec 13 21:28:12 2023]
Job 20: 
        - Relative threshold is percentage of best PWM.
        For 80%, format as interger 80. Makes life easier.
        
Reason: Input files updated by another job: results/pwmscan/MA0004.1/MA0004.1-pvals.raw


[Wed Dec 13 21:28:12 2023]
Job 27: 
        - Relative threshold is percentage of best PWM.
        For 80%, format as interger 80. Makes life easier.
        
Reason: Input files updated by another job: results/pwmscan/MA0006.1/MA0006.1-pvals.raw

[Wed Dec 13 21:28:12 2023]
Finished job 6.
4 of 37 steps (11%) done
[Wed Dec 13 21:28:12 2023]
Finished job 35.
5 of 37 steps (14%) done
[Wed Dec 13 21:28:13 2023]
Finished job 14.
6 of 37 steps (16%) done
Select jobs to execute...

[Wed Dec 13 21:28:13 2023]
Job 34: 
        - Relative threshold is percentage of best PWM.
        For 80%, format as interger 80. Makes life easier.
        
Reason: Input files updated by another job: results/pwmscan/MA0007.3/MA0007.3-pvals.raw


[Wed Dec 13 21:28:13 2023]
Job 13: 
        - Relative threshold is percentage of best PWM.
        For 80%, format as interger 80. Makes life easier.
        
Reason: Input files updated by another job: results/pwmscan/MA0003.4/MA0003.4-pvals.raw


[Wed Dec 13 21:28:13 2023]
Job 5: 
        - Relative threshold is percentage of best PWM.
        For 80%, format as interger 80. Makes life easier.
        
Reason: Input files updated by another job: results/pwmscan/MA0002.2/MA0002.2-pvals.raw

[Wed Dec 13 21:28:13 2023]
Finished job 20.
7 of 37 steps (19%) done
Removing temporary output results/pwmscan/MA0004.1/MA0004.1-pvals.raw.
[Wed Dec 13 21:28:13 2023]
Finished job 27.
8 of 37 steps (22%) done
Removing temporary output results/pwmscan/MA0006.1/MA0006.1-pvals.raw.
[Wed Dec 13 21:28:13 2023]
Finished job 34.
9 of 37 steps (24%) done
Removing temporary output results/pwmscan/MA0007.3/MA0007.3-pvals.raw.
Select jobs to execute...

[Wed Dec 13 21:28:13 2023]
Job 31: 
        - Scans rerference genome for matches againts input motif.
        
Reason: Missing output files: results/pwmscan/MA0007.3/MA0007.3-sites.bed; Input files updated by another job: results/pwmscan/MA0007.3/MA0007.3-coeff.txt, resources/software/PWMScan/matrix_scan


[Wed Dec 13 21:28:13 2023]
Job 17: 
        - Scans rerference genome for matches againts input motif.
        
Reason: Input files updated by another job: results/pwmscan/MA0004.1/MA0004.1-coeff.txt, resources/software/PWMScan/matrix_scan


[Wed Dec 13 21:28:13 2023]
Job 24: 
        - Scans rerference genome for matches againts input motif.
        
Reason: Input files updated by another job: results/pwmscan/MA0006.1/MA0006.1-coeff.txt, resources/software/PWMScan/matrix_scan

[Wed Dec 13 21:28:13 2023]
Finished job 13.
10 of 37 steps (27%) done
Removing temporary output results/pwmscan/MA0003.4/MA0003.4-pvals.raw.
[Wed Dec 13 21:28:13 2023]
Finished job 5.
11 of 37 steps (30%) done
Removing temporary output results/pwmscan/MA0002.2/MA0002.2-pvals.raw.
Select jobs to execute...

[Wed Dec 13 21:28:13 2023]
Job 2: 
        - Scans rerference genome for matches againts input motif.
        
Reason: Input files updated by another job: results/pwmscan/MA0002.2/MA0002.2-coeff.txt, resources/software/PWMScan/matrix_scan


[Wed Dec 13 21:28:13 2023]
Job 10: 
        - Scans rerference genome for matches againts input motif.
        
Reason: Input files updated by another job: results/pwmscan/MA0003.4/MA0003.4-coeff.txt, resources/software/PWMScan/matrix_scan

[Wed Dec 13 21:29:39 2023]
Finished job 17.
12 of 37 steps (32%) done
Select jobs to execute...

[Wed Dec 13 21:29:39 2023]
Job 22: 
        - Note -s, keep strand information correct. Reports rev comp for neg seqs.
        
Reason: Input files updated by another job: results/pwmscan/MA0004.1/MA0004.1-sites.bed

Activating conda environment: ../../../../../../../../../../../../../home/tubbsca/snakemake_condas/9f9842bbfc31decc8a1ad02a46329d02_
[Wed Dec 13 21:29:43 2023]
Finished job 24.
13 of 37 steps (35%) done
Select jobs to execute...

[Wed Dec 13 21:29:43 2023]
Job 29: 
        - Note -s, keep strand information correct. Reports rev comp for neg seqs.
        
Reason: Input files updated by another job: results/pwmscan/MA0006.1/MA0006.1-sites.bed

Activating conda environment: ../../../../../../../../../../../../../home/tubbsca/snakemake_condas/9f9842bbfc31decc8a1ad02a46329d02_
[Wed Dec 13 21:29:45 2023]
Finished job 10.
14 of 37 steps (38%) done
Select jobs to execute...

[Wed Dec 13 21:29:45 2023]
Job 15: 
        - Note -s, keep strand information correct. Reports rev comp for neg seqs.
        
Reason: Input files updated by another job: results/pwmscan/MA0003.4/MA0003.4-sites.bed

Activating conda environment: ../../../../../../../../../../../../../home/tubbsca/snakemake_condas/9f9842bbfc31decc8a1ad02a46329d02_
[Wed Dec 13 21:30:00 2023]
Finished job 2.
15 of 37 steps (41%) done
Select jobs to execute...

[Wed Dec 13 21:30:00 2023]
Job 8: 
        - Note -s, keep strand information correct. Reports rev comp for neg seqs.
        
Reason: Input files updated by another job: results/pwmscan/MA0002.2/MA0002.2-sites.bed

Activating conda environment: ../../../../../../../../../../../../../home/tubbsca/snakemake_condas/9f9842bbfc31decc8a1ad02a46329d02_
[Wed Dec 13 21:30:01 2023]
Finished job 31.
16 of 37 steps (43%) done
Select jobs to execute...

[Wed Dec 13 21:30:01 2023]
Job 36: 
        - Note -s, keep strand information correct. Reports rev comp for neg seqs.
        
Reason: Missing output files: results/pwmscan/MA0007.3/MA0007.3-sites.fa; Input files updated by another job: results/pwmscan/MA0007.3/MA0007.3-sites.bed

Activating conda environment: ../../../../../../../../../../../../../home/tubbsca/snakemake_condas/9f9842bbfc31decc8a1ad02a46329d02_
[Wed Dec 13 21:30:42 2023]
Finished job 36.
17 of 37 steps (46%) done
Select jobs to execute...

[Wed Dec 13 21:30:42 2023]
Job 30: 
        - d
        
Reason: Input files updated by another job: results/pwmscan/MA0007.3/MA0007.3-sites.bed, results/pwmscan/MA0007.3/MA0007.3-sites.fa

[Wed Dec 13 21:30:49 2023]
Finished job 30.
18 of 37 steps (49%) done
Select jobs to execute...

[Wed Dec 13 21:30:49 2023]
rule activity_intersect_motifs:
    input: results/pwmscan/MA0007.3/MA0007.3-sites.bed.gz, results/activity/MA0007.3/MA0007.3-unibind_scored.tsv
    output: results/activity/MA0007.3/MA0007.3-unibind_intersect.bed
    jobid: 58
    reason: Missing output files: results/activity/MA0007.3/MA0007.3-unibind_intersect.bed; Input files updated by another job: results/pwmscan/MA0007.3/MA0007.3-sites.bed.gz
    wildcards: PROFILE=MA0007.3
    resources: tmpdir=/tmp

[Wed Dec 13 21:30:51 2023]
Finished job 58.
19 of 37 steps (51%) done
Select jobs to execute...

[Wed Dec 13 21:30:51 2023]
rule activity_map_acitvity:
    input: results/activity/MA0007.3/MA0007.3-unibind_intersect.bed
    output: results/activity/MA0007.3/MA0007.3-map.tsv
    jobid: 57
    reason: Input files updated by another job: results/activity/MA0007.3/MA0007.3-unibind_intersect.bed
    wildcards: PROFILE=MA0007.3
    resources: tmpdir=/tmp

[Wed Dec 13 21:30:56 2023]
Finished job 57.
20 of 37 steps (54%) done
[Wed Dec 13 21:34:03 2023]
Finished job 15.
21 of 37 steps (57%) done
Select jobs to execute...

[Wed Dec 13 21:34:03 2023]
Job 9: 
        - d
        
Reason: Input files updated by another job: results/pwmscan/MA0003.4/MA0003.4-sites.bed, results/pwmscan/MA0003.4/MA0003.4-sites.fa

[Wed Dec 13 21:34:36 2023]
Finished job 9.
22 of 37 steps (59%) done
Select jobs to execute...

[Wed Dec 13 21:34:36 2023]
rule activity_intersect_motifs:
    input: results/pwmscan/MA0003.4/MA0003.4-sites.bed.gz, results/activity/MA0003.4/MA0003.4-unibind_scored.tsv
    output: results/activity/MA0003.4/MA0003.4-unibind_intersect.bed
    jobid: 46
    reason: Missing output files: results/activity/MA0003.4/MA0003.4-unibind_intersect.bed; Input files updated by another job: results/pwmscan/MA0003.4/MA0003.4-sites.bed.gz
    wildcards: PROFILE=MA0003.4
    resources: tmpdir=/tmp

[Wed Dec 13 21:34:45 2023]
Finished job 46.
23 of 37 steps (62%) done
Select jobs to execute...

[Wed Dec 13 21:34:45 2023]
rule activity_map_acitvity:
    input: results/activity/MA0003.4/MA0003.4-unibind_intersect.bed
    output: results/activity/MA0003.4/MA0003.4-map.tsv
    jobid: 45
    reason: Missing output files: results/activity/MA0003.4/MA0003.4-map.tsv; Input files updated by another job: results/activity/MA0003.4/MA0003.4-unibind_intersect.bed
    wildcards: PROFILE=MA0003.4
    resources: tmpdir=/tmp

[Wed Dec 13 21:35:25 2023]
Finished job 45.
24 of 37 steps (65%) done
[Wed Dec 13 21:46:47 2023]
Finished job 22.
25 of 37 steps (68%) done
Select jobs to execute...

[Wed Dec 13 21:46:47 2023]
Job 16: 
        - d
        
Reason: Input files updated by another job: results/pwmscan/MA0004.1/MA0004.1-sites.bed, results/pwmscan/MA0004.1/MA0004.1-sites.fa

[Wed Dec 13 21:47:12 2023]
Finished job 29.
26 of 37 steps (70%) done
Select jobs to execute...

[Wed Dec 13 21:47:12 2023]
Job 23: 
        - d
        
Reason: Input files updated by another job: results/pwmscan/MA0006.1/MA0006.1-sites.bed, results/pwmscan/MA0006.1/MA0006.1-sites.fa

[Wed Dec 13 21:47:29 2023]
Finished job 8.
27 of 37 steps (73%) done
Select jobs to execute...

[Wed Dec 13 21:47:29 2023]
Job 1: 
        - d
        
Reason: Input files updated by another job: results/pwmscan/MA0002.2/MA0002.2-sites.bed, results/pwmscan/MA0002.2/MA0002.2-sites.fa

[Wed Dec 13 21:47:34 2023]
Finished job 16.
28 of 37 steps (76%) done
Select jobs to execute...

[Wed Dec 13 21:47:34 2023]
rule activity_intersect_motifs:
    input: results/pwmscan/MA0004.1/MA0004.1-sites.bed.gz, results/activity/MA0004.1/MA0004.1-unibind_scored.tsv
    output: results/activity/MA0004.1/MA0004.1-unibind_intersect.bed
    jobid: 50
    reason: Missing output files: results/activity/MA0004.1/MA0004.1-unibind_intersect.bed; Input files updated by another job: results/pwmscan/MA0004.1/MA0004.1-sites.bed.gz
    wildcards: PROFILE=MA0004.1
    resources: tmpdir=/tmp

[Wed Dec 13 21:48:08 2023]
Finished job 50.
29 of 37 steps (78%) done
Select jobs to execute...

[Wed Dec 13 21:48:08 2023]
rule activity_map_acitvity:
    input: results/activity/MA0004.1/MA0004.1-unibind_intersect.bed
    output: results/activity/MA0004.1/MA0004.1-map.tsv
    jobid: 49
    reason: Missing output files: results/activity/MA0004.1/MA0004.1-map.tsv; Input files updated by another job: results/activity/MA0004.1/MA0004.1-unibind_intersect.bed
    wildcards: PROFILE=MA0004.1
    resources: tmpdir=/tmp

[Wed Dec 13 21:48:20 2023]
Finished job 23.
30 of 37 steps (81%) done
Select jobs to execute...

[Wed Dec 13 21:48:20 2023]
rule activity_intersect_motifs:
    input: results/pwmscan/MA0006.1/MA0006.1-sites.bed.gz, results/activity/MA0006.1/MA0006.1-unibind_scored.tsv
    output: results/activity/MA0006.1/MA0006.1-unibind_intersect.bed
    jobid: 54
    reason: Missing output files: results/activity/MA0006.1/MA0006.1-unibind_intersect.bed; Input files updated by another job: results/pwmscan/MA0006.1/MA0006.1-sites.bed.gz
    wildcards: PROFILE=MA0006.1
    resources: tmpdir=/tmp

[Wed Dec 13 21:48:56 2023]
Finished job 54.
31 of 37 steps (84%) done
Select jobs to execute...

[Wed Dec 13 21:48:56 2023]
rule activity_map_acitvity:
    input: results/activity/MA0006.1/MA0006.1-unibind_intersect.bed
    output: results/activity/MA0006.1/MA0006.1-map.tsv
    jobid: 53
    reason: Missing output files: results/activity/MA0006.1/MA0006.1-map.tsv; Input files updated by another job: results/activity/MA0006.1/MA0006.1-unibind_intersect.bed
    wildcards: PROFILE=MA0006.1
    resources: tmpdir=/tmp

[Wed Dec 13 21:49:50 2023]
Finished job 1.
32 of 37 steps (86%) done
Select jobs to execute...

[Wed Dec 13 21:49:50 2023]
rule activity_intersect_motifs:
    input: results/pwmscan/MA0002.2/MA0002.2-sites.bed.gz, results/activity/MA0002.2/MA0002.2-unibind_scored.tsv
    output: results/activity/MA0002.2/MA0002.2-unibind_intersect.bed
    jobid: 42
    reason: Missing output files: results/activity/MA0002.2/MA0002.2-unibind_intersect.bed; Input files updated by another job: results/pwmscan/MA0002.2/MA0002.2-sites.bed.gz
    wildcards: PROFILE=MA0002.2
    resources: tmpdir=/tmp

[Wed Dec 13 21:50:28 2023]
Finished job 42.
33 of 37 steps (89%) done
Select jobs to execute...

[Wed Dec 13 21:50:28 2023]
rule activity_map_acitvity:
    input: results/activity/MA0002.2/MA0002.2-unibind_intersect.bed
    output: results/activity/MA0002.2/MA0002.2-map.tsv
    jobid: 41
    reason: Missing output files: results/activity/MA0002.2/MA0002.2-map.tsv; Input files updated by another job: results/activity/MA0002.2/MA0002.2-unibind_intersect.bed
    wildcards: PROFILE=MA0002.2
    resources: tmpdir=/tmp

[Wed Dec 13 21:50:47 2023]
Finished job 49.
34 of 37 steps (92%) done
[Wed Dec 13 21:51:47 2023]
Finished job 53.
35 of 37 steps (95%) done
[Wed Dec 13 21:53:10 2023]
Finished job 41.
36 of 37 steps (97%) done
Select jobs to execute...

[Wed Dec 13 21:53:10 2023]
localrule all:
    input: results/pwmscan/MA0002.2/MA0002.2-sites.bed.gz, results/pwmscan/MA0003.4/MA0003.4-sites.bed.gz, results/pwmscan/MA0004.1/MA0004.1-sites.bed.gz, results/pwmscan/MA0006.1/MA0006.1-sites.bed.gz, results/pwmscan/MA0007.3/MA0007.3-sites.bed.gz, results/pwmscan/MA0002.2/MA0002.2-sites.fa.gz, results/pwmscan/MA0003.4/MA0003.4-sites.fa.gz, results/pwmscan/MA0004.1/MA0004.1-sites.fa.gz, results/pwmscan/MA0006.1/MA0006.1-sites.fa.gz, results/pwmscan/MA0007.3/MA0007.3-sites.fa.gz, resources/data/unibind/damo_hg38_all_TFBS.unique_pwms.txt, results/activity/MA0002.2/MA0002.2-map.tsv, results/activity/MA0003.4/MA0003.4-map.tsv, results/activity/MA0004.1/MA0004.1-map.tsv, results/activity/MA0006.1/MA0006.1-map.tsv, results/activity/MA0007.3/MA0007.3-map.tsv
    jobid: 0
    reason: Input files updated by another job: results/pwmscan/MA0003.4/MA0003.4-sites.fa.gz, results/pwmscan/MA0004.1/MA0004.1-sites.fa.gz, results/activity/MA0002.2/MA0002.2-map.tsv, results/pwmscan/MA0007.3/MA0007.3-sites.fa.gz, results/pwmscan/MA0006.1/MA0006.1-sites.bed.gz, results/activity/MA0003.4/MA0003.4-map.tsv, results/pwmscan/MA0004.1/MA0004.1-sites.bed.gz, results/activity/MA0007.3/MA0007.3-map.tsv, results/pwmscan/MA0006.1/MA0006.1-sites.fa.gz, results/pwmscan/MA0007.3/MA0007.3-sites.bed.gz, results/activity/MA0006.1/MA0006.1-map.tsv, results/pwmscan/MA0003.4/MA0003.4-sites.bed.gz, results/pwmscan/MA0002.2/MA0002.2-sites.bed.gz, results/activity/MA0004.1/MA0004.1-map.tsv, results/pwmscan/MA0002.2/MA0002.2-sites.fa.gz
    resources: tmpdir=/tmp

[Wed Dec 13 21:53:10 2023]
Finished job 0.
37 of 37 steps (100%) done
Complete log: .snakemake/log/2023-12-13T212759.666414.snakemake.log
