Building DAG of jobs...
Using shell: /usr/bin/bash
Provided cores: 12
Rules claiming more threads will be scaled down.
Job stats:
job                       count
----------------------  -------
all                           1
unibind_flatten_dir           1
unibind_unpack_unibind        1
total                         3

Select jobs to execute...

[Wed Dec 13 07:27:53 2023]
Job 2: 
        - Unpacks UniBind tarbell
        
Reason: Missing output files: resources/data/unibind/damo_hg38_all_TFBS
DAG of jobs will be updated after completion.

ImproperOutputException in rule unibind_unpack_unibind in file /panfs/accrepfs.vampire/data/ruderferlab/projects/biovu/cnv/cre/CTCF-Variant-Annotation/snakemake/workflows/common/tfbs-activity/workflow/rules/unibind.smk, line 33:
Outputs of incorrect type (directories when expecting files or vice versa). Output directories must be flagged with directory(). for rule unibind_unpack_unibind:
    output: resources/data/unibind/damo_hg38_all_TFBS
    affected files:
        resources/data/unibind/damo_hg38_all_TFBS
Removing output files of failed job unibind_unpack_unibind since they might be corrupted:
resources/data/unibind/damo_hg38_all_TFBS
Skipped removing non-empty directory resources/data/unibind/damo_hg38_all_TFBS
Shutting down, this might take some time.
Exiting because a job execution failed. Look above for error message
Complete log: .snakemake/log/2023-12-13T072751.479890.snakemake.log
