Building DAG of jobs...
Your conda installation is not configured to use strict channel priorities. This is however crucial for having robust and correct environments (for details, see https://conda-forge.org/docs/user/tipsandtricks.html). Please consider to configure strict priorities by executing 'conda config --set channel_priority strict'.
Using shell: /usr/bin/bash
Provided cores: 12
Rules claiming more threads will be scaled down.
Job stats:
job                                   count
----------------------------------  -------
activity_unibind_sites                    1
all                                       1
pwmscan_main_bed2fasta                    2
pwmscan_main_calc_probabilities           2
pwmscan_main_calculate_pwm                2
pwmscan_main_compile_pwmscan              1
pwmscan_main_compress_sites               2
pwmscan_main_process_probabilities        2
pwmscan_main_scan_genome                  2
total                                    15

Select jobs to execute...

[Sat Dec  9 20:03:48 2023]
rule activity_unibind_sites:
    input: ../resources/data/unibind/damo_hg38_all_TFBS
    output: ../results/unibind/unibind/MA0080.1/MA0080.1-unibind_sites.tsv
    jobid: 24
    reason: Missing output files: ../results/unibind/unibind/MA0080.1/MA0080.1-unibind_sites.tsv
    wildcards: PROFILE=MA0080.1
    resources: tmpdir=/tmp


Activating conda environment: tfbs-activity
[Sat Dec  9 20:03:48 2023]
rule pwmscan_main_calculate_pwm:
    input: ../resources/data/jaspar/MA0139.1.jaspar
    output: ../results/pwmscan/MA0139.1/MA0139.1-pwm.txt
    jobid: 3
    reason: Missing output files: ../results/pwmscan/MA0139.1/MA0139.1-pwm.txt
    wildcards: PROFILE=MA0139.1
    resources: tmpdir=/tmp

[Sat Dec  9 20:03:48 2023]
Job 7: 
        c99 mode
        
Reason: Updated input files: https://raw.githubusercontent.com/ctubbs750/pwm-scan/main/resources/software/PWMScan/matrix_scan.c (cached), https://raw.githubusercontent.com/ctubbs750/pwm-scan/main/resources/software/PWMScan/matrix_prob.c (cached)


[Sat Dec  9 20:03:48 2023]
rule pwmscan_main_calculate_pwm:
    input: ../resources/data/jaspar/MA0007.3.jaspar
    output: ../results/pwmscan/MA0007.3/MA0007.3-pwm.txt
    jobid: 13
    reason: Missing output files: ../results/pwmscan/MA0007.3/MA0007.3-pwm.txt
    wildcards: PROFILE=MA0007.3
    resources: tmpdir=/tmp

[Sat Dec  9 20:03:48 2023]
Finished job 7.
1 of 15 steps (7%) done
Activating conda environment: genome
Activating conda environment: genome
[Sat Dec  9 20:03:48 2023]
Error in rule activity_unibind_sites:
    jobid: 24
    input: ../resources/data/unibind/damo_hg38_all_TFBS
    output: ../results/unibind/unibind/MA0080.1/MA0080.1-unibind_sites.tsv
    conda-env: tfbs-activity
    shell:
        
        set +o pipefail &&
        damos="$(ls ../resources/data/unibind/damo_hg38_all_TFBS/*.bed | grep -w MA0080.1)" &&
        cat $damos |
        vawk '!a[$1, $2, $3]++' | 
        sed '/N/d' |
        awk -F "	" 'BEGIN { OFS = FS } { split ($4, motif, "_"); print $1, $2, $3, motif[2], $5, $6}'  |
        sort -k 1,1 -k2,2n > ../results/unibind/unibind/MA0080.1/MA0080.1-unibind_sites.tsv
        
        (one of the commands exited with non-zero exit code; note that snakemake uses bash strict mode!)

Activating conda environment: genome
Activating conda environment: genome
[Sat Dec  9 20:03:58 2023]
Finished job 13.
2 of 15 steps (13%) done
[Sat Dec  9 20:03:58 2023]
Finished job 3.
3 of 15 steps (20%) done
Shutting down, this might take some time.
Exiting because a job execution failed. Look above for error message
Complete log: .snakemake/log/2023-12-09T200337.490370.snakemake.log
