Building DAG of jobs...
Your conda installation is not configured to use strict channel priorities. This is however crucial for having robust and correct environments (for details, see https://conda-forge.org/docs/user/tipsandtricks.html). Please consider to configure strict priorities by executing 'conda config --set channel_priority strict'.
Using shell: /usr/bin/bash
Provided cores: 12
Rules claiming more threads will be scaled down.
Job stats:
job                                   count
----------------------------------  -------
all                                       1
pwmscan_main_bed2fasta                    2
pwmscan_main_calc_probabilities           2
pwmscan_main_calculate_pwm                2
pwmscan_main_compile_pwmscan              1
pwmscan_main_compress_sites               2
pwmscan_main_process_probabilities        2
pwmscan_main_scan_genome                  2
unibind_flatten_dir                       1
unibind_unpack_unibind                    1
total                                    16

Select jobs to execute...

[Mon Dec 11 13:54:56 2023]
rule pwmscan_main_calculate_pwm:
    input: ../resources/data/jaspar/MA0007.3.jaspar
    output: ../results/pwmscan/MA0007.3/MA0007.3-pwm.txt
    jobid: 13
    reason: Missing output files: ../results/pwmscan/MA0007.3/MA0007.3-pwm.txt
    wildcards: PROFILE=MA0007.3
    resources: tmpdir=/tmp

[Mon Dec 11 13:54:56 2023]
rule pwmscan_main_calculate_pwm:
    input: ../resources/data/jaspar/MA0139.1.jaspar
    output: ../results/pwmscan/MA0139.1/MA0139.1-pwm.txt
    jobid: 3
    reason: Missing output files: ../results/pwmscan/MA0139.1/MA0139.1-pwm.txt
    wildcards: PROFILE=MA0139.1
    resources: tmpdir=/tmp

[Mon Dec 11 13:54:56 2023]
Job 19: 
        - Unpacks UniBind tarbell
        
Reason: Missing output files: resources/data/unibind/data/unibind/damo_hg39_all_TFBS


[Mon Dec 11 13:54:56 2023]
Job 7: 
        c99 mode
        
Reason: Updated input files: https://raw.githubusercontent.com/ctubbs750/pwm-scan/main/resources/software/PWMScan/matrix_prob.c (cached), https://raw.githubusercontent.com/ctubbs750/pwm-scan/main/resources/software/PWMScan/matrix_scan.c (cached)

Activating conda environment: genome
Activating conda environment: genome
[Mon Dec 11 13:54:57 2023]
Finished job 7.
1 of 16 steps (6%) done
Activating conda environment: genome
Activating conda environment: genome
Terminating processes on user request, this might take some time.
[Mon Dec 11 13:55:01 2023]
Error in rule unibind_unpack_unibind:
    jobid: 19
    input: resources/data/unibind/data/unibind/damo_hg39_all_TFBS.tar
    output: resources/data/unibind/data/unibind/damo_hg39_all_TFBS
    shell:
        
        tar -xvf resources/data/unibind/data/unibind/damo_hg39_all_TFBS.tar
        
        (one of the commands exited with non-zero exit code; note that snakemake uses bash strict mode!)

[Mon Dec 11 13:55:01 2023]
Error in rule pwmscan_main_calculate_pwm:
    jobid: 13
    input: ../resources/data/jaspar/MA0007.3.jaspar
    output: ../results/pwmscan/MA0007.3/MA0007.3-pwm.txt
    conda-env: genome

RuleException:
CalledProcessError in file https://raw.githubusercontent.com/ctubbs750/pwm-scan/main/workflow/rules/main.smk, line 73:
Command 'source /panfs/accrepfs.vampire/home/tubbsca/miniforge-pypy3/bin/activate 'genome'; set -euo pipefail;  python /panfs/accrepfs.vampire/data/ruderferlab/projects/biovu/cnv/cre/CTCF-Variant-Annotation/snakemake/workflows/common/tfbs-activity/workflow/.snakemake/scripts/tmp6gryxm29.pwm.py' died with <Signals.SIGINT: 2>.
  File "https://raw.githubusercontent.com/ctubbs750/pwm-scan/main/workflow/rules/main.smk", line 73, in __rule_calculate_pwm
  File "/accre/arch/easybuild/software/BinDist/Anaconda3/2022.05/lib/python3.9/concurrent/futures/thread.py", line 58, in run
[Mon Dec 11 13:55:01 2023]
Error in rule pwmscan_main_calculate_pwm:
    jobid: 3
    input: ../resources/data/jaspar/MA0139.1.jaspar
    output: ../results/pwmscan/MA0139.1/MA0139.1-pwm.txt
    conda-env: genome

RuleException:
CalledProcessError in file https://raw.githubusercontent.com/ctubbs750/pwm-scan/main/workflow/rules/main.smk, line 73:
Command 'source /panfs/accrepfs.vampire/home/tubbsca/miniforge-pypy3/bin/activate 'genome'; set -euo pipefail;  python /panfs/accrepfs.vampire/data/ruderferlab/projects/biovu/cnv/cre/CTCF-Variant-Annotation/snakemake/workflows/common/tfbs-activity/workflow/.snakemake/scripts/tmpx1z2_lwm.pwm.py' died with <Signals.SIGINT: 2>.
  File "https://raw.githubusercontent.com/ctubbs750/pwm-scan/main/workflow/rules/main.smk", line 73, in __rule_calculate_pwm
  File "/accre/arch/easybuild/software/BinDist/Anaconda3/2022.05/lib/python3.9/concurrent/futures/thread.py", line 58, in run
Complete log: .snakemake/log/2023-12-11T135445.456176.snakemake.log
