Building DAG of jobs...
Your conda installation is not configured to use strict channel priorities. This is however crucial for having robust and correct environments (for details, see https://conda-forge.org/docs/user/tipsandtricks.html). Please consider to configure strict priorities by executing 'conda config --set channel_priority strict'.
Using shell: /usr/bin/bash
Provided cores: 12
Rules claiming more threads will be scaled down.
Job stats:
job                                   count
----------------------------------  -------
activity_unibind_sites                    1
all                                       1
pwmscan_main_bed2fasta                    3
pwmscan_main_calc_probabilities           3
pwmscan_main_calculate_pwm                1
pwmscan_main_compile_pwmscan              1
pwmscan_main_compress_sites               3
pwmscan_main_download_jaspar              1
pwmscan_main_process_probabilities        3
pwmscan_main_scan_genome                  3
total                                    20

Select jobs to execute...

[Sat Dec  9 20:08:02 2023]
rule activity_unibind_sites:
    input: ../resources/data/unibind/damo_hg38_all_TFBS
    output: ../results/unibind/unibind/MA0080.1/MA0080.1-unibind_sites.tsv
    jobid: 31
    reason: Missing output files: ../results/unibind/unibind/MA0080.1/MA0080.1-unibind_sites.tsv
    wildcards: PROFILE=MA0080.1
    resources: tmpdir=/tmp

Activating conda environment: tfbs-activity

[Sat Dec  9 20:08:03 2023]
Job 21: 
        - Downloads motif PCM from the Jaspar database.
        
Reason: Missing output files: ../resources/data/jaspar/MA0080.1.jaspar


[Sat Dec  9 20:08:03 2023]
Job 7: 
        c99 mode
        
Reason: Updated input files: https://raw.githubusercontent.com/ctubbs750/pwm-scan/main/resources/software/PWMScan/matrix_scan.c (cached), https://raw.githubusercontent.com/ctubbs750/pwm-scan/main/resources/software/PWMScan/matrix_prob.c (cached)

[Sat Dec  9 20:08:03 2023]
Finished job 7.
1 of 20 steps (5%) done
Select jobs to execute...

[Sat Dec  9 20:08:03 2023]
Job 16: 
        - Generates pval distribution for given PWM.
        
Reason: Missing output files: ../results/pwmscan/MA0007.3/MA0007.3-pvals.raw; Input files updated by another job: ../resources/software/PWMScan/matrix_prob


[Sat Dec  9 20:08:03 2023]
Job 6: 
        - Generates pval distribution for given PWM.
        
Reason: Missing output files: ../results/pwmscan/MA0139.1/MA0139.1-pvals.raw; Input files updated by another job: ../resources/software/PWMScan/matrix_prob

[Sat Dec  9 20:08:03 2023]
Finished job 16.
2 of 20 steps (10%) done
Select jobs to execute...

[Sat Dec  9 20:08:03 2023]
Job 15: 
        - Relative threshold is percentage of best PWM.
        For 80%, format as interger 80. Makes life easier.
        
Reason: Missing output files: ../results/pwmscan/MA0007.3/MA0007.3-coeff.txt; Input files updated by another job: ../results/pwmscan/MA0007.3/MA0007.3-pvals.raw

[Sat Dec  9 20:08:03 2023]
Finished job 6.
3 of 20 steps (15%) done
Select jobs to execute...

[Sat Dec  9 20:08:03 2023]
Job 5: 
        - Relative threshold is percentage of best PWM.
        For 80%, format as interger 80. Makes life easier.
        
Reason: Missing output files: ../results/pwmscan/MA0139.1/MA0139.1-coeff.txt; Input files updated by another job: ../results/pwmscan/MA0139.1/MA0139.1-pvals.raw

[Sat Dec  9 20:08:03 2023]
Finished job 15.
4 of 20 steps (20%) done
Removing temporary output ../results/pwmscan/MA0007.3/MA0007.3-pvals.raw.
Select jobs to execute...

[Sat Dec  9 20:08:03 2023]
Job 12: 
        - Scans rerference genome for matches againts input motif.
        
Reason: Missing output files: ../results/pwmscan/MA0007.3/MA0007.3-sites.bed; Input files updated by another job: ../results/pwmscan/MA0007.3/MA0007.3-coeff.txt, ../resources/software/PWMScan/matrix_scan

[Sat Dec  9 20:08:03 2023]
Error in rule activity_unibind_sites:
    jobid: 31
    input: ../resources/data/unibind/damo_hg38_all_TFBS
    output: ../results/unibind/unibind/MA0080.1/MA0080.1-unibind_sites.tsv
    conda-env: tfbs-activity
    shell:
        
        set +o pipefail &&
        damos="$(ls ../resources/data/unibind/damo_hg38_all_TFBS/*.bed | grep -w MA0080.1)" &&
        cat $damos |
        vawk '!a[$1, $2, $3]++' | 
        sed '/N/d' |
        awk -F "	" 'BEGIN { OFS = FS } { split ($4, motif, "_"); print $1, $2, $3, motif[2], $5, $6}'  |
        sort -k 1,1 -k2,2n > ../results/unibind/unibind/MA0080.1/MA0080.1-unibind_sites.tsv
        
        (one of the commands exited with non-zero exit code; note that snakemake uses bash strict mode!)

[Sat Dec  9 20:08:03 2023]
Finished job 5.
5 of 20 steps (25%) done
Removing temporary output ../results/pwmscan/MA0139.1/MA0139.1-pvals.raw.
[Sat Dec  9 20:08:05 2023]
Finished job 21.
6 of 20 steps (30%) done
[Sat Dec  9 20:09:44 2023]
Finished job 12.
7 of 20 steps (35%) done
Shutting down, this might take some time.
Exiting because a job execution failed. Look above for error message
Complete log: .snakemake/log/2023-12-09T200749.634692.snakemake.log
