Building DAG of jobs...
Your conda installation is not configured to use strict channel priorities. This is however crucial for having robust and correct environments (for details, see https://conda-forge.org/docs/user/tipsandtricks.html). Please consider to configure strict priorities by executing 'conda config --set channel_priority strict'.
Using shell: /usr/bin/bash
Provided cores: 12
Rules claiming more threads will be scaled down.
Job stats:
job                                   count
----------------------------------  -------
all                                       1
pwmscan_main_bed2fasta                    2
pwmscan_main_calc_probabilities           2
pwmscan_main_compile_pwmscan              1
pwmscan_main_compress_sites               2
pwmscan_main_process_probabilities        2
pwmscan_main_scan_genome                  2
total                                    12

Select jobs to execute...

[Fri Dec  8 10:46:37 2023]
Job 7: 
        c99 mode
        
Reason: Missing output files: ../../resources/software/PWMScan/matrix_scan, ../../resources/software/PWMScan/matrix_prob; Updated input files: https://raw.githubusercontent.com/ctubbs750/pwm-scan/main/resources/software/PWMScan/matrix_scan.c (cached), https://raw.githubusercontent.com/ctubbs750/pwm-scan/main/resources/software/PWMScan/matrix_prob.c (cached)

[Fri Dec  8 10:46:37 2023]
Finished job 7.
1 of 12 steps (8%) done
Select jobs to execute...

[Fri Dec  8 10:46:37 2023]
Job 16: 
        - Generates pval distribution for given PWM.
        
Reason: Missing output files: ../results/jaspar/MA0007.3/MA0007.3-pvals.raw; Input files updated by another job: ../../resources/software/PWMScan/matrix_prob


[Fri Dec  8 10:46:37 2023]
Job 6: 
        - Generates pval distribution for given PWM.
        
Reason: Missing output files: ../results/jaspar/MA0139.1/MA0139.1-pvals.raw; Input files updated by another job: ../../resources/software/PWMScan/matrix_prob

[Fri Dec  8 10:46:37 2023]
Finished job 16.
2 of 12 steps (17%) done
Select jobs to execute...

[Fri Dec  8 10:46:37 2023]
Job 15: 
        - Relative threshold is percentage of best PWM.
        For 80%, format as interger 80. Makes life easier.
        
Reason: Input files updated by another job: ../results/jaspar/MA0007.3/MA0007.3-pvals.raw

[Fri Dec  8 10:46:37 2023]
Finished job 6.
3 of 12 steps (25%) done
Select jobs to execute...

[Fri Dec  8 10:46:37 2023]
Job 5: 
        - Relative threshold is percentage of best PWM.
        For 80%, format as interger 80. Makes life easier.
        
Reason: Input files updated by another job: ../results/jaspar/MA0139.1/MA0139.1-pvals.raw

[Fri Dec  8 10:46:37 2023]
Finished job 15.
4 of 12 steps (33%) done
Removing temporary output ../results/jaspar/MA0007.3/MA0007.3-pvals.raw.
Select jobs to execute...

[Fri Dec  8 10:46:37 2023]
Job 12: 
        - Scans rerference genome for matches againts input motif.
        
Reason: Missing output files: ../results/jaspar/MA0007.3/MA0007.3-sites.bed; Input files updated by another job: ../results/jaspar/MA0007.3/MA0007.3-coeff.txt, ../../resources/software/PWMScan/matrix_scan

[Fri Dec  8 10:46:37 2023]
Finished job 5.
5 of 12 steps (42%) done
Removing temporary output ../results/jaspar/MA0139.1/MA0139.1-pvals.raw.
Select jobs to execute...

[Fri Dec  8 10:46:37 2023]
Job 2: 
        - Scans rerference genome for matches againts input motif.
        
Reason: Missing output files: ../results/jaspar/MA0139.1/MA0139.1-sites.bed; Input files updated by another job: ../results/jaspar/MA0139.1/MA0139.1-coeff.txt, ../../resources/software/PWMScan/matrix_scan

[Fri Dec  8 10:48:19 2023]
Finished job 12.
6 of 12 steps (50%) done
Select jobs to execute...

[Fri Dec  8 10:48:19 2023]
Job 17: 
        - Note -s, keep strand information correct. Reports rev comp for neg seqs.
        
Reason: Missing output files: ../results/jaspar/MA0007.3/MA0007.3-sites.fa; Input files updated by another job: ../results/jaspar/MA0007.3/MA0007.3-sites.bed

Activating conda environment: ../../../../../../../../../../../../../../home/tubbsca/snakemake_condas/9f9842bbfc31decc8a1ad02a46329d02_
[Fri Dec  8 10:48:22 2023]
Finished job 2.
7 of 12 steps (58%) done
Select jobs to execute...

[Fri Dec  8 10:48:22 2023]
Job 10: 
        - Note -s, keep strand information correct. Reports rev comp for neg seqs.
        
Reason: Missing output files: ../results/jaspar/MA0139.1/MA0139.1-sites.fa; Input files updated by another job: ../results/jaspar/MA0139.1/MA0139.1-sites.bed

Activating conda environment: ../../../../../../../../../../../../../../home/tubbsca/snakemake_condas/9f9842bbfc31decc8a1ad02a46329d02_
[Fri Dec  8 10:48:41 2023]
Finished job 17.
8 of 12 steps (67%) done
Select jobs to execute...

[Fri Dec  8 10:48:41 2023]
Job 11: 
        - d
        
Reason: Missing output files: ../results/jaspar/MA0007.3/MA0007.3-sites.fa.gz, ../results/jaspar/MA0007.3/MA0007.3-sites.bed.gz; Input files updated by another job: ../results/jaspar/MA0007.3/MA0007.3-sites.fa, ../results/jaspar/MA0007.3/MA0007.3-sites.bed

[Fri Dec  8 10:48:46 2023]
Finished job 10.
9 of 12 steps (75%) done
Select jobs to execute...

[Fri Dec  8 10:48:46 2023]
Job 1: 
        - d
        
Reason: Missing output files: ../results/jaspar/MA0139.1/MA0139.1-sites.bed.gz, ../results/jaspar/MA0139.1/MA0139.1-sites.fa.gz; Input files updated by another job: ../results/jaspar/MA0139.1/MA0139.1-sites.bed, ../results/jaspar/MA0139.1/MA0139.1-sites.fa

[Fri Dec  8 10:48:47 2023]
Finished job 11.
10 of 12 steps (83%) done
[Fri Dec  8 10:48:54 2023]
Finished job 1.
11 of 12 steps (92%) done
Select jobs to execute...

[Fri Dec  8 10:48:54 2023]
localrule all:
    input: ../results/jaspar/MA0139.1/MA0139.1-sites.bed.gz, ../results/jaspar/MA0007.3/MA0007.3-sites.bed.gz, ../results/jaspar/MA0139.1/MA0139.1-sites.fa.gz, ../results/jaspar/MA0007.3/MA0007.3-sites.fa.gz
    jobid: 0
    reason: Input files updated by another job: ../results/jaspar/MA0139.1/MA0139.1-sites.bed.gz, ../results/jaspar/MA0007.3/MA0007.3-sites.fa.gz, ../results/jaspar/MA0007.3/MA0007.3-sites.bed.gz, ../results/jaspar/MA0139.1/MA0139.1-sites.fa.gz
    resources: tmpdir=/tmp

[Fri Dec  8 10:48:54 2023]
Finished job 0.
12 of 12 steps (100%) done
Complete log: .snakemake/log/2023-12-08T104628.694428.snakemake.log
