Building DAG of jobs...
Your conda installation is not configured to use strict channel priorities. This is however crucial for having robust and correct environments (for details, see https://conda-forge.org/docs/user/tipsandtricks.html). Please consider to configure strict priorities by executing 'conda config --set channel_priority strict'.
Using shell: /usr/bin/bash
Provided cores: 12
Rules claiming more threads will be scaled down.
Job stats:
job                                   count
----------------------------------  -------
all                                       1
pwmscan_main_bed2fasta                    2
pwmscan_main_calc_probabilities           2
pwmscan_main_calculate_pwm                2
pwmscan_main_compile_pwmscan              1
pwmscan_main_compress_sites               2
pwmscan_main_process_probabilities        2
pwmscan_main_scan_genome                  2
total                                    14

Select jobs to execute...

[Mon Dec 11 13:59:52 2023]
rule pwmscan_main_calculate_pwm:
    input: ../resources/data/jaspar/MA0007.3.jaspar
    output: ../results/pwmscan/MA0007.3/MA0007.3-pwm.txt
    jobid: 13
    reason: Missing output files: ../results/pwmscan/MA0007.3/MA0007.3-pwm.txt
    wildcards: PROFILE=MA0007.3
    resources: tmpdir=/tmp

[Mon Dec 11 13:59:52 2023]
rule pwmscan_main_calculate_pwm:
    input: ../resources/data/jaspar/MA0139.1.jaspar
    output: ../results/pwmscan/MA0139.1/MA0139.1-pwm.txt
    jobid: 3
    reason: Missing output files: ../results/pwmscan/MA0139.1/MA0139.1-pwm.txt
    wildcards: PROFILE=MA0139.1
    resources: tmpdir=/tmp

[Mon Dec 11 13:59:52 2023]
Job 7: 
        c99 mode
        
Reason: Updated input files: https://raw.githubusercontent.com/ctubbs750/pwm-scan/main/resources/software/PWMScan/matrix_scan.c (cached), https://raw.githubusercontent.com/ctubbs750/pwm-scan/main/resources/software/PWMScan/matrix_prob.c (cached)

Activating conda environment: genome
Activating conda environment: genome
[Mon Dec 11 13:59:53 2023]
Finished job 7.
1 of 14 steps (7%) done
Activating conda environment: genome
Activating conda environment: genome
[Mon Dec 11 13:59:56 2023]
Finished job 13.
2 of 14 steps (14%) done
Select jobs to execute...

[Mon Dec 11 13:59:56 2023]
Job 16: 
        - Generates pval distribution for given PWM.
        
Reason: Missing output files: ../results/pwmscan/MA0007.3/MA0007.3-pvals.raw; Input files updated by another job: ../resources/software/PWMScan/matrix_prob, ../results/pwmscan/MA0007.3/MA0007.3-pwm.txt

[Mon Dec 11 13:59:56 2023]
Finished job 3.
3 of 14 steps (21%) done
Select jobs to execute...

[Mon Dec 11 13:59:56 2023]
Job 6: 
        - Generates pval distribution for given PWM.
        
Reason: Missing output files: ../results/pwmscan/MA0139.1/MA0139.1-pvals.raw; Input files updated by another job: ../resources/software/PWMScan/matrix_prob, ../results/pwmscan/MA0139.1/MA0139.1-pwm.txt

[Mon Dec 11 13:59:56 2023]
Finished job 16.
4 of 14 steps (29%) done
Select jobs to execute...

[Mon Dec 11 13:59:56 2023]
Job 15: 
        - Relative threshold is percentage of best PWM.
        For 80%, format as interger 80. Makes life easier.
        
Reason: Missing output files: ../results/pwmscan/MA0007.3/MA0007.3-coeff.txt; Input files updated by another job: ../results/pwmscan/MA0007.3/MA0007.3-pvals.raw

[Mon Dec 11 13:59:56 2023]
Finished job 6.
5 of 14 steps (36%) done
Select jobs to execute...

[Mon Dec 11 13:59:56 2023]
Job 5: 
        - Relative threshold is percentage of best PWM.
        For 80%, format as interger 80. Makes life easier.
        
Reason: Missing output files: ../results/pwmscan/MA0139.1/MA0139.1-coeff.txt; Input files updated by another job: ../results/pwmscan/MA0139.1/MA0139.1-pvals.raw

[Mon Dec 11 13:59:56 2023]
Finished job 15.
6 of 14 steps (43%) done
Removing temporary output ../results/pwmscan/MA0007.3/MA0007.3-pvals.raw.
Select jobs to execute...

[Mon Dec 11 13:59:56 2023]
Job 12: 
        - Scans rerference genome for matches againts input motif.
        
Reason: Missing output files: ../results/pwmscan/MA0007.3/MA0007.3-sites.bed; Input files updated by another job: ../resources/software/PWMScan/matrix_scan, ../results/pwmscan/MA0007.3/MA0007.3-pwm.txt, ../results/pwmscan/MA0007.3/MA0007.3-coeff.txt

[Mon Dec 11 13:59:56 2023]
Finished job 5.
7 of 14 steps (50%) done
Removing temporary output ../results/pwmscan/MA0139.1/MA0139.1-pvals.raw.
Select jobs to execute...

[Mon Dec 11 13:59:56 2023]
Job 2: 
        - Scans rerference genome for matches againts input motif.
        
Reason: Missing output files: ../results/pwmscan/MA0139.1/MA0139.1-sites.bed; Input files updated by another job: ../resources/software/PWMScan/matrix_scan, ../results/pwmscan/MA0139.1/MA0139.1-pwm.txt, ../results/pwmscan/MA0139.1/MA0139.1-coeff.txt

[Mon Dec 11 14:01:38 2023]
Finished job 12.
8 of 14 steps (57%) done
Select jobs to execute...

[Mon Dec 11 14:01:38 2023]
Job 17: 
        - Note -s, keep strand information correct. Reports rev comp for neg seqs.
        
Reason: Missing output files: ../results/pwmscan/MA0007.3/MA0007.3-sites.fa; Input files updated by another job: ../results/pwmscan/MA0007.3/MA0007.3-sites.bed

Activating conda environment: ../../../../../../../../../../../../../../home/tubbsca/snakemake_condas/9f9842bbfc31decc8a1ad02a46329d02_
[Mon Dec 11 14:01:41 2023]
Finished job 2.
9 of 14 steps (64%) done
Select jobs to execute...

[Mon Dec 11 14:01:41 2023]
Job 10: 
        - Note -s, keep strand information correct. Reports rev comp for neg seqs.
        
Reason: Missing output files: ../results/pwmscan/MA0139.1/MA0139.1-sites.fa; Input files updated by another job: ../results/pwmscan/MA0139.1/MA0139.1-sites.bed

Activating conda environment: ../../../../../../../../../../../../../../home/tubbsca/snakemake_condas/9f9842bbfc31decc8a1ad02a46329d02_
[Mon Dec 11 14:01:57 2023]
Finished job 17.
10 of 14 steps (71%) done
Select jobs to execute...

[Mon Dec 11 14:01:57 2023]
Job 11: 
        - d
        
Reason: Missing output files: ../results/pwmscan/MA0007.3/MA0007.3-sites.bed.gz, ../results/pwmscan/MA0007.3/MA0007.3-sites.fa.gz; Input files updated by another job: ../results/pwmscan/MA0007.3/MA0007.3-sites.fa, ../results/pwmscan/MA0007.3/MA0007.3-sites.bed

[Mon Dec 11 14:02:02 2023]
Finished job 10.
11 of 14 steps (79%) done
Select jobs to execute...

[Mon Dec 11 14:02:02 2023]
Job 1: 
        - d
        
Reason: Missing output files: ../results/pwmscan/MA0139.1/MA0139.1-sites.bed.gz, ../results/pwmscan/MA0139.1/MA0139.1-sites.fa.gz; Input files updated by another job: ../results/pwmscan/MA0139.1/MA0139.1-sites.bed, ../results/pwmscan/MA0139.1/MA0139.1-sites.fa

[Mon Dec 11 14:02:04 2023]
Finished job 11.
12 of 14 steps (86%) done
[Mon Dec 11 14:02:10 2023]
Finished job 1.
13 of 14 steps (93%) done
Select jobs to execute...

[Mon Dec 11 14:02:10 2023]
localrule all:
    input: ../results/pwmscan/MA0139.1/MA0139.1-sites.bed.gz, ../results/pwmscan/MA0007.3/MA0007.3-sites.bed.gz, ../results/pwmscan/MA0139.1/MA0139.1-sites.fa.gz, ../results/pwmscan/MA0007.3/MA0007.3-sites.fa.gz, ../resources/data/unibind/damo_hg38_all_TFBS/ENCSR000AHD.MCF7_Invasive_ductal_breast_carcinoma.CTCF.MA0139.1.damo.bed
    jobid: 0
    reason: Input files updated by another job: ../results/pwmscan/MA0007.3/MA0007.3-sites.fa.gz, ../results/pwmscan/MA0007.3/MA0007.3-sites.bed.gz, ../results/pwmscan/MA0139.1/MA0139.1-sites.bed.gz, ../results/pwmscan/MA0139.1/MA0139.1-sites.fa.gz
    resources: tmpdir=/tmp

[Mon Dec 11 14:02:10 2023]
Finished job 0.
14 of 14 steps (100%) done
Complete log: .snakemake/log/2023-12-11T135943.090004.snakemake.log
