Building DAG of jobs...
Your conda installation is not configured to use strict channel priorities. This is however crucial for having robust and correct environments (for details, see https://conda-forge.org/docs/user/tipsandtricks.html). Please consider to configure strict priorities by executing 'conda config --set channel_priority strict'.
Using shell: /usr/bin/bash
Provided cores: 12
Rules claiming more threads will be scaled down.
Job stats:
job                                   count
----------------------------------  -------
all                                       1
pwmscan_genome_install_genome             1
pwmscan_main_bed2fasta                    2
pwmscan_main_calc_probabilities           2
pwmscan_main_compile_pwmscan              1
pwmscan_main_compress_sites               2
pwmscan_main_decompress_genome            1
pwmscan_main_process_probabilities        2
pwmscan_main_scan_genome                  2
total                                    14

Select jobs to execute...

[Fri Dec  8 10:37:10 2023]
Job 7: 
        c99 mode
        
Reason: Missing output files: ../../resources/software/PWMScan/matrix_prob, ../../resources/software/PWMScan/matrix_scan

RuleException in rule pwmscan_main_compile_pwmscan in file https://raw.githubusercontent.com/ctubbs750/pwm-scan/main/workflow/rules/main.smk, line 30:
AttributeError: 'OutputFiles' object has no attribute 'matrix_prob', when formatting the following:

        gcc -std=c99 -o {output.matrix_prob} {input.prob} &&
        gcc -std=c99 -o {output.matrix_scan} {input.scan}
        
