Building DAG of jobs...
Your conda installation is not configured to use strict channel priorities. This is however crucial for having robust and correct environments (for details, see https://conda-forge.org/docs/user/tipsandtricks.html). Please consider to configure strict priorities by executing 'conda config --set channel_priority strict'.
Using shell: /usr/bin/bash
Provided cores: 12
Rules claiming more threads will be scaled down.
Job stats:
job                                   count
----------------------------------  -------
all                                       1
pwmscan_main_bed2fasta                    3
pwmscan_main_calc_probabilities           3
pwmscan_main_compile_pwmscan              1
pwmscan_main_compress_sites               3
pwmscan_main_decompress_genome            1
pwmscan_main_process_probabilities        3
pwmscan_main_scan_genome                  3
unibind_decompress_unibind                1
unibind_download_unibind                  1
unibind_flatten_dir                       1
unibind_unpack_unibind                    1
total                                    22

Select jobs to execute...

[Mon Dec 11 15:18:08 2023]
Job 7: 
        c99 mode
        
Reason: Updated input files: https://raw.githubusercontent.com/ctubbs750/pwm-scan/main/resources/software/PWMScan/matrix_scan.c (cached), https://raw.githubusercontent.com/ctubbs750/pwm-scan/main/resources/software/PWMScan/matrix_prob.c (cached)


[Mon Dec 11 15:18:08 2023]
Job 28: 
        - Downloads all DAMOS from UniBind database
        
Reason: Missing output files: ../resources/data/unibind/damo_hg39_all_TFBS.tar.gz


[Mon Dec 11 15:18:08 2023]
Job 8: 
        - d
        
Reason: Missing output files: ../resources/data/genome/hg38/hg38.fa

[Mon Dec 11 15:18:08 2023]
Finished job 7.
1 of 22 steps (5%) done
Select jobs to execute...

[Mon Dec 11 15:18:08 2023]
Job 16: 
        - Generates pval distribution for given PWM.
        
Reason: Missing output files: ../results/pwmscan/MA0007.3/MA0007.3-pvals.raw; Input files updated by another job: ../resources/software/PWMScan/matrix_prob


[Mon Dec 11 15:18:08 2023]
Job 23: 
        - Generates pval distribution for given PWM.
        
Reason: Missing output files: ../results/pwmscan/MA0080.1/MA0080.1-pvals.raw; Input files updated by another job: ../resources/software/PWMScan/matrix_prob


[Mon Dec 11 15:18:08 2023]
Job 6: 
        - Generates pval distribution for given PWM.
        
Reason: Missing output files: ../results/pwmscan/MA0139.1/MA0139.1-pvals.raw; Input files updated by another job: ../resources/software/PWMScan/matrix_prob

[Mon Dec 11 15:18:09 2023]
Finished job 16.
2 of 22 steps (9%) done
Select jobs to execute...

[Mon Dec 11 15:18:09 2023]
Job 15: 
        - Relative threshold is percentage of best PWM.
        For 80%, format as interger 80. Makes life easier.
        
Reason: Input files updated by another job: ../results/pwmscan/MA0007.3/MA0007.3-pvals.raw

[Mon Dec 11 15:18:09 2023]
Finished job 23.
3 of 22 steps (14%) done
[Mon Dec 11 15:18:09 2023]
Finished job 6.
4 of 22 steps (18%) done
Select jobs to execute...

[Mon Dec 11 15:18:09 2023]
Job 22: 
        - Relative threshold is percentage of best PWM.
        For 80%, format as interger 80. Makes life easier.
        
Reason: Input files updated by another job: ../results/pwmscan/MA0080.1/MA0080.1-pvals.raw


[Mon Dec 11 15:18:09 2023]
Job 5: 
        - Relative threshold is percentage of best PWM.
        For 80%, format as interger 80. Makes life easier.
        
Reason: Input files updated by another job: ../results/pwmscan/MA0139.1/MA0139.1-pvals.raw

[Mon Dec 11 15:18:10 2023]
Finished job 15.
5 of 22 steps (23%) done
Removing temporary output ../results/pwmscan/MA0007.3/MA0007.3-pvals.raw.
[Mon Dec 11 15:18:10 2023]
Finished job 22.
6 of 22 steps (27%) done
Removing temporary output ../results/pwmscan/MA0080.1/MA0080.1-pvals.raw.
[Mon Dec 11 15:18:11 2023]
Finished job 5.
7 of 22 steps (32%) done
Removing temporary output ../results/pwmscan/MA0139.1/MA0139.1-pvals.raw.
[Mon Dec 11 15:19:28 2023]
Finished job 8.
8 of 22 steps (36%) done
Select jobs to execute...

[Mon Dec 11 15:19:28 2023]
Job 2: 
        - Scans rerference genome for matches againts input motif.
        
Reason: Missing output files: ../results/pwmscan/MA0139.1/MA0139.1-sites.bed; Input files updated by another job: ../results/pwmscan/MA0139.1/MA0139.1-coeff.txt, ../resources/software/PWMScan/matrix_scan, ../resources/data/genome/hg38/hg38.fa


[Mon Dec 11 15:19:28 2023]
Job 19: 
        - Scans rerference genome for matches againts input motif.
        
Reason: Missing output files: ../results/pwmscan/MA0080.1/MA0080.1-sites.bed; Input files updated by another job: ../results/pwmscan/MA0080.1/MA0080.1-coeff.txt, ../resources/software/PWMScan/matrix_scan, ../resources/data/genome/hg38/hg38.fa


[Mon Dec 11 15:19:28 2023]
Job 12: 
        - Scans rerference genome for matches againts input motif.
        
Reason: Missing output files: ../results/pwmscan/MA0007.3/MA0007.3-sites.bed; Input files updated by another job: ../results/pwmscan/MA0007.3/MA0007.3-coeff.txt, ../resources/software/PWMScan/matrix_scan, ../resources/data/genome/hg38/hg38.fa

[Mon Dec 11 15:19:36 2023]
Finished job 28.
9 of 22 steps (41%) done
Select jobs to execute...

[Mon Dec 11 15:19:36 2023]
Job 27: 
        - Decompresses UniBind tarbell
        
Reason: Missing output files: ../resources/data/unibind/damo_hg39_all_TFBS.tar; Input files updated by another job: ../resources/data/unibind/damo_hg39_all_TFBS.tar.gz

[Mon Dec 11 15:21:10 2023]
Finished job 12.
10 of 22 steps (45%) done
Select jobs to execute...

[Mon Dec 11 15:21:10 2023]
Job 17: 
        - Note -s, keep strand information correct. Reports rev comp for neg seqs.
        
Reason: Missing output files: ../results/pwmscan/MA0007.3/MA0007.3-sites.fa; Input files updated by another job: ../results/pwmscan/MA0007.3/MA0007.3-sites.bed, ../resources/data/genome/hg38/hg38.fa

Activating conda environment: ../../../../../../../../../../../../../../home/tubbsca/snakemake_condas/9f9842bbfc31decc8a1ad02a46329d02_
[Mon Dec 11 15:21:28 2023]
Finished job 17.
11 of 22 steps (50%) done
Select jobs to execute...

[Mon Dec 11 15:21:28 2023]
Job 11: 
        - d
        
Reason: Missing output files: ../results/pwmscan/MA0007.3/MA0007.3-sites.bed.gz, ../results/pwmscan/MA0007.3/MA0007.3-sites.fa.gz; Input files updated by another job: ../results/pwmscan/MA0007.3/MA0007.3-sites.bed, ../results/pwmscan/MA0007.3/MA0007.3-sites.fa

[Mon Dec 11 15:21:32 2023]
Finished job 2.
12 of 22 steps (55%) done
Select jobs to execute...

[Mon Dec 11 15:21:32 2023]
Job 10: 
        - Note -s, keep strand information correct. Reports rev comp for neg seqs.
        
Reason: Missing output files: ../results/pwmscan/MA0139.1/MA0139.1-sites.fa; Input files updated by another job: ../results/pwmscan/MA0139.1/MA0139.1-sites.bed, ../resources/data/genome/hg38/hg38.fa

Activating conda environment: ../../../../../../../../../../../../../../home/tubbsca/snakemake_condas/9f9842bbfc31decc8a1ad02a46329d02_
[Mon Dec 11 15:21:32 2023]
Finished job 27.
13 of 22 steps (59%) done
Removing temporary output ../resources/data/unibind/damo_hg39_all_TFBS.tar.gz.
Select jobs to execute...

[Mon Dec 11 15:21:32 2023]
Job 26: 
        - Unpacks UniBind tarbell
        
Reason: Missing output files: ../resources/data/unibind/damo_hg39_all_TFBS; Input files updated by another job: ../resources/data/unibind/damo_hg39_all_TFBS.tar

[Mon Dec 11 15:21:32 2023]
Error in rule unibind_unpack_unibind:
    jobid: 26
    input: ../resources/data/unibind/damo_hg39_all_TFBS.tar
    output: ../resources/data/unibind/damo_hg39_all_TFBS
    shell:
        
        tar -xvf -C ../resources/data/unibind ../resources/data/unibind/damo_hg39_all_TFBS.tar
        
        (one of the commands exited with non-zero exit code; note that snakemake uses bash strict mode!)

[Mon Dec 11 15:21:36 2023]
Finished job 11.
14 of 22 steps (64%) done
[Mon Dec 11 15:21:50 2023]
Finished job 10.
15 of 22 steps (68%) done
Terminating processes on user request, this might take some time.
[Mon Dec 11 15:28:42 2023]
Error in rule pwmscan_main_scan_genome:
    jobid: 19
    input: ../results/pwmscan/MA0080.1/MA0080.1-pwm.txt, ../results/pwmscan/MA0080.1/MA0080.1-coeff.txt, ../resources/data/genome/hg38/hg38.fa, ../resources/software/PWMScan/matrix_scan
    output: ../results/pwmscan/MA0080.1/MA0080.1-sites.bed
    shell:
        
        ../resources/software/PWMScan/matrix_scan -m ../results/pwmscan/MA0080.1/MA0080.1-pwm.txt -c $(cat ../results/pwmscan/MA0080.1/MA0080.1-coeff.txt) ../resources/data/genome/hg38/hg38.fa > ../results/pwmscan/MA0080.1/MA0080.1-sites.bed
        
        (one of the commands exited with non-zero exit code; note that snakemake uses bash strict mode!)

Complete log: .snakemake/log/2023-12-11T151755.990085.snakemake.log
